[0.049s] Invoking command in '/home/akhil/Downloads/omron_moma_ros2/MOMA_project/src/build/tm_driver': AMENT_PREFIX_PATH=/home/akhil/Downloads/omron_moma_ros2/MOMA_project/src/install/tm_msgs:${AMENT_PREFIX_PATH} CMAKE_PREFIX_PATH=/home/akhil/Downloads/omron_moma_ros2/MOMA_project/src/install/tm_msgs:/opt/ros/humble LD_LIBRARY_PATH=/home/akhil/Downloads/omron_moma_ros2/MOMA_project/src/install/tm_msgs/lib:${LD_LIBRARY_PATH} PYTHONPATH=/home/akhil/Downloads/omron_moma_ros2/MOMA_project/src/install/tm_msgs/local/lib/python3.10/dist-packages:${PYTHONPATH} /usr/bin/cmake /home/akhil/Downloads/omron_moma_ros2/MOMA_project/src/tm_driver -DCMAKE_INSTALL_PREFIX=/home/akhil/Downloads/omron_moma_ros2/MOMA_project/src/install/tm_driver
[0.214s] -- The C compiler identification is GNU 11.4.0
[0.371s] -- The CXX compiler identification is GNU 11.4.0
[0.402s] -- Detecting C compiler ABI info
[0.598s] -- Detecting C compiler ABI info - done
[0.622s] -- Check for working C compiler: /usr/bin/cc - skipped
[0.623s] -- Detecting C compile features
[0.625s] -- Detecting C compile features - done
[0.637s] -- Detecting CXX compiler ABI info
[0.885s] -- Detecting CXX compiler ABI info - done
[0.901s] -- Check for working CXX compiler: /usr/bin/c++ - skipped
[0.901s] -- Detecting CXX compile features
[0.902s] -- Detecting CXX compile features - done
[0.909s] -- Found ament_cmake: 1.3.12 (/opt/ros/humble/share/ament_cmake/cmake)
[1.380s] -- Found Python3: /usr/bin/python3 (found version "3.10.12") found components: Interpreter 
[1.657s] -- Found rclcpp: 16.0.15 (/opt/ros/humble/share/rclcpp/cmake)
[1.754s] -- Found rosidl_generator_c: 3.1.7 (/opt/ros/humble/share/rosidl_generator_c/cmake)
[1.766s] -- Found rosidl_adapter: 3.1.7 (/opt/ros/humble/share/rosidl_adapter/cmake)
[1.786s] -- Found rosidl_generator_cpp: 3.1.7 (/opt/ros/humble/share/rosidl_generator_cpp/cmake)
[1.817s] -- Using all available rosidl_typesupport_c: rosidl_typesupport_fastrtps_c;rosidl_typesupport_introspection_c
[1.857s] -- Using all available rosidl_typesupport_cpp: rosidl_typesupport_fastrtps_cpp;rosidl_typesupport_introspection_cpp
[1.964s] -- Found rmw_implementation_cmake: 6.1.2 (/opt/ros/humble/share/rmw_implementation_cmake/cmake)
[1.971s] -- Found rmw_fastrtps_cpp: 6.2.9 (/opt/ros/humble/share/rmw_fastrtps_cpp/cmake)
[2.193s] -- Found OpenSSL: /usr/lib/aarch64-linux-gnu/libcrypto.so (found version "3.0.2")  
[2.264s] -- Found FastRTPS: /opt/ros/humble/include  
[2.370s] -- Using RMW implementation 'rmw_fastrtps_cpp' as default
[2.398s] -- Looking for pthread.h
[2.616s] -- Looking for pthread.h - found
[2.618s] -- Performing Test CMAKE_HAVE_LIBC_PTHREAD
[2.848s] -- Performing Test CMAKE_HAVE_LIBC_PTHREAD - Success
[2.853s] -- Found Threads: TRUE  
[2.981s] -- Found sensor_msgs: 4.9.0 (/opt/ros/humble/share/sensor_msgs/cmake)
[3.054s] -- Found tm_msgs: 2.0.0 (/home/akhil/Downloads/omron_moma_ros2/MOMA_project/src/install/tm_msgs/share/tm_msgs/cmake)
[3.087s] -- Found tf2_geometry_msgs: 0.25.16 (/opt/ros/humble/share/tf2_geometry_msgs/cmake)
[3.121s] -- Found eigen3_cmake_module: 0.1.1 (/opt/ros/humble/share/eigen3_cmake_module/cmake)
[3.124s] -- Found Eigen3: TRUE (found version "3.4.0") 
[3.124s] -- Ensuring Eigen3 include directory is part of orocos-kdl CMake target
[3.399s] -- Found Boost: /usr/lib/aarch64-linux-gnu/cmake/Boost-1.74.0/BoostConfig.cmake (found version "1.74.0") found components: date_time filesystem program_options system thread 
[3.681s] -- Found Boost: /usr/lib/aarch64-linux-gnu/cmake/Boost-1.74.0/BoostConfig.cmake (found version "1.74.0") found components: chrono date_time filesystem iostreams program_options regex serialization system thread 
[3.760s] -- Found parameter_traits: 0.5.0 (/opt/ros/humble/share/parameter_traits/cmake)
[3.786s] -- Found rclcpp_lifecycle: 16.0.15 (/opt/ros/humble/share/rclcpp_lifecycle/cmake)
[3.842s] -- Found Boost: /usr/lib/aarch64-linux-gnu/cmake/Boost-1.74.0/BoostConfig.cmake (found version "1.74.0") found components: filesystem 
[4.061s] -- library: /usr/lib/aarch64-linux-gnu/libcurl.so
[4.275s] -- Found Boost: /usr/lib/aarch64-linux-gnu/cmake/Boost-1.74.0/BoostConfig.cmake (found version "1.74.0") found components: system filesystem date_time program_options thread chrono 
[4.371s] -- Found Boost: /usr/lib/aarch64-linux-gnu/cmake/Boost-1.74.0/BoostConfig.cmake (found version "1.74.0") found components: thread system filesystem regex date_time program_options 
[4.440s] -- Found Boost: /usr/lib/aarch64-linux-gnu/cmake/Boost-1.74.0/BoostConfig.cmake (found version "1.74.0") found components: system filesystem date_time program_options thread 
[4.519s] -- Found control_msgs: 4.8.0 (/opt/ros/humble/share/control_msgs/cmake)
[4.587s] -- Found ament_lint_auto: 0.12.14 (/opt/ros/humble/share/ament_lint_auto/cmake)
[4.852s] -- Added test 'copyright' to check source files copyright and LICENSE
[4.857s] -- Added test 'cppcheck' to perform static code analysis on C / C++ code
[4.857s] -- Configured cppcheck include dirs: /home/akhil/Downloads/omron_moma_ros2/MOMA_project/src/tm_driver/include
[4.858s] -- Configured cppcheck exclude dirs and/or files: 
[4.862s] -- Added test 'cpplint' to check C / C++ code against the Google style
[4.862s] -- Configured cpplint exclude dirs and/or files: 
[4.864s] -- Added test 'flake8' to check Python code syntax and style conventions
[4.866s] -- Added test 'lint_cmake' to check CMake code style
[4.868s] -- Added test 'pep257' to check Python code against some of the docstring style conventions in PEP 257
[4.872s] -- Added test 'uncrustify' to check C / C++ code style
[4.872s] -- Configured uncrustify additional arguments: 
[4.873s] -- Added test 'xmllint' to check XML markup files
[4.877s] -- Configuring done
[4.944s] -- Generating done
[4.983s] -- Build files have been written to: /home/akhil/Downloads/omron_moma_ros2/MOMA_project/src/build/tm_driver
[5.055s] Invoked command in '/home/akhil/Downloads/omron_moma_ros2/MOMA_project/src/build/tm_driver' returned '0': AMENT_PREFIX_PATH=/home/akhil/Downloads/omron_moma_ros2/MOMA_project/src/install/tm_msgs:${AMENT_PREFIX_PATH} CMAKE_PREFIX_PATH=/home/akhil/Downloads/omron_moma_ros2/MOMA_project/src/install/tm_msgs:/opt/ros/humble LD_LIBRARY_PATH=/home/akhil/Downloads/omron_moma_ros2/MOMA_project/src/install/tm_msgs/lib:${LD_LIBRARY_PATH} PYTHONPATH=/home/akhil/Downloads/omron_moma_ros2/MOMA_project/src/install/tm_msgs/local/lib/python3.10/dist-packages:${PYTHONPATH} /usr/bin/cmake /home/akhil/Downloads/omron_moma_ros2/MOMA_project/src/tm_driver -DCMAKE_INSTALL_PREFIX=/home/akhil/Downloads/omron_moma_ros2/MOMA_project/src/install/tm_driver
[5.056s] Invoking command in '/home/akhil/Downloads/omron_moma_ros2/MOMA_project/src/build/tm_driver': AMENT_PREFIX_PATH=/home/akhil/Downloads/omron_moma_ros2/MOMA_project/src/install/tm_msgs:${AMENT_PREFIX_PATH} CMAKE_PREFIX_PATH=/home/akhil/Downloads/omron_moma_ros2/MOMA_project/src/install/tm_msgs:/opt/ros/humble LD_LIBRARY_PATH=/home/akhil/Downloads/omron_moma_ros2/MOMA_project/src/install/tm_msgs/lib:${LD_LIBRARY_PATH} PYTHONPATH=/home/akhil/Downloads/omron_moma_ros2/MOMA_project/src/install/tm_msgs/local/lib/python3.10/dist-packages:${PYTHONPATH} /usr/bin/cmake --build /home/akhil/Downloads/omron_moma_ros2/MOMA_project/src/build/tm_driver -- -j6 -l6
[5.282s] [  6%] [32mBuilding CXX object CMakeFiles/tm_driver.dir/src/tm_ros2_composition_moveit.cpp.o[0m
[5.312s] [ 12%] [32mBuilding CXX object CMakeFiles/tm_driver.dir/src/tm_ros2_svr.cpp.o[0m
[5.323s] [ 18%] [32mBuilding CXX object CMakeFiles/tm_driver.dir/src/tm_ros2_sct.cpp.o[0m
[6.425s] [ 31%] [32mBuilding CXX object CMakeFiles/tm_driver.dir/src/tm_command.cpp.o[0m
[6.426s] [ 31%] [32mBuilding CXX object CMakeFiles/tm_driver.dir/src/tm_sct_communication.cpp.o[0m
[7.539s] [ 37%] [32mBuilding CXX object CMakeFiles/tm_driver.dir/src/tm_driver.cpp.o[0m
[44.297s] [ 43%] [32mBuilding CXX object CMakeFiles/tm_driver.dir/src/tm_print.cpp.o[0m
[53.897s] [ 50%] [32mBuilding CXX object CMakeFiles/tm_driver.dir/src/tm_driver_utilities.cpp.o[0m
[55.884s] [ 56%] [32mBuilding CXX object CMakeFiles/tm_driver.dir/src/tm_listen_node_connect.cpp.o[0m
[65.991s] [ 62%] [32mBuilding CXX object CMakeFiles/tm_driver.dir/src/tm_ethernet_slave_connect.cpp.o[0m
[75.324s] [ 81%] [32mBuilding CXX object CMakeFiles/tm_driver.dir/src/tm_robot_state.cpp.o[0m
[75.325s] [ 81%] [32mBuilding CXX object CMakeFiles/tm_driver.dir/src/tm_ros2_movit_sct.cpp.o[0m
[75.326s] [ 81%] [32mBuilding CXX object CMakeFiles/tm_driver.dir/src/tm_packet.cpp.o[0m
[85.885s] [ 87%] [32mBuilding CXX object CMakeFiles/tm_driver.dir/src/tm_communication.cpp.o[0m
[85.887s] [ 93%] [32mBuilding CXX object CMakeFiles/tm_driver.dir/src/tm_svr_communication.cpp.o[0m
[96.593s] [100%] [32m[1mLinking CXX executable tm_driver[0m
[99.536s] [100%] Built target tm_driver
[99.582s] Invoked command in '/home/akhil/Downloads/omron_moma_ros2/MOMA_project/src/build/tm_driver' returned '0': AMENT_PREFIX_PATH=/home/akhil/Downloads/omron_moma_ros2/MOMA_project/src/install/tm_msgs:${AMENT_PREFIX_PATH} CMAKE_PREFIX_PATH=/home/akhil/Downloads/omron_moma_ros2/MOMA_project/src/install/tm_msgs:/opt/ros/humble LD_LIBRARY_PATH=/home/akhil/Downloads/omron_moma_ros2/MOMA_project/src/install/tm_msgs/lib:${LD_LIBRARY_PATH} PYTHONPATH=/home/akhil/Downloads/omron_moma_ros2/MOMA_project/src/install/tm_msgs/local/lib/python3.10/dist-packages:${PYTHONPATH} /usr/bin/cmake --build /home/akhil/Downloads/omron_moma_ros2/MOMA_project/src/build/tm_driver -- -j6 -l6
[99.602s] Invoking command in '/home/akhil/Downloads/omron_moma_ros2/MOMA_project/src/build/tm_driver': AMENT_PREFIX_PATH=/home/akhil/Downloads/omron_moma_ros2/MOMA_project/src/install/tm_msgs:${AMENT_PREFIX_PATH} CMAKE_PREFIX_PATH=/home/akhil/Downloads/omron_moma_ros2/MOMA_project/src/install/tm_msgs:/opt/ros/humble LD_LIBRARY_PATH=/home/akhil/Downloads/omron_moma_ros2/MOMA_project/src/install/tm_msgs/lib:${LD_LIBRARY_PATH} PYTHONPATH=/home/akhil/Downloads/omron_moma_ros2/MOMA_project/src/install/tm_msgs/local/lib/python3.10/dist-packages:${PYTHONPATH} /usr/bin/cmake --install /home/akhil/Downloads/omron_moma_ros2/MOMA_project/src/build/tm_driver
[99.631s] -- Install configuration: ""
[99.632s] -- Installing: /home/akhil/Downloads/omron_moma_ros2/MOMA_project/src/install/tm_driver/lib/tm_driver/tm_driver
[99.650s] -- Set runtime path of "/home/akhil/Downloads/omron_moma_ros2/MOMA_project/src/install/tm_driver/lib/tm_driver/tm_driver" to ""
[99.650s] -- Installing: /home/akhil/Downloads/omron_moma_ros2/MOMA_project/src/install/tm_driver/share/tm_driver/launch
[99.650s] -- Installing: /home/akhil/Downloads/omron_moma_ros2/MOMA_project/src/install/tm_driver/share/tm_driver/launch/tm_bringup.launch.py
[99.658s] -- Installing: /home/akhil/Downloads/omron_moma_ros2/MOMA_project/src/install/tm_driver/share/ament_index/resource_index/package_run_dependencies/tm_driver
[99.659s] -- Installing: /home/akhil/Downloads/omron_moma_ros2/MOMA_project/src/install/tm_driver/share/ament_index/resource_index/parent_prefix_path/tm_driver
[99.660s] -- Installing: /home/akhil/Downloads/omron_moma_ros2/MOMA_project/src/install/tm_driver/share/tm_driver/environment/ament_prefix_path.sh
[99.661s] -- Installing: /home/akhil/Downloads/omron_moma_ros2/MOMA_project/src/install/tm_driver/share/tm_driver/environment/ament_prefix_path.dsv
[99.662s] -- Installing: /home/akhil/Downloads/omron_moma_ros2/MOMA_project/src/install/tm_driver/share/tm_driver/environment/path.sh
[99.662s] -- Installing: /home/akhil/Downloads/omron_moma_ros2/MOMA_project/src/install/tm_driver/share/tm_driver/environment/path.dsv
[99.663s] -- Installing: /home/akhil/Downloads/omron_moma_ros2/MOMA_project/src/install/tm_driver/share/tm_driver/local_setup.bash
[99.664s] -- Installing: /home/akhil/Downloads/omron_moma_ros2/MOMA_project/src/install/tm_driver/share/tm_driver/local_setup.sh
[99.665s] -- Installing: /home/akhil/Downloads/omron_moma_ros2/MOMA_project/src/install/tm_driver/share/tm_driver/local_setup.zsh
[99.665s] -- Installing: /home/akhil/Downloads/omron_moma_ros2/MOMA_project/src/install/tm_driver/share/tm_driver/local_setup.dsv
[99.666s] -- Installing: /home/akhil/Downloads/omron_moma_ros2/MOMA_project/src/install/tm_driver/share/tm_driver/package.dsv
[99.668s] -- Installing: /home/akhil/Downloads/omron_moma_ros2/MOMA_project/src/install/tm_driver/share/ament_index/resource_index/packages/tm_driver
[99.668s] -- Installing: /home/akhil/Downloads/omron_moma_ros2/MOMA_project/src/install/tm_driver/share/tm_driver/cmake/tm_driverConfig.cmake
[99.668s] -- Installing: /home/akhil/Downloads/omron_moma_ros2/MOMA_project/src/install/tm_driver/share/tm_driver/cmake/tm_driverConfig-version.cmake
[99.669s] -- Installing: /home/akhil/Downloads/omron_moma_ros2/MOMA_project/src/install/tm_driver/share/tm_driver/package.xml
[99.684s] Invoked command in '/home/akhil/Downloads/omron_moma_ros2/MOMA_project/src/build/tm_driver' returned '0': AMENT_PREFIX_PATH=/home/akhil/Downloads/omron_moma_ros2/MOMA_project/src/install/tm_msgs:${AMENT_PREFIX_PATH} CMAKE_PREFIX_PATH=/home/akhil/Downloads/omron_moma_ros2/MOMA_project/src/install/tm_msgs:/opt/ros/humble LD_LIBRARY_PATH=/home/akhil/Downloads/omron_moma_ros2/MOMA_project/src/install/tm_msgs/lib:${LD_LIBRARY_PATH} PYTHONPATH=/home/akhil/Downloads/omron_moma_ros2/MOMA_project/src/install/tm_msgs/local/lib/python3.10/dist-packages:${PYTHONPATH} /usr/bin/cmake --install /home/akhil/Downloads/omron_moma_ros2/MOMA_project/src/build/tm_driver
