running egg_info
creating ../build/camera/camera.egg-info
writing ../build/camera/camera.egg-info/PKG-INFO
writing dependency_links to ../build/camera/camera.egg-info/dependency_links.txt
writing entry points to ../build/camera/camera.egg-info/entry_points.txt
writing requirements to ../build/camera/camera.egg-info/requires.txt
writing top-level names to ../build/camera/camera.egg-info/top_level.txt
writing manifest file '../build/camera/camera.egg-info/SOURCES.txt'
reading manifest file '../build/camera/camera.egg-info/SOURCES.txt'
writing manifest file '../build/camera/camera.egg-info/SOURCES.txt'
running build
running build_py
creating /home/akhil/Downloads/omron_moma_ros2/MOMA_project/src/build/camera/build
creating /home/akhil/Downloads/omron_moma_ros2/MOMA_project/src/build/camera/build/lib
creating /home/akhil/Downloads/omron_moma_ros2/MOMA_project/src/build/camera/build/lib/camera
copying camera/detection_utils.py -> /home/akhil/Downloads/omron_moma_ros2/MOMA_project/src/build/camera/build/lib/camera
copying camera/visualisation.py -> /home/akhil/Downloads/omron_moma_ros2/MOMA_project/src/build/camera/build/lib/camera
copying camera/camera_client.py -> /home/akhil/Downloads/omron_moma_ros2/MOMA_project/src/build/camera/build/lib/camera
copying camera/camera_node.py -> /home/akhil/Downloads/omron_moma_ros2/MOMA_project/src/build/camera/build/lib/camera
copying camera/tf_utils.py -> /home/akhil/Downloads/omron_moma_ros2/MOMA_project/src/build/camera/build/lib/camera
copying camera/__init__.py -> /home/akhil/Downloads/omron_moma_ros2/MOMA_project/src/build/camera/build/lib/camera
running install
running install_lib
creating /home/akhil/Downloads/omron_moma_ros2/MOMA_project/src/install/camera/lib/python3.10/site-packages/camera
copying /home/akhil/Downloads/omron_moma_ros2/MOMA_project/src/build/camera/build/lib/camera/detection_utils.py -> /home/akhil/Downloads/omron_moma_ros2/MOMA_project/src/install/camera/lib/python3.10/site-packages/camera
copying /home/akhil/Downloads/omron_moma_ros2/MOMA_project/src/build/camera/build/lib/camera/visualisation.py -> /home/akhil/Downloads/omron_moma_ros2/MOMA_project/src/install/camera/lib/python3.10/site-packages/camera
copying /home/akhil/Downloads/omron_moma_ros2/MOMA_project/src/build/camera/build/lib/camera/camera_client.py -> /home/akhil/Downloads/omron_moma_ros2/MOMA_project/src/install/camera/lib/python3.10/site-packages/camera
copying /home/akhil/Downloads/omron_moma_ros2/MOMA_project/src/build/camera/build/lib/camera/camera_node.py -> /home/akhil/Downloads/omron_moma_ros2/MOMA_project/src/install/camera/lib/python3.10/site-packages/camera
copying /home/akhil/Downloads/omron_moma_ros2/MOMA_project/src/build/camera/build/lib/camera/tf_utils.py -> /home/akhil/Downloads/omron_moma_ros2/MOMA_project/src/install/camera/lib/python3.10/site-packages/camera
copying /home/akhil/Downloads/omron_moma_ros2/MOMA_project/src/build/camera/build/lib/camera/__init__.py -> /home/akhil/Downloads/omron_moma_ros2/MOMA_project/src/install/camera/lib/python3.10/site-packages/camera
byte-compiling /home/akhil/Downloads/omron_moma_ros2/MOMA_project/src/install/camera/lib/python3.10/site-packages/camera/detection_utils.py to detection_utils.cpython-310.pyc
byte-compiling /home/akhil/Downloads/omron_moma_ros2/MOMA_project/src/install/camera/lib/python3.10/site-packages/camera/visualisation.py to visualisation.cpython-310.pyc
byte-compiling /home/akhil/Downloads/omron_moma_ros2/MOMA_project/src/install/camera/lib/python3.10/site-packages/camera/camera_client.py to camera_client.cpython-310.pyc
byte-compiling /home/akhil/Downloads/omron_moma_ros2/MOMA_project/src/install/camera/lib/python3.10/site-packages/camera/camera_node.py to camera_node.cpython-310.pyc
byte-compiling /home/akhil/Downloads/omron_moma_ros2/MOMA_project/src/install/camera/lib/python3.10/site-packages/camera/tf_utils.py to tf_utils.cpython-310.pyc
byte-compiling /home/akhil/Downloads/omron_moma_ros2/MOMA_project/src/install/camera/lib/python3.10/site-packages/camera/__init__.py to __init__.cpython-310.pyc
running install_data
creating /home/akhil/Downloads/omron_moma_ros2/MOMA_project/src/install/camera/share/ament_index
creating /home/akhil/Downloads/omron_moma_ros2/MOMA_project/src/install/camera/share/ament_index/resource_index
creating /home/akhil/Downloads/omron_moma_ros2/MOMA_project/src/install/camera/share/ament_index/resource_index/packages
copying resource/camera -> /home/akhil/Downloads/omron_moma_ros2/MOMA_project/src/install/camera/share/ament_index/resource_index/packages
copying package.xml -> /home/akhil/Downloads/omron_moma_ros2/MOMA_project/src/install/camera/share/camera
creating /home/akhil/Downloads/omron_moma_ros2/MOMA_project/src/install/camera/share/camera/launch
creating /home/akhil/Downloads/omron_moma_ros2/MOMA_project/src/install/camera/share/camera/models
copying models/yolo11n.pt -> /home/akhil/Downloads/omron_moma_ros2/MOMA_project/src/install/camera/share/camera/models
copying models/yolo11m.pt -> /home/akhil/Downloads/omron_moma_ros2/MOMA_project/src/install/camera/share/camera/models
running install_egg_info
Copying ../build/camera/camera.egg-info to /home/akhil/Downloads/omron_moma_ros2/MOMA_project/src/install/camera/lib/python3.10/site-packages/camera-0.0.0-py3.10.egg-info
running install_scripts
Installing camera_client script to /home/akhil/Downloads/omron_moma_ros2/MOMA_project/src/install/camera/lib/camera
Installing camera_node script to /home/akhil/Downloads/omron_moma_ros2/MOMA_project/src/install/camera/lib/camera
Installing camera_server script to /home/akhil/Downloads/omron_moma_ros2/MOMA_project/src/install/camera/lib/camera
writing list of installed files to '/home/akhil/Downloads/omron_moma_ros2/MOMA_project/src/build/camera/install.log'
