[0.065s] Invoking command in '/home/akhil/Downloads/omron_moma_ros2/MOMA_project/src/build/image_sub': CMAKE_PREFIX_PATH=/opt/ros/humble /usr/bin/cmake /home/akhil/Downloads/omron_moma_ros2/MOMA_project/src/image_sub -DCMAKE_INSTALL_PREFIX=/home/akhil/Downloads/omron_moma_ros2/MOMA_project/src/install/image_sub
[0.294s] -- The C compiler identification is GNU 11.4.0
[0.512s] -- The CXX compiler identification is GNU 11.4.0
[0.532s] -- Detecting C compiler ABI info
[0.779s] -- Detecting C compiler ABI info - done
[0.803s] -- Check for working C compiler: /usr/bin/cc - skipped
[0.803s] -- Detecting C compile features
[0.804s] -- Detecting C compile features - done
[0.813s] -- Detecting CXX compiler ABI info
[1.126s] -- Detecting CXX compiler ABI info - done
[1.163s] -- Check for working CXX compiler: /usr/bin/c++ - skipped
[1.165s] -- Detecting CXX compile features
[1.165s] -- Detecting CXX compile features - done
[1.177s] -- Found ament_cmake: 1.3.12 (/opt/ros/humble/share/ament_cmake/cmake)
[1.700s] -- Found Python3: /usr/bin/python3 (found version "3.10.12") found components: Interpreter 
[2.041s] -- Found rclcpp: 16.0.15 (/opt/ros/humble/share/rclcpp/cmake)
[2.169s] -- Found rosidl_generator_c: 3.1.7 (/opt/ros/humble/share/rosidl_generator_c/cmake)
[2.182s] -- Found rosidl_adapter: 3.1.7 (/opt/ros/humble/share/rosidl_adapter/cmake)
[2.201s] -- Found rosidl_generator_cpp: 3.1.7 (/opt/ros/humble/share/rosidl_generator_cpp/cmake)
[2.231s] -- Using all available rosidl_typesupport_c: rosidl_typesupport_fastrtps_c;rosidl_typesupport_introspection_c
[2.271s] -- Using all available rosidl_typesupport_cpp: rosidl_typesupport_fastrtps_cpp;rosidl_typesupport_introspection_cpp
[2.392s] -- Found rmw_implementation_cmake: 6.1.2 (/opt/ros/humble/share/rmw_implementation_cmake/cmake)
[2.413s] -- Found rmw_fastrtps_cpp: 6.2.9 (/opt/ros/humble/share/rmw_fastrtps_cpp/cmake)
[2.777s] -- Found OpenSSL: /usr/lib/aarch64-linux-gnu/libcrypto.so (found version "3.0.2")  
[2.948s] -- Found FastRTPS: /opt/ros/humble/include  
[3.072s] -- Using RMW implementation 'rmw_fastrtps_cpp' as default
[3.112s] -- Looking for pthread.h
[3.340s] -- Looking for pthread.h - found
[3.342s] -- Performing Test CMAKE_HAVE_LIBC_PTHREAD
[3.559s] -- Performing Test CMAKE_HAVE_LIBC_PTHREAD - Success
[3.559s] -- Found Threads: TRUE  
[3.689s] -- Found rclcpp_components: 16.0.15 (/opt/ros/humble/share/rclcpp_components/cmake)
[3.770s] -- Found sensor_msgs: 4.9.0 (/opt/ros/humble/share/sensor_msgs/cmake)
[3.895s] -- Found OpenCV: /usr (found version "4.8.0") 
[3.899s] -- Found ament_lint_auto: 0.12.14 (/opt/ros/humble/share/ament_lint_auto/cmake)
[4.139s] -- Added test 'copyright' to check source files copyright and LICENSE
[4.141s] -- Added test 'cppcheck' to perform static code analysis on C / C++ code
[4.142s] -- Configured cppcheck include dirs: 
[4.142s] -- Configured cppcheck exclude dirs and/or files: 
[4.144s] -- Added test 'cpplint' to check C / C++ code against the Google style
[4.144s] -- Configured cpplint exclude dirs and/or files: 
[4.145s] -- Added test 'lint_cmake' to check CMake code style
[4.148s] -- Added test 'uncrustify' to check C / C++ code style
[4.148s] -- Configured uncrustify additional arguments: 
[4.149s] -- Added test 'xmllint' to check XML markup files
[4.152s] -- Configuring done
[4.187s] -- Generating done
[4.201s] -- Build files have been written to: /home/akhil/Downloads/omron_moma_ros2/MOMA_project/src/build/image_sub
[4.267s] Invoked command in '/home/akhil/Downloads/omron_moma_ros2/MOMA_project/src/build/image_sub' returned '0': CMAKE_PREFIX_PATH=/opt/ros/humble /usr/bin/cmake /home/akhil/Downloads/omron_moma_ros2/MOMA_project/src/image_sub -DCMAKE_INSTALL_PREFIX=/home/akhil/Downloads/omron_moma_ros2/MOMA_project/src/install/image_sub
[4.273s] Invoking command in '/home/akhil/Downloads/omron_moma_ros2/MOMA_project/src/build/image_sub': CMAKE_PREFIX_PATH=/opt/ros/humble /usr/bin/cmake --build /home/akhil/Downloads/omron_moma_ros2/MOMA_project/src/build/image_sub -- -j6 -l6
[4.460s] [ 50%] [32mBuilding CXX object CMakeFiles/sub_img.dir/src/sub_img.cpp.o[0m
[52.830s] [100%] [32m[1mLinking CXX executable sub_img[0m
[54.591s] [100%] Built target sub_img
[54.626s] Invoked command in '/home/akhil/Downloads/omron_moma_ros2/MOMA_project/src/build/image_sub' returned '0': CMAKE_PREFIX_PATH=/opt/ros/humble /usr/bin/cmake --build /home/akhil/Downloads/omron_moma_ros2/MOMA_project/src/build/image_sub -- -j6 -l6
[54.631s] Invoking command in '/home/akhil/Downloads/omron_moma_ros2/MOMA_project/src/build/image_sub': CMAKE_PREFIX_PATH=/opt/ros/humble /usr/bin/cmake --install /home/akhil/Downloads/omron_moma_ros2/MOMA_project/src/build/image_sub
[54.652s] -- Install configuration: ""
[54.652s] -- Installing: /home/akhil/Downloads/omron_moma_ros2/MOMA_project/src/install/image_sub/lib/image_sub/sub_img
[54.664s] -- Set runtime path of "/home/akhil/Downloads/omron_moma_ros2/MOMA_project/src/install/image_sub/lib/image_sub/sub_img" to ""
[54.665s] -- Installing: /home/akhil/Downloads/omron_moma_ros2/MOMA_project/src/install/image_sub/share/image_sub/image
[54.665s] -- Installing: /home/akhil/Downloads/omron_moma_ros2/MOMA_project/src/install/image_sub/share/image_sub/image/techman_robot.jpg
[54.674s] -- Installing: /home/akhil/Downloads/omron_moma_ros2/MOMA_project/src/install/image_sub/share/ament_index/resource_index/package_run_dependencies/image_sub
[54.675s] -- Installing: /home/akhil/Downloads/omron_moma_ros2/MOMA_project/src/install/image_sub/share/ament_index/resource_index/parent_prefix_path/image_sub
[54.675s] -- Installing: /home/akhil/Downloads/omron_moma_ros2/MOMA_project/src/install/image_sub/share/image_sub/environment/ament_prefix_path.sh
[54.675s] -- Installing: /home/akhil/Downloads/omron_moma_ros2/MOMA_project/src/install/image_sub/share/image_sub/environment/ament_prefix_path.dsv
[54.675s] -- Installing: /home/akhil/Downloads/omron_moma_ros2/MOMA_project/src/install/image_sub/share/image_sub/environment/path.sh
[54.676s] -- Installing: /home/akhil/Downloads/omron_moma_ros2/MOMA_project/src/install/image_sub/share/image_sub/environment/path.dsv
[54.676s] -- Installing: /home/akhil/Downloads/omron_moma_ros2/MOMA_project/src/install/image_sub/share/image_sub/local_setup.bash
[54.676s] -- Installing: /home/akhil/Downloads/omron_moma_ros2/MOMA_project/src/install/image_sub/share/image_sub/local_setup.sh
[54.677s] -- Installing: /home/akhil/Downloads/omron_moma_ros2/MOMA_project/src/install/image_sub/share/image_sub/local_setup.zsh
[54.677s] -- Installing: /home/akhil/Downloads/omron_moma_ros2/MOMA_project/src/install/image_sub/share/image_sub/local_setup.dsv
[54.677s] -- Installing: /home/akhil/Downloads/omron_moma_ros2/MOMA_project/src/install/image_sub/share/image_sub/package.dsv
[54.678s] -- Installing: /home/akhil/Downloads/omron_moma_ros2/MOMA_project/src/install/image_sub/share/ament_index/resource_index/packages/image_sub
[54.678s] -- Installing: /home/akhil/Downloads/omron_moma_ros2/MOMA_project/src/install/image_sub/share/image_sub/cmake/image_subConfig.cmake
[54.678s] -- Installing: /home/akhil/Downloads/omron_moma_ros2/MOMA_project/src/install/image_sub/share/image_sub/cmake/image_subConfig-version.cmake
[54.679s] -- Installing: /home/akhil/Downloads/omron_moma_ros2/MOMA_project/src/install/image_sub/share/image_sub/package.xml
[54.688s] Invoked command in '/home/akhil/Downloads/omron_moma_ros2/MOMA_project/src/build/image_sub' returned '0': CMAKE_PREFIX_PATH=/opt/ros/humble /usr/bin/cmake --install /home/akhil/Downloads/omron_moma_ros2/MOMA_project/src/build/image_sub
