[4.213s] Invoking command in '/home/akhil/Downloads/omron_moma_ros2/MOMA_project/src/amr_arcl_interface': AMENT_PREFIX_PATH=/home/akhil/Downloads/omron_moma_ros2/install/om_aiv_msg:${AMENT_PREFIX_PATH} CMAKE_PREFIX_PATH=/home/akhil/Downloads/omron_moma_ros2/install/om_aiv_msg LD_LIBRARY_PATH=/home/akhil/Downloads/omron_moma_ros2/install/om_aiv_msg/lib:${LD_LIBRARY_PATH} PYTHONPATH=/home/akhil/Downloads/omron_moma_ros2/build/amr_arcl_interface/prefix_override:/usr/lib/python3/dist-packages/colcon_core/task/python/colcon_distutils_commands:/home/akhil/Downloads/omron_moma_ros2/install/amr_arcl_interface/lib/python3.10/site-packages:/home/akhil/Downloads/omron_moma_ros2/install/om_aiv_msg/local/lib/python3.10/dist-packages:${PYTHONPATH} /usr/bin/python3 -W ignore:setup.py install is deprecated -W ignore:easy_install command is deprecated setup.py egg_info --egg-base ../../../build/amr_arcl_interface build --build-base /home/akhil/Downloads/omron_moma_ros2/build/amr_arcl_interface/build install --record /home/akhil/Downloads/omron_moma_ros2/build/amr_arcl_interface/install.log --single-version-externally-managed install_data
[4.988s] running egg_info
[4.990s] creating ../../../build/amr_arcl_interface/amr_arcl_interface.egg-info
[4.991s] writing ../../../build/amr_arcl_interface/amr_arcl_interface.egg-info/PKG-INFO
[4.992s] writing dependency_links to ../../../build/amr_arcl_interface/amr_arcl_interface.egg-info/dependency_links.txt
[4.992s] writing entry points to ../../../build/amr_arcl_interface/amr_arcl_interface.egg-info/entry_points.txt
[4.993s] writing requirements to ../../../build/amr_arcl_interface/amr_arcl_interface.egg-info/requires.txt
[4.993s] writing top-level names to ../../../build/amr_arcl_interface/amr_arcl_interface.egg-info/top_level.txt
[4.993s] writing manifest file '../../../build/amr_arcl_interface/amr_arcl_interface.egg-info/SOURCES.txt'
[4.999s] reading manifest file '../../../build/amr_arcl_interface/amr_arcl_interface.egg-info/SOURCES.txt'
[5.001s] writing manifest file '../../../build/amr_arcl_interface/amr_arcl_interface.egg-info/SOURCES.txt'
[5.001s] running build
[5.002s] running build_py
[5.002s] creating /home/akhil/Downloads/omron_moma_ros2/build/amr_arcl_interface/build
[5.002s] creating /home/akhil/Downloads/omron_moma_ros2/build/amr_arcl_interface/build/lib
[5.003s] creating /home/akhil/Downloads/omron_moma_ros2/build/amr_arcl_interface/build/lib/amr_arcl_interface
[5.003s] copying amr_arcl_interface/server.py -> /home/akhil/Downloads/omron_moma_ros2/build/amr_arcl_interface/build/lib/amr_arcl_interface
[5.042s] copying amr_arcl_interface/__init__.py -> /home/akhil/Downloads/omron_moma_ros2/build/amr_arcl_interface/build/lib/amr_arcl_interface
[5.042s] copying amr_arcl_interface/client.py -> /home/akhil/Downloads/omron_moma_ros2/build/amr_arcl_interface/build/lib/amr_arcl_interface
[5.069s] running install
[5.070s] running install_lib
[5.074s] creating /home/akhil/Downloads/omron_moma_ros2/install/amr_arcl_interface/lib/python3.10/site-packages/amr_arcl_interface
[5.075s] copying /home/akhil/Downloads/omron_moma_ros2/build/amr_arcl_interface/build/lib/amr_arcl_interface/server.py -> /home/akhil/Downloads/omron_moma_ros2/install/amr_arcl_interface/lib/python3.10/site-packages/amr_arcl_interface
[5.075s] copying /home/akhil/Downloads/omron_moma_ros2/build/amr_arcl_interface/build/lib/amr_arcl_interface/__init__.py -> /home/akhil/Downloads/omron_moma_ros2/install/amr_arcl_interface/lib/python3.10/site-packages/amr_arcl_interface
[5.075s] copying /home/akhil/Downloads/omron_moma_ros2/build/amr_arcl_interface/build/lib/amr_arcl_interface/client.py -> /home/akhil/Downloads/omron_moma_ros2/install/amr_arcl_interface/lib/python3.10/site-packages/amr_arcl_interface
[5.077s] byte-compiling /home/akhil/Downloads/omron_moma_ros2/install/amr_arcl_interface/lib/python3.10/site-packages/amr_arcl_interface/server.py to server.cpython-310.pyc
[5.080s] byte-compiling /home/akhil/Downloads/omron_moma_ros2/install/amr_arcl_interface/lib/python3.10/site-packages/amr_arcl_interface/__init__.py to __init__.cpython-310.pyc
[5.081s] byte-compiling /home/akhil/Downloads/omron_moma_ros2/install/amr_arcl_interface/lib/python3.10/site-packages/amr_arcl_interface/client.py to client.cpython-310.pyc
[5.082s] running install_data
[5.083s] creating /home/akhil/Downloads/omron_moma_ros2/install/amr_arcl_interface/share/ament_index
[5.083s] creating /home/akhil/Downloads/omron_moma_ros2/install/amr_arcl_interface/share/ament_index/resource_index
[5.083s] creating /home/akhil/Downloads/omron_moma_ros2/install/amr_arcl_interface/share/ament_index/resource_index/packages
[5.083s] copying resource/amr_arcl_interface -> /home/akhil/Downloads/omron_moma_ros2/install/amr_arcl_interface/share/ament_index/resource_index/packages
[5.084s] copying package.xml -> /home/akhil/Downloads/omron_moma_ros2/install/amr_arcl_interface/share/amr_arcl_interface
[5.084s] running install_egg_info
[5.090s] Copying ../../../build/amr_arcl_interface/amr_arcl_interface.egg-info to /home/akhil/Downloads/omron_moma_ros2/install/amr_arcl_interface/lib/python3.10/site-packages/amr_arcl_interface-0.0.0-py3.10.egg-info
[5.094s] running install_scripts
[5.169s] Installing client script to /home/akhil/Downloads/omron_moma_ros2/install/amr_arcl_interface/lib/amr_arcl_interface
[5.170s] Installing server script to /home/akhil/Downloads/omron_moma_ros2/install/amr_arcl_interface/lib/amr_arcl_interface
[5.172s] writing list of installed files to '/home/akhil/Downloads/omron_moma_ros2/build/amr_arcl_interface/install.log'
[6.199s] Invoked command in '/home/akhil/Downloads/omron_moma_ros2/MOMA_project/src/amr_arcl_interface' returned '0': AMENT_PREFIX_PATH=/home/akhil/Downloads/omron_moma_ros2/install/om_aiv_msg:${AMENT_PREFIX_PATH} CMAKE_PREFIX_PATH=/home/akhil/Downloads/omron_moma_ros2/install/om_aiv_msg LD_LIBRARY_PATH=/home/akhil/Downloads/omron_moma_ros2/install/om_aiv_msg/lib:${LD_LIBRARY_PATH} PYTHONPATH=/home/akhil/Downloads/omron_moma_ros2/build/amr_arcl_interface/prefix_override:/usr/lib/python3/dist-packages/colcon_core/task/python/colcon_distutils_commands:/home/akhil/Downloads/omron_moma_ros2/install/amr_arcl_interface/lib/python3.10/site-packages:/home/akhil/Downloads/omron_moma_ros2/install/om_aiv_msg/local/lib/python3.10/dist-packages:${PYTHONPATH} /usr/bin/python3 -W ignore:setup.py install is deprecated -W ignore:easy_install command is deprecated setup.py egg_info --egg-base ../../../build/amr_arcl_interface build --build-base /home/akhil/Downloads/omron_moma_ros2/build/amr_arcl_interface/build install --record /home/akhil/Downloads/omron_moma_ros2/build/amr_arcl_interface/install.log --single-version-externally-managed install_data
