[4.742s] Invoking command in '/home/akhil/Downloads/omron_moma_ros2/MOMA_project/src/tm_mod_urdf': PYTHONPATH=/home/akhil/Downloads/omron_moma_ros2/build/tm_mod_urdf/prefix_override:/usr/lib/python3/dist-packages/colcon_core/task/python/colcon_distutils_commands:/home/akhil/Downloads/omron_moma_ros2/install/tm_mod_urdf/lib/python3.10/site-packages:${PYTHONPATH} /usr/bin/python3 -W ignore:setup.py install is deprecated -W ignore:easy_install command is deprecated setup.py egg_info --egg-base ../../../build/tm_mod_urdf build --build-base /home/akhil/Downloads/omron_moma_ros2/build/tm_mod_urdf/build install --record /home/akhil/Downloads/omron_moma_ros2/build/tm_mod_urdf/install.log --single-version-externally-managed install_data
[9.934s] running egg_info
[9.934s] creating ../../../build/tm_mod_urdf/tm_mod_urdf.egg-info
[9.935s] writing ../../../build/tm_mod_urdf/tm_mod_urdf.egg-info/PKG-INFO
[9.935s] writing dependency_links to ../../../build/tm_mod_urdf/tm_mod_urdf.egg-info/dependency_links.txt
[9.935s] writing entry points to ../../../build/tm_mod_urdf/tm_mod_urdf.egg-info/entry_points.txt
[9.935s] writing requirements to ../../../build/tm_mod_urdf/tm_mod_urdf.egg-info/requires.txt
[9.935s] writing top-level names to ../../../build/tm_mod_urdf/tm_mod_urdf.egg-info/top_level.txt
[9.935s] writing manifest file '../../../build/tm_mod_urdf/tm_mod_urdf.egg-info/SOURCES.txt'
[9.936s] reading manifest file '../../../build/tm_mod_urdf/tm_mod_urdf.egg-info/SOURCES.txt'
[9.936s] writing manifest file '../../../build/tm_mod_urdf/tm_mod_urdf.egg-info/SOURCES.txt'
[9.936s] running build
[9.936s] running build_py
[9.936s] creating /home/akhil/Downloads/omron_moma_ros2/build/tm_mod_urdf/build
[9.936s] creating /home/akhil/Downloads/omron_moma_ros2/build/tm_mod_urdf/build/lib
[9.936s] creating /home/akhil/Downloads/omron_moma_ros2/build/tm_mod_urdf/build/lib/tm_mod_urdf
[9.936s] copying tm_mod_urdf/modify_urdf.py -> /home/akhil/Downloads/omron_moma_ros2/build/tm_mod_urdf/build/lib/tm_mod_urdf
[9.937s] copying tm_mod_urdf/modify_xacro.py -> /home/akhil/Downloads/omron_moma_ros2/build/tm_mod_urdf/build/lib/tm_mod_urdf
[9.937s] copying tm_mod_urdf/_modify_urdf.py -> /home/akhil/Downloads/omron_moma_ros2/build/tm_mod_urdf/build/lib/tm_mod_urdf
[9.937s] copying tm_mod_urdf/__init__.py -> /home/akhil/Downloads/omron_moma_ros2/build/tm_mod_urdf/build/lib/tm_mod_urdf
[9.937s] running install
[9.937s] running install_lib
[9.937s] creating /home/akhil/Downloads/omron_moma_ros2/install/tm_mod_urdf/lib/python3.10/site-packages/tm_mod_urdf
[9.937s] copying /home/akhil/Downloads/omron_moma_ros2/build/tm_mod_urdf/build/lib/tm_mod_urdf/modify_urdf.py -> /home/akhil/Downloads/omron_moma_ros2/install/tm_mod_urdf/lib/python3.10/site-packages/tm_mod_urdf
[9.938s] copying /home/akhil/Downloads/omron_moma_ros2/build/tm_mod_urdf/build/lib/tm_mod_urdf/modify_xacro.py -> /home/akhil/Downloads/omron_moma_ros2/install/tm_mod_urdf/lib/python3.10/site-packages/tm_mod_urdf
[9.938s] copying /home/akhil/Downloads/omron_moma_ros2/build/tm_mod_urdf/build/lib/tm_mod_urdf/_modify_urdf.py -> /home/akhil/Downloads/omron_moma_ros2/install/tm_mod_urdf/lib/python3.10/site-packages/tm_mod_urdf
[9.938s] copying /home/akhil/Downloads/omron_moma_ros2/build/tm_mod_urdf/build/lib/tm_mod_urdf/__init__.py -> /home/akhil/Downloads/omron_moma_ros2/install/tm_mod_urdf/lib/python3.10/site-packages/tm_mod_urdf
[9.938s] byte-compiling /home/akhil/Downloads/omron_moma_ros2/install/tm_mod_urdf/lib/python3.10/site-packages/tm_mod_urdf/modify_urdf.py to modify_urdf.cpython-310.pyc
[9.938s] byte-compiling /home/akhil/Downloads/omron_moma_ros2/install/tm_mod_urdf/lib/python3.10/site-packages/tm_mod_urdf/modify_xacro.py to modify_xacro.cpython-310.pyc
[9.938s] byte-compiling /home/akhil/Downloads/omron_moma_ros2/install/tm_mod_urdf/lib/python3.10/site-packages/tm_mod_urdf/_modify_urdf.py to _modify_urdf.cpython-310.pyc
[9.938s] byte-compiling /home/akhil/Downloads/omron_moma_ros2/install/tm_mod_urdf/lib/python3.10/site-packages/tm_mod_urdf/__init__.py to __init__.cpython-310.pyc
[9.938s] running install_data
[9.939s] creating /home/akhil/Downloads/omron_moma_ros2/install/tm_mod_urdf/share/ament_index
[9.957s] creating /home/akhil/Downloads/omron_moma_ros2/install/tm_mod_urdf/share/ament_index/resource_index
[9.957s] creating /home/akhil/Downloads/omron_moma_ros2/install/tm_mod_urdf/share/ament_index/resource_index/packages
[9.957s] copying resource/tm_mod_urdf -> /home/akhil/Downloads/omron_moma_ros2/install/tm_mod_urdf/share/ament_index/resource_index/packages
[9.957s] copying package.xml -> /home/akhil/Downloads/omron_moma_ros2/install/tm_mod_urdf/share/tm_mod_urdf
[9.958s] running install_egg_info
[9.958s] Copying ../../../build/tm_mod_urdf/tm_mod_urdf.egg-info to /home/akhil/Downloads/omron_moma_ros2/install/tm_mod_urdf/lib/python3.10/site-packages/tm_mod_urdf-2.0.0-py3.10.egg-info
[9.958s] running install_scripts
[9.958s] Installing modify_urdf script to /home/akhil/Downloads/omron_moma_ros2/install/tm_mod_urdf/lib/tm_mod_urdf
[9.958s] Installing modify_xacro script to /home/akhil/Downloads/omron_moma_ros2/install/tm_mod_urdf/lib/tm_mod_urdf
[9.958s] writing list of installed files to '/home/akhil/Downloads/omron_moma_ros2/build/tm_mod_urdf/install.log'
[10.180s] Invoked command in '/home/akhil/Downloads/omron_moma_ros2/MOMA_project/src/tm_mod_urdf' returned '0': PYTHONPATH=/home/akhil/Downloads/omron_moma_ros2/build/tm_mod_urdf/prefix_override:/usr/lib/python3/dist-packages/colcon_core/task/python/colcon_distutils_commands:/home/akhil/Downloads/omron_moma_ros2/install/tm_mod_urdf/lib/python3.10/site-packages:${PYTHONPATH} /usr/bin/python3 -W ignore:setup.py install is deprecated -W ignore:easy_install command is deprecated setup.py egg_info --egg-base ../../../build/tm_mod_urdf build --build-base /home/akhil/Downloads/omron_moma_ros2/build/tm_mod_urdf/build install --record /home/akhil/Downloads/omron_moma_ros2/build/tm_mod_urdf/install.log --single-version-externally-managed install_data
