[0.275s] DEBUG:colcon:Command line arguments: ['/usr/bin/colcon', 'build', '--packages-select', 'polaris_udp_bridge']
[0.275s] DEBUG:colcon:Parsed command line arguments: Namespace(log_base=None, log_level=None, verb_name='build', build_base='build', install_base='install', merge_install=False, symlink_install=False, test_result_base=None, continue_on_error=False, executor='parallel', parallel_workers=6, event_handlers=None, ignore_user_meta=False, metas=['./colcon.meta'], base_paths=['.'], packages_ignore=None, packages_ignore_regex=None, paths=None, packages_up_to=None, packages_up_to_regex=None, packages_above=None, packages_above_and_dependencies=None, packages_above_depth=None, packages_select_by_dep=None, packages_skip_by_dep=None, packages_skip_up_to=None, packages_select_build_failed=False, packages_skip_build_finished=False, packages_select_test_failures=False, packages_skip_test_passed=False, packages_select=['polaris_udp_bridge'], packages_skip=None, packages_select_regex=None, packages_skip_regex=None, packages_start=None, packages_end=None, allow_overriding=[], cmake_args=None, cmake_target=None, cmake_target_skip_unavailable=False, cmake_clean_cache=False, cmake_clean_first=False, cmake_force_configure=False, ament_cmake_args=None, catkin_cmake_args=None, catkin_skip_building_tests=False, verb_parser=<colcon_defaults.argument_parser.defaults.DefaultArgumentsDecorator object at 0xffffbd9a6aa0>, verb_extension=<colcon_core.verb.build.BuildVerb object at 0xffffbdb3ff10>, main=<bound method BuildVerb.main of <colcon_core.verb.build.BuildVerb object at 0xffffbdb3ff10>>)
[0.690s] Level 1:colcon.colcon_core.package_discovery:discover_packages(colcon_meta) check parameters
[0.691s] Level 1:colcon.colcon_core.package_discovery:discover_packages(recursive) check parameters
[0.691s] Level 1:colcon.colcon_core.package_discovery:discover_packages(ignore) check parameters
[0.691s] Level 1:colcon.colcon_core.package_discovery:discover_packages(path) check parameters
[0.691s] Level 1:colcon.colcon_core.package_discovery:discover_packages(colcon_meta) discover
[0.691s] Level 1:colcon.colcon_core.package_discovery:discover_packages(recursive) discover
[0.692s] INFO:colcon.colcon_core.package_discovery:Crawling recursively for packages in '/home/akhil/Downloads/omron_moma_ros2/MOMA_project/src'
[0.692s] Level 1:colcon.colcon_core.package_identification:_identify(.) by extensions ['ignore', 'ignore_ament_install']
[0.692s] Level 1:colcon.colcon_core.package_identification:_identify(.) by extension 'ignore'
[0.692s] Level 1:colcon.colcon_core.package_identification:_identify(.) by extension 'ignore_ament_install'
[0.693s] Level 1:colcon.colcon_core.package_identification:_identify(.) by extensions ['colcon_pkg']
[0.693s] Level 1:colcon.colcon_core.package_identification:_identify(.) by extension 'colcon_pkg'
[0.693s] Level 1:colcon.colcon_core.package_identification:_identify(.) by extensions ['colcon_meta']
[0.693s] Level 1:colcon.colcon_core.package_identification:_identify(.) by extension 'colcon_meta'
[0.693s] Level 1:colcon.colcon_core.package_identification:_identify(.) by extensions ['ros']
[0.693s] Level 1:colcon.colcon_core.package_identification:_identify(.) by extension 'ros'
[0.722s] Level 1:colcon.colcon_core.package_identification:_identify(.) by extensions ['cmake', 'python']
[0.723s] Level 1:colcon.colcon_core.package_identification:_identify(.) by extension 'cmake'
[0.723s] Level 1:colcon.colcon_core.package_identification:_identify(.) by extension 'python'
[0.723s] Level 1:colcon.colcon_core.package_identification:_identify(.) by extensions ['python_setup_py']
[0.723s] Level 1:colcon.colcon_core.package_identification:_identify(.) by extension 'python_setup_py'
[0.723s] Level 1:colcon.colcon_core.package_identification:_identify(amr_arcl_interface) by extensions ['ignore', 'ignore_ament_install']
[0.724s] Level 1:colcon.colcon_core.package_identification:_identify(amr_arcl_interface) by extension 'ignore'
[0.724s] Level 1:colcon.colcon_core.package_identification:_identify(amr_arcl_interface) by extension 'ignore_ament_install'
[0.724s] Level 1:colcon.colcon_core.package_identification:_identify(amr_arcl_interface) by extensions ['colcon_pkg']
[0.724s] Level 1:colcon.colcon_core.package_identification:_identify(amr_arcl_interface) by extension 'colcon_pkg'
[0.724s] Level 1:colcon.colcon_core.package_identification:_identify(amr_arcl_interface) by extensions ['colcon_meta']
[0.724s] Level 1:colcon.colcon_core.package_identification:_identify(amr_arcl_interface) by extension 'colcon_meta'
[0.725s] Level 1:colcon.colcon_core.package_identification:_identify(amr_arcl_interface) by extensions ['ros']
[0.725s] Level 1:colcon.colcon_core.package_identification:_identify(amr_arcl_interface) by extension 'ros'
[0.731s] DEBUG:colcon.colcon_core.package_identification:Package 'amr_arcl_interface' with type 'ros.ament_python' and name 'amr_arcl_interface'
[0.732s] Level 1:colcon.colcon_core.package_identification:_identify(amr_visualisation) by extensions ['ignore', 'ignore_ament_install']
[0.732s] Level 1:colcon.colcon_core.package_identification:_identify(amr_visualisation) by extension 'ignore'
[0.732s] Level 1:colcon.colcon_core.package_identification:_identify(amr_visualisation) by extension 'ignore_ament_install'
[0.732s] Level 1:colcon.colcon_core.package_identification:_identify(amr_visualisation) by extensions ['colcon_pkg']
[0.732s] Level 1:colcon.colcon_core.package_identification:_identify(amr_visualisation) by extension 'colcon_pkg'
[0.732s] Level 1:colcon.colcon_core.package_identification:_identify(amr_visualisation) by extensions ['colcon_meta']
[0.733s] Level 1:colcon.colcon_core.package_identification:_identify(amr_visualisation) by extension 'colcon_meta'
[0.733s] Level 1:colcon.colcon_core.package_identification:_identify(amr_visualisation) by extensions ['ros']
[0.733s] Level 1:colcon.colcon_core.package_identification:_identify(amr_visualisation) by extension 'ros'
[0.734s] DEBUG:colcon.colcon_core.package_identification:Package 'amr_visualisation' with type 'ros.ament_cmake' and name 'amr_visualisation'
[0.735s] Level 1:colcon.colcon_core.package_identification:_identify(build) by extensions ['ignore', 'ignore_ament_install']
[0.735s] Level 1:colcon.colcon_core.package_identification:_identify(build) by extension 'ignore'
[0.735s] Level 1:colcon.colcon_core.package_identification:_identify(build) ignored
[0.735s] Level 1:colcon.colcon_core.package_identification:_identify(camera) by extensions ['ignore', 'ignore_ament_install']
[0.736s] Level 1:colcon.colcon_core.package_identification:_identify(camera) by extension 'ignore'
[0.736s] Level 1:colcon.colcon_core.package_identification:_identify(camera) by extension 'ignore_ament_install'
[0.736s] Level 1:colcon.colcon_core.package_identification:_identify(camera) by extensions ['colcon_pkg']
[0.736s] Level 1:colcon.colcon_core.package_identification:_identify(camera) by extension 'colcon_pkg'
[0.736s] Level 1:colcon.colcon_core.package_identification:_identify(camera) by extensions ['colcon_meta']
[0.736s] Level 1:colcon.colcon_core.package_identification:_identify(camera) by extension 'colcon_meta'
[0.736s] Level 1:colcon.colcon_core.package_identification:_identify(camera) by extensions ['ros']
[0.736s] Level 1:colcon.colcon_core.package_identification:_identify(camera) by extension 'ros'
[0.738s] DEBUG:colcon.colcon_core.package_identification:Package 'camera' with type 'ros.ament_python' and name 'camera'
[0.739s] Level 1:colcon.colcon_core.package_identification:_identify(camera_interface) by extensions ['ignore', 'ignore_ament_install']
[0.739s] Level 1:colcon.colcon_core.package_identification:_identify(camera_interface) by extension 'ignore'
[0.739s] Level 1:colcon.colcon_core.package_identification:_identify(camera_interface) by extension 'ignore_ament_install'
[0.739s] Level 1:colcon.colcon_core.package_identification:_identify(camera_interface) by extensions ['colcon_pkg']
[0.739s] Level 1:colcon.colcon_core.package_identification:_identify(camera_interface) by extension 'colcon_pkg'
[0.740s] Level 1:colcon.colcon_core.package_identification:_identify(camera_interface) by extensions ['colcon_meta']
[0.740s] Level 1:colcon.colcon_core.package_identification:_identify(camera_interface) by extension 'colcon_meta'
[0.740s] Level 1:colcon.colcon_core.package_identification:_identify(camera_interface) by extensions ['ros']
[0.740s] Level 1:colcon.colcon_core.package_identification:_identify(camera_interface) by extension 'ros'
[0.741s] DEBUG:colcon.colcon_core.package_identification:Package 'camera_interface' with type 'ros.ament_cmake' and name 'camera_interface'
[0.741s] Level 1:colcon.colcon_core.package_identification:_identify(demo_package) by extensions ['ignore', 'ignore_ament_install']
[0.742s] Level 1:colcon.colcon_core.package_identification:_identify(demo_package) by extension 'ignore'
[0.742s] Level 1:colcon.colcon_core.package_identification:_identify(demo_package) by extension 'ignore_ament_install'
[0.742s] Level 1:colcon.colcon_core.package_identification:_identify(demo_package) by extensions ['colcon_pkg']
[0.742s] Level 1:colcon.colcon_core.package_identification:_identify(demo_package) by extension 'colcon_pkg'
[0.742s] Level 1:colcon.colcon_core.package_identification:_identify(demo_package) by extensions ['colcon_meta']
[0.742s] Level 1:colcon.colcon_core.package_identification:_identify(demo_package) by extension 'colcon_meta'
[0.742s] Level 1:colcon.colcon_core.package_identification:_identify(demo_package) by extensions ['ros']
[0.742s] Level 1:colcon.colcon_core.package_identification:_identify(demo_package) by extension 'ros'
[0.744s] DEBUG:colcon.colcon_core.package_identification:Package 'demo_package' with type 'ros.ament_python' and name 'demo_package'
[0.744s] Level 1:colcon.colcon_core.package_identification:_identify(image_sub) by extensions ['ignore', 'ignore_ament_install']
[0.744s] Level 1:colcon.colcon_core.package_identification:_identify(image_sub) by extension 'ignore'
[0.744s] Level 1:colcon.colcon_core.package_identification:_identify(image_sub) by extension 'ignore_ament_install'
[0.745s] Level 1:colcon.colcon_core.package_identification:_identify(image_sub) by extensions ['colcon_pkg']
[0.745s] Level 1:colcon.colcon_core.package_identification:_identify(image_sub) by extension 'colcon_pkg'
[0.745s] Level 1:colcon.colcon_core.package_identification:_identify(image_sub) by extensions ['colcon_meta']
[0.745s] Level 1:colcon.colcon_core.package_identification:_identify(image_sub) by extension 'colcon_meta'
[0.745s] Level 1:colcon.colcon_core.package_identification:_identify(image_sub) by extensions ['ros']
[0.745s] Level 1:colcon.colcon_core.package_identification:_identify(image_sub) by extension 'ros'
[0.746s] DEBUG:colcon.colcon_core.package_identification:Package 'image_sub' with type 'ros.ament_cmake' and name 'image_sub'
[0.747s] Level 1:colcon.colcon_core.package_identification:_identify(install) by extensions ['ignore', 'ignore_ament_install']
[0.747s] Level 1:colcon.colcon_core.package_identification:_identify(install) by extension 'ignore'
[0.747s] Level 1:colcon.colcon_core.package_identification:_identify(install) ignored
[0.747s] Level 1:colcon.colcon_core.package_identification:_identify(log) by extensions ['ignore', 'ignore_ament_install']
[0.747s] Level 1:colcon.colcon_core.package_identification:_identify(log) by extension 'ignore'
[0.748s] Level 1:colcon.colcon_core.package_identification:_identify(log) ignored
[0.748s] Level 1:colcon.colcon_core.package_identification:_identify(moma) by extensions ['ignore', 'ignore_ament_install']
[0.748s] Level 1:colcon.colcon_core.package_identification:_identify(moma) by extension 'ignore'
[0.748s] Level 1:colcon.colcon_core.package_identification:_identify(moma) by extension 'ignore_ament_install'
[0.748s] Level 1:colcon.colcon_core.package_identification:_identify(moma) by extensions ['colcon_pkg']
[0.748s] Level 1:colcon.colcon_core.package_identification:_identify(moma) by extension 'colcon_pkg'
[0.748s] Level 1:colcon.colcon_core.package_identification:_identify(moma) by extensions ['colcon_meta']
[0.749s] Level 1:colcon.colcon_core.package_identification:_identify(moma) by extension 'colcon_meta'
[0.749s] Level 1:colcon.colcon_core.package_identification:_identify(moma) by extensions ['ros']
[0.749s] Level 1:colcon.colcon_core.package_identification:_identify(moma) by extension 'ros'
[0.750s] DEBUG:colcon.colcon_core.package_identification:Package 'moma' with type 'ros.ament_cmake' and name 'moma'
[0.750s] Level 1:colcon.colcon_core.package_identification:_identify(moma_tf) by extensions ['ignore', 'ignore_ament_install']
[0.750s] Level 1:colcon.colcon_core.package_identification:_identify(moma_tf) by extension 'ignore'
[0.750s] Level 1:colcon.colcon_core.package_identification:_identify(moma_tf) by extension 'ignore_ament_install'
[0.751s] Level 1:colcon.colcon_core.package_identification:_identify(moma_tf) by extensions ['colcon_pkg']
[0.751s] Level 1:colcon.colcon_core.package_identification:_identify(moma_tf) by extension 'colcon_pkg'
[0.751s] Level 1:colcon.colcon_core.package_identification:_identify(moma_tf) by extensions ['colcon_meta']
[0.751s] Level 1:colcon.colcon_core.package_identification:_identify(moma_tf) by extension 'colcon_meta'
[0.751s] Level 1:colcon.colcon_core.package_identification:_identify(moma_tf) by extensions ['ros']
[0.751s] Level 1:colcon.colcon_core.package_identification:_identify(moma_tf) by extension 'ros'
[0.752s] DEBUG:colcon.colcon_core.package_identification:Package 'moma_tf' with type 'ros.ament_python' and name 'moma_tf'
[0.752s] Level 1:colcon.colcon_core.package_identification:_identify(moveit_path_planner) by extensions ['ignore', 'ignore_ament_install']
[0.753s] Level 1:colcon.colcon_core.package_identification:_identify(moveit_path_planner) by extension 'ignore'
[0.753s] Level 1:colcon.colcon_core.package_identification:_identify(moveit_path_planner) by extension 'ignore_ament_install'
[0.753s] Level 1:colcon.colcon_core.package_identification:_identify(moveit_path_planner) by extensions ['colcon_pkg']
[0.753s] Level 1:colcon.colcon_core.package_identification:_identify(moveit_path_planner) by extension 'colcon_pkg'
[0.753s] Level 1:colcon.colcon_core.package_identification:_identify(moveit_path_planner) by extensions ['colcon_meta']
[0.753s] Level 1:colcon.colcon_core.package_identification:_identify(moveit_path_planner) by extension 'colcon_meta'
[0.753s] Level 1:colcon.colcon_core.package_identification:_identify(moveit_path_planner) by extensions ['ros']
[0.753s] Level 1:colcon.colcon_core.package_identification:_identify(moveit_path_planner) by extension 'ros'
[0.755s] DEBUG:colcon.colcon_core.package_identification:Package 'moveit_path_planner' with type 'ros.ament_cmake' and name 'moveit_path_planner'
[0.755s] Level 1:colcon.colcon_core.package_identification:_identify(om_aiv_msg) by extensions ['ignore', 'ignore_ament_install']
[0.756s] Level 1:colcon.colcon_core.package_identification:_identify(om_aiv_msg) by extension 'ignore'
[0.756s] Level 1:colcon.colcon_core.package_identification:_identify(om_aiv_msg) by extension 'ignore_ament_install'
[0.756s] Level 1:colcon.colcon_core.package_identification:_identify(om_aiv_msg) by extensions ['colcon_pkg']
[0.756s] Level 1:colcon.colcon_core.package_identification:_identify(om_aiv_msg) by extension 'colcon_pkg'
[0.756s] Level 1:colcon.colcon_core.package_identification:_identify(om_aiv_msg) by extensions ['colcon_meta']
[0.756s] Level 1:colcon.colcon_core.package_identification:_identify(om_aiv_msg) by extension 'colcon_meta'
[0.756s] Level 1:colcon.colcon_core.package_identification:_identify(om_aiv_msg) by extensions ['ros']
[0.756s] Level 1:colcon.colcon_core.package_identification:_identify(om_aiv_msg) by extension 'ros'
[0.758s] DEBUG:colcon.colcon_core.package_identification:Package 'om_aiv_msg' with type 'ros.ament_cmake' and name 'om_aiv_msg'
[0.758s] Level 1:colcon.colcon_core.package_identification:_identify(om_aiv_navigation) by extensions ['ignore', 'ignore_ament_install']
[0.758s] Level 1:colcon.colcon_core.package_identification:_identify(om_aiv_navigation) by extension 'ignore'
[0.758s] Level 1:colcon.colcon_core.package_identification:_identify(om_aiv_navigation) by extension 'ignore_ament_install'
[0.759s] Level 1:colcon.colcon_core.package_identification:_identify(om_aiv_navigation) by extensions ['colcon_pkg']
[0.759s] Level 1:colcon.colcon_core.package_identification:_identify(om_aiv_navigation) by extension 'colcon_pkg'
[0.759s] Level 1:colcon.colcon_core.package_identification:_identify(om_aiv_navigation) by extensions ['colcon_meta']
[0.759s] Level 1:colcon.colcon_core.package_identification:_identify(om_aiv_navigation) by extension 'colcon_meta'
[0.759s] Level 1:colcon.colcon_core.package_identification:_identify(om_aiv_navigation) by extensions ['ros']
[0.759s] Level 1:colcon.colcon_core.package_identification:_identify(om_aiv_navigation) by extension 'ros'
[0.760s] DEBUG:colcon.colcon_core.package_identification:Package 'om_aiv_navigation' with type 'ros.ament_python' and name 'om_aiv_navigation'
[0.760s] Level 1:colcon.colcon_core.package_identification:_identify(om_aiv_util) by extensions ['ignore', 'ignore_ament_install']
[0.760s] Level 1:colcon.colcon_core.package_identification:_identify(om_aiv_util) by extension 'ignore'
[0.761s] Level 1:colcon.colcon_core.package_identification:_identify(om_aiv_util) by extension 'ignore_ament_install'
[0.761s] Level 1:colcon.colcon_core.package_identification:_identify(om_aiv_util) by extensions ['colcon_pkg']
[0.761s] Level 1:colcon.colcon_core.package_identification:_identify(om_aiv_util) by extension 'colcon_pkg'
[0.761s] Level 1:colcon.colcon_core.package_identification:_identify(om_aiv_util) by extensions ['colcon_meta']
[0.761s] Level 1:colcon.colcon_core.package_identification:_identify(om_aiv_util) by extension 'colcon_meta'
[0.761s] Level 1:colcon.colcon_core.package_identification:_identify(om_aiv_util) by extensions ['ros']
[0.761s] Level 1:colcon.colcon_core.package_identification:_identify(om_aiv_util) by extension 'ros'
[0.763s] DEBUG:colcon.colcon_core.package_identification:Package 'om_aiv_util' with type 'ros.ament_python' and name 'om_aiv_util'
[0.763s] Level 1:colcon.colcon_core.package_identification:_identify(polaris_udp_bridge) by extensions ['ignore', 'ignore_ament_install']
[0.763s] Level 1:colcon.colcon_core.package_identification:_identify(polaris_udp_bridge) by extension 'ignore'
[0.763s] Level 1:colcon.colcon_core.package_identification:_identify(polaris_udp_bridge) by extension 'ignore_ament_install'
[0.763s] Level 1:colcon.colcon_core.package_identification:_identify(polaris_udp_bridge) by extensions ['colcon_pkg']
[0.763s] Level 1:colcon.colcon_core.package_identification:_identify(polaris_udp_bridge) by extension 'colcon_pkg'
[0.764s] Level 1:colcon.colcon_core.package_identification:_identify(polaris_udp_bridge) by extensions ['colcon_meta']
[0.764s] Level 1:colcon.colcon_core.package_identification:_identify(polaris_udp_bridge) by extension 'colcon_meta'
[0.764s] Level 1:colcon.colcon_core.package_identification:_identify(polaris_udp_bridge) by extensions ['ros']
[0.764s] Level 1:colcon.colcon_core.package_identification:_identify(polaris_udp_bridge) by extension 'ros'
[0.765s] DEBUG:colcon.colcon_core.package_identification:Package 'polaris_udp_bridge' with type 'ros.ament_python' and name 'polaris_udp_bridge'
[0.765s] Level 1:colcon.colcon_core.package_identification:_identify(tm12s_moveit_config) by extensions ['ignore', 'ignore_ament_install']
[0.766s] Level 1:colcon.colcon_core.package_identification:_identify(tm12s_moveit_config) by extension 'ignore'
[0.766s] Level 1:colcon.colcon_core.package_identification:_identify(tm12s_moveit_config) by extension 'ignore_ament_install'
[0.766s] Level 1:colcon.colcon_core.package_identification:_identify(tm12s_moveit_config) by extensions ['colcon_pkg']
[0.766s] Level 1:colcon.colcon_core.package_identification:_identify(tm12s_moveit_config) by extension 'colcon_pkg'
[0.766s] Level 1:colcon.colcon_core.package_identification:_identify(tm12s_moveit_config) by extensions ['colcon_meta']
[0.766s] Level 1:colcon.colcon_core.package_identification:_identify(tm12s_moveit_config) by extension 'colcon_meta'
[0.766s] Level 1:colcon.colcon_core.package_identification:_identify(tm12s_moveit_config) by extensions ['ros']
[0.766s] Level 1:colcon.colcon_core.package_identification:_identify(tm12s_moveit_config) by extension 'ros'
[0.768s] DEBUG:colcon.colcon_core.package_identification:Package 'tm12s_moveit_config' with type 'ros.ament_cmake' and name 'tm12s_moveit_config'
[0.769s] Level 1:colcon.colcon_core.package_identification:_identify(tm_description) by extensions ['ignore', 'ignore_ament_install']
[0.769s] Level 1:colcon.colcon_core.package_identification:_identify(tm_description) by extension 'ignore'
[0.769s] Level 1:colcon.colcon_core.package_identification:_identify(tm_description) by extension 'ignore_ament_install'
[0.769s] Level 1:colcon.colcon_core.package_identification:_identify(tm_description) by extensions ['colcon_pkg']
[0.769s] Level 1:colcon.colcon_core.package_identification:_identify(tm_description) by extension 'colcon_pkg'
[0.769s] Level 1:colcon.colcon_core.package_identification:_identify(tm_description) by extensions ['colcon_meta']
[0.769s] Level 1:colcon.colcon_core.package_identification:_identify(tm_description) by extension 'colcon_meta'
[0.770s] Level 1:colcon.colcon_core.package_identification:_identify(tm_description) by extensions ['ros']
[0.770s] Level 1:colcon.colcon_core.package_identification:_identify(tm_description) by extension 'ros'
[0.771s] DEBUG:colcon.colcon_core.package_identification:Package 'tm_description' with type 'ros.ament_cmake' and name 'tm_description'
[0.771s] Level 1:colcon.colcon_core.package_identification:_identify(tm_driver) by extensions ['ignore', 'ignore_ament_install']
[0.771s] Level 1:colcon.colcon_core.package_identification:_identify(tm_driver) by extension 'ignore'
[0.771s] Level 1:colcon.colcon_core.package_identification:_identify(tm_driver) by extension 'ignore_ament_install'
[0.772s] Level 1:colcon.colcon_core.package_identification:_identify(tm_driver) by extensions ['colcon_pkg']
[0.772s] Level 1:colcon.colcon_core.package_identification:_identify(tm_driver) by extension 'colcon_pkg'
[0.772s] Level 1:colcon.colcon_core.package_identification:_identify(tm_driver) by extensions ['colcon_meta']
[0.772s] Level 1:colcon.colcon_core.package_identification:_identify(tm_driver) by extension 'colcon_meta'
[0.772s] Level 1:colcon.colcon_core.package_identification:_identify(tm_driver) by extensions ['ros']
[0.772s] Level 1:colcon.colcon_core.package_identification:_identify(tm_driver) by extension 'ros'
[0.773s] DEBUG:colcon.colcon_core.package_identification:Package 'tm_driver' with type 'ros.ament_cmake' and name 'tm_driver'
[0.773s] Level 1:colcon.colcon_core.package_identification:_identify(tm_image) by extensions ['ignore', 'ignore_ament_install']
[0.774s] Level 1:colcon.colcon_core.package_identification:_identify(tm_image) by extension 'ignore'
[0.774s] Level 1:colcon.colcon_core.package_identification:_identify(tm_image) by extension 'ignore_ament_install'
[0.774s] Level 1:colcon.colcon_core.package_identification:_identify(tm_image) by extensions ['colcon_pkg']
[0.774s] Level 1:colcon.colcon_core.package_identification:_identify(tm_image) by extension 'colcon_pkg'
[0.774s] Level 1:colcon.colcon_core.package_identification:_identify(tm_image) by extensions ['colcon_meta']
[0.774s] Level 1:colcon.colcon_core.package_identification:_identify(tm_image) by extension 'colcon_meta'
[0.774s] Level 1:colcon.colcon_core.package_identification:_identify(tm_image) by extensions ['ros']
[0.774s] Level 1:colcon.colcon_core.package_identification:_identify(tm_image) by extension 'ros'
[0.775s] DEBUG:colcon.colcon_core.package_identification:Package 'tm_image' with type 'ros.ament_python' and name 'tm_image'
[0.776s] Level 1:colcon.colcon_core.package_identification:_identify(tm_inspect) by extensions ['ignore', 'ignore_ament_install']
[0.776s] Level 1:colcon.colcon_core.package_identification:_identify(tm_inspect) by extension 'ignore'
[0.776s] Level 1:colcon.colcon_core.package_identification:_identify(tm_inspect) by extension 'ignore_ament_install'
[0.776s] Level 1:colcon.colcon_core.package_identification:_identify(tm_inspect) by extensions ['colcon_pkg']
[0.776s] Level 1:colcon.colcon_core.package_identification:_identify(tm_inspect) by extension 'colcon_pkg'
[0.776s] Level 1:colcon.colcon_core.package_identification:_identify(tm_inspect) by extensions ['colcon_meta']
[0.776s] Level 1:colcon.colcon_core.package_identification:_identify(tm_inspect) by extension 'colcon_meta'
[0.777s] Level 1:colcon.colcon_core.package_identification:_identify(tm_inspect) by extensions ['ros']
[0.777s] Level 1:colcon.colcon_core.package_identification:_identify(tm_inspect) by extension 'ros'
[0.778s] DEBUG:colcon.colcon_core.package_identification:Package 'tm_inspect' with type 'ros.ament_cmake' and name 'tm_inspect'
[0.778s] Level 1:colcon.colcon_core.package_identification:_identify(tm_mod_urdf) by extensions ['ignore', 'ignore_ament_install']
[0.778s] Level 1:colcon.colcon_core.package_identification:_identify(tm_mod_urdf) by extension 'ignore'
[0.779s] Level 1:colcon.colcon_core.package_identification:_identify(tm_mod_urdf) by extension 'ignore_ament_install'
[0.779s] Level 1:colcon.colcon_core.package_identification:_identify(tm_mod_urdf) by extensions ['colcon_pkg']
[0.779s] Level 1:colcon.colcon_core.package_identification:_identify(tm_mod_urdf) by extension 'colcon_pkg'
[0.779s] Level 1:colcon.colcon_core.package_identification:_identify(tm_mod_urdf) by extensions ['colcon_meta']
[0.779s] Level 1:colcon.colcon_core.package_identification:_identify(tm_mod_urdf) by extension 'colcon_meta'
[0.779s] Level 1:colcon.colcon_core.package_identification:_identify(tm_mod_urdf) by extensions ['ros']
[0.779s] Level 1:colcon.colcon_core.package_identification:_identify(tm_mod_urdf) by extension 'ros'
[0.780s] DEBUG:colcon.colcon_core.package_identification:Package 'tm_mod_urdf' with type 'ros.ament_python' and name 'tm_mod_urdf'
[0.781s] Level 1:colcon.colcon_core.package_identification:_identify(tm_msgs) by extensions ['ignore', 'ignore_ament_install']
[0.781s] Level 1:colcon.colcon_core.package_identification:_identify(tm_msgs) by extension 'ignore'
[0.781s] Level 1:colcon.colcon_core.package_identification:_identify(tm_msgs) by extension 'ignore_ament_install'
[0.781s] Level 1:colcon.colcon_core.package_identification:_identify(tm_msgs) by extensions ['colcon_pkg']
[0.781s] Level 1:colcon.colcon_core.package_identification:_identify(tm_msgs) by extension 'colcon_pkg'
[0.781s] Level 1:colcon.colcon_core.package_identification:_identify(tm_msgs) by extensions ['colcon_meta']
[0.782s] Level 1:colcon.colcon_core.package_identification:_identify(tm_msgs) by extension 'colcon_meta'
[0.782s] Level 1:colcon.colcon_core.package_identification:_identify(tm_msgs) by extensions ['ros']
[0.782s] Level 1:colcon.colcon_core.package_identification:_identify(tm_msgs) by extension 'ros'
[0.783s] DEBUG:colcon.colcon_core.package_identification:Package 'tm_msgs' with type 'ros.ament_cmake' and name 'tm_msgs'
[0.783s] Level 1:colcon.colcon_core.package_identification:_identify(wireless) by extensions ['ignore', 'ignore_ament_install']
[0.783s] Level 1:colcon.colcon_core.package_identification:_identify(wireless) by extension 'ignore'
[0.783s] Level 1:colcon.colcon_core.package_identification:_identify(wireless) by extension 'ignore_ament_install'
[0.784s] Level 1:colcon.colcon_core.package_identification:_identify(wireless) by extensions ['colcon_pkg']
[0.784s] Level 1:colcon.colcon_core.package_identification:_identify(wireless) by extension 'colcon_pkg'
[0.784s] Level 1:colcon.colcon_core.package_identification:_identify(wireless) by extensions ['colcon_meta']
[0.784s] Level 1:colcon.colcon_core.package_identification:_identify(wireless) by extension 'colcon_meta'
[0.784s] Level 1:colcon.colcon_core.package_identification:_identify(wireless) by extensions ['ros']
[0.784s] Level 1:colcon.colcon_core.package_identification:_identify(wireless) by extension 'ros'
[0.784s] Level 1:colcon.colcon_core.package_identification:_identify(wireless) by extensions ['cmake', 'python']
[0.784s] Level 1:colcon.colcon_core.package_identification:_identify(wireless) by extension 'cmake'
[0.784s] Level 1:colcon.colcon_core.package_identification:_identify(wireless) by extension 'python'
[0.785s] Level 1:colcon.colcon_core.package_identification:_identify(wireless) by extensions ['python_setup_py']
[0.785s] Level 1:colcon.colcon_core.package_identification:_identify(wireless) by extension 'python_setup_py'
[0.785s] Level 1:colcon.colcon_core.package_identification:_identify(wireless/src) by extensions ['ignore', 'ignore_ament_install']
[0.785s] Level 1:colcon.colcon_core.package_identification:_identify(wireless/src) by extension 'ignore'
[0.785s] Level 1:colcon.colcon_core.package_identification:_identify(wireless/src) by extension 'ignore_ament_install'
[0.785s] Level 1:colcon.colcon_core.package_identification:_identify(wireless/src) by extensions ['colcon_pkg']
[0.785s] Level 1:colcon.colcon_core.package_identification:_identify(wireless/src) by extension 'colcon_pkg'
[0.786s] Level 1:colcon.colcon_core.package_identification:_identify(wireless/src) by extensions ['colcon_meta']
[0.786s] Level 1:colcon.colcon_core.package_identification:_identify(wireless/src) by extension 'colcon_meta'
[0.786s] Level 1:colcon.colcon_core.package_identification:_identify(wireless/src) by extensions ['ros']
[0.786s] Level 1:colcon.colcon_core.package_identification:_identify(wireless/src) by extension 'ros'
[0.787s] DEBUG:colcon.colcon_core.package_identification:Package 'wireless/src' with type 'ros.ament_python' and name 'wireless'
[0.787s] Level 1:colcon.colcon_core.package_identification:_identify(yolo_ros) by extensions ['ignore', 'ignore_ament_install']
[0.788s] Level 1:colcon.colcon_core.package_identification:_identify(yolo_ros) by extension 'ignore'
[0.788s] Level 1:colcon.colcon_core.package_identification:_identify(yolo_ros) by extension 'ignore_ament_install'
[0.788s] Level 1:colcon.colcon_core.package_identification:_identify(yolo_ros) by extensions ['colcon_pkg']
[0.788s] Level 1:colcon.colcon_core.package_identification:_identify(yolo_ros) by extension 'colcon_pkg'
[0.788s] Level 1:colcon.colcon_core.package_identification:_identify(yolo_ros) by extensions ['colcon_meta']
[0.788s] Level 1:colcon.colcon_core.package_identification:_identify(yolo_ros) by extension 'colcon_meta'
[0.788s] Level 1:colcon.colcon_core.package_identification:_identify(yolo_ros) by extensions ['ros']
[0.788s] Level 1:colcon.colcon_core.package_identification:_identify(yolo_ros) by extension 'ros'
[0.789s] Level 1:colcon.colcon_core.package_identification:_identify(yolo_ros) by extensions ['cmake', 'python']
[0.789s] Level 1:colcon.colcon_core.package_identification:_identify(yolo_ros) by extension 'cmake'
[0.789s] Level 1:colcon.colcon_core.package_identification:_identify(yolo_ros) by extension 'python'
[0.789s] Level 1:colcon.colcon_core.package_identification:_identify(yolo_ros) by extensions ['python_setup_py']
[0.789s] Level 1:colcon.colcon_core.package_identification:_identify(yolo_ros) by extension 'python_setup_py'
[0.789s] Level 1:colcon.colcon_core.package_discovery:discover_packages(recursive) using defaults
[0.789s] Level 1:colcon.colcon_core.package_discovery:discover_packages(ignore) discover
[0.789s] Level 1:colcon.colcon_core.package_discovery:discover_packages(ignore) using defaults
[0.789s] Level 1:colcon.colcon_core.package_discovery:discover_packages(path) discover
[0.789s] Level 1:colcon.colcon_core.package_discovery:discover_packages(path) using defaults
[0.905s] INFO:colcon.colcon_core.package_selection:Skipping not selected package 'camera_interface' in 'camera_interface'
[0.906s] INFO:colcon.colcon_core.package_selection:Skipping not selected package 'image_sub' in 'image_sub'
[0.906s] INFO:colcon.colcon_core.package_selection:Skipping not selected package 'moma' in 'moma'
[0.906s] INFO:colcon.colcon_core.package_selection:Skipping not selected package 'moma_tf' in 'moma_tf'
[0.906s] INFO:colcon.colcon_core.package_selection:Skipping not selected package 'om_aiv_msg' in 'om_aiv_msg'
[0.906s] INFO:colcon.colcon_core.package_selection:Skipping not selected package 'om_aiv_navigation' in 'om_aiv_navigation'
[0.906s] INFO:colcon.colcon_core.package_selection:Skipping not selected package 'tm_description' in 'tm_description'
[0.906s] INFO:colcon.colcon_core.package_selection:Skipping not selected package 'tm_image' in 'tm_image'
[0.906s] INFO:colcon.colcon_core.package_selection:Skipping not selected package 'tm_mod_urdf' in 'tm_mod_urdf'
[0.906s] INFO:colcon.colcon_core.package_selection:Skipping not selected package 'tm_msgs' in 'tm_msgs'
[0.906s] INFO:colcon.colcon_core.package_selection:Skipping not selected package 'amr_arcl_interface' in 'amr_arcl_interface'
[0.906s] INFO:colcon.colcon_core.package_selection:Skipping not selected package 'amr_visualisation' in 'amr_visualisation'
[0.907s] INFO:colcon.colcon_core.package_selection:Skipping not selected package 'camera' in 'camera'
[0.907s] INFO:colcon.colcon_core.package_selection:Skipping not selected package 'demo_package' in 'demo_package'
[0.907s] INFO:colcon.colcon_core.package_selection:Skipping not selected package 'moveit_path_planner' in 'moveit_path_planner'
[0.907s] INFO:colcon.colcon_core.package_selection:Skipping not selected package 'om_aiv_util' in 'om_aiv_util'
[0.907s] INFO:colcon.colcon_core.package_selection:Skipping not selected package 'tm12s_moveit_config' in 'tm12s_moveit_config'
[0.907s] INFO:colcon.colcon_core.package_selection:Skipping not selected package 'tm_driver' in 'tm_driver'
[0.907s] INFO:colcon.colcon_core.package_selection:Skipping not selected package 'tm_inspect' in 'tm_inspect'
[0.907s] INFO:colcon.colcon_core.package_selection:Skipping not selected package 'wireless' in 'wireless/src'
[0.908s] Level 1:colcon.colcon_core.package_discovery:discover_packages(prefix_path) check parameters
[0.908s] Level 1:colcon.colcon_core.package_discovery:discover_packages(prefix_path) discover
[0.916s] DEBUG:colcon.colcon_installed_package_information.package_discovery:Found 20 installed packages in /home/akhil/Downloads/omron_moma_ros2/MOMA_project/src/install
[0.920s] DEBUG:colcon.colcon_installed_package_information.package_discovery:Found 321 installed packages in /opt/ros/humble
[0.923s] Level 1:colcon.colcon_core.package_discovery:discover_packages(prefix_path) using defaults
[1.030s] Level 5:colcon.colcon_core.verb:set package 'polaris_udp_bridge' build argument 'cmake_args' from command line to 'None'
[1.031s] Level 5:colcon.colcon_core.verb:set package 'polaris_udp_bridge' build argument 'cmake_target' from command line to 'None'
[1.031s] Level 5:colcon.colcon_core.verb:set package 'polaris_udp_bridge' build argument 'cmake_target_skip_unavailable' from command line to 'False'
[1.031s] Level 5:colcon.colcon_core.verb:set package 'polaris_udp_bridge' build argument 'cmake_clean_cache' from command line to 'False'
[1.031s] Level 5:colcon.colcon_core.verb:set package 'polaris_udp_bridge' build argument 'cmake_clean_first' from command line to 'False'
[1.031s] Level 5:colcon.colcon_core.verb:set package 'polaris_udp_bridge' build argument 'cmake_force_configure' from command line to 'False'
[1.031s] Level 5:colcon.colcon_core.verb:set package 'polaris_udp_bridge' build argument 'ament_cmake_args' from command line to 'None'
[1.031s] Level 5:colcon.colcon_core.verb:set package 'polaris_udp_bridge' build argument 'catkin_cmake_args' from command line to 'None'
[1.031s] Level 5:colcon.colcon_core.verb:set package 'polaris_udp_bridge' build argument 'catkin_skip_building_tests' from command line to 'False'
[1.031s] DEBUG:colcon.colcon_core.verb:Building package 'polaris_udp_bridge' with the following arguments: {'ament_cmake_args': None, 'build_base': '/home/akhil/Downloads/omron_moma_ros2/MOMA_project/src/build/polaris_udp_bridge', 'catkin_cmake_args': None, 'catkin_skip_building_tests': False, 'cmake_args': None, 'cmake_clean_cache': False, 'cmake_clean_first': False, 'cmake_force_configure': False, 'cmake_target': None, 'cmake_target_skip_unavailable': False, 'install_base': '/home/akhil/Downloads/omron_moma_ros2/MOMA_project/src/install/polaris_udp_bridge', 'merge_install': False, 'path': '/home/akhil/Downloads/omron_moma_ros2/MOMA_project/src/polaris_udp_bridge', 'symlink_install': False, 'test_result_base': None}
[1.032s] INFO:colcon.colcon_core.executor:Executing jobs using 'parallel' executor
[1.035s] DEBUG:colcon.colcon_parallel_executor.executor.parallel:run_until_complete
[1.035s] INFO:colcon.colcon_ros.task.ament_python.build:Building ROS package in '/home/akhil/Downloads/omron_moma_ros2/MOMA_project/src/polaris_udp_bridge' with build type 'ament_python'
[1.036s] Level 1:colcon.colcon_core.shell:create_environment_hook('polaris_udp_bridge', 'ament_prefix_path')
[1.043s] INFO:colcon.colcon_core.plugin_system:Skipping extension 'colcon_core.shell.bat': Not used on non-Windows systems
[1.043s] INFO:colcon.colcon_core.shell:Creating environment hook '/home/akhil/Downloads/omron_moma_ros2/MOMA_project/src/install/polaris_udp_bridge/share/polaris_udp_bridge/hook/ament_prefix_path.ps1'
[1.046s] INFO:colcon.colcon_core.shell:Creating environment descriptor '/home/akhil/Downloads/omron_moma_ros2/MOMA_project/src/install/polaris_udp_bridge/share/polaris_udp_bridge/hook/ament_prefix_path.dsv'
[1.047s] INFO:colcon.colcon_core.shell:Creating environment hook '/home/akhil/Downloads/omron_moma_ros2/MOMA_project/src/install/polaris_udp_bridge/share/polaris_udp_bridge/hook/ament_prefix_path.sh'
[1.049s] INFO:colcon.colcon_core.shell:Skip shell extension 'powershell' for command environment: Not usable outside of PowerShell
[1.049s] DEBUG:colcon.colcon_core.shell:Skip shell extension 'dsv' for command environment
[1.767s] INFO:colcon.colcon_core.task.python.build:Building Python package in '/home/akhil/Downloads/omron_moma_ros2/MOMA_project/src/polaris_udp_bridge'
[1.769s] INFO:colcon.colcon_core.shell:Skip shell extension 'powershell' for command environment: Not usable outside of PowerShell
[1.769s] DEBUG:colcon.colcon_core.shell:Skip shell extension 'dsv' for command environment
[2.956s] DEBUG:colcon.colcon_core.event_handler.log_command:Invoking command in '/home/akhil/Downloads/omron_moma_ros2/MOMA_project/src/polaris_udp_bridge': PYTHONPATH=/home/akhil/Downloads/omron_moma_ros2/MOMA_project/src/build/polaris_udp_bridge/prefix_override:/usr/lib/python3/dist-packages/colcon_core/task/python/colcon_distutils_commands:/home/akhil/Downloads/omron_moma_ros2/MOMA_project/src/install/polaris_udp_bridge/lib/python3.10/site-packages:${PYTHONPATH} /usr/bin/python3 -W ignore:setup.py install is deprecated -W ignore:easy_install command is deprecated setup.py egg_info --egg-base ../build/polaris_udp_bridge build --build-base /home/akhil/Downloads/omron_moma_ros2/MOMA_project/src/build/polaris_udp_bridge/build install --record /home/akhil/Downloads/omron_moma_ros2/MOMA_project/src/build/polaris_udp_bridge/install.log --single-version-externally-managed install_data
[3.805s] DEBUG:colcon.colcon_core.event_handler.log_command:Invoked command in '/home/akhil/Downloads/omron_moma_ros2/MOMA_project/src/polaris_udp_bridge' returned '0': PYTHONPATH=/home/akhil/Downloads/omron_moma_ros2/MOMA_project/src/build/polaris_udp_bridge/prefix_override:/usr/lib/python3/dist-packages/colcon_core/task/python/colcon_distutils_commands:/home/akhil/Downloads/omron_moma_ros2/MOMA_project/src/install/polaris_udp_bridge/lib/python3.10/site-packages:${PYTHONPATH} /usr/bin/python3 -W ignore:setup.py install is deprecated -W ignore:easy_install command is deprecated setup.py egg_info --egg-base ../build/polaris_udp_bridge build --build-base /home/akhil/Downloads/omron_moma_ros2/MOMA_project/src/build/polaris_udp_bridge/build install --record /home/akhil/Downloads/omron_moma_ros2/MOMA_project/src/build/polaris_udp_bridge/install.log --single-version-externally-managed install_data
[3.832s] Level 1:colcon.colcon_core.environment:checking '/home/akhil/Downloads/omron_moma_ros2/MOMA_project/src/install/polaris_udp_bridge' for CMake module files
[3.835s] Level 1:colcon.colcon_core.environment:checking '/home/akhil/Downloads/omron_moma_ros2/MOMA_project/src/install/polaris_udp_bridge' for CMake config files
[3.839s] Level 1:colcon.colcon_core.environment:checking '/home/akhil/Downloads/omron_moma_ros2/MOMA_project/src/install/polaris_udp_bridge/lib'
[3.840s] Level 1:colcon.colcon_core.environment:checking '/home/akhil/Downloads/omron_moma_ros2/MOMA_project/src/install/polaris_udp_bridge/bin'
[3.841s] Level 1:colcon.colcon_core.environment:checking '/home/akhil/Downloads/omron_moma_ros2/MOMA_project/src/install/polaris_udp_bridge/lib/pkgconfig/polaris_udp_bridge.pc'
[3.842s] Level 1:colcon.colcon_core.environment:checking '/home/akhil/Downloads/omron_moma_ros2/MOMA_project/src/install/polaris_udp_bridge/lib/python3.10/site-packages'
[3.843s] Level 1:colcon.colcon_core.shell:create_environment_hook('polaris_udp_bridge', 'pythonpath')
[3.844s] INFO:colcon.colcon_core.shell:Creating environment hook '/home/akhil/Downloads/omron_moma_ros2/MOMA_project/src/install/polaris_udp_bridge/share/polaris_udp_bridge/hook/pythonpath.ps1'
[3.848s] INFO:colcon.colcon_core.shell:Creating environment descriptor '/home/akhil/Downloads/omron_moma_ros2/MOMA_project/src/install/polaris_udp_bridge/share/polaris_udp_bridge/hook/pythonpath.dsv'
[3.849s] INFO:colcon.colcon_core.shell:Creating environment hook '/home/akhil/Downloads/omron_moma_ros2/MOMA_project/src/install/polaris_udp_bridge/share/polaris_udp_bridge/hook/pythonpath.sh'
[3.852s] Level 1:colcon.colcon_core.environment:checking '/home/akhil/Downloads/omron_moma_ros2/MOMA_project/src/install/polaris_udp_bridge/bin'
[3.852s] Level 1:colcon.colcon_core.environment:create_environment_scripts_only(polaris_udp_bridge)
[3.854s] INFO:colcon.colcon_core.shell:Creating package script '/home/akhil/Downloads/omron_moma_ros2/MOMA_project/src/install/polaris_udp_bridge/share/polaris_udp_bridge/package.ps1'
[3.858s] INFO:colcon.colcon_core.shell:Creating package descriptor '/home/akhil/Downloads/omron_moma_ros2/MOMA_project/src/install/polaris_udp_bridge/share/polaris_udp_bridge/package.dsv'
[3.860s] INFO:colcon.colcon_core.shell:Creating package script '/home/akhil/Downloads/omron_moma_ros2/MOMA_project/src/install/polaris_udp_bridge/share/polaris_udp_bridge/package.sh'
[3.863s] INFO:colcon.colcon_core.shell:Creating package script '/home/akhil/Downloads/omron_moma_ros2/MOMA_project/src/install/polaris_udp_bridge/share/polaris_udp_bridge/package.bash'
[3.868s] INFO:colcon.colcon_core.shell:Creating package script '/home/akhil/Downloads/omron_moma_ros2/MOMA_project/src/install/polaris_udp_bridge/share/polaris_udp_bridge/package.zsh'
[3.871s] Level 1:colcon.colcon_core.environment:create_file_with_runtime_dependencies(/home/akhil/Downloads/omron_moma_ros2/MOMA_project/src/install/polaris_udp_bridge/share/colcon-core/packages/polaris_udp_bridge)
[3.875s] DEBUG:colcon.colcon_parallel_executor.executor.parallel:closing loop
[3.877s] DEBUG:colcon.colcon_parallel_executor.executor.parallel:loop closed
[3.878s] DEBUG:colcon.colcon_parallel_executor.executor.parallel:run_until_complete finished with '0'
[3.878s] DEBUG:colcon.colcon_core.event_reactor:joining thread
[3.910s] INFO:colcon.colcon_core.plugin_system:Skipping extension 'colcon_notification.desktop_notification.terminal_notifier': Not used on non-Darwin systems
[3.911s] INFO:colcon.colcon_core.plugin_system:Skipping extension 'colcon_notification.desktop_notification.win32': Not used on non-Windows systems
[3.911s] INFO:colcon.colcon_notification.desktop_notification:Sending desktop notification using 'notify2'
[3.992s] DEBUG:colcon.colcon_core.event_reactor:joined thread
[3.995s] INFO:colcon.colcon_core.shell:Creating prefix script '/home/akhil/Downloads/omron_moma_ros2/MOMA_project/src/install/local_setup.ps1'
[4.003s] INFO:colcon.colcon_core.shell:Creating prefix util module '/home/akhil/Downloads/omron_moma_ros2/MOMA_project/src/install/_local_setup_util_ps1.py'
[4.013s] INFO:colcon.colcon_core.shell:Creating prefix chain script '/home/akhil/Downloads/omron_moma_ros2/MOMA_project/src/install/setup.ps1'
[4.022s] INFO:colcon.colcon_core.shell:Creating prefix script '/home/akhil/Downloads/omron_moma_ros2/MOMA_project/src/install/local_setup.sh'
[4.026s] INFO:colcon.colcon_core.shell:Creating prefix util module '/home/akhil/Downloads/omron_moma_ros2/MOMA_project/src/install/_local_setup_util_sh.py'
[4.029s] INFO:colcon.colcon_core.shell:Creating prefix chain script '/home/akhil/Downloads/omron_moma_ros2/MOMA_project/src/install/setup.sh'
[4.037s] INFO:colcon.colcon_core.shell:Creating prefix script '/home/akhil/Downloads/omron_moma_ros2/MOMA_project/src/install/local_setup.bash'
[4.040s] INFO:colcon.colcon_core.shell:Creating prefix chain script '/home/akhil/Downloads/omron_moma_ros2/MOMA_project/src/install/setup.bash'
[4.046s] INFO:colcon.colcon_core.shell:Creating prefix script '/home/akhil/Downloads/omron_moma_ros2/MOMA_project/src/install/local_setup.zsh'
[4.048s] INFO:colcon.colcon_core.shell:Creating prefix chain script '/home/akhil/Downloads/omron_moma_ros2/MOMA_project/src/install/setup.zsh'
