[0.528s] DEBUG:colcon:Command line arguments: ['/usr/bin/colcon', 'build', '--packages-select', 'polaris_udp_bridge/']
[0.529s] DEBUG:colcon:Parsed command line arguments: Namespace(log_base=None, log_level=None, verb_name='build', build_base='build', install_base='install', merge_install=False, symlink_install=False, test_result_base=None, continue_on_error=False, executor='parallel', parallel_workers=6, event_handlers=None, ignore_user_meta=False, metas=['./colcon.meta'], base_paths=['.'], packages_ignore=None, packages_ignore_regex=None, paths=None, packages_up_to=None, packages_up_to_regex=None, packages_above=None, packages_above_and_dependencies=None, packages_above_depth=None, packages_select_by_dep=None, packages_skip_by_dep=None, packages_skip_up_to=None, packages_select_build_failed=False, packages_skip_build_finished=False, packages_select_test_failures=False, packages_skip_test_passed=False, packages_select=['polaris_udp_bridge/'], packages_skip=None, packages_select_regex=None, packages_skip_regex=None, packages_start=None, packages_end=None, allow_overriding=[], cmake_args=None, cmake_target=None, cmake_target_skip_unavailable=False, cmake_clean_cache=False, cmake_clean_first=False, cmake_force_configure=False, ament_cmake_args=None, catkin_cmake_args=None, catkin_skip_building_tests=False, verb_parser=<colcon_defaults.argument_parser.defaults.DefaultArgumentsDecorator object at 0xffffbd236aa0>, verb_extension=<colcon_core.verb.build.BuildVerb object at 0xffffbd3cff10>, main=<bound method BuildVerb.main of <colcon_core.verb.build.BuildVerb object at 0xffffbd3cff10>>)
[1.293s] Level 1:colcon.colcon_core.package_discovery:discover_packages(colcon_meta) check parameters
[1.294s] Level 1:colcon.colcon_core.package_discovery:discover_packages(recursive) check parameters
[1.294s] Level 1:colcon.colcon_core.package_discovery:discover_packages(ignore) check parameters
[1.294s] Level 1:colcon.colcon_core.package_discovery:discover_packages(path) check parameters
[1.295s] Level 1:colcon.colcon_core.package_discovery:discover_packages(colcon_meta) discover
[1.295s] Level 1:colcon.colcon_core.package_discovery:discover_packages(recursive) discover
[1.295s] INFO:colcon.colcon_core.package_discovery:Crawling recursively for packages in '/home/akhil/Downloads/omron_moma_ros2/MOMA_project/src'
[1.296s] Level 1:colcon.colcon_core.package_identification:_identify(.) by extensions ['ignore', 'ignore_ament_install']
[1.296s] Level 1:colcon.colcon_core.package_identification:_identify(.) by extension 'ignore'
[1.297s] Level 1:colcon.colcon_core.package_identification:_identify(.) by extension 'ignore_ament_install'
[1.297s] Level 1:colcon.colcon_core.package_identification:_identify(.) by extensions ['colcon_pkg']
[1.297s] Level 1:colcon.colcon_core.package_identification:_identify(.) by extension 'colcon_pkg'
[1.297s] Level 1:colcon.colcon_core.package_identification:_identify(.) by extensions ['colcon_meta']
[1.297s] Level 1:colcon.colcon_core.package_identification:_identify(.) by extension 'colcon_meta'
[1.298s] Level 1:colcon.colcon_core.package_identification:_identify(.) by extensions ['ros']
[1.298s] Level 1:colcon.colcon_core.package_identification:_identify(.) by extension 'ros'
[1.355s] Level 1:colcon.colcon_core.package_identification:_identify(.) by extensions ['cmake', 'python']
[1.356s] Level 1:colcon.colcon_core.package_identification:_identify(.) by extension 'cmake'
[1.356s] Level 1:colcon.colcon_core.package_identification:_identify(.) by extension 'python'
[1.356s] Level 1:colcon.colcon_core.package_identification:_identify(.) by extensions ['python_setup_py']
[1.356s] Level 1:colcon.colcon_core.package_identification:_identify(.) by extension 'python_setup_py'
[1.357s] Level 1:colcon.colcon_core.package_identification:_identify(amr_arcl_interface) by extensions ['ignore', 'ignore_ament_install']
[1.357s] Level 1:colcon.colcon_core.package_identification:_identify(amr_arcl_interface) by extension 'ignore'
[1.357s] Level 1:colcon.colcon_core.package_identification:_identify(amr_arcl_interface) by extension 'ignore_ament_install'
[1.357s] Level 1:colcon.colcon_core.package_identification:_identify(amr_arcl_interface) by extensions ['colcon_pkg']
[1.357s] Level 1:colcon.colcon_core.package_identification:_identify(amr_arcl_interface) by extension 'colcon_pkg'
[1.358s] Level 1:colcon.colcon_core.package_identification:_identify(amr_arcl_interface) by extensions ['colcon_meta']
[1.358s] Level 1:colcon.colcon_core.package_identification:_identify(amr_arcl_interface) by extension 'colcon_meta'
[1.358s] Level 1:colcon.colcon_core.package_identification:_identify(amr_arcl_interface) by extensions ['ros']
[1.358s] Level 1:colcon.colcon_core.package_identification:_identify(amr_arcl_interface) by extension 'ros'
[1.374s] DEBUG:colcon.colcon_core.package_identification:Package 'amr_arcl_interface' with type 'ros.ament_python' and name 'amr_arcl_interface'
[1.375s] Level 1:colcon.colcon_core.package_identification:_identify(amr_visualisation) by extensions ['ignore', 'ignore_ament_install']
[1.375s] Level 1:colcon.colcon_core.package_identification:_identify(amr_visualisation) by extension 'ignore'
[1.376s] Level 1:colcon.colcon_core.package_identification:_identify(amr_visualisation) by extension 'ignore_ament_install'
[1.376s] Level 1:colcon.colcon_core.package_identification:_identify(amr_visualisation) by extensions ['colcon_pkg']
[1.376s] Level 1:colcon.colcon_core.package_identification:_identify(amr_visualisation) by extension 'colcon_pkg'
[1.376s] Level 1:colcon.colcon_core.package_identification:_identify(amr_visualisation) by extensions ['colcon_meta']
[1.376s] Level 1:colcon.colcon_core.package_identification:_identify(amr_visualisation) by extension 'colcon_meta'
[1.376s] Level 1:colcon.colcon_core.package_identification:_identify(amr_visualisation) by extensions ['ros']
[1.377s] Level 1:colcon.colcon_core.package_identification:_identify(amr_visualisation) by extension 'ros'
[1.379s] DEBUG:colcon.colcon_core.package_identification:Package 'amr_visualisation' with type 'ros.ament_cmake' and name 'amr_visualisation'
[1.379s] Level 1:colcon.colcon_core.package_identification:_identify(build) by extensions ['ignore', 'ignore_ament_install']
[1.379s] Level 1:colcon.colcon_core.package_identification:_identify(build) by extension 'ignore'
[1.380s] Level 1:colcon.colcon_core.package_identification:_identify(build) ignored
[1.380s] Level 1:colcon.colcon_core.package_identification:_identify(camera) by extensions ['ignore', 'ignore_ament_install']
[1.380s] Level 1:colcon.colcon_core.package_identification:_identify(camera) by extension 'ignore'
[1.380s] Level 1:colcon.colcon_core.package_identification:_identify(camera) by extension 'ignore_ament_install'
[1.381s] Level 1:colcon.colcon_core.package_identification:_identify(camera) by extensions ['colcon_pkg']
[1.381s] Level 1:colcon.colcon_core.package_identification:_identify(camera) by extension 'colcon_pkg'
[1.381s] Level 1:colcon.colcon_core.package_identification:_identify(camera) by extensions ['colcon_meta']
[1.381s] Level 1:colcon.colcon_core.package_identification:_identify(camera) by extension 'colcon_meta'
[1.381s] Level 1:colcon.colcon_core.package_identification:_identify(camera) by extensions ['ros']
[1.381s] Level 1:colcon.colcon_core.package_identification:_identify(camera) by extension 'ros'
[1.390s] DEBUG:colcon.colcon_core.package_identification:Package 'camera' with type 'ros.ament_python' and name 'camera'
[1.391s] Level 1:colcon.colcon_core.package_identification:_identify(camera_interface) by extensions ['ignore', 'ignore_ament_install']
[1.391s] Level 1:colcon.colcon_core.package_identification:_identify(camera_interface) by extension 'ignore'
[1.392s] Level 1:colcon.colcon_core.package_identification:_identify(camera_interface) by extension 'ignore_ament_install'
[1.392s] Level 1:colcon.colcon_core.package_identification:_identify(camera_interface) by extensions ['colcon_pkg']
[1.392s] Level 1:colcon.colcon_core.package_identification:_identify(camera_interface) by extension 'colcon_pkg'
[1.392s] Level 1:colcon.colcon_core.package_identification:_identify(camera_interface) by extensions ['colcon_meta']
[1.392s] Level 1:colcon.colcon_core.package_identification:_identify(camera_interface) by extension 'colcon_meta'
[1.392s] Level 1:colcon.colcon_core.package_identification:_identify(camera_interface) by extensions ['ros']
[1.393s] Level 1:colcon.colcon_core.package_identification:_identify(camera_interface) by extension 'ros'
[1.395s] DEBUG:colcon.colcon_core.package_identification:Package 'camera_interface' with type 'ros.ament_cmake' and name 'camera_interface'
[1.395s] Level 1:colcon.colcon_core.package_identification:_identify(demo_package) by extensions ['ignore', 'ignore_ament_install']
[1.395s] Level 1:colcon.colcon_core.package_identification:_identify(demo_package) by extension 'ignore'
[1.396s] Level 1:colcon.colcon_core.package_identification:_identify(demo_package) by extension 'ignore_ament_install'
[1.396s] Level 1:colcon.colcon_core.package_identification:_identify(demo_package) by extensions ['colcon_pkg']
[1.396s] Level 1:colcon.colcon_core.package_identification:_identify(demo_package) by extension 'colcon_pkg'
[1.396s] Level 1:colcon.colcon_core.package_identification:_identify(demo_package) by extensions ['colcon_meta']
[1.396s] Level 1:colcon.colcon_core.package_identification:_identify(demo_package) by extension 'colcon_meta'
[1.396s] Level 1:colcon.colcon_core.package_identification:_identify(demo_package) by extensions ['ros']
[1.397s] Level 1:colcon.colcon_core.package_identification:_identify(demo_package) by extension 'ros'
[1.399s] DEBUG:colcon.colcon_core.package_identification:Package 'demo_package' with type 'ros.ament_python' and name 'demo_package'
[1.399s] Level 1:colcon.colcon_core.package_identification:_identify(image_sub) by extensions ['ignore', 'ignore_ament_install']
[1.399s] Level 1:colcon.colcon_core.package_identification:_identify(image_sub) by extension 'ignore'
[1.399s] Level 1:colcon.colcon_core.package_identification:_identify(image_sub) by extension 'ignore_ament_install'
[1.400s] Level 1:colcon.colcon_core.package_identification:_identify(image_sub) by extensions ['colcon_pkg']
[1.400s] Level 1:colcon.colcon_core.package_identification:_identify(image_sub) by extension 'colcon_pkg'
[1.400s] Level 1:colcon.colcon_core.package_identification:_identify(image_sub) by extensions ['colcon_meta']
[1.400s] Level 1:colcon.colcon_core.package_identification:_identify(image_sub) by extension 'colcon_meta'
[1.400s] Level 1:colcon.colcon_core.package_identification:_identify(image_sub) by extensions ['ros']
[1.400s] Level 1:colcon.colcon_core.package_identification:_identify(image_sub) by extension 'ros'
[1.402s] DEBUG:colcon.colcon_core.package_identification:Package 'image_sub' with type 'ros.ament_cmake' and name 'image_sub'
[1.403s] Level 1:colcon.colcon_core.package_identification:_identify(install) by extensions ['ignore', 'ignore_ament_install']
[1.403s] Level 1:colcon.colcon_core.package_identification:_identify(install) by extension 'ignore'
[1.403s] Level 1:colcon.colcon_core.package_identification:_identify(install) ignored
[1.404s] Level 1:colcon.colcon_core.package_identification:_identify(log) by extensions ['ignore', 'ignore_ament_install']
[1.404s] Level 1:colcon.colcon_core.package_identification:_identify(log) by extension 'ignore'
[1.404s] Level 1:colcon.colcon_core.package_identification:_identify(log) ignored
[1.404s] Level 1:colcon.colcon_core.package_identification:_identify(moma) by extensions ['ignore', 'ignore_ament_install']
[1.404s] Level 1:colcon.colcon_core.package_identification:_identify(moma) by extension 'ignore'
[1.405s] Level 1:colcon.colcon_core.package_identification:_identify(moma) by extension 'ignore_ament_install'
[1.405s] Level 1:colcon.colcon_core.package_identification:_identify(moma) by extensions ['colcon_pkg']
[1.405s] Level 1:colcon.colcon_core.package_identification:_identify(moma) by extension 'colcon_pkg'
[1.405s] Level 1:colcon.colcon_core.package_identification:_identify(moma) by extensions ['colcon_meta']
[1.405s] Level 1:colcon.colcon_core.package_identification:_identify(moma) by extension 'colcon_meta'
[1.405s] Level 1:colcon.colcon_core.package_identification:_identify(moma) by extensions ['ros']
[1.405s] Level 1:colcon.colcon_core.package_identification:_identify(moma) by extension 'ros'
[1.407s] DEBUG:colcon.colcon_core.package_identification:Package 'moma' with type 'ros.ament_cmake' and name 'moma'
[1.408s] Level 1:colcon.colcon_core.package_identification:_identify(moma_tf) by extensions ['ignore', 'ignore_ament_install']
[1.408s] Level 1:colcon.colcon_core.package_identification:_identify(moma_tf) by extension 'ignore'
[1.408s] Level 1:colcon.colcon_core.package_identification:_identify(moma_tf) by extension 'ignore_ament_install'
[1.408s] Level 1:colcon.colcon_core.package_identification:_identify(moma_tf) by extensions ['colcon_pkg']
[1.408s] Level 1:colcon.colcon_core.package_identification:_identify(moma_tf) by extension 'colcon_pkg'
[1.408s] Level 1:colcon.colcon_core.package_identification:_identify(moma_tf) by extensions ['colcon_meta']
[1.409s] Level 1:colcon.colcon_core.package_identification:_identify(moma_tf) by extension 'colcon_meta'
[1.409s] Level 1:colcon.colcon_core.package_identification:_identify(moma_tf) by extensions ['ros']
[1.409s] Level 1:colcon.colcon_core.package_identification:_identify(moma_tf) by extension 'ros'
[1.411s] DEBUG:colcon.colcon_core.package_identification:Package 'moma_tf' with type 'ros.ament_python' and name 'moma_tf'
[1.411s] Level 1:colcon.colcon_core.package_identification:_identify(moveit_path_planner) by extensions ['ignore', 'ignore_ament_install']
[1.411s] Level 1:colcon.colcon_core.package_identification:_identify(moveit_path_planner) by extension 'ignore'
[1.412s] Level 1:colcon.colcon_core.package_identification:_identify(moveit_path_planner) by extension 'ignore_ament_install'
[1.412s] Level 1:colcon.colcon_core.package_identification:_identify(moveit_path_planner) by extensions ['colcon_pkg']
[1.412s] Level 1:colcon.colcon_core.package_identification:_identify(moveit_path_planner) by extension 'colcon_pkg'
[1.412s] Level 1:colcon.colcon_core.package_identification:_identify(moveit_path_planner) by extensions ['colcon_meta']
[1.412s] Level 1:colcon.colcon_core.package_identification:_identify(moveit_path_planner) by extension 'colcon_meta'
[1.412s] Level 1:colcon.colcon_core.package_identification:_identify(moveit_path_planner) by extensions ['ros']
[1.412s] Level 1:colcon.colcon_core.package_identification:_identify(moveit_path_planner) by extension 'ros'
[1.415s] DEBUG:colcon.colcon_core.package_identification:Package 'moveit_path_planner' with type 'ros.ament_cmake' and name 'moveit_path_planner'
[1.415s] Level 1:colcon.colcon_core.package_identification:_identify(om_aiv_msg) by extensions ['ignore', 'ignore_ament_install']
[1.415s] Level 1:colcon.colcon_core.package_identification:_identify(om_aiv_msg) by extension 'ignore'
[1.415s] Level 1:colcon.colcon_core.package_identification:_identify(om_aiv_msg) by extension 'ignore_ament_install'
[1.416s] Level 1:colcon.colcon_core.package_identification:_identify(om_aiv_msg) by extensions ['colcon_pkg']
[1.416s] Level 1:colcon.colcon_core.package_identification:_identify(om_aiv_msg) by extension 'colcon_pkg'
[1.416s] Level 1:colcon.colcon_core.package_identification:_identify(om_aiv_msg) by extensions ['colcon_meta']
[1.416s] Level 1:colcon.colcon_core.package_identification:_identify(om_aiv_msg) by extension 'colcon_meta'
[1.416s] Level 1:colcon.colcon_core.package_identification:_identify(om_aiv_msg) by extensions ['ros']
[1.416s] Level 1:colcon.colcon_core.package_identification:_identify(om_aiv_msg) by extension 'ros'
[1.418s] DEBUG:colcon.colcon_core.package_identification:Package 'om_aiv_msg' with type 'ros.ament_cmake' and name 'om_aiv_msg'
[1.418s] Level 1:colcon.colcon_core.package_identification:_identify(om_aiv_navigation) by extensions ['ignore', 'ignore_ament_install']
[1.419s] Level 1:colcon.colcon_core.package_identification:_identify(om_aiv_navigation) by extension 'ignore'
[1.419s] Level 1:colcon.colcon_core.package_identification:_identify(om_aiv_navigation) by extension 'ignore_ament_install'
[1.419s] Level 1:colcon.colcon_core.package_identification:_identify(om_aiv_navigation) by extensions ['colcon_pkg']
[1.419s] Level 1:colcon.colcon_core.package_identification:_identify(om_aiv_navigation) by extension 'colcon_pkg'
[1.419s] Level 1:colcon.colcon_core.package_identification:_identify(om_aiv_navigation) by extensions ['colcon_meta']
[1.419s] Level 1:colcon.colcon_core.package_identification:_identify(om_aiv_navigation) by extension 'colcon_meta'
[1.420s] Level 1:colcon.colcon_core.package_identification:_identify(om_aiv_navigation) by extensions ['ros']
[1.420s] Level 1:colcon.colcon_core.package_identification:_identify(om_aiv_navigation) by extension 'ros'
[1.421s] DEBUG:colcon.colcon_core.package_identification:Package 'om_aiv_navigation' with type 'ros.ament_python' and name 'om_aiv_navigation'
[1.421s] Level 1:colcon.colcon_core.package_identification:_identify(om_aiv_util) by extensions ['ignore', 'ignore_ament_install']
[1.422s] Level 1:colcon.colcon_core.package_identification:_identify(om_aiv_util) by extension 'ignore'
[1.422s] Level 1:colcon.colcon_core.package_identification:_identify(om_aiv_util) by extension 'ignore_ament_install'
[1.422s] Level 1:colcon.colcon_core.package_identification:_identify(om_aiv_util) by extensions ['colcon_pkg']
[1.422s] Level 1:colcon.colcon_core.package_identification:_identify(om_aiv_util) by extension 'colcon_pkg'
[1.422s] Level 1:colcon.colcon_core.package_identification:_identify(om_aiv_util) by extensions ['colcon_meta']
[1.422s] Level 1:colcon.colcon_core.package_identification:_identify(om_aiv_util) by extension 'colcon_meta'
[1.422s] Level 1:colcon.colcon_core.package_identification:_identify(om_aiv_util) by extensions ['ros']
[1.422s] Level 1:colcon.colcon_core.package_identification:_identify(om_aiv_util) by extension 'ros'
[1.424s] DEBUG:colcon.colcon_core.package_identification:Package 'om_aiv_util' with type 'ros.ament_python' and name 'om_aiv_util'
[1.425s] Level 1:colcon.colcon_core.package_identification:_identify(polaris_udp_bridge) by extensions ['ignore', 'ignore_ament_install']
[1.425s] Level 1:colcon.colcon_core.package_identification:_identify(polaris_udp_bridge) by extension 'ignore'
[1.425s] Level 1:colcon.colcon_core.package_identification:_identify(polaris_udp_bridge) by extension 'ignore_ament_install'
[1.425s] Level 1:colcon.colcon_core.package_identification:_identify(polaris_udp_bridge) by extensions ['colcon_pkg']
[1.425s] Level 1:colcon.colcon_core.package_identification:_identify(polaris_udp_bridge) by extension 'colcon_pkg'
[1.426s] Level 1:colcon.colcon_core.package_identification:_identify(polaris_udp_bridge) by extensions ['colcon_meta']
[1.426s] Level 1:colcon.colcon_core.package_identification:_identify(polaris_udp_bridge) by extension 'colcon_meta'
[1.426s] Level 1:colcon.colcon_core.package_identification:_identify(polaris_udp_bridge) by extensions ['ros']
[1.426s] Level 1:colcon.colcon_core.package_identification:_identify(polaris_udp_bridge) by extension 'ros'
[1.428s] DEBUG:colcon.colcon_core.package_identification:Found ROS schema reference in package manifest in 'polaris_udp_bridge'
[1.429s] WARNING:colcon.colcon_core.package_identification:Failed to parse ROS package manifest in 'polaris_udp_bridge': Error(s) in package 'polaris_udp_bridge/package.xml':
Invalid email "akhilgovan@gmail..com" for person "akhil"
[1.429s] Level 1:colcon.colcon_core.package_identification:_identify(polaris_udp_bridge) by extensions ['cmake', 'python']
[1.429s] Level 1:colcon.colcon_core.package_identification:_identify(polaris_udp_bridge) by extension 'cmake'
[1.429s] Level 1:colcon.colcon_core.package_identification:_identify(polaris_udp_bridge) by extension 'python'
[1.431s] DEBUG:colcon.colcon_core.package_identification:Python package in 'polaris_udp_bridge' passes arguments to the setup() function which requires a different identification extension than 'python'
[1.431s] Level 1:colcon.colcon_core.package_identification:_identify(polaris_udp_bridge) by extensions ['python_setup_py']
[1.431s] Level 1:colcon.colcon_core.package_identification:_identify(polaris_udp_bridge) by extension 'python_setup_py'
[2.213s] ERROR:colcon.colcon_core.package_identification:Exception in package identification extension 'python_setup_py' in 'polaris_udp_bridge': Command '['/usr/bin/python3', '-c', 'import sys;from contextlib import suppress;exec("with suppress(ImportError):    from setuptools.extern.packaging.specifiers    import SpecifierSet");exec("with suppress(ImportError):    from packaging.specifiers import SpecifierSet");from distutils.core import run_setup;dist = run_setup(    \'setup.py\', script_args=(\'--dry-run\',), stop_after=\'config\');skip_keys = (\'cmdclass\', \'distclass\', \'ext_modules\', \'metadata\');data = {    key: value for key, value in dist.__dict__.items()     if (        not key.startswith(\'_\') and         not callable(value) and         key not in skip_keys and         key not in dist.display_option_names    )};data[\'metadata\'] = {    k: v for k, v in dist.metadata.__dict__.items()     if k not in (\'license_files\', \'provides_extras\')};sys.stdout.buffer.write(repr(data).encode(\'utf-8\'))']' returned non-zero exit status 1.
Traceback (most recent call last):
  File "/usr/lib/python3/dist-packages/colcon_core/package_identification/__init__.py", line 144, in _identify
    retval = extension.identify(_reused_descriptor_instance)
  File "/usr/lib/python3/dist-packages/colcon_python_setup_py/package_identification/python_setup_py.py", line 48, in identify
    config = get_setup_information(setup_py)
  File "/usr/lib/python3/dist-packages/colcon_python_setup_py/package_identification/python_setup_py.py", line 249, in get_setup_information
    _setup_information_cache[hashable_env] = _get_setup_information(
  File "/usr/lib/python3/dist-packages/colcon_python_setup_py/package_identification/python_setup_py.py", line 296, in _get_setup_information
    result = subprocess.run(
  File "/usr/lib/python3.10/subprocess.py", line 526, in run
    raise CalledProcessError(retcode, process.args,
subprocess.CalledProcessError: Command '['/usr/bin/python3', '-c', 'import sys;from contextlib import suppress;exec("with suppress(ImportError):    from setuptools.extern.packaging.specifiers    import SpecifierSet");exec("with suppress(ImportError):    from packaging.specifiers import SpecifierSet");from distutils.core import run_setup;dist = run_setup(    \'setup.py\', script_args=(\'--dry-run\',), stop_after=\'config\');skip_keys = (\'cmdclass\', \'distclass\', \'ext_modules\', \'metadata\');data = {    key: value for key, value in dist.__dict__.items()     if (        not key.startswith(\'_\') and         not callable(value) and         key not in skip_keys and         key not in dist.display_option_names    )};data[\'metadata\'] = {    k: v for k, v in dist.metadata.__dict__.items()     if k not in (\'license_files\', \'provides_extras\')};sys.stdout.buffer.write(repr(data).encode(\'utf-8\'))']' returned non-zero exit status 1.

[2.215s] Level 1:colcon.colcon_core.package_identification:_identify(polaris_udp_bridge/polaris_udp_bridge) by extensions ['ignore', 'ignore_ament_install']
[2.216s] Level 1:colcon.colcon_core.package_identification:_identify(polaris_udp_bridge/polaris_udp_bridge) by extension 'ignore'
[2.216s] Level 1:colcon.colcon_core.package_identification:_identify(polaris_udp_bridge/polaris_udp_bridge) by extension 'ignore_ament_install'
[2.217s] Level 1:colcon.colcon_core.package_identification:_identify(polaris_udp_bridge/polaris_udp_bridge) by extensions ['colcon_pkg']
[2.217s] Level 1:colcon.colcon_core.package_identification:_identify(polaris_udp_bridge/polaris_udp_bridge) by extension 'colcon_pkg'
[2.217s] Level 1:colcon.colcon_core.package_identification:_identify(polaris_udp_bridge/polaris_udp_bridge) by extensions ['colcon_meta']
[2.217s] Level 1:colcon.colcon_core.package_identification:_identify(polaris_udp_bridge/polaris_udp_bridge) by extension 'colcon_meta'
[2.217s] Level 1:colcon.colcon_core.package_identification:_identify(polaris_udp_bridge/polaris_udp_bridge) by extensions ['ros']
[2.218s] Level 1:colcon.colcon_core.package_identification:_identify(polaris_udp_bridge/polaris_udp_bridge) by extension 'ros'
[2.218s] Level 1:colcon.colcon_core.package_identification:_identify(polaris_udp_bridge/polaris_udp_bridge) by extensions ['cmake', 'python']
[2.218s] Level 1:colcon.colcon_core.package_identification:_identify(polaris_udp_bridge/polaris_udp_bridge) by extension 'cmake'
[2.218s] Level 1:colcon.colcon_core.package_identification:_identify(polaris_udp_bridge/polaris_udp_bridge) by extension 'python'
[2.218s] Level 1:colcon.colcon_core.package_identification:_identify(polaris_udp_bridge/polaris_udp_bridge) by extensions ['python_setup_py']
[2.219s] Level 1:colcon.colcon_core.package_identification:_identify(polaris_udp_bridge/polaris_udp_bridge) by extension 'python_setup_py'
[2.219s] Level 1:colcon.colcon_core.package_identification:_identify(polaris_udp_bridge/resource) by extensions ['ignore', 'ignore_ament_install']
[2.219s] Level 1:colcon.colcon_core.package_identification:_identify(polaris_udp_bridge/resource) by extension 'ignore'
[2.219s] Level 1:colcon.colcon_core.package_identification:_identify(polaris_udp_bridge/resource) by extension 'ignore_ament_install'
[2.220s] Level 1:colcon.colcon_core.package_identification:_identify(polaris_udp_bridge/resource) by extensions ['colcon_pkg']
[2.220s] Level 1:colcon.colcon_core.package_identification:_identify(polaris_udp_bridge/resource) by extension 'colcon_pkg'
[2.220s] Level 1:colcon.colcon_core.package_identification:_identify(polaris_udp_bridge/resource) by extensions ['colcon_meta']
[2.220s] Level 1:colcon.colcon_core.package_identification:_identify(polaris_udp_bridge/resource) by extension 'colcon_meta'
[2.220s] Level 1:colcon.colcon_core.package_identification:_identify(polaris_udp_bridge/resource) by extensions ['ros']
[2.220s] Level 1:colcon.colcon_core.package_identification:_identify(polaris_udp_bridge/resource) by extension 'ros'
[2.220s] Level 1:colcon.colcon_core.package_identification:_identify(polaris_udp_bridge/resource) by extensions ['cmake', 'python']
[2.221s] Level 1:colcon.colcon_core.package_identification:_identify(polaris_udp_bridge/resource) by extension 'cmake'
[2.221s] Level 1:colcon.colcon_core.package_identification:_identify(polaris_udp_bridge/resource) by extension 'python'
[2.221s] Level 1:colcon.colcon_core.package_identification:_identify(polaris_udp_bridge/resource) by extensions ['python_setup_py']
[2.221s] Level 1:colcon.colcon_core.package_identification:_identify(polaris_udp_bridge/resource) by extension 'python_setup_py'
[2.221s] Level 1:colcon.colcon_core.package_identification:_identify(polaris_udp_bridge/test) by extensions ['ignore', 'ignore_ament_install']
[2.221s] Level 1:colcon.colcon_core.package_identification:_identify(polaris_udp_bridge/test) by extension 'ignore'
[2.222s] Level 1:colcon.colcon_core.package_identification:_identify(polaris_udp_bridge/test) by extension 'ignore_ament_install'
[2.222s] Level 1:colcon.colcon_core.package_identification:_identify(polaris_udp_bridge/test) by extensions ['colcon_pkg']
[2.222s] Level 1:colcon.colcon_core.package_identification:_identify(polaris_udp_bridge/test) by extension 'colcon_pkg'
[2.222s] Level 1:colcon.colcon_core.package_identification:_identify(polaris_udp_bridge/test) by extensions ['colcon_meta']
[2.222s] Level 1:colcon.colcon_core.package_identification:_identify(polaris_udp_bridge/test) by extension 'colcon_meta'
[2.222s] Level 1:colcon.colcon_core.package_identification:_identify(polaris_udp_bridge/test) by extensions ['ros']
[2.222s] Level 1:colcon.colcon_core.package_identification:_identify(polaris_udp_bridge/test) by extension 'ros'
[2.223s] Level 1:colcon.colcon_core.package_identification:_identify(polaris_udp_bridge/test) by extensions ['cmake', 'python']
[2.223s] Level 1:colcon.colcon_core.package_identification:_identify(polaris_udp_bridge/test) by extension 'cmake'
[2.223s] Level 1:colcon.colcon_core.package_identification:_identify(polaris_udp_bridge/test) by extension 'python'
[2.223s] Level 1:colcon.colcon_core.package_identification:_identify(polaris_udp_bridge/test) by extensions ['python_setup_py']
[2.223s] Level 1:colcon.colcon_core.package_identification:_identify(polaris_udp_bridge/test) by extension 'python_setup_py'
[2.224s] Level 1:colcon.colcon_core.package_identification:_identify(tm12s_moveit_config) by extensions ['ignore', 'ignore_ament_install']
[2.224s] Level 1:colcon.colcon_core.package_identification:_identify(tm12s_moveit_config) by extension 'ignore'
[2.224s] Level 1:colcon.colcon_core.package_identification:_identify(tm12s_moveit_config) by extension 'ignore_ament_install'
[2.224s] Level 1:colcon.colcon_core.package_identification:_identify(tm12s_moveit_config) by extensions ['colcon_pkg']
[2.224s] Level 1:colcon.colcon_core.package_identification:_identify(tm12s_moveit_config) by extension 'colcon_pkg'
[2.224s] Level 1:colcon.colcon_core.package_identification:_identify(tm12s_moveit_config) by extensions ['colcon_meta']
[2.224s] Level 1:colcon.colcon_core.package_identification:_identify(tm12s_moveit_config) by extension 'colcon_meta'
[2.225s] Level 1:colcon.colcon_core.package_identification:_identify(tm12s_moveit_config) by extensions ['ros']
[2.225s] Level 1:colcon.colcon_core.package_identification:_identify(tm12s_moveit_config) by extension 'ros'
[2.237s] DEBUG:colcon.colcon_core.package_identification:Package 'tm12s_moveit_config' with type 'ros.ament_cmake' and name 'tm12s_moveit_config'
[2.237s] Level 1:colcon.colcon_core.package_identification:_identify(tm_description) by extensions ['ignore', 'ignore_ament_install']
[2.238s] Level 1:colcon.colcon_core.package_identification:_identify(tm_description) by extension 'ignore'
[2.238s] Level 1:colcon.colcon_core.package_identification:_identify(tm_description) by extension 'ignore_ament_install'
[2.239s] Level 1:colcon.colcon_core.package_identification:_identify(tm_description) by extensions ['colcon_pkg']
[2.239s] Level 1:colcon.colcon_core.package_identification:_identify(tm_description) by extension 'colcon_pkg'
[2.239s] Level 1:colcon.colcon_core.package_identification:_identify(tm_description) by extensions ['colcon_meta']
[2.239s] Level 1:colcon.colcon_core.package_identification:_identify(tm_description) by extension 'colcon_meta'
[2.239s] Level 1:colcon.colcon_core.package_identification:_identify(tm_description) by extensions ['ros']
[2.240s] Level 1:colcon.colcon_core.package_identification:_identify(tm_description) by extension 'ros'
[2.243s] DEBUG:colcon.colcon_core.package_identification:Package 'tm_description' with type 'ros.ament_cmake' and name 'tm_description'
[2.243s] Level 1:colcon.colcon_core.package_identification:_identify(tm_driver) by extensions ['ignore', 'ignore_ament_install']
[2.244s] Level 1:colcon.colcon_core.package_identification:_identify(tm_driver) by extension 'ignore'
[2.244s] Level 1:colcon.colcon_core.package_identification:_identify(tm_driver) by extension 'ignore_ament_install'
[2.244s] Level 1:colcon.colcon_core.package_identification:_identify(tm_driver) by extensions ['colcon_pkg']
[2.244s] Level 1:colcon.colcon_core.package_identification:_identify(tm_driver) by extension 'colcon_pkg'
[2.245s] Level 1:colcon.colcon_core.package_identification:_identify(tm_driver) by extensions ['colcon_meta']
[2.245s] Level 1:colcon.colcon_core.package_identification:_identify(tm_driver) by extension 'colcon_meta'
[2.245s] Level 1:colcon.colcon_core.package_identification:_identify(tm_driver) by extensions ['ros']
[2.245s] Level 1:colcon.colcon_core.package_identification:_identify(tm_driver) by extension 'ros'
[2.248s] DEBUG:colcon.colcon_core.package_identification:Package 'tm_driver' with type 'ros.ament_cmake' and name 'tm_driver'
[2.248s] Level 1:colcon.colcon_core.package_identification:_identify(tm_image) by extensions ['ignore', 'ignore_ament_install']
[2.249s] Level 1:colcon.colcon_core.package_identification:_identify(tm_image) by extension 'ignore'
[2.249s] Level 1:colcon.colcon_core.package_identification:_identify(tm_image) by extension 'ignore_ament_install'
[2.249s] Level 1:colcon.colcon_core.package_identification:_identify(tm_image) by extensions ['colcon_pkg']
[2.249s] Level 1:colcon.colcon_core.package_identification:_identify(tm_image) by extension 'colcon_pkg'
[2.250s] Level 1:colcon.colcon_core.package_identification:_identify(tm_image) by extensions ['colcon_meta']
[2.250s] Level 1:colcon.colcon_core.package_identification:_identify(tm_image) by extension 'colcon_meta'
[2.250s] Level 1:colcon.colcon_core.package_identification:_identify(tm_image) by extensions ['ros']
[2.250s] Level 1:colcon.colcon_core.package_identification:_identify(tm_image) by extension 'ros'
[2.253s] DEBUG:colcon.colcon_core.package_identification:Package 'tm_image' with type 'ros.ament_python' and name 'tm_image'
[2.253s] Level 1:colcon.colcon_core.package_identification:_identify(tm_inspect) by extensions ['ignore', 'ignore_ament_install']
[2.254s] Level 1:colcon.colcon_core.package_identification:_identify(tm_inspect) by extension 'ignore'
[2.254s] Level 1:colcon.colcon_core.package_identification:_identify(tm_inspect) by extension 'ignore_ament_install'
[2.254s] Level 1:colcon.colcon_core.package_identification:_identify(tm_inspect) by extensions ['colcon_pkg']
[2.254s] Level 1:colcon.colcon_core.package_identification:_identify(tm_inspect) by extension 'colcon_pkg'
[2.255s] Level 1:colcon.colcon_core.package_identification:_identify(tm_inspect) by extensions ['colcon_meta']
[2.255s] Level 1:colcon.colcon_core.package_identification:_identify(tm_inspect) by extension 'colcon_meta'
[2.255s] Level 1:colcon.colcon_core.package_identification:_identify(tm_inspect) by extensions ['ros']
[2.255s] Level 1:colcon.colcon_core.package_identification:_identify(tm_inspect) by extension 'ros'
[2.258s] DEBUG:colcon.colcon_core.package_identification:Package 'tm_inspect' with type 'ros.ament_cmake' and name 'tm_inspect'
[2.258s] Level 1:colcon.colcon_core.package_identification:_identify(tm_mod_urdf) by extensions ['ignore', 'ignore_ament_install']
[2.259s] Level 1:colcon.colcon_core.package_identification:_identify(tm_mod_urdf) by extension 'ignore'
[2.259s] Level 1:colcon.colcon_core.package_identification:_identify(tm_mod_urdf) by extension 'ignore_ament_install'
[2.259s] Level 1:colcon.colcon_core.package_identification:_identify(tm_mod_urdf) by extensions ['colcon_pkg']
[2.259s] Level 1:colcon.colcon_core.package_identification:_identify(tm_mod_urdf) by extension 'colcon_pkg'
[2.259s] Level 1:colcon.colcon_core.package_identification:_identify(tm_mod_urdf) by extensions ['colcon_meta']
[2.260s] Level 1:colcon.colcon_core.package_identification:_identify(tm_mod_urdf) by extension 'colcon_meta'
[2.260s] Level 1:colcon.colcon_core.package_identification:_identify(tm_mod_urdf) by extensions ['ros']
[2.260s] Level 1:colcon.colcon_core.package_identification:_identify(tm_mod_urdf) by extension 'ros'
[2.263s] DEBUG:colcon.colcon_core.package_identification:Package 'tm_mod_urdf' with type 'ros.ament_python' and name 'tm_mod_urdf'
[2.263s] Level 1:colcon.colcon_core.package_identification:_identify(tm_msgs) by extensions ['ignore', 'ignore_ament_install']
[2.264s] Level 1:colcon.colcon_core.package_identification:_identify(tm_msgs) by extension 'ignore'
[2.264s] Level 1:colcon.colcon_core.package_identification:_identify(tm_msgs) by extension 'ignore_ament_install'
[2.264s] Level 1:colcon.colcon_core.package_identification:_identify(tm_msgs) by extensions ['colcon_pkg']
[2.265s] Level 1:colcon.colcon_core.package_identification:_identify(tm_msgs) by extension 'colcon_pkg'
[2.265s] Level 1:colcon.colcon_core.package_identification:_identify(tm_msgs) by extensions ['colcon_meta']
[2.265s] Level 1:colcon.colcon_core.package_identification:_identify(tm_msgs) by extension 'colcon_meta'
[2.265s] Level 1:colcon.colcon_core.package_identification:_identify(tm_msgs) by extensions ['ros']
[2.265s] Level 1:colcon.colcon_core.package_identification:_identify(tm_msgs) by extension 'ros'
[2.268s] DEBUG:colcon.colcon_core.package_identification:Package 'tm_msgs' with type 'ros.ament_cmake' and name 'tm_msgs'
[2.268s] Level 1:colcon.colcon_core.package_identification:_identify(wireless) by extensions ['ignore', 'ignore_ament_install']
[2.269s] Level 1:colcon.colcon_core.package_identification:_identify(wireless) by extension 'ignore'
[2.269s] Level 1:colcon.colcon_core.package_identification:_identify(wireless) by extension 'ignore_ament_install'
[2.269s] Level 1:colcon.colcon_core.package_identification:_identify(wireless) by extensions ['colcon_pkg']
[2.269s] Level 1:colcon.colcon_core.package_identification:_identify(wireless) by extension 'colcon_pkg'
[2.270s] Level 1:colcon.colcon_core.package_identification:_identify(wireless) by extensions ['colcon_meta']
[2.270s] Level 1:colcon.colcon_core.package_identification:_identify(wireless) by extension 'colcon_meta'
[2.270s] Level 1:colcon.colcon_core.package_identification:_identify(wireless) by extensions ['ros']
[2.270s] Level 1:colcon.colcon_core.package_identification:_identify(wireless) by extension 'ros'
[2.270s] Level 1:colcon.colcon_core.package_identification:_identify(wireless) by extensions ['cmake', 'python']
[2.271s] Level 1:colcon.colcon_core.package_identification:_identify(wireless) by extension 'cmake'
[2.271s] Level 1:colcon.colcon_core.package_identification:_identify(wireless) by extension 'python'
[2.271s] Level 1:colcon.colcon_core.package_identification:_identify(wireless) by extensions ['python_setup_py']
[2.271s] Level 1:colcon.colcon_core.package_identification:_identify(wireless) by extension 'python_setup_py'
[2.272s] Level 1:colcon.colcon_core.package_identification:_identify(wireless/src) by extensions ['ignore', 'ignore_ament_install']
[2.272s] Level 1:colcon.colcon_core.package_identification:_identify(wireless/src) by extension 'ignore'
[2.272s] Level 1:colcon.colcon_core.package_identification:_identify(wireless/src) by extension 'ignore_ament_install'
[2.272s] Level 1:colcon.colcon_core.package_identification:_identify(wireless/src) by extensions ['colcon_pkg']
[2.273s] Level 1:colcon.colcon_core.package_identification:_identify(wireless/src) by extension 'colcon_pkg'
[2.273s] Level 1:colcon.colcon_core.package_identification:_identify(wireless/src) by extensions ['colcon_meta']
[2.273s] Level 1:colcon.colcon_core.package_identification:_identify(wireless/src) by extension 'colcon_meta'
[2.273s] Level 1:colcon.colcon_core.package_identification:_identify(wireless/src) by extensions ['ros']
[2.273s] Level 1:colcon.colcon_core.package_identification:_identify(wireless/src) by extension 'ros'
[2.276s] DEBUG:colcon.colcon_core.package_identification:Package 'wireless/src' with type 'ros.ament_python' and name 'wireless'
[2.277s] Level 1:colcon.colcon_core.package_identification:_identify(yolo_ros) by extensions ['ignore', 'ignore_ament_install']
[2.277s] Level 1:colcon.colcon_core.package_identification:_identify(yolo_ros) by extension 'ignore'
[2.278s] Level 1:colcon.colcon_core.package_identification:_identify(yolo_ros) by extension 'ignore_ament_install'
[2.278s] Level 1:colcon.colcon_core.package_identification:_identify(yolo_ros) by extensions ['colcon_pkg']
[2.278s] Level 1:colcon.colcon_core.package_identification:_identify(yolo_ros) by extension 'colcon_pkg'
[2.278s] Level 1:colcon.colcon_core.package_identification:_identify(yolo_ros) by extensions ['colcon_meta']
[2.278s] Level 1:colcon.colcon_core.package_identification:_identify(yolo_ros) by extension 'colcon_meta'
[2.279s] Level 1:colcon.colcon_core.package_identification:_identify(yolo_ros) by extensions ['ros']
[2.279s] Level 1:colcon.colcon_core.package_identification:_identify(yolo_ros) by extension 'ros'
[2.279s] Level 1:colcon.colcon_core.package_identification:_identify(yolo_ros) by extensions ['cmake', 'python']
[2.279s] Level 1:colcon.colcon_core.package_identification:_identify(yolo_ros) by extension 'cmake'
[2.279s] Level 1:colcon.colcon_core.package_identification:_identify(yolo_ros) by extension 'python'
[2.280s] Level 1:colcon.colcon_core.package_identification:_identify(yolo_ros) by extensions ['python_setup_py']
[2.280s] Level 1:colcon.colcon_core.package_identification:_identify(yolo_ros) by extension 'python_setup_py'
[2.280s] Level 1:colcon.colcon_core.package_discovery:discover_packages(recursive) using defaults
[2.281s] Level 1:colcon.colcon_core.package_discovery:discover_packages(ignore) discover
[2.281s] Level 1:colcon.colcon_core.package_discovery:discover_packages(ignore) using defaults
[2.281s] Level 1:colcon.colcon_core.package_discovery:discover_packages(path) discover
[2.281s] Level 1:colcon.colcon_core.package_discovery:discover_packages(path) using defaults
[2.283s] WARNING:colcon.colcon_core.package_selection:ignoring unknown package 'polaris_udp_bridge/' in --packages-select
[2.493s] INFO:colcon.colcon_core.package_selection:Skipping not selected package 'camera_interface' in 'camera_interface'
[2.494s] INFO:colcon.colcon_core.package_selection:Skipping not selected package 'image_sub' in 'image_sub'
[2.494s] INFO:colcon.colcon_core.package_selection:Skipping not selected package 'moma' in 'moma'
[2.494s] INFO:colcon.colcon_core.package_selection:Skipping not selected package 'moma_tf' in 'moma_tf'
[2.494s] INFO:colcon.colcon_core.package_selection:Skipping not selected package 'om_aiv_msg' in 'om_aiv_msg'
[2.494s] INFO:colcon.colcon_core.package_selection:Skipping not selected package 'om_aiv_navigation' in 'om_aiv_navigation'
[2.494s] INFO:colcon.colcon_core.package_selection:Skipping not selected package 'tm_description' in 'tm_description'
[2.494s] INFO:colcon.colcon_core.package_selection:Skipping not selected package 'tm_image' in 'tm_image'
[2.494s] INFO:colcon.colcon_core.package_selection:Skipping not selected package 'tm_mod_urdf' in 'tm_mod_urdf'
[2.494s] INFO:colcon.colcon_core.package_selection:Skipping not selected package 'tm_msgs' in 'tm_msgs'
[2.495s] INFO:colcon.colcon_core.package_selection:Skipping not selected package 'amr_arcl_interface' in 'amr_arcl_interface'
[2.495s] INFO:colcon.colcon_core.package_selection:Skipping not selected package 'amr_visualisation' in 'amr_visualisation'
[2.495s] INFO:colcon.colcon_core.package_selection:Skipping not selected package 'camera' in 'camera'
[2.495s] INFO:colcon.colcon_core.package_selection:Skipping not selected package 'demo_package' in 'demo_package'
[2.495s] INFO:colcon.colcon_core.package_selection:Skipping not selected package 'moveit_path_planner' in 'moveit_path_planner'
[2.495s] INFO:colcon.colcon_core.package_selection:Skipping not selected package 'om_aiv_util' in 'om_aiv_util'
[2.495s] INFO:colcon.colcon_core.package_selection:Skipping not selected package 'tm12s_moveit_config' in 'tm12s_moveit_config'
[2.495s] INFO:colcon.colcon_core.package_selection:Skipping not selected package 'tm_driver' in 'tm_driver'
[2.495s] INFO:colcon.colcon_core.package_selection:Skipping not selected package 'tm_inspect' in 'tm_inspect'
[2.495s] INFO:colcon.colcon_core.package_selection:Skipping not selected package 'wireless' in 'wireless/src'
[2.503s] Level 1:colcon.colcon_core.package_discovery:discover_packages(prefix_path) check parameters
[2.503s] Level 1:colcon.colcon_core.package_discovery:discover_packages(prefix_path) discover
[2.518s] DEBUG:colcon.colcon_installed_package_information.package_discovery:Found 20 installed packages in /home/akhil/Downloads/omron_moma_ros2/MOMA_project/src/install
[2.521s] DEBUG:colcon.colcon_installed_package_information.package_discovery:Found 321 installed packages in /opt/ros/humble
[2.525s] Level 1:colcon.colcon_core.package_discovery:discover_packages(prefix_path) using defaults
[2.658s] INFO:colcon.colcon_core.executor:Executing jobs using 'parallel' executor
[2.661s] DEBUG:colcon.colcon_parallel_executor.executor.parallel:run_until_complete
[2.662s] DEBUG:colcon.colcon_parallel_executor.executor.parallel:closing loop
[2.663s] DEBUG:colcon.colcon_parallel_executor.executor.parallel:loop closed
[2.663s] DEBUG:colcon.colcon_parallel_executor.executor.parallel:run_until_complete finished with '0'
[2.663s] DEBUG:colcon.colcon_core.event_reactor:joining thread
[2.680s] INFO:colcon.colcon_core.plugin_system:Skipping extension 'colcon_notification.desktop_notification.terminal_notifier': Not used on non-Darwin systems
[2.681s] INFO:colcon.colcon_core.plugin_system:Skipping extension 'colcon_notification.desktop_notification.win32': Not used on non-Windows systems
[2.681s] INFO:colcon.colcon_notification.desktop_notification:Sending desktop notification using 'notify2'
[2.721s] DEBUG:colcon.colcon_core.event_reactor:joined thread
[2.748s] INFO:colcon.colcon_core.plugin_system:Skipping extension 'colcon_core.shell.bat': Not used on non-Windows systems
[2.749s] INFO:colcon.colcon_core.shell:Creating prefix script '/home/akhil/Downloads/omron_moma_ros2/MOMA_project/src/install/local_setup.ps1'
[2.753s] INFO:colcon.colcon_core.shell:Creating prefix util module '/home/akhil/Downloads/omron_moma_ros2/MOMA_project/src/install/_local_setup_util_ps1.py'
[2.757s] INFO:colcon.colcon_core.shell:Creating prefix chain script '/home/akhil/Downloads/omron_moma_ros2/MOMA_project/src/install/setup.ps1'
[2.762s] INFO:colcon.colcon_core.shell:Creating prefix script '/home/akhil/Downloads/omron_moma_ros2/MOMA_project/src/install/local_setup.sh'
[2.763s] INFO:colcon.colcon_core.shell:Creating prefix util module '/home/akhil/Downloads/omron_moma_ros2/MOMA_project/src/install/_local_setup_util_sh.py'
[2.765s] INFO:colcon.colcon_core.shell:Creating prefix chain script '/home/akhil/Downloads/omron_moma_ros2/MOMA_project/src/install/setup.sh'
[2.769s] INFO:colcon.colcon_core.shell:Creating prefix script '/home/akhil/Downloads/omron_moma_ros2/MOMA_project/src/install/local_setup.bash'
[2.771s] INFO:colcon.colcon_core.shell:Creating prefix chain script '/home/akhil/Downloads/omron_moma_ros2/MOMA_project/src/install/setup.bash'
[2.775s] INFO:colcon.colcon_core.shell:Creating prefix script '/home/akhil/Downloads/omron_moma_ros2/MOMA_project/src/install/local_setup.zsh'
[2.776s] INFO:colcon.colcon_core.shell:Creating prefix chain script '/home/akhil/Downloads/omron_moma_ros2/MOMA_project/src/install/setup.zsh'
