[1.969s] Invoking command in '/home/akhil/Downloads/omron_moma_ros2/MOMA_project/src/wireless/src': AMENT_PREFIX_PATH=/home/akhil/Downloads/omron_moma_ros2/MOMA_project/src/install/tm_msgs:${AMENT_PREFIX_PATH} CMAKE_PREFIX_PATH=/home/akhil/Downloads/omron_moma_ros2/MOMA_project/src/install/tm_msgs LD_LIBRARY_PATH=/home/akhil/Downloads/omron_moma_ros2/MOMA_project/src/install/tm_msgs/lib:${LD_LIBRARY_PATH} PYTHONPATH=/home/akhil/Downloads/omron_moma_ros2/MOMA_project/src/build/wireless/prefix_override:/usr/lib/python3/dist-packages/colcon_core/task/python/colcon_distutils_commands:/home/akhil/Downloads/omron_moma_ros2/MOMA_project/src/install/wireless/lib/python3.10/site-packages:/home/akhil/Downloads/omron_moma_ros2/MOMA_project/src/install/tm_msgs/local/lib/python3.10/dist-packages:${PYTHONPATH} /usr/bin/python3 -W ignore:setup.py install is deprecated -W ignore:easy_install command is deprecated setup.py egg_info --egg-base ../../build/wireless build --build-base /home/akhil/Downloads/omron_moma_ros2/MOMA_project/src/build/wireless/build install --record /home/akhil/Downloads/omron_moma_ros2/MOMA_project/src/build/wireless/install.log --single-version-externally-managed install_data
[2.633s] running egg_info
[2.636s] creating ../../build/wireless/wireless.egg-info
[2.637s] writing ../../build/wireless/wireless.egg-info/PKG-INFO
[2.637s] writing dependency_links to ../../build/wireless/wireless.egg-info/dependency_links.txt
[2.638s] writing entry points to ../../build/wireless/wireless.egg-info/entry_points.txt
[2.638s] writing requirements to ../../build/wireless/wireless.egg-info/requires.txt
[2.638s] writing top-level names to ../../build/wireless/wireless.egg-info/top_level.txt
[2.639s] writing manifest file '../../build/wireless/wireless.egg-info/SOURCES.txt'
[2.645s] reading manifest file '../../build/wireless/wireless.egg-info/SOURCES.txt'
[2.647s] writing manifest file '../../build/wireless/wireless.egg-info/SOURCES.txt'
[2.647s] running build
[2.647s] running build_py
[2.648s] creating /home/akhil/Downloads/omron_moma_ros2/MOMA_project/src/build/wireless/build
[2.648s] creating /home/akhil/Downloads/omron_moma_ros2/MOMA_project/src/build/wireless/build/lib
[2.648s] creating /home/akhil/Downloads/omron_moma_ros2/MOMA_project/src/build/wireless/build/lib/wireless
[2.649s] copying wireless/server.py -> /home/akhil/Downloads/omron_moma_ros2/MOMA_project/src/build/wireless/build/lib/wireless
[2.649s] copying wireless/__init__.py -> /home/akhil/Downloads/omron_moma_ros2/MOMA_project/src/build/wireless/build/lib/wireless
[2.649s] copying wireless/client.py -> /home/akhil/Downloads/omron_moma_ros2/MOMA_project/src/build/wireless/build/lib/wireless
[2.650s] running install
[2.651s] running install_lib
[2.654s] creating /home/akhil/Downloads/omron_moma_ros2/MOMA_project/src/install/wireless/lib/python3.10/site-packages/wireless
[2.654s] copying /home/akhil/Downloads/omron_moma_ros2/MOMA_project/src/build/wireless/build/lib/wireless/server.py -> /home/akhil/Downloads/omron_moma_ros2/MOMA_project/src/install/wireless/lib/python3.10/site-packages/wireless
[2.655s] copying /home/akhil/Downloads/omron_moma_ros2/MOMA_project/src/build/wireless/build/lib/wireless/__init__.py -> /home/akhil/Downloads/omron_moma_ros2/MOMA_project/src/install/wireless/lib/python3.10/site-packages/wireless
[2.655s] copying /home/akhil/Downloads/omron_moma_ros2/MOMA_project/src/build/wireless/build/lib/wireless/client.py -> /home/akhil/Downloads/omron_moma_ros2/MOMA_project/src/install/wireless/lib/python3.10/site-packages/wireless
[2.657s] byte-compiling /home/akhil/Downloads/omron_moma_ros2/MOMA_project/src/install/wireless/lib/python3.10/site-packages/wireless/server.py to server.cpython-310.pyc
[2.662s] byte-compiling /home/akhil/Downloads/omron_moma_ros2/MOMA_project/src/install/wireless/lib/python3.10/site-packages/wireless/__init__.py to __init__.cpython-310.pyc
[2.662s] byte-compiling /home/akhil/Downloads/omron_moma_ros2/MOMA_project/src/install/wireless/lib/python3.10/site-packages/wireless/client.py to client.cpython-310.pyc
[2.665s] running install_data
[2.666s] creating /home/akhil/Downloads/omron_moma_ros2/MOMA_project/src/install/wireless/share/ament_index
[2.666s] creating /home/akhil/Downloads/omron_moma_ros2/MOMA_project/src/install/wireless/share/ament_index/resource_index
[2.666s] creating /home/akhil/Downloads/omron_moma_ros2/MOMA_project/src/install/wireless/share/ament_index/resource_index/packages
[2.666s] copying resource/wireless -> /home/akhil/Downloads/omron_moma_ros2/MOMA_project/src/install/wireless/share/ament_index/resource_index/packages
[2.667s] copying package.xml -> /home/akhil/Downloads/omron_moma_ros2/MOMA_project/src/install/wireless/share/wireless
[2.667s] running install_egg_info
[2.673s] Copying ../../build/wireless/wireless.egg-info to /home/akhil/Downloads/omron_moma_ros2/MOMA_project/src/install/wireless/lib/python3.10/site-packages/wireless-0.0.0-py3.10.egg-info
[2.676s] running install_scripts
[2.747s] Installing client script to /home/akhil/Downloads/omron_moma_ros2/MOMA_project/src/install/wireless/lib/wireless
[2.747s] Installing server script to /home/akhil/Downloads/omron_moma_ros2/MOMA_project/src/install/wireless/lib/wireless
[2.748s] writing list of installed files to '/home/akhil/Downloads/omron_moma_ros2/MOMA_project/src/build/wireless/install.log'
[2.913s] Invoked command in '/home/akhil/Downloads/omron_moma_ros2/MOMA_project/src/wireless/src' returned '0': AMENT_PREFIX_PATH=/home/akhil/Downloads/omron_moma_ros2/MOMA_project/src/install/tm_msgs:${AMENT_PREFIX_PATH} CMAKE_PREFIX_PATH=/home/akhil/Downloads/omron_moma_ros2/MOMA_project/src/install/tm_msgs LD_LIBRARY_PATH=/home/akhil/Downloads/omron_moma_ros2/MOMA_project/src/install/tm_msgs/lib:${LD_LIBRARY_PATH} PYTHONPATH=/home/akhil/Downloads/omron_moma_ros2/MOMA_project/src/build/wireless/prefix_override:/usr/lib/python3/dist-packages/colcon_core/task/python/colcon_distutils_commands:/home/akhil/Downloads/omron_moma_ros2/MOMA_project/src/install/wireless/lib/python3.10/site-packages:/home/akhil/Downloads/omron_moma_ros2/MOMA_project/src/install/tm_msgs/local/lib/python3.10/dist-packages:${PYTHONPATH} /usr/bin/python3 -W ignore:setup.py install is deprecated -W ignore:easy_install command is deprecated setup.py egg_info --egg-base ../../build/wireless build --build-base /home/akhil/Downloads/omron_moma_ros2/MOMA_project/src/build/wireless/build install --record /home/akhil/Downloads/omron_moma_ros2/MOMA_project/src/build/wireless/install.log --single-version-externally-managed install_data
