-- The C compiler identification is GNU 11.4.0
-- The CXX compiler identification is GNU 11.4.0
-- Detecting C compiler ABI info
-- Detecting C compiler ABI info - done
-- Check for working C compiler: /usr/bin/cc - skipped
-- Detecting C compile features
-- Detecting C compile features - done
-- Detecting CXX compiler ABI info
-- Detecting CXX compiler ABI info - done
-- Check for working CXX compiler: /usr/bin/c++ - skipped
-- Detecting CXX compile features
-- Detecting CXX compile features - done
-- Found ament_cmake: 1.3.12 (/opt/ros/humble/share/ament_cmake/cmake)
-- Found Python3: /usr/bin/python3 (found version "3.10.12") found components: Interpreter 
-- Found action_msgs: 1.2.2 (/opt/ros/humble/share/action_msgs/cmake)
-- Found rosidl_generator_c: 3.1.7 (/opt/ros/humble/share/rosidl_generator_c/cmake)
-- Found rosidl_adapter: 3.1.7 (/opt/ros/humble/share/rosidl_adapter/cmake)
-- Found rosidl_generator_cpp: 3.1.7 (/opt/ros/humble/share/rosidl_generator_cpp/cmake)
-- Using all available rosidl_typesupport_c: rosidl_typesupport_fastrtps_c;rosidl_typesupport_introspection_c
-- Using all available rosidl_typesupport_cpp: rosidl_typesupport_fastrtps_cpp;rosidl_typesupport_introspection_cpp
-- Found rosidl_default_generators: 1.2.0 (/opt/ros/humble/share/rosidl_default_generators/cmake)
-- Found ament_cmake_ros: 0.10.0 (/opt/ros/humble/share/ament_cmake_ros/cmake)
-- Using all available rosidl_typesupport_c: rosidl_typesupport_fastrtps_c;rosidl_typesupport_introspection_c
-- Using all available rosidl_typesupport_cpp: rosidl_typesupport_fastrtps_cpp;rosidl_typesupport_introspection_cpp
-- Found PythonInterp: /usr/bin/python3 (found suitable version "3.10.12", minimum required is "3.6") 
-- Found python_cmake_module: 0.10.0 (/opt/ros/humble/share/python_cmake_module/cmake)
-- Found PythonLibs: /usr/lib/aarch64-linux-gnu/libpython3.10.so (found suitable version "3.10.12", minimum required is "3.5") 
-- Using PYTHON_EXECUTABLE: /usr/bin/python3
-- Using PYTHON_INCLUDE_DIRS: /usr/include/python3.10
-- Using PYTHON_LIBRARIES: /usr/lib/aarch64-linux-gnu/libpython3.10.so
-- Found PythonExtra: .so  
-- Found ament_lint_auto: 0.12.14 (/opt/ros/humble/share/ament_lint_auto/cmake)
-- Added test 'copyright' to check source files copyright and LICENSE
-- Added test 'lint_cmake' to check CMake code style
-- Added test 'xmllint' to check XML markup files
-- Configuring done
-- Generating done
-- Build files have been written to: /home/akhil/Downloads/omron_moma_ros2/build/om_aiv_msg
[  1%] [34m[1mGenerating C code for ROS interfaces[0m
[  2%] [34m[1mGenerating C++ code for ROS interfaces[0m
[  2%] Built target ament_cmake_python_copy_om_aiv_msg
running egg_info
creating om_aiv_msg.egg-info
writing om_aiv_msg.egg-info/PKG-INFO
writing dependency_links to om_aiv_msg.egg-info/dependency_links.txt
writing top-level names to om_aiv_msg.egg-info/top_level.txt
writing manifest file 'om_aiv_msg.egg-info/SOURCES.txt'
reading manifest file 'om_aiv_msg.egg-info/SOURCES.txt'
writing manifest file 'om_aiv_msg.egg-info/SOURCES.txt'
[  2%] Built target ament_cmake_python_build_om_aiv_msg_egg
[  4%] [32mBuilding C object CMakeFiles/om_aiv_msg__rosidl_generator_c.dir/rosidl_generator_c/om_aiv_msg/msg/detail/location__functions.c.o[0m
[  5%] [32mBuilding C object CMakeFiles/om_aiv_msg__rosidl_generator_c.dir/rosidl_generator_c/om_aiv_msg/msg/detail/status__functions.c.o[0m
[  7%] [32mBuilding C object CMakeFiles/om_aiv_msg__rosidl_generator_c.dir/rosidl_generator_c/om_aiv_msg/srv/detail/arcl_api__functions.c.o[0m
[  8%] [32mBuilding C object CMakeFiles/om_aiv_msg__rosidl_generator_c.dir/rosidl_generator_c/om_aiv_msg/srv/detail/arcl_listen__functions.c.o[0m
[  8%] Built target om_aiv_msg__cpp
[  9%] [32mBuilding C object CMakeFiles/om_aiv_msg__rosidl_generator_c.dir/rosidl_generator_c/om_aiv_msg/srv/detail/amr_cmd__functions.c.o[0m
[ 11%] [32mBuilding C object CMakeFiles/om_aiv_msg__rosidl_generator_c.dir/rosidl_generator_c/om_aiv_msg/action/detail/action__functions.c.o[0m
[ 12%] [34m[1mGenerating C++ type support dispatch for ROS interfaces[0m
[ 14%] [34m[1mGenerating C++ type support for eProsima Fast-RTPS[0m
[ 15%] [34m[1mGenerating C++ introspection for ROS interfaces[0m
[ 16%] [32m[1mLinking C shared library libom_aiv_msg__rosidl_generator_c.so[0m
[ 16%] Built target om_aiv_msg__rosidl_generator_c
[ 19%] [34m[1mGenerating C type support dispatch for ROS interfaces[0m
[ 19%] [34m[1mGenerating C introspection for ROS interfaces[0m
[ 21%] [34m[1mGenerating C type support for eProsima Fast-RTPS[0m
[ 22%] [32mBuilding CXX object CMakeFiles/om_aiv_msg__rosidl_typesupport_cpp.dir/rosidl_typesupport_cpp/om_aiv_msg/msg/location__type_support.cpp.o[0m
[ 23%] [32mBuilding CXX object CMakeFiles/om_aiv_msg__rosidl_typesupport_c.dir/rosidl_typesupport_c/om_aiv_msg/msg/location__type_support.cpp.o[0m
[ 25%] [32mBuilding CXX object CMakeFiles/om_aiv_msg__rosidl_typesupport_introspection_cpp.dir/rosidl_typesupport_introspection_cpp/om_aiv_msg/msg/detail/location__type_support.cpp.o[0m
[ 26%] [32mBuilding CXX object CMakeFiles/om_aiv_msg__rosidl_typesupport_fastrtps_cpp.dir/rosidl_typesupport_fastrtps_cpp/om_aiv_msg/msg/detail/dds_fastrtps/location__type_support.cpp.o[0m
[ 28%] [32mBuilding CXX object CMakeFiles/om_aiv_msg__rosidl_typesupport_c.dir/rosidl_typesupport_c/om_aiv_msg/msg/status__type_support.cpp.o[0m
[ 29%] [32mBuilding CXX object CMakeFiles/om_aiv_msg__rosidl_typesupport_cpp.dir/rosidl_typesupport_cpp/om_aiv_msg/msg/status__type_support.cpp.o[0m
[ 30%] [32mBuilding CXX object CMakeFiles/om_aiv_msg__rosidl_typesupport_fastrtps_c.dir/rosidl_typesupport_fastrtps_c/om_aiv_msg/msg/detail/location__type_support_c.cpp.o[0m
[ 32%] [32mBuilding C object CMakeFiles/om_aiv_msg__rosidl_typesupport_introspection_c.dir/rosidl_typesupport_introspection_c/om_aiv_msg/msg/detail/location__type_support.c.o[0m
[ 33%] [32mBuilding CXX object CMakeFiles/om_aiv_msg__rosidl_typesupport_c.dir/rosidl_typesupport_c/om_aiv_msg/srv/arcl_api__type_support.cpp.o[0m
[ 35%] [32mBuilding CXX object CMakeFiles/om_aiv_msg__rosidl_typesupport_fastrtps_cpp.dir/rosidl_typesupport_fastrtps_cpp/om_aiv_msg/msg/detail/dds_fastrtps/status__type_support.cpp.o[0m
[ 36%] [32mBuilding CXX object CMakeFiles/om_aiv_msg__rosidl_typesupport_introspection_cpp.dir/rosidl_typesupport_introspection_cpp/om_aiv_msg/msg/detail/status__type_support.cpp.o[0m
[ 38%] [32mBuilding CXX object CMakeFiles/om_aiv_msg__rosidl_typesupport_fastrtps_c.dir/rosidl_typesupport_fastrtps_c/om_aiv_msg/msg/detail/status__type_support_c.cpp.o[0m
[ 39%] [32mBuilding C object CMakeFiles/om_aiv_msg__rosidl_typesupport_introspection_c.dir/rosidl_typesupport_introspection_c/om_aiv_msg/msg/detail/status__type_support.c.o[0m
[ 40%] [32mBuilding CXX object CMakeFiles/om_aiv_msg__rosidl_typesupport_cpp.dir/rosidl_typesupport_cpp/om_aiv_msg/srv/arcl_api__type_support.cpp.o[0m
[ 42%] [32mBuilding CXX object CMakeFiles/om_aiv_msg__rosidl_typesupport_c.dir/rosidl_typesupport_c/om_aiv_msg/srv/arcl_listen__type_support.cpp.o[0m
[ 43%] [32mBuilding C object CMakeFiles/om_aiv_msg__rosidl_typesupport_introspection_c.dir/rosidl_typesupport_introspection_c/om_aiv_msg/srv/detail/arcl_api__type_support.c.o[0m
[ 45%] [32mBuilding CXX object CMakeFiles/om_aiv_msg__rosidl_typesupport_introspection_cpp.dir/rosidl_typesupport_introspection_cpp/om_aiv_msg/srv/detail/arcl_api__type_support.cpp.o[0m
[ 46%] [32mBuilding CXX object CMakeFiles/om_aiv_msg__rosidl_typesupport_c.dir/rosidl_typesupport_c/om_aiv_msg/srv/amr_cmd__type_support.cpp.o[0m
[ 47%] [32mBuilding CXX object CMakeFiles/om_aiv_msg__rosidl_typesupport_fastrtps_cpp.dir/rosidl_typesupport_fastrtps_cpp/om_aiv_msg/srv/detail/dds_fastrtps/arcl_api__type_support.cpp.o[0m
[ 49%] [32mBuilding CXX object CMakeFiles/om_aiv_msg__rosidl_typesupport_cpp.dir/rosidl_typesupport_cpp/om_aiv_msg/srv/arcl_listen__type_support.cpp.o[0m
[ 50%] [32mBuilding CXX object CMakeFiles/om_aiv_msg__rosidl_typesupport_fastrtps_c.dir/rosidl_typesupport_fastrtps_c/om_aiv_msg/srv/detail/arcl_api__type_support_c.cpp.o[0m
[ 52%] [32mBuilding CXX object CMakeFiles/om_aiv_msg__rosidl_typesupport_c.dir/rosidl_typesupport_c/om_aiv_msg/action/action__type_support.cpp.o[0m
[ 53%] [32mBuilding C object CMakeFiles/om_aiv_msg__rosidl_typesupport_introspection_c.dir/rosidl_typesupport_introspection_c/om_aiv_msg/srv/detail/arcl_listen__type_support.c.o[0m
[ 54%] [32m[1mLinking CXX shared library libom_aiv_msg__rosidl_typesupport_c.so[0m
[ 56%] [32mBuilding C object CMakeFiles/om_aiv_msg__rosidl_typesupport_introspection_c.dir/rosidl_typesupport_introspection_c/om_aiv_msg/srv/detail/amr_cmd__type_support.c.o[0m
[ 57%] [32mBuilding C object CMakeFiles/om_aiv_msg__rosidl_typesupport_introspection_c.dir/rosidl_typesupport_introspection_c/om_aiv_msg/action/detail/action__type_support.c.o[0m
[ 57%] Built target om_aiv_msg__rosidl_typesupport_c
[ 59%] [32mBuilding CXX object CMakeFiles/om_aiv_msg__rosidl_typesupport_fastrtps_cpp.dir/rosidl_typesupport_fastrtps_cpp/om_aiv_msg/srv/detail/dds_fastrtps/arcl_listen__type_support.cpp.o[0m
[ 60%] [32m[1mLinking C shared library libom_aiv_msg__rosidl_typesupport_introspection_c.so[0m
[ 60%] Built target om_aiv_msg__rosidl_typesupport_introspection_c
[ 61%] [32mBuilding CXX object CMakeFiles/om_aiv_msg__rosidl_typesupport_fastrtps_c.dir/rosidl_typesupport_fastrtps_c/om_aiv_msg/srv/detail/arcl_listen__type_support_c.cpp.o[0m
[ 64%] [32mBuilding CXX object CMakeFiles/om_aiv_msg__rosidl_typesupport_cpp.dir/rosidl_typesupport_cpp/om_aiv_msg/srv/amr_cmd__type_support.cpp.o[0m
[ 64%] [32mBuilding CXX object CMakeFiles/om_aiv_msg__rosidl_typesupport_introspection_cpp.dir/rosidl_typesupport_introspection_cpp/om_aiv_msg/srv/detail/arcl_listen__type_support.cpp.o[0m
[ 66%] [32mBuilding CXX object CMakeFiles/om_aiv_msg__rosidl_typesupport_fastrtps_c.dir/rosidl_typesupport_fastrtps_c/om_aiv_msg/srv/detail/amr_cmd__type_support_c.cpp.o[0m
[ 67%] [32mBuilding CXX object CMakeFiles/om_aiv_msg__rosidl_typesupport_fastrtps_cpp.dir/rosidl_typesupport_fastrtps_cpp/om_aiv_msg/srv/detail/dds_fastrtps/amr_cmd__type_support.cpp.o[0m
[ 69%] [32mBuilding CXX object CMakeFiles/om_aiv_msg__rosidl_typesupport_cpp.dir/rosidl_typesupport_cpp/om_aiv_msg/action/action__type_support.cpp.o[0m
[ 70%] [32mBuilding CXX object CMakeFiles/om_aiv_msg__rosidl_typesupport_fastrtps_c.dir/rosidl_typesupport_fastrtps_c/om_aiv_msg/action/detail/action__type_support_c.cpp.o[0m
[ 71%] [32mBuilding CXX object CMakeFiles/om_aiv_msg__rosidl_typesupport_fastrtps_cpp.dir/rosidl_typesupport_fastrtps_cpp/om_aiv_msg/action/detail/dds_fastrtps/action__type_support.cpp.o[0m
[ 73%] [32mBuilding CXX object CMakeFiles/om_aiv_msg__rosidl_typesupport_introspection_cpp.dir/rosidl_typesupport_introspection_cpp/om_aiv_msg/srv/detail/amr_cmd__type_support.cpp.o[0m
[ 74%] [32m[1mLinking CXX shared library libom_aiv_msg__rosidl_typesupport_cpp.so[0m
[ 76%] [32m[1mLinking CXX shared library libom_aiv_msg__rosidl_typesupport_fastrtps_c.so[0m
[ 76%] Built target om_aiv_msg__rosidl_typesupport_cpp
[ 77%] [32m[1mLinking CXX shared library libom_aiv_msg__rosidl_typesupport_fastrtps_cpp.so[0m
[ 77%] Built target om_aiv_msg__rosidl_typesupport_fastrtps_c
[ 78%] [32mBuilding CXX object CMakeFiles/om_aiv_msg__rosidl_typesupport_introspection_cpp.dir/rosidl_typesupport_introspection_cpp/om_aiv_msg/action/detail/action__type_support.cpp.o[0m
[ 78%] Built target om_aiv_msg__rosidl_typesupport_fastrtps_cpp
[ 80%] [32m[1mLinking CXX shared library libom_aiv_msg__rosidl_typesupport_introspection_cpp.so[0m
[ 80%] Built target om_aiv_msg__rosidl_typesupport_introspection_cpp
[ 80%] Built target om_aiv_msg
[ 81%] [34m[1mGenerating Python code for ROS interfaces[0m
[ 81%] Built target om_aiv_msg__py
[ 83%] [32mBuilding C object CMakeFiles/om_aiv_msg__rosidl_generator_py.dir/rosidl_generator_py/om_aiv_msg/msg/_location_s.c.o[0m
[ 84%] [32mBuilding C object CMakeFiles/om_aiv_msg__rosidl_generator_py.dir/rosidl_generator_py/om_aiv_msg/action/_action_s.c.o[0m
[ 85%] [32mBuilding C object CMakeFiles/om_aiv_msg__rosidl_generator_py.dir/rosidl_generator_py/om_aiv_msg/srv/_amr_cmd_s.c.o[0m
[ 87%] [32mBuilding C object CMakeFiles/om_aiv_msg__rosidl_generator_py.dir/rosidl_generator_py/om_aiv_msg/srv/_arcl_listen_s.c.o[0m
[ 88%] [32mBuilding C object CMakeFiles/om_aiv_msg__rosidl_generator_py.dir/rosidl_generator_py/om_aiv_msg/srv/_arcl_api_s.c.o[0m
[ 90%] [32mBuilding C object CMakeFiles/om_aiv_msg__rosidl_generator_py.dir/rosidl_generator_py/om_aiv_msg/msg/_status_s.c.o[0m
[ 91%] [32m[1mLinking C shared library rosidl_generator_py/om_aiv_msg/libom_aiv_msg__rosidl_generator_py.so[0m
[ 91%] Built target om_aiv_msg__rosidl_generator_py
[ 94%] [32mBuilding C object CMakeFiles/om_aiv_msg__rosidl_typesupport_introspection_c__pyext.dir/rosidl_generator_py/om_aiv_msg/_om_aiv_msg_s.ep.rosidl_typesupport_introspection_c.c.o[0m
[ 94%] [32mBuilding C object CMakeFiles/om_aiv_msg__rosidl_typesupport_fastrtps_c__pyext.dir/rosidl_generator_py/om_aiv_msg/_om_aiv_msg_s.ep.rosidl_typesupport_fastrtps_c.c.o[0m
[ 95%] [32m[1mLinking C shared library rosidl_generator_py/om_aiv_msg/om_aiv_msg_s__rosidl_typesupport_introspection_c.cpython-310-aarch64-linux-gnu.so[0m
[ 97%] [32m[1mLinking C shared library rosidl_generator_py/om_aiv_msg/om_aiv_msg_s__rosidl_typesupport_fastrtps_c.cpython-310-aarch64-linux-gnu.so[0m
[ 97%] Built target om_aiv_msg__rosidl_typesupport_introspection_c__pyext
[ 97%] Built target om_aiv_msg__rosidl_typesupport_fastrtps_c__pyext
[ 98%] [32mBuilding C object CMakeFiles/om_aiv_msg__rosidl_typesupport_c__pyext.dir/rosidl_generator_py/om_aiv_msg/_om_aiv_msg_s.ep.rosidl_typesupport_c.c.o[0m
[100%] [32m[1mLinking C shared library rosidl_generator_py/om_aiv_msg/om_aiv_msg_s__rosidl_typesupport_c.cpython-310-aarch64-linux-gnu.so[0m
[100%] Built target om_aiv_msg__rosidl_typesupport_c__pyext
-- Install configuration: ""
-- Installing: /home/akhil/Downloads/omron_moma_ros2/install/om_aiv_msg/share/ament_index/resource_index/rosidl_interfaces/om_aiv_msg
-- Installing: /home/akhil/Downloads/omron_moma_ros2/install/om_aiv_msg/include/om_aiv_msg/om_aiv_msg
-- Installing: /home/akhil/Downloads/omron_moma_ros2/install/om_aiv_msg/include/om_aiv_msg/om_aiv_msg/action
-- Installing: /home/akhil/Downloads/omron_moma_ros2/install/om_aiv_msg/include/om_aiv_msg/om_aiv_msg/action/detail
-- Installing: /home/akhil/Downloads/omron_moma_ros2/install/om_aiv_msg/include/om_aiv_msg/om_aiv_msg/action/detail/action__type_support.h
-- Installing: /home/akhil/Downloads/omron_moma_ros2/install/om_aiv_msg/include/om_aiv_msg/om_aiv_msg/action/detail/action__functions.h
-- Installing: /home/akhil/Downloads/omron_moma_ros2/install/om_aiv_msg/include/om_aiv_msg/om_aiv_msg/action/detail/action__struct.h
-- Installing: /home/akhil/Downloads/omron_moma_ros2/install/om_aiv_msg/include/om_aiv_msg/om_aiv_msg/action/detail/action__functions.c
-- Installing: /home/akhil/Downloads/omron_moma_ros2/install/om_aiv_msg/include/om_aiv_msg/om_aiv_msg/action/action.h
-- Installing: /home/akhil/Downloads/omron_moma_ros2/install/om_aiv_msg/include/om_aiv_msg/om_aiv_msg/msg
-- Installing: /home/akhil/Downloads/omron_moma_ros2/install/om_aiv_msg/include/om_aiv_msg/om_aiv_msg/msg/rosidl_generator_c__visibility_control.h
-- Installing: /home/akhil/Downloads/omron_moma_ros2/install/om_aiv_msg/include/om_aiv_msg/om_aiv_msg/msg/detail
-- Installing: /home/akhil/Downloads/omron_moma_ros2/install/om_aiv_msg/include/om_aiv_msg/om_aiv_msg/msg/detail/status__functions.c
-- Installing: /home/akhil/Downloads/omron_moma_ros2/install/om_aiv_msg/include/om_aiv_msg/om_aiv_msg/msg/detail/location__functions.c
-- Installing: /home/akhil/Downloads/omron_moma_ros2/install/om_aiv_msg/include/om_aiv_msg/om_aiv_msg/msg/detail/location__type_support.h
-- Installing: /home/akhil/Downloads/omron_moma_ros2/install/om_aiv_msg/include/om_aiv_msg/om_aiv_msg/msg/detail/status__functions.h
-- Installing: /home/akhil/Downloads/omron_moma_ros2/install/om_aiv_msg/include/om_aiv_msg/om_aiv_msg/msg/detail/status__type_support.h
-- Installing: /home/akhil/Downloads/omron_moma_ros2/install/om_aiv_msg/include/om_aiv_msg/om_aiv_msg/msg/detail/location__struct.h
-- Installing: /home/akhil/Downloads/omron_moma_ros2/install/om_aiv_msg/include/om_aiv_msg/om_aiv_msg/msg/detail/location__functions.h
-- Installing: /home/akhil/Downloads/omron_moma_ros2/install/om_aiv_msg/include/om_aiv_msg/om_aiv_msg/msg/detail/status__struct.h
-- Installing: /home/akhil/Downloads/omron_moma_ros2/install/om_aiv_msg/include/om_aiv_msg/om_aiv_msg/msg/status.h
-- Installing: /home/akhil/Downloads/omron_moma_ros2/install/om_aiv_msg/include/om_aiv_msg/om_aiv_msg/msg/location.h
-- Installing: /home/akhil/Downloads/omron_moma_ros2/install/om_aiv_msg/include/om_aiv_msg/om_aiv_msg/srv
-- Installing: /home/akhil/Downloads/omron_moma_ros2/install/om_aiv_msg/include/om_aiv_msg/om_aiv_msg/srv/amr_cmd.h
-- Installing: /home/akhil/Downloads/omron_moma_ros2/install/om_aiv_msg/include/om_aiv_msg/om_aiv_msg/srv/arcl_listen.h
-- Installing: /home/akhil/Downloads/omron_moma_ros2/install/om_aiv_msg/include/om_aiv_msg/om_aiv_msg/srv/detail
-- Installing: /home/akhil/Downloads/omron_moma_ros2/install/om_aiv_msg/include/om_aiv_msg/om_aiv_msg/srv/detail/amr_cmd__functions.h
-- Installing: /home/akhil/Downloads/omron_moma_ros2/install/om_aiv_msg/include/om_aiv_msg/om_aiv_msg/srv/detail/arcl_api__functions.c
-- Installing: /home/akhil/Downloads/omron_moma_ros2/install/om_aiv_msg/include/om_aiv_msg/om_aiv_msg/srv/detail/amr_cmd__type_support.h
-- Installing: /home/akhil/Downloads/omron_moma_ros2/install/om_aiv_msg/include/om_aiv_msg/om_aiv_msg/srv/detail/amr_cmd__struct.h
-- Installing: /home/akhil/Downloads/omron_moma_ros2/install/om_aiv_msg/include/om_aiv_msg/om_aiv_msg/srv/detail/arcl_api__type_support.h
-- Installing: /home/akhil/Downloads/omron_moma_ros2/install/om_aiv_msg/include/om_aiv_msg/om_aiv_msg/srv/detail/arcl_api__functions.h
-- Installing: /home/akhil/Downloads/omron_moma_ros2/install/om_aiv_msg/include/om_aiv_msg/om_aiv_msg/srv/detail/arcl_listen__functions.h
-- Installing: /home/akhil/Downloads/omron_moma_ros2/install/om_aiv_msg/include/om_aiv_msg/om_aiv_msg/srv/detail/arcl_listen__struct.h
-- Installing: /home/akhil/Downloads/omron_moma_ros2/install/om_aiv_msg/include/om_aiv_msg/om_aiv_msg/srv/detail/arcl_listen__functions.c
-- Installing: /home/akhil/Downloads/omron_moma_ros2/install/om_aiv_msg/include/om_aiv_msg/om_aiv_msg/srv/detail/amr_cmd__functions.c
-- Installing: /home/akhil/Downloads/omron_moma_ros2/install/om_aiv_msg/include/om_aiv_msg/om_aiv_msg/srv/detail/arcl_listen__type_support.h
-- Installing: /home/akhil/Downloads/omron_moma_ros2/install/om_aiv_msg/include/om_aiv_msg/om_aiv_msg/srv/detail/arcl_api__struct.h
-- Installing: /home/akhil/Downloads/omron_moma_ros2/install/om_aiv_msg/include/om_aiv_msg/om_aiv_msg/srv/arcl_api.h
-- Installing: /home/akhil/Downloads/omron_moma_ros2/install/om_aiv_msg/share/om_aiv_msg/environment/library_path.sh
-- Installing: /home/akhil/Downloads/omron_moma_ros2/install/om_aiv_msg/share/om_aiv_msg/environment/library_path.dsv
-- Installing: /home/akhil/Downloads/omron_moma_ros2/install/om_aiv_msg/lib/libom_aiv_msg__rosidl_generator_c.so
-- Set runtime path of "/home/akhil/Downloads/omron_moma_ros2/install/om_aiv_msg/lib/libom_aiv_msg__rosidl_generator_c.so" to ""
-- Up-to-date: /home/akhil/Downloads/omron_moma_ros2/install/om_aiv_msg/include/om_aiv_msg/om_aiv_msg
-- Up-to-date: /home/akhil/Downloads/omron_moma_ros2/install/om_aiv_msg/include/om_aiv_msg/om_aiv_msg/action
-- Up-to-date: /home/akhil/Downloads/omron_moma_ros2/install/om_aiv_msg/include/om_aiv_msg/om_aiv_msg/action/detail
-- Installing: /home/akhil/Downloads/omron_moma_ros2/install/om_aiv_msg/include/om_aiv_msg/om_aiv_msg/action/detail/action__rosidl_typesupport_fastrtps_c.h
-- Up-to-date: /home/akhil/Downloads/omron_moma_ros2/install/om_aiv_msg/include/om_aiv_msg/om_aiv_msg/msg
-- Up-to-date: /home/akhil/Downloads/omron_moma_ros2/install/om_aiv_msg/include/om_aiv_msg/om_aiv_msg/msg/detail
-- Installing: /home/akhil/Downloads/omron_moma_ros2/install/om_aiv_msg/include/om_aiv_msg/om_aiv_msg/msg/detail/location__rosidl_typesupport_fastrtps_c.h
-- Installing: /home/akhil/Downloads/omron_moma_ros2/install/om_aiv_msg/include/om_aiv_msg/om_aiv_msg/msg/detail/status__rosidl_typesupport_fastrtps_c.h
-- Installing: /home/akhil/Downloads/omron_moma_ros2/install/om_aiv_msg/include/om_aiv_msg/om_aiv_msg/msg/rosidl_typesupport_fastrtps_c__visibility_control.h
-- Up-to-date: /home/akhil/Downloads/omron_moma_ros2/install/om_aiv_msg/include/om_aiv_msg/om_aiv_msg/srv
-- Up-to-date: /home/akhil/Downloads/omron_moma_ros2/install/om_aiv_msg/include/om_aiv_msg/om_aiv_msg/srv/detail
-- Installing: /home/akhil/Downloads/omron_moma_ros2/install/om_aiv_msg/include/om_aiv_msg/om_aiv_msg/srv/detail/amr_cmd__rosidl_typesupport_fastrtps_c.h
-- Installing: /home/akhil/Downloads/omron_moma_ros2/install/om_aiv_msg/include/om_aiv_msg/om_aiv_msg/srv/detail/arcl_api__rosidl_typesupport_fastrtps_c.h
-- Installing: /home/akhil/Downloads/omron_moma_ros2/install/om_aiv_msg/include/om_aiv_msg/om_aiv_msg/srv/detail/arcl_listen__rosidl_typesupport_fastrtps_c.h
-- Installing: /home/akhil/Downloads/omron_moma_ros2/install/om_aiv_msg/lib/libom_aiv_msg__rosidl_typesupport_fastrtps_c.so
-- Set runtime path of "/home/akhil/Downloads/omron_moma_ros2/install/om_aiv_msg/lib/libom_aiv_msg__rosidl_typesupport_fastrtps_c.so" to ""
-- Up-to-date: /home/akhil/Downloads/omron_moma_ros2/install/om_aiv_msg/include/om_aiv_msg/om_aiv_msg
-- Up-to-date: /home/akhil/Downloads/omron_moma_ros2/install/om_aiv_msg/include/om_aiv_msg/om_aiv_msg/action
-- Up-to-date: /home/akhil/Downloads/omron_moma_ros2/install/om_aiv_msg/include/om_aiv_msg/om_aiv_msg/action/detail
-- Installing: /home/akhil/Downloads/omron_moma_ros2/install/om_aiv_msg/include/om_aiv_msg/om_aiv_msg/action/detail/action__builder.hpp
-- Installing: /home/akhil/Downloads/omron_moma_ros2/install/om_aiv_msg/include/om_aiv_msg/om_aiv_msg/action/detail/action__traits.hpp
-- Installing: /home/akhil/Downloads/omron_moma_ros2/install/om_aiv_msg/include/om_aiv_msg/om_aiv_msg/action/detail/action__struct.hpp
-- Installing: /home/akhil/Downloads/omron_moma_ros2/install/om_aiv_msg/include/om_aiv_msg/om_aiv_msg/action/detail/action__type_support.hpp
-- Installing: /home/akhil/Downloads/omron_moma_ros2/install/om_aiv_msg/include/om_aiv_msg/om_aiv_msg/action/action.hpp
-- Up-to-date: /home/akhil/Downloads/omron_moma_ros2/install/om_aiv_msg/include/om_aiv_msg/om_aiv_msg/msg
-- Installing: /home/akhil/Downloads/omron_moma_ros2/install/om_aiv_msg/include/om_aiv_msg/om_aiv_msg/msg/rosidl_generator_cpp__visibility_control.hpp
-- Installing: /home/akhil/Downloads/omron_moma_ros2/install/om_aiv_msg/include/om_aiv_msg/om_aiv_msg/msg/location.hpp
-- Up-to-date: /home/akhil/Downloads/omron_moma_ros2/install/om_aiv_msg/include/om_aiv_msg/om_aiv_msg/msg/detail
-- Installing: /home/akhil/Downloads/omron_moma_ros2/install/om_aiv_msg/include/om_aiv_msg/om_aiv_msg/msg/detail/status__struct.hpp
-- Installing: /home/akhil/Downloads/omron_moma_ros2/install/om_aiv_msg/include/om_aiv_msg/om_aiv_msg/msg/detail/location__traits.hpp
-- Installing: /home/akhil/Downloads/omron_moma_ros2/install/om_aiv_msg/include/om_aiv_msg/om_aiv_msg/msg/detail/status__traits.hpp
-- Installing: /home/akhil/Downloads/omron_moma_ros2/install/om_aiv_msg/include/om_aiv_msg/om_aiv_msg/msg/detail/location__struct.hpp
-- Installing: /home/akhil/Downloads/omron_moma_ros2/install/om_aiv_msg/include/om_aiv_msg/om_aiv_msg/msg/detail/status__type_support.hpp
-- Installing: /home/akhil/Downloads/omron_moma_ros2/install/om_aiv_msg/include/om_aiv_msg/om_aiv_msg/msg/detail/location__type_support.hpp
-- Installing: /home/akhil/Downloads/omron_moma_ros2/install/om_aiv_msg/include/om_aiv_msg/om_aiv_msg/msg/detail/status__builder.hpp
-- Installing: /home/akhil/Downloads/omron_moma_ros2/install/om_aiv_msg/include/om_aiv_msg/om_aiv_msg/msg/detail/location__builder.hpp
-- Installing: /home/akhil/Downloads/omron_moma_ros2/install/om_aiv_msg/include/om_aiv_msg/om_aiv_msg/msg/status.hpp
-- Up-to-date: /home/akhil/Downloads/omron_moma_ros2/install/om_aiv_msg/include/om_aiv_msg/om_aiv_msg/srv
-- Installing: /home/akhil/Downloads/omron_moma_ros2/install/om_aiv_msg/include/om_aiv_msg/om_aiv_msg/srv/arcl_api.hpp
-- Installing: /home/akhil/Downloads/omron_moma_ros2/install/om_aiv_msg/include/om_aiv_msg/om_aiv_msg/srv/amr_cmd.hpp
-- Up-to-date: /home/akhil/Downloads/omron_moma_ros2/install/om_aiv_msg/include/om_aiv_msg/om_aiv_msg/srv/detail
-- Installing: /home/akhil/Downloads/omron_moma_ros2/install/om_aiv_msg/include/om_aiv_msg/om_aiv_msg/srv/detail/arcl_listen__struct.hpp
-- Installing: /home/akhil/Downloads/omron_moma_ros2/install/om_aiv_msg/include/om_aiv_msg/om_aiv_msg/srv/detail/arcl_api__struct.hpp
-- Installing: /home/akhil/Downloads/omron_moma_ros2/install/om_aiv_msg/include/om_aiv_msg/om_aiv_msg/srv/detail/arcl_api__type_support.hpp
-- Installing: /home/akhil/Downloads/omron_moma_ros2/install/om_aiv_msg/include/om_aiv_msg/om_aiv_msg/srv/detail/arcl_listen__traits.hpp
-- Installing: /home/akhil/Downloads/omron_moma_ros2/install/om_aiv_msg/include/om_aiv_msg/om_aiv_msg/srv/detail/amr_cmd__type_support.hpp
-- Installing: /home/akhil/Downloads/omron_moma_ros2/install/om_aiv_msg/include/om_aiv_msg/om_aiv_msg/srv/detail/arcl_listen__builder.hpp
-- Installing: /home/akhil/Downloads/omron_moma_ros2/install/om_aiv_msg/include/om_aiv_msg/om_aiv_msg/srv/detail/amr_cmd__builder.hpp
-- Installing: /home/akhil/Downloads/omron_moma_ros2/install/om_aiv_msg/include/om_aiv_msg/om_aiv_msg/srv/detail/amr_cmd__traits.hpp
-- Installing: /home/akhil/Downloads/omron_moma_ros2/install/om_aiv_msg/include/om_aiv_msg/om_aiv_msg/srv/detail/arcl_api__builder.hpp
-- Installing: /home/akhil/Downloads/omron_moma_ros2/install/om_aiv_msg/include/om_aiv_msg/om_aiv_msg/srv/detail/amr_cmd__struct.hpp
-- Installing: /home/akhil/Downloads/omron_moma_ros2/install/om_aiv_msg/include/om_aiv_msg/om_aiv_msg/srv/detail/arcl_api__traits.hpp
-- Installing: /home/akhil/Downloads/omron_moma_ros2/install/om_aiv_msg/include/om_aiv_msg/om_aiv_msg/srv/detail/arcl_listen__type_support.hpp
-- Installing: /home/akhil/Downloads/omron_moma_ros2/install/om_aiv_msg/include/om_aiv_msg/om_aiv_msg/srv/arcl_listen.hpp
-- Up-to-date: /home/akhil/Downloads/omron_moma_ros2/install/om_aiv_msg/include/om_aiv_msg/om_aiv_msg
-- Up-to-date: /home/akhil/Downloads/omron_moma_ros2/install/om_aiv_msg/include/om_aiv_msg/om_aiv_msg/action
-- Up-to-date: /home/akhil/Downloads/omron_moma_ros2/install/om_aiv_msg/include/om_aiv_msg/om_aiv_msg/action/detail
-- Installing: /home/akhil/Downloads/omron_moma_ros2/install/om_aiv_msg/include/om_aiv_msg/om_aiv_msg/action/detail/dds_fastrtps
-- Installing: /home/akhil/Downloads/omron_moma_ros2/install/om_aiv_msg/include/om_aiv_msg/om_aiv_msg/action/detail/action__rosidl_typesupport_fastrtps_cpp.hpp
-- Up-to-date: /home/akhil/Downloads/omron_moma_ros2/install/om_aiv_msg/include/om_aiv_msg/om_aiv_msg/msg
-- Up-to-date: /home/akhil/Downloads/omron_moma_ros2/install/om_aiv_msg/include/om_aiv_msg/om_aiv_msg/msg/detail
-- Installing: /home/akhil/Downloads/omron_moma_ros2/install/om_aiv_msg/include/om_aiv_msg/om_aiv_msg/msg/detail/dds_fastrtps
-- Installing: /home/akhil/Downloads/omron_moma_ros2/install/om_aiv_msg/include/om_aiv_msg/om_aiv_msg/msg/detail/status__rosidl_typesupport_fastrtps_cpp.hpp
-- Installing: /home/akhil/Downloads/omron_moma_ros2/install/om_aiv_msg/include/om_aiv_msg/om_aiv_msg/msg/detail/location__rosidl_typesupport_fastrtps_cpp.hpp
-- Installing: /home/akhil/Downloads/omron_moma_ros2/install/om_aiv_msg/include/om_aiv_msg/om_aiv_msg/msg/rosidl_typesupport_fastrtps_cpp__visibility_control.h
-- Up-to-date: /home/akhil/Downloads/omron_moma_ros2/install/om_aiv_msg/include/om_aiv_msg/om_aiv_msg/srv
-- Up-to-date: /home/akhil/Downloads/omron_moma_ros2/install/om_aiv_msg/include/om_aiv_msg/om_aiv_msg/srv/detail
-- Installing: /home/akhil/Downloads/omron_moma_ros2/install/om_aiv_msg/include/om_aiv_msg/om_aiv_msg/srv/detail/dds_fastrtps
-- Installing: /home/akhil/Downloads/omron_moma_ros2/install/om_aiv_msg/include/om_aiv_msg/om_aiv_msg/srv/detail/arcl_listen__rosidl_typesupport_fastrtps_cpp.hpp
-- Installing: /home/akhil/Downloads/omron_moma_ros2/install/om_aiv_msg/include/om_aiv_msg/om_aiv_msg/srv/detail/arcl_api__rosidl_typesupport_fastrtps_cpp.hpp
-- Installing: /home/akhil/Downloads/omron_moma_ros2/install/om_aiv_msg/include/om_aiv_msg/om_aiv_msg/srv/detail/amr_cmd__rosidl_typesupport_fastrtps_cpp.hpp
-- Installing: /home/akhil/Downloads/omron_moma_ros2/install/om_aiv_msg/lib/libom_aiv_msg__rosidl_typesupport_fastrtps_cpp.so
-- Set runtime path of "/home/akhil/Downloads/omron_moma_ros2/install/om_aiv_msg/lib/libom_aiv_msg__rosidl_typesupport_fastrtps_cpp.so" to ""
-- Up-to-date: /home/akhil/Downloads/omron_moma_ros2/install/om_aiv_msg/include/om_aiv_msg/om_aiv_msg
-- Up-to-date: /home/akhil/Downloads/omron_moma_ros2/install/om_aiv_msg/include/om_aiv_msg/om_aiv_msg/action
-- Up-to-date: /home/akhil/Downloads/omron_moma_ros2/install/om_aiv_msg/include/om_aiv_msg/om_aiv_msg/action/detail
-- Installing: /home/akhil/Downloads/omron_moma_ros2/install/om_aiv_msg/include/om_aiv_msg/om_aiv_msg/action/detail/action__type_support.c
-- Installing: /home/akhil/Downloads/omron_moma_ros2/install/om_aiv_msg/include/om_aiv_msg/om_aiv_msg/action/detail/action__rosidl_typesupport_introspection_c.h
-- Up-to-date: /home/akhil/Downloads/omron_moma_ros2/install/om_aiv_msg/include/om_aiv_msg/om_aiv_msg/msg
-- Up-to-date: /home/akhil/Downloads/omron_moma_ros2/install/om_aiv_msg/include/om_aiv_msg/om_aiv_msg/msg/detail
-- Installing: /home/akhil/Downloads/omron_moma_ros2/install/om_aiv_msg/include/om_aiv_msg/om_aiv_msg/msg/detail/location__type_support.c
-- Installing: /home/akhil/Downloads/omron_moma_ros2/install/om_aiv_msg/include/om_aiv_msg/om_aiv_msg/msg/detail/status__type_support.c
-- Installing: /home/akhil/Downloads/omron_moma_ros2/install/om_aiv_msg/include/om_aiv_msg/om_aiv_msg/msg/detail/location__rosidl_typesupport_introspection_c.h
-- Installing: /home/akhil/Downloads/omron_moma_ros2/install/om_aiv_msg/include/om_aiv_msg/om_aiv_msg/msg/detail/status__rosidl_typesupport_introspection_c.h
-- Installing: /home/akhil/Downloads/omron_moma_ros2/install/om_aiv_msg/include/om_aiv_msg/om_aiv_msg/msg/rosidl_typesupport_introspection_c__visibility_control.h
-- Up-to-date: /home/akhil/Downloads/omron_moma_ros2/install/om_aiv_msg/include/om_aiv_msg/om_aiv_msg/srv
-- Up-to-date: /home/akhil/Downloads/omron_moma_ros2/install/om_aiv_msg/include/om_aiv_msg/om_aiv_msg/srv/detail
-- Installing: /home/akhil/Downloads/omron_moma_ros2/install/om_aiv_msg/include/om_aiv_msg/om_aiv_msg/srv/detail/arcl_api__type_support.c
-- Installing: /home/akhil/Downloads/omron_moma_ros2/install/om_aiv_msg/include/om_aiv_msg/om_aiv_msg/srv/detail/arcl_listen__rosidl_typesupport_introspection_c.h
-- Installing: /home/akhil/Downloads/omron_moma_ros2/install/om_aiv_msg/include/om_aiv_msg/om_aiv_msg/srv/detail/amr_cmd__rosidl_typesupport_introspection_c.h
-- Installing: /home/akhil/Downloads/omron_moma_ros2/install/om_aiv_msg/include/om_aiv_msg/om_aiv_msg/srv/detail/arcl_api__rosidl_typesupport_introspection_c.h
-- Installing: /home/akhil/Downloads/omron_moma_ros2/install/om_aiv_msg/include/om_aiv_msg/om_aiv_msg/srv/detail/amr_cmd__type_support.c
-- Installing: /home/akhil/Downloads/omron_moma_ros2/install/om_aiv_msg/include/om_aiv_msg/om_aiv_msg/srv/detail/arcl_listen__type_support.c
-- Installing: /home/akhil/Downloads/omron_moma_ros2/install/om_aiv_msg/lib/libom_aiv_msg__rosidl_typesupport_introspection_c.so
-- Set runtime path of "/home/akhil/Downloads/omron_moma_ros2/install/om_aiv_msg/lib/libom_aiv_msg__rosidl_typesupport_introspection_c.so" to ""
-- Installing: /home/akhil/Downloads/omron_moma_ros2/install/om_aiv_msg/lib/libom_aiv_msg__rosidl_typesupport_c.so
-- Set runtime path of "/home/akhil/Downloads/omron_moma_ros2/install/om_aiv_msg/lib/libom_aiv_msg__rosidl_typesupport_c.so" to ""
-- Up-to-date: /home/akhil/Downloads/omron_moma_ros2/install/om_aiv_msg/include/om_aiv_msg/om_aiv_msg
-- Up-to-date: /home/akhil/Downloads/omron_moma_ros2/install/om_aiv_msg/include/om_aiv_msg/om_aiv_msg/action
-- Up-to-date: /home/akhil/Downloads/omron_moma_ros2/install/om_aiv_msg/include/om_aiv_msg/om_aiv_msg/action/detail
-- Installing: /home/akhil/Downloads/omron_moma_ros2/install/om_aiv_msg/include/om_aiv_msg/om_aiv_msg/action/detail/action__type_support.cpp
-- Installing: /home/akhil/Downloads/omron_moma_ros2/install/om_aiv_msg/include/om_aiv_msg/om_aiv_msg/action/detail/action__rosidl_typesupport_introspection_cpp.hpp
-- Up-to-date: /home/akhil/Downloads/omron_moma_ros2/install/om_aiv_msg/include/om_aiv_msg/om_aiv_msg/msg
-- Up-to-date: /home/akhil/Downloads/omron_moma_ros2/install/om_aiv_msg/include/om_aiv_msg/om_aiv_msg/msg/detail
-- Installing: /home/akhil/Downloads/omron_moma_ros2/install/om_aiv_msg/include/om_aiv_msg/om_aiv_msg/msg/detail/location__rosidl_typesupport_introspection_cpp.hpp
-- Installing: /home/akhil/Downloads/omron_moma_ros2/install/om_aiv_msg/include/om_aiv_msg/om_aiv_msg/msg/detail/status__rosidl_typesupport_introspection_cpp.hpp
-- Installing: /home/akhil/Downloads/omron_moma_ros2/install/om_aiv_msg/include/om_aiv_msg/om_aiv_msg/msg/detail/status__type_support.cpp
-- Installing: /home/akhil/Downloads/omron_moma_ros2/install/om_aiv_msg/include/om_aiv_msg/om_aiv_msg/msg/detail/location__type_support.cpp
-- Up-to-date: /home/akhil/Downloads/omron_moma_ros2/install/om_aiv_msg/include/om_aiv_msg/om_aiv_msg/srv
-- Up-to-date: /home/akhil/Downloads/omron_moma_ros2/install/om_aiv_msg/include/om_aiv_msg/om_aiv_msg/srv/detail
-- Installing: /home/akhil/Downloads/omron_moma_ros2/install/om_aiv_msg/include/om_aiv_msg/om_aiv_msg/srv/detail/arcl_api__rosidl_typesupport_introspection_cpp.hpp
-- Installing: /home/akhil/Downloads/omron_moma_ros2/install/om_aiv_msg/include/om_aiv_msg/om_aiv_msg/srv/detail/arcl_listen__type_support.cpp
-- Installing: /home/akhil/Downloads/omron_moma_ros2/install/om_aiv_msg/include/om_aiv_msg/om_aiv_msg/srv/detail/amr_cmd__type_support.cpp
-- Installing: /home/akhil/Downloads/omron_moma_ros2/install/om_aiv_msg/include/om_aiv_msg/om_aiv_msg/srv/detail/arcl_api__type_support.cpp
-- Installing: /home/akhil/Downloads/omron_moma_ros2/install/om_aiv_msg/include/om_aiv_msg/om_aiv_msg/srv/detail/arcl_listen__rosidl_typesupport_introspection_cpp.hpp
-- Installing: /home/akhil/Downloads/omron_moma_ros2/install/om_aiv_msg/include/om_aiv_msg/om_aiv_msg/srv/detail/amr_cmd__rosidl_typesupport_introspection_cpp.hpp
-- Installing: /home/akhil/Downloads/omron_moma_ros2/install/om_aiv_msg/lib/libom_aiv_msg__rosidl_typesupport_introspection_cpp.so
-- Set runtime path of "/home/akhil/Downloads/omron_moma_ros2/install/om_aiv_msg/lib/libom_aiv_msg__rosidl_typesupport_introspection_cpp.so" to ""
-- Installing: /home/akhil/Downloads/omron_moma_ros2/install/om_aiv_msg/lib/libom_aiv_msg__rosidl_typesupport_cpp.so
-- Set runtime path of "/home/akhil/Downloads/omron_moma_ros2/install/om_aiv_msg/lib/libom_aiv_msg__rosidl_typesupport_cpp.so" to ""
-- Installing: /home/akhil/Downloads/omron_moma_ros2/install/om_aiv_msg/share/om_aiv_msg/environment/pythonpath.sh
-- Installing: /home/akhil/Downloads/omron_moma_ros2/install/om_aiv_msg/share/om_aiv_msg/environment/pythonpath.dsv
-- Installing: /home/akhil/Downloads/omron_moma_ros2/install/om_aiv_msg/local/lib/python3.10/dist-packages/om_aiv_msg-0.0.0-py3.10.egg-info
-- Installing: /home/akhil/Downloads/omron_moma_ros2/install/om_aiv_msg/local/lib/python3.10/dist-packages/om_aiv_msg-0.0.0-py3.10.egg-info/top_level.txt
-- Installing: /home/akhil/Downloads/omron_moma_ros2/install/om_aiv_msg/local/lib/python3.10/dist-packages/om_aiv_msg-0.0.0-py3.10.egg-info/SOURCES.txt
-- Installing: /home/akhil/Downloads/omron_moma_ros2/install/om_aiv_msg/local/lib/python3.10/dist-packages/om_aiv_msg-0.0.0-py3.10.egg-info/PKG-INFO
-- Installing: /home/akhil/Downloads/omron_moma_ros2/install/om_aiv_msg/local/lib/python3.10/dist-packages/om_aiv_msg-0.0.0-py3.10.egg-info/dependency_links.txt
-- Installing: /home/akhil/Downloads/omron_moma_ros2/install/om_aiv_msg/local/lib/python3.10/dist-packages/om_aiv_msg
-- Installing: /home/akhil/Downloads/omron_moma_ros2/install/om_aiv_msg/local/lib/python3.10/dist-packages/om_aiv_msg/_om_aiv_msg_s.ep.rosidl_typesupport_c.c
-- Installing: /home/akhil/Downloads/omron_moma_ros2/install/om_aiv_msg/local/lib/python3.10/dist-packages/om_aiv_msg/_om_aiv_msg_s.ep.rosidl_typesupport_introspection_c.c
-- Installing: /home/akhil/Downloads/omron_moma_ros2/install/om_aiv_msg/local/lib/python3.10/dist-packages/om_aiv_msg/om_aiv_msg_s__rosidl_typesupport_introspection_c.cpython-310-aarch64-linux-gnu.so
-- Installing: /home/akhil/Downloads/omron_moma_ros2/install/om_aiv_msg/local/lib/python3.10/dist-packages/om_aiv_msg/action
-- Installing: /home/akhil/Downloads/omron_moma_ros2/install/om_aiv_msg/local/lib/python3.10/dist-packages/om_aiv_msg/action/_action_s.c
-- Installing: /home/akhil/Downloads/omron_moma_ros2/install/om_aiv_msg/local/lib/python3.10/dist-packages/om_aiv_msg/action/_action.py
-- Installing: /home/akhil/Downloads/omron_moma_ros2/install/om_aiv_msg/local/lib/python3.10/dist-packages/om_aiv_msg/action/__init__.py
-- Installing: /home/akhil/Downloads/omron_moma_ros2/install/om_aiv_msg/local/lib/python3.10/dist-packages/om_aiv_msg/msg
-- Installing: /home/akhil/Downloads/omron_moma_ros2/install/om_aiv_msg/local/lib/python3.10/dist-packages/om_aiv_msg/msg/_location_s.c
-- Installing: /home/akhil/Downloads/omron_moma_ros2/install/om_aiv_msg/local/lib/python3.10/dist-packages/om_aiv_msg/msg/_status.py
-- Installing: /home/akhil/Downloads/omron_moma_ros2/install/om_aiv_msg/local/lib/python3.10/dist-packages/om_aiv_msg/msg/_status_s.c
-- Installing: /home/akhil/Downloads/omron_moma_ros2/install/om_aiv_msg/local/lib/python3.10/dist-packages/om_aiv_msg/msg/_location.py
-- Installing: /home/akhil/Downloads/omron_moma_ros2/install/om_aiv_msg/local/lib/python3.10/dist-packages/om_aiv_msg/msg/__init__.py
-- Installing: /home/akhil/Downloads/omron_moma_ros2/install/om_aiv_msg/local/lib/python3.10/dist-packages/om_aiv_msg/libom_aiv_msg__rosidl_generator_py.so
-- Installing: /home/akhil/Downloads/omron_moma_ros2/install/om_aiv_msg/local/lib/python3.10/dist-packages/om_aiv_msg/om_aiv_msg_s__rosidl_typesupport_fastrtps_c.cpython-310-aarch64-linux-gnu.so
-- Installing: /home/akhil/Downloads/omron_moma_ros2/install/om_aiv_msg/local/lib/python3.10/dist-packages/om_aiv_msg/om_aiv_msg_s__rosidl_typesupport_c.cpython-310-aarch64-linux-gnu.so
-- Installing: /home/akhil/Downloads/omron_moma_ros2/install/om_aiv_msg/local/lib/python3.10/dist-packages/om_aiv_msg/_om_aiv_msg_s.ep.rosidl_typesupport_fastrtps_c.c
-- Installing: /home/akhil/Downloads/omron_moma_ros2/install/om_aiv_msg/local/lib/python3.10/dist-packages/om_aiv_msg/srv
-- Installing: /home/akhil/Downloads/omron_moma_ros2/install/om_aiv_msg/local/lib/python3.10/dist-packages/om_aiv_msg/srv/_arcl_listen.py
-- Installing: /home/akhil/Downloads/omron_moma_ros2/install/om_aiv_msg/local/lib/python3.10/dist-packages/om_aiv_msg/srv/_arcl_api.py
-- Installing: /home/akhil/Downloads/omron_moma_ros2/install/om_aiv_msg/local/lib/python3.10/dist-packages/om_aiv_msg/srv/_arcl_api_s.c
-- Installing: /home/akhil/Downloads/omron_moma_ros2/install/om_aiv_msg/local/lib/python3.10/dist-packages/om_aiv_msg/srv/_amr_cmd_s.c
-- Installing: /home/akhil/Downloads/omron_moma_ros2/install/om_aiv_msg/local/lib/python3.10/dist-packages/om_aiv_msg/srv/_arcl_listen_s.c
-- Installing: /home/akhil/Downloads/omron_moma_ros2/install/om_aiv_msg/local/lib/python3.10/dist-packages/om_aiv_msg/srv/_amr_cmd.py
-- Installing: /home/akhil/Downloads/omron_moma_ros2/install/om_aiv_msg/local/lib/python3.10/dist-packages/om_aiv_msg/srv/__init__.py
-- Installing: /home/akhil/Downloads/omron_moma_ros2/install/om_aiv_msg/local/lib/python3.10/dist-packages/om_aiv_msg/__init__.py
Listing '/home/akhil/Downloads/omron_moma_ros2/install/om_aiv_msg/local/lib/python3.10/dist-packages/om_aiv_msg'...
Compiling '/home/akhil/Downloads/omron_moma_ros2/install/om_aiv_msg/local/lib/python3.10/dist-packages/om_aiv_msg/__init__.py'...
Listing '/home/akhil/Downloads/omron_moma_ros2/install/om_aiv_msg/local/lib/python3.10/dist-packages/om_aiv_msg/action'...
Compiling '/home/akhil/Downloads/omron_moma_ros2/install/om_aiv_msg/local/lib/python3.10/dist-packages/om_aiv_msg/action/__init__.py'...
Compiling '/home/akhil/Downloads/omron_moma_ros2/install/om_aiv_msg/local/lib/python3.10/dist-packages/om_aiv_msg/action/_action.py'...
Listing '/home/akhil/Downloads/omron_moma_ros2/install/om_aiv_msg/local/lib/python3.10/dist-packages/om_aiv_msg/msg'...
Compiling '/home/akhil/Downloads/omron_moma_ros2/install/om_aiv_msg/local/lib/python3.10/dist-packages/om_aiv_msg/msg/__init__.py'...
Compiling '/home/akhil/Downloads/omron_moma_ros2/install/om_aiv_msg/local/lib/python3.10/dist-packages/om_aiv_msg/msg/_location.py'...
Compiling '/home/akhil/Downloads/omron_moma_ros2/install/om_aiv_msg/local/lib/python3.10/dist-packages/om_aiv_msg/msg/_status.py'...
Listing '/home/akhil/Downloads/omron_moma_ros2/install/om_aiv_msg/local/lib/python3.10/dist-packages/om_aiv_msg/srv'...
Compiling '/home/akhil/Downloads/omron_moma_ros2/install/om_aiv_msg/local/lib/python3.10/dist-packages/om_aiv_msg/srv/__init__.py'...
Compiling '/home/akhil/Downloads/omron_moma_ros2/install/om_aiv_msg/local/lib/python3.10/dist-packages/om_aiv_msg/srv/_amr_cmd.py'...
Compiling '/home/akhil/Downloads/omron_moma_ros2/install/om_aiv_msg/local/lib/python3.10/dist-packages/om_aiv_msg/srv/_arcl_api.py'...
Compiling '/home/akhil/Downloads/omron_moma_ros2/install/om_aiv_msg/local/lib/python3.10/dist-packages/om_aiv_msg/srv/_arcl_listen.py'...
-- Installing: /home/akhil/Downloads/omron_moma_ros2/install/om_aiv_msg/local/lib/python3.10/dist-packages/om_aiv_msg/om_aiv_msg_s__rosidl_typesupport_fastrtps_c.cpython-310-aarch64-linux-gnu.so
-- Set runtime path of "/home/akhil/Downloads/omron_moma_ros2/install/om_aiv_msg/local/lib/python3.10/dist-packages/om_aiv_msg/om_aiv_msg_s__rosidl_typesupport_fastrtps_c.cpython-310-aarch64-linux-gnu.so" to ""
-- Installing: /home/akhil/Downloads/omron_moma_ros2/install/om_aiv_msg/local/lib/python3.10/dist-packages/om_aiv_msg/om_aiv_msg_s__rosidl_typesupport_introspection_c.cpython-310-aarch64-linux-gnu.so
-- Set runtime path of "/home/akhil/Downloads/omron_moma_ros2/install/om_aiv_msg/local/lib/python3.10/dist-packages/om_aiv_msg/om_aiv_msg_s__rosidl_typesupport_introspection_c.cpython-310-aarch64-linux-gnu.so" to ""
-- Installing: /home/akhil/Downloads/omron_moma_ros2/install/om_aiv_msg/local/lib/python3.10/dist-packages/om_aiv_msg/om_aiv_msg_s__rosidl_typesupport_c.cpython-310-aarch64-linux-gnu.so
-- Set runtime path of "/home/akhil/Downloads/omron_moma_ros2/install/om_aiv_msg/local/lib/python3.10/dist-packages/om_aiv_msg/om_aiv_msg_s__rosidl_typesupport_c.cpython-310-aarch64-linux-gnu.so" to ""
-- Installing: /home/akhil/Downloads/omron_moma_ros2/install/om_aiv_msg/lib/libom_aiv_msg__rosidl_generator_py.so
-- Set runtime path of "/home/akhil/Downloads/omron_moma_ros2/install/om_aiv_msg/lib/libom_aiv_msg__rosidl_generator_py.so" to ""
-- Installing: /home/akhil/Downloads/omron_moma_ros2/install/om_aiv_msg/share/om_aiv_msg/msg/Location.idl
-- Installing: /home/akhil/Downloads/omron_moma_ros2/install/om_aiv_msg/share/om_aiv_msg/msg/Status.idl
-- Installing: /home/akhil/Downloads/omron_moma_ros2/install/om_aiv_msg/share/om_aiv_msg/srv/ArclApi.idl
-- Installing: /home/akhil/Downloads/omron_moma_ros2/install/om_aiv_msg/share/om_aiv_msg/srv/ArclListen.idl
-- Installing: /home/akhil/Downloads/omron_moma_ros2/install/om_aiv_msg/share/om_aiv_msg/srv/AmrCmd.idl
-- Installing: /home/akhil/Downloads/omron_moma_ros2/install/om_aiv_msg/share/om_aiv_msg/action/Action.idl
-- Installing: /home/akhil/Downloads/omron_moma_ros2/install/om_aiv_msg/share/om_aiv_msg/msg/Location.msg
-- Installing: /home/akhil/Downloads/omron_moma_ros2/install/om_aiv_msg/share/om_aiv_msg/msg/Status.msg
-- Installing: /home/akhil/Downloads/omron_moma_ros2/install/om_aiv_msg/share/om_aiv_msg/srv/ArclApi.srv
-- Installing: /home/akhil/Downloads/omron_moma_ros2/install/om_aiv_msg/share/om_aiv_msg/srv/ArclApi_Request.msg
-- Installing: /home/akhil/Downloads/omron_moma_ros2/install/om_aiv_msg/share/om_aiv_msg/srv/ArclApi_Response.msg
-- Installing: /home/akhil/Downloads/omron_moma_ros2/install/om_aiv_msg/share/om_aiv_msg/srv/ArclListen.srv
-- Installing: /home/akhil/Downloads/omron_moma_ros2/install/om_aiv_msg/share/om_aiv_msg/srv/ArclListen_Request.msg
-- Installing: /home/akhil/Downloads/omron_moma_ros2/install/om_aiv_msg/share/om_aiv_msg/srv/ArclListen_Response.msg
-- Installing: /home/akhil/Downloads/omron_moma_ros2/install/om_aiv_msg/share/om_aiv_msg/srv/AmrCmd.srv
-- Installing: /home/akhil/Downloads/omron_moma_ros2/install/om_aiv_msg/share/om_aiv_msg/srv/AmrCmd_Request.msg
-- Installing: /home/akhil/Downloads/omron_moma_ros2/install/om_aiv_msg/share/om_aiv_msg/srv/AmrCmd_Response.msg
-- Installing: /home/akhil/Downloads/omron_moma_ros2/install/om_aiv_msg/share/om_aiv_msg/action/Action.action
-- Installing: /home/akhil/Downloads/omron_moma_ros2/install/om_aiv_msg/share/ament_index/resource_index/package_run_dependencies/om_aiv_msg
-- Installing: /home/akhil/Downloads/omron_moma_ros2/install/om_aiv_msg/share/ament_index/resource_index/parent_prefix_path/om_aiv_msg
-- Installing: /home/akhil/Downloads/omron_moma_ros2/install/om_aiv_msg/share/om_aiv_msg/environment/ament_prefix_path.sh
-- Installing: /home/akhil/Downloads/omron_moma_ros2/install/om_aiv_msg/share/om_aiv_msg/environment/ament_prefix_path.dsv
-- Installing: /home/akhil/Downloads/omron_moma_ros2/install/om_aiv_msg/share/om_aiv_msg/environment/path.sh
-- Installing: /home/akhil/Downloads/omron_moma_ros2/install/om_aiv_msg/share/om_aiv_msg/environment/path.dsv
-- Installing: /home/akhil/Downloads/omron_moma_ros2/install/om_aiv_msg/share/om_aiv_msg/local_setup.bash
-- Installing: /home/akhil/Downloads/omron_moma_ros2/install/om_aiv_msg/share/om_aiv_msg/local_setup.sh
-- Installing: /home/akhil/Downloads/omron_moma_ros2/install/om_aiv_msg/share/om_aiv_msg/local_setup.zsh
-- Installing: /home/akhil/Downloads/omron_moma_ros2/install/om_aiv_msg/share/om_aiv_msg/local_setup.dsv
-- Installing: /home/akhil/Downloads/omron_moma_ros2/install/om_aiv_msg/share/om_aiv_msg/package.dsv
-- Installing: /home/akhil/Downloads/omron_moma_ros2/install/om_aiv_msg/share/ament_index/resource_index/packages/om_aiv_msg
-- Installing: /home/akhil/Downloads/omron_moma_ros2/install/om_aiv_msg/share/om_aiv_msg/cmake/export_om_aiv_msg__rosidl_generator_cExport.cmake
-- Installing: /home/akhil/Downloads/omron_moma_ros2/install/om_aiv_msg/share/om_aiv_msg/cmake/export_om_aiv_msg__rosidl_generator_cExport-noconfig.cmake
-- Installing: /home/akhil/Downloads/omron_moma_ros2/install/om_aiv_msg/share/om_aiv_msg/cmake/export_om_aiv_msg__rosidl_typesupport_fastrtps_cExport.cmake
-- Installing: /home/akhil/Downloads/omron_moma_ros2/install/om_aiv_msg/share/om_aiv_msg/cmake/export_om_aiv_msg__rosidl_typesupport_fastrtps_cExport-noconfig.cmake
-- Installing: /home/akhil/Downloads/omron_moma_ros2/install/om_aiv_msg/share/om_aiv_msg/cmake/export_om_aiv_msg__rosidl_generator_cppExport.cmake
-- Installing: /home/akhil/Downloads/omron_moma_ros2/install/om_aiv_msg/share/om_aiv_msg/cmake/export_om_aiv_msg__rosidl_typesupport_fastrtps_cppExport.cmake
-- Installing: /home/akhil/Downloads/omron_moma_ros2/install/om_aiv_msg/share/om_aiv_msg/cmake/export_om_aiv_msg__rosidl_typesupport_fastrtps_cppExport-noconfig.cmake
-- Installing: /home/akhil/Downloads/omron_moma_ros2/install/om_aiv_msg/share/om_aiv_msg/cmake/om_aiv_msg__rosidl_typesupport_introspection_cExport.cmake
-- Installing: /home/akhil/Downloads/omron_moma_ros2/install/om_aiv_msg/share/om_aiv_msg/cmake/om_aiv_msg__rosidl_typesupport_introspection_cExport-noconfig.cmake
-- Installing: /home/akhil/Downloads/omron_moma_ros2/install/om_aiv_msg/share/om_aiv_msg/cmake/om_aiv_msg__rosidl_typesupport_cExport.cmake
-- Installing: /home/akhil/Downloads/omron_moma_ros2/install/om_aiv_msg/share/om_aiv_msg/cmake/om_aiv_msg__rosidl_typesupport_cExport-noconfig.cmake
-- Installing: /home/akhil/Downloads/omron_moma_ros2/install/om_aiv_msg/share/om_aiv_msg/cmake/om_aiv_msg__rosidl_typesupport_introspection_cppExport.cmake
-- Installing: /home/akhil/Downloads/omron_moma_ros2/install/om_aiv_msg/share/om_aiv_msg/cmake/om_aiv_msg__rosidl_typesupport_introspection_cppExport-noconfig.cmake
-- Installing: /home/akhil/Downloads/omron_moma_ros2/install/om_aiv_msg/share/om_aiv_msg/cmake/om_aiv_msg__rosidl_typesupport_cppExport.cmake
-- Installing: /home/akhil/Downloads/omron_moma_ros2/install/om_aiv_msg/share/om_aiv_msg/cmake/om_aiv_msg__rosidl_typesupport_cppExport-noconfig.cmake
-- Installing: /home/akhil/Downloads/omron_moma_ros2/install/om_aiv_msg/share/om_aiv_msg/cmake/export_om_aiv_msg__rosidl_generator_pyExport.cmake
-- Installing: /home/akhil/Downloads/omron_moma_ros2/install/om_aiv_msg/share/om_aiv_msg/cmake/export_om_aiv_msg__rosidl_generator_pyExport-noconfig.cmake
-- Installing: /home/akhil/Downloads/omron_moma_ros2/install/om_aiv_msg/share/om_aiv_msg/cmake/rosidl_cmake-extras.cmake
-- Installing: /home/akhil/Downloads/omron_moma_ros2/install/om_aiv_msg/share/om_aiv_msg/cmake/ament_cmake_export_dependencies-extras.cmake
-- Installing: /home/akhil/Downloads/omron_moma_ros2/install/om_aiv_msg/share/om_aiv_msg/cmake/ament_cmake_export_include_directories-extras.cmake
-- Installing: /home/akhil/Downloads/omron_moma_ros2/install/om_aiv_msg/share/om_aiv_msg/cmake/ament_cmake_export_libraries-extras.cmake
-- Installing: /home/akhil/Downloads/omron_moma_ros2/install/om_aiv_msg/share/om_aiv_msg/cmake/ament_cmake_export_targets-extras.cmake
-- Installing: /home/akhil/Downloads/omron_moma_ros2/install/om_aiv_msg/share/om_aiv_msg/cmake/rosidl_cmake_export_typesupport_targets-extras.cmake
-- Installing: /home/akhil/Downloads/omron_moma_ros2/install/om_aiv_msg/share/om_aiv_msg/cmake/rosidl_cmake_export_typesupport_libraries-extras.cmake
-- Installing: /home/akhil/Downloads/omron_moma_ros2/install/om_aiv_msg/share/om_aiv_msg/cmake/om_aiv_msgConfig.cmake
-- Installing: /home/akhil/Downloads/omron_moma_ros2/install/om_aiv_msg/share/om_aiv_msg/cmake/om_aiv_msgConfig-version.cmake
-- Installing: /home/akhil/Downloads/omron_moma_ros2/install/om_aiv_msg/share/om_aiv_msg/package.xml
