[0.065s] Invoking command in '/home/akhil/Downloads/omron_moma_ros2/build/om_aiv_msg': CMAKE_PREFIX_PATH=/opt/ros/humble /usr/bin/cmake /home/akhil/Downloads/omron_moma_ros2/MOMA_project/src/om_aiv_msg -DCMAKE_INSTALL_PREFIX=/home/akhil/Downloads/omron_moma_ros2/install/om_aiv_msg
[0.262s] -- The C compiler identification is GNU 11.4.0
[0.415s] -- The CXX compiler identification is GNU 11.4.0
[0.454s] -- Detecting C compiler ABI info
[0.703s] -- Detecting C compiler ABI info - done
[0.727s] -- Check for working C compiler: /usr/bin/cc - skipped
[0.728s] -- Detecting C compile features
[0.729s] -- Detecting C compile features - done
[0.743s] -- Detecting CXX compiler ABI info
[0.961s] -- Detecting CXX compiler ABI info - done
[0.980s] -- Check for working CXX compiler: /usr/bin/c++ - skipped
[0.981s] -- Detecting CXX compile features
[0.983s] -- Detecting CXX compile features - done
[1.011s] -- Found ament_cmake: 1.3.12 (/opt/ros/humble/share/ament_cmake/cmake)
[1.544s] -- Found Python3: /usr/bin/python3 (found version "3.10.12") found components: Interpreter 
[1.849s] -- Found action_msgs: 1.2.2 (/opt/ros/humble/share/action_msgs/cmake)
[1.927s] -- Found rosidl_generator_c: 3.1.7 (/opt/ros/humble/share/rosidl_generator_c/cmake)
[1.939s] -- Found rosidl_adapter: 3.1.7 (/opt/ros/humble/share/rosidl_adapter/cmake)
[1.958s] -- Found rosidl_generator_cpp: 3.1.7 (/opt/ros/humble/share/rosidl_generator_cpp/cmake)
[1.988s] -- Using all available rosidl_typesupport_c: rosidl_typesupport_fastrtps_c;rosidl_typesupport_introspection_c
[2.027s] -- Using all available rosidl_typesupport_cpp: rosidl_typesupport_fastrtps_cpp;rosidl_typesupport_introspection_cpp
[2.120s] -- Found rosidl_default_generators: 1.2.0 (/opt/ros/humble/share/rosidl_default_generators/cmake)
[3.015s] -- Found ament_cmake_ros: 0.10.0 (/opt/ros/humble/share/ament_cmake_ros/cmake)
[3.955s] -- Using all available rosidl_typesupport_c: rosidl_typesupport_fastrtps_c;rosidl_typesupport_introspection_c
[4.322s] -- Using all available rosidl_typesupport_cpp: rosidl_typesupport_fastrtps_cpp;rosidl_typesupport_introspection_cpp
[4.388s] -- Found PythonInterp: /usr/bin/python3 (found suitable version "3.10.12", minimum required is "3.6") 
[4.391s] -- Found python_cmake_module: 0.10.0 (/opt/ros/humble/share/python_cmake_module/cmake)
[4.467s] -- Found PythonLibs: /usr/lib/aarch64-linux-gnu/libpython3.10.so (found suitable version "3.10.12", minimum required is "3.5") 
[4.467s] -- Using PYTHON_EXECUTABLE: /usr/bin/python3
[4.468s] -- Using PYTHON_INCLUDE_DIRS: /usr/include/python3.10
[4.468s] -- Using PYTHON_LIBRARIES: /usr/lib/aarch64-linux-gnu/libpython3.10.so
[4.539s] -- Found PythonExtra: .so  
[4.674s] -- Found ament_lint_auto: 0.12.14 (/opt/ros/humble/share/ament_lint_auto/cmake)
[4.723s] -- Added test 'copyright' to check source files copyright and LICENSE
[4.728s] -- Added test 'lint_cmake' to check CMake code style
[4.730s] -- Added test 'xmllint' to check XML markup files
[4.736s] -- Configuring done
[4.845s] -- Generating done
[4.880s] -- Build files have been written to: /home/akhil/Downloads/omron_moma_ros2/build/om_aiv_msg
[4.934s] Invoked command in '/home/akhil/Downloads/omron_moma_ros2/build/om_aiv_msg' returned '0': CMAKE_PREFIX_PATH=/opt/ros/humble /usr/bin/cmake /home/akhil/Downloads/omron_moma_ros2/MOMA_project/src/om_aiv_msg -DCMAKE_INSTALL_PREFIX=/home/akhil/Downloads/omron_moma_ros2/install/om_aiv_msg
[4.935s] Invoking command in '/home/akhil/Downloads/omron_moma_ros2/build/om_aiv_msg': CMAKE_PREFIX_PATH=/opt/ros/humble /usr/bin/cmake --build /home/akhil/Downloads/omron_moma_ros2/build/om_aiv_msg -- -j6 -l6
[5.120s] [  1%] [34m[1mGenerating C code for ROS interfaces[0m
[5.209s] [  2%] [34m[1mGenerating C++ code for ROS interfaces[0m
[5.224s] [  2%] Built target ament_cmake_python_copy_om_aiv_msg
[6.667s] running egg_info
[6.670s] creating om_aiv_msg.egg-info
[6.670s] writing om_aiv_msg.egg-info/PKG-INFO
[6.671s] writing dependency_links to om_aiv_msg.egg-info/dependency_links.txt
[6.681s] writing top-level names to om_aiv_msg.egg-info/top_level.txt
[6.682s] writing manifest file 'om_aiv_msg.egg-info/SOURCES.txt'
[6.689s] reading manifest file 'om_aiv_msg.egg-info/SOURCES.txt'
[6.704s] writing manifest file 'om_aiv_msg.egg-info/SOURCES.txt'
[7.020s] [  2%] Built target ament_cmake_python_build_om_aiv_msg_egg
[10.075s] [  4%] [32mBuilding C object CMakeFiles/om_aiv_msg__rosidl_generator_c.dir/rosidl_generator_c/om_aiv_msg/msg/detail/location__functions.c.o[0m
[10.087s] [  5%] [32mBuilding C object CMakeFiles/om_aiv_msg__rosidl_generator_c.dir/rosidl_generator_c/om_aiv_msg/msg/detail/status__functions.c.o[0m
[10.242s] [  7%] [32mBuilding C object CMakeFiles/om_aiv_msg__rosidl_generator_c.dir/rosidl_generator_c/om_aiv_msg/srv/detail/arcl_api__functions.c.o[0m
[10.364s] [  8%] [32mBuilding C object CMakeFiles/om_aiv_msg__rosidl_generator_c.dir/rosidl_generator_c/om_aiv_msg/srv/detail/arcl_listen__functions.c.o[0m
[10.400s] [  8%] Built target om_aiv_msg__cpp
[10.405s] [  9%] [32mBuilding C object CMakeFiles/om_aiv_msg__rosidl_generator_c.dir/rosidl_generator_c/om_aiv_msg/srv/detail/amr_cmd__functions.c.o[0m
[10.486s] [ 11%] [32mBuilding C object CMakeFiles/om_aiv_msg__rosidl_generator_c.dir/rosidl_generator_c/om_aiv_msg/action/detail/action__functions.c.o[0m
[10.589s] [ 12%] [34m[1mGenerating C++ type support dispatch for ROS interfaces[0m
[10.736s] [ 14%] [34m[1mGenerating C++ type support for eProsima Fast-RTPS[0m
[10.776s] [ 15%] [34m[1mGenerating C++ introspection for ROS interfaces[0m
[11.596s] [ 16%] [32m[1mLinking C shared library libom_aiv_msg__rosidl_generator_c.so[0m
[12.010s] [ 16%] Built target om_aiv_msg__rosidl_generator_c
[12.139s] [ 19%] [34m[1mGenerating C type support dispatch for ROS interfaces[0m
[12.139s] [ 19%] [34m[1mGenerating C introspection for ROS interfaces[0m
[12.163s] [ 21%] [34m[1mGenerating C type support for eProsima Fast-RTPS[0m
[13.955s] [ 22%] [32mBuilding CXX object CMakeFiles/om_aiv_msg__rosidl_typesupport_cpp.dir/rosidl_typesupport_cpp/om_aiv_msg/msg/location__type_support.cpp.o[0m
[15.218s] [ 23%] [32mBuilding CXX object CMakeFiles/om_aiv_msg__rosidl_typesupport_c.dir/rosidl_typesupport_c/om_aiv_msg/msg/location__type_support.cpp.o[0m
[15.437s] [ 25%] [32mBuilding CXX object CMakeFiles/om_aiv_msg__rosidl_typesupport_introspection_cpp.dir/rosidl_typesupport_introspection_cpp/om_aiv_msg/msg/detail/location__type_support.cpp.o[0m
[15.741s] [ 26%] [32mBuilding CXX object CMakeFiles/om_aiv_msg__rosidl_typesupport_fastrtps_cpp.dir/rosidl_typesupport_fastrtps_cpp/om_aiv_msg/msg/detail/dds_fastrtps/location__type_support.cpp.o[0m
[15.902s] [ 28%] [32mBuilding CXX object CMakeFiles/om_aiv_msg__rosidl_typesupport_c.dir/rosidl_typesupport_c/om_aiv_msg/msg/status__type_support.cpp.o[0m
[15.953s] [ 29%] [32mBuilding CXX object CMakeFiles/om_aiv_msg__rosidl_typesupport_cpp.dir/rosidl_typesupport_cpp/om_aiv_msg/msg/status__type_support.cpp.o[0m
[16.682s] [ 30%] [32mBuilding CXX object CMakeFiles/om_aiv_msg__rosidl_typesupport_fastrtps_c.dir/rosidl_typesupport_fastrtps_c/om_aiv_msg/msg/detail/location__type_support_c.cpp.o[0m
[16.891s] [ 32%] [32mBuilding C object CMakeFiles/om_aiv_msg__rosidl_typesupport_introspection_c.dir/rosidl_typesupport_introspection_c/om_aiv_msg/msg/detail/location__type_support.c.o[0m
[19.030s] [ 33%] [32mBuilding CXX object CMakeFiles/om_aiv_msg__rosidl_typesupport_c.dir/rosidl_typesupport_c/om_aiv_msg/srv/arcl_api__type_support.cpp.o[0m
[19.049s] [ 35%] [32mBuilding CXX object CMakeFiles/om_aiv_msg__rosidl_typesupport_fastrtps_cpp.dir/rosidl_typesupport_fastrtps_cpp/om_aiv_msg/msg/detail/dds_fastrtps/status__type_support.cpp.o[0m
[19.052s] [ 36%] [32mBuilding CXX object CMakeFiles/om_aiv_msg__rosidl_typesupport_introspection_cpp.dir/rosidl_typesupport_introspection_cpp/om_aiv_msg/msg/detail/status__type_support.cpp.o[0m
[20.335s] [ 38%] [32mBuilding CXX object CMakeFiles/om_aiv_msg__rosidl_typesupport_fastrtps_c.dir/rosidl_typesupport_fastrtps_c/om_aiv_msg/msg/detail/status__type_support_c.cpp.o[0m
[20.352s] [ 39%] [32mBuilding C object CMakeFiles/om_aiv_msg__rosidl_typesupport_introspection_c.dir/rosidl_typesupport_introspection_c/om_aiv_msg/msg/detail/status__type_support.c.o[0m
[20.394s] [ 40%] [32mBuilding CXX object CMakeFiles/om_aiv_msg__rosidl_typesupport_cpp.dir/rosidl_typesupport_cpp/om_aiv_msg/srv/arcl_api__type_support.cpp.o[0m
[20.441s] [ 42%] [32mBuilding CXX object CMakeFiles/om_aiv_msg__rosidl_typesupport_c.dir/rosidl_typesupport_c/om_aiv_msg/srv/arcl_listen__type_support.cpp.o[0m
[21.978s] [ 43%] [32mBuilding C object CMakeFiles/om_aiv_msg__rosidl_typesupport_introspection_c.dir/rosidl_typesupport_introspection_c/om_aiv_msg/srv/detail/arcl_api__type_support.c.o[0m
[21.994s] [ 45%] [32mBuilding CXX object CMakeFiles/om_aiv_msg__rosidl_typesupport_introspection_cpp.dir/rosidl_typesupport_introspection_cpp/om_aiv_msg/srv/detail/arcl_api__type_support.cpp.o[0m
[22.037s] [ 46%] [32mBuilding CXX object CMakeFiles/om_aiv_msg__rosidl_typesupport_c.dir/rosidl_typesupport_c/om_aiv_msg/srv/amr_cmd__type_support.cpp.o[0m
[22.100s] [ 47%] [32mBuilding CXX object CMakeFiles/om_aiv_msg__rosidl_typesupport_fastrtps_cpp.dir/rosidl_typesupport_fastrtps_cpp/om_aiv_msg/srv/detail/dds_fastrtps/arcl_api__type_support.cpp.o[0m
[22.123s] [ 49%] [32mBuilding CXX object CMakeFiles/om_aiv_msg__rosidl_typesupport_cpp.dir/rosidl_typesupport_cpp/om_aiv_msg/srv/arcl_listen__type_support.cpp.o[0m
[22.130s] [ 50%] [32mBuilding CXX object CMakeFiles/om_aiv_msg__rosidl_typesupport_fastrtps_c.dir/rosidl_typesupport_fastrtps_c/om_aiv_msg/srv/detail/arcl_api__type_support_c.cpp.o[0m
[22.282s] [ 52%] [32mBuilding CXX object CMakeFiles/om_aiv_msg__rosidl_typesupport_c.dir/rosidl_typesupport_c/om_aiv_msg/action/action__type_support.cpp.o[0m
[22.424s] [ 53%] [32mBuilding C object CMakeFiles/om_aiv_msg__rosidl_typesupport_introspection_c.dir/rosidl_typesupport_introspection_c/om_aiv_msg/srv/detail/arcl_listen__type_support.c.o[0m
[22.767s] [ 54%] [32m[1mLinking CXX shared library libom_aiv_msg__rosidl_typesupport_c.so[0m
[22.798s] [ 56%] [32mBuilding C object CMakeFiles/om_aiv_msg__rosidl_typesupport_introspection_c.dir/rosidl_typesupport_introspection_c/om_aiv_msg/srv/detail/amr_cmd__type_support.c.o[0m
[23.113s] [ 57%] [32mBuilding C object CMakeFiles/om_aiv_msg__rosidl_typesupport_introspection_c.dir/rosidl_typesupport_introspection_c/om_aiv_msg/action/detail/action__type_support.c.o[0m
[23.191s] [ 57%] Built target om_aiv_msg__rosidl_typesupport_c
[23.303s] [ 59%] [32mBuilding CXX object CMakeFiles/om_aiv_msg__rosidl_typesupport_fastrtps_cpp.dir/rosidl_typesupport_fastrtps_cpp/om_aiv_msg/srv/detail/dds_fastrtps/arcl_listen__type_support.cpp.o[0m
[23.579s] [ 60%] [32m[1mLinking C shared library libom_aiv_msg__rosidl_typesupport_introspection_c.so[0m
[23.875s] [ 60%] Built target om_aiv_msg__rosidl_typesupport_introspection_c
[23.957s] [ 61%] [32mBuilding CXX object CMakeFiles/om_aiv_msg__rosidl_typesupport_fastrtps_c.dir/rosidl_typesupport_fastrtps_c/om_aiv_msg/srv/detail/arcl_listen__type_support_c.cpp.o[0m
[24.454s] [ 64%] [32mBuilding CXX object CMakeFiles/om_aiv_msg__rosidl_typesupport_cpp.dir/rosidl_typesupport_cpp/om_aiv_msg/srv/amr_cmd__type_support.cpp.o[0m
[24.454s] [ 64%] [32mBuilding CXX object CMakeFiles/om_aiv_msg__rosidl_typesupport_introspection_cpp.dir/rosidl_typesupport_introspection_cpp/om_aiv_msg/srv/detail/arcl_listen__type_support.cpp.o[0m
[25.107s] [ 66%] [32mBuilding CXX object CMakeFiles/om_aiv_msg__rosidl_typesupport_fastrtps_c.dir/rosidl_typesupport_fastrtps_c/om_aiv_msg/srv/detail/amr_cmd__type_support_c.cpp.o[0m
[25.688s] [ 67%] [32mBuilding CXX object CMakeFiles/om_aiv_msg__rosidl_typesupport_fastrtps_cpp.dir/rosidl_typesupport_fastrtps_cpp/om_aiv_msg/srv/detail/dds_fastrtps/amr_cmd__type_support.cpp.o[0m
[26.329s] [ 69%] [32mBuilding CXX object CMakeFiles/om_aiv_msg__rosidl_typesupport_cpp.dir/rosidl_typesupport_cpp/om_aiv_msg/action/action__type_support.cpp.o[0m
[26.829s] [ 70%] [32mBuilding CXX object CMakeFiles/om_aiv_msg__rosidl_typesupport_fastrtps_c.dir/rosidl_typesupport_fastrtps_c/om_aiv_msg/action/detail/action__type_support_c.cpp.o[0m
[26.930s] [ 71%] [32mBuilding CXX object CMakeFiles/om_aiv_msg__rosidl_typesupport_fastrtps_cpp.dir/rosidl_typesupport_fastrtps_cpp/om_aiv_msg/action/detail/dds_fastrtps/action__type_support.cpp.o[0m
[27.729s] [ 73%] [32mBuilding CXX object CMakeFiles/om_aiv_msg__rosidl_typesupport_introspection_cpp.dir/rosidl_typesupport_introspection_cpp/om_aiv_msg/srv/detail/amr_cmd__type_support.cpp.o[0m
[29.082s] [ 74%] [32m[1mLinking CXX shared library libom_aiv_msg__rosidl_typesupport_cpp.so[0m
[29.402s] [ 76%] [32m[1mLinking CXX shared library libom_aiv_msg__rosidl_typesupport_fastrtps_c.so[0m
[29.405s] [ 76%] Built target om_aiv_msg__rosidl_typesupport_cpp
[29.678s] [ 77%] [32m[1mLinking CXX shared library libom_aiv_msg__rosidl_typesupport_fastrtps_cpp.so[0m
[29.926s] [ 77%] Built target om_aiv_msg__rosidl_typesupport_fastrtps_c
[29.959s] [ 78%] [32mBuilding CXX object CMakeFiles/om_aiv_msg__rosidl_typesupport_introspection_cpp.dir/rosidl_typesupport_introspection_cpp/om_aiv_msg/action/detail/action__type_support.cpp.o[0m
[30.077s] [ 78%] Built target om_aiv_msg__rosidl_typesupport_fastrtps_cpp
[31.795s] [ 80%] [32m[1mLinking CXX shared library libom_aiv_msg__rosidl_typesupport_introspection_cpp.so[0m
[32.076s] [ 80%] Built target om_aiv_msg__rosidl_typesupport_introspection_cpp
[32.137s] [ 80%] Built target om_aiv_msg
[32.203s] [ 81%] [34m[1mGenerating Python code for ROS interfaces[0m
[36.028s] [ 81%] Built target om_aiv_msg__py
[36.089s] [ 83%] [32mBuilding C object CMakeFiles/om_aiv_msg__rosidl_generator_py.dir/rosidl_generator_py/om_aiv_msg/msg/_location_s.c.o[0m
[36.362s] [ 84%] [32mBuilding C object CMakeFiles/om_aiv_msg__rosidl_generator_py.dir/rosidl_generator_py/om_aiv_msg/action/_action_s.c.o[0m
[36.768s] [ 85%] [32mBuilding C object CMakeFiles/om_aiv_msg__rosidl_generator_py.dir/rosidl_generator_py/om_aiv_msg/srv/_amr_cmd_s.c.o[0m
[37.066s] [ 87%] [32mBuilding C object CMakeFiles/om_aiv_msg__rosidl_generator_py.dir/rosidl_generator_py/om_aiv_msg/srv/_arcl_listen_s.c.o[0m
[37.357s] [ 88%] [32mBuilding C object CMakeFiles/om_aiv_msg__rosidl_generator_py.dir/rosidl_generator_py/om_aiv_msg/srv/_arcl_api_s.c.o[0m
[37.649s] [ 90%] [32mBuilding C object CMakeFiles/om_aiv_msg__rosidl_generator_py.dir/rosidl_generator_py/om_aiv_msg/msg/_status_s.c.o[0m
[37.961s] [ 91%] [32m[1mLinking C shared library rosidl_generator_py/om_aiv_msg/libom_aiv_msg__rosidl_generator_py.so[0m
[38.087s] [ 91%] Built target om_aiv_msg__rosidl_generator_py
[38.151s] [ 94%] [32mBuilding C object CMakeFiles/om_aiv_msg__rosidl_typesupport_introspection_c__pyext.dir/rosidl_generator_py/om_aiv_msg/_om_aiv_msg_s.ep.rosidl_typesupport_introspection_c.c.o[0m
[38.152s] [ 94%] [32mBuilding C object CMakeFiles/om_aiv_msg__rosidl_typesupport_fastrtps_c__pyext.dir/rosidl_generator_py/om_aiv_msg/_om_aiv_msg_s.ep.rosidl_typesupport_fastrtps_c.c.o[0m
[38.571s] [ 95%] [32m[1mLinking C shared library rosidl_generator_py/om_aiv_msg/om_aiv_msg_s__rosidl_typesupport_introspection_c.cpython-310-aarch64-linux-gnu.so[0m
[38.599s] [ 97%] [32m[1mLinking C shared library rosidl_generator_py/om_aiv_msg/om_aiv_msg_s__rosidl_typesupport_fastrtps_c.cpython-310-aarch64-linux-gnu.so[0m
[38.714s] [ 97%] Built target om_aiv_msg__rosidl_typesupport_introspection_c__pyext
[38.744s] [ 97%] Built target om_aiv_msg__rosidl_typesupport_fastrtps_c__pyext
[38.782s] [ 98%] [32mBuilding C object CMakeFiles/om_aiv_msg__rosidl_typesupport_c__pyext.dir/rosidl_generator_py/om_aiv_msg/_om_aiv_msg_s.ep.rosidl_typesupport_c.c.o[0m
[39.199s] [100%] [32m[1mLinking C shared library rosidl_generator_py/om_aiv_msg/om_aiv_msg_s__rosidl_typesupport_c.cpython-310-aarch64-linux-gnu.so[0m
[39.317s] [100%] Built target om_aiv_msg__rosidl_typesupport_c__pyext
[39.360s] Invoked command in '/home/akhil/Downloads/omron_moma_ros2/build/om_aiv_msg' returned '0': CMAKE_PREFIX_PATH=/opt/ros/humble /usr/bin/cmake --build /home/akhil/Downloads/omron_moma_ros2/build/om_aiv_msg -- -j6 -l6
[39.370s] Invoking command in '/home/akhil/Downloads/omron_moma_ros2/build/om_aiv_msg': CMAKE_PREFIX_PATH=/opt/ros/humble /usr/bin/cmake --install /home/akhil/Downloads/omron_moma_ros2/build/om_aiv_msg
[39.391s] -- Install configuration: ""
[39.392s] -- Installing: /home/akhil/Downloads/omron_moma_ros2/install/om_aiv_msg/share/ament_index/resource_index/rosidl_interfaces/om_aiv_msg
[39.392s] -- Installing: /home/akhil/Downloads/omron_moma_ros2/install/om_aiv_msg/include/om_aiv_msg/om_aiv_msg
[39.392s] -- Installing: /home/akhil/Downloads/omron_moma_ros2/install/om_aiv_msg/include/om_aiv_msg/om_aiv_msg/action
[39.392s] -- Installing: /home/akhil/Downloads/omron_moma_ros2/install/om_aiv_msg/include/om_aiv_msg/om_aiv_msg/action/detail
[39.393s] -- Installing: /home/akhil/Downloads/omron_moma_ros2/install/om_aiv_msg/include/om_aiv_msg/om_aiv_msg/action/detail/action__type_support.h
[39.393s] -- Installing: /home/akhil/Downloads/omron_moma_ros2/install/om_aiv_msg/include/om_aiv_msg/om_aiv_msg/action/detail/action__functions.h
[39.393s] -- Installing: /home/akhil/Downloads/omron_moma_ros2/install/om_aiv_msg/include/om_aiv_msg/om_aiv_msg/action/detail/action__struct.h
[39.393s] -- Installing: /home/akhil/Downloads/omron_moma_ros2/install/om_aiv_msg/include/om_aiv_msg/om_aiv_msg/action/detail/action__functions.c
[39.394s] -- Installing: /home/akhil/Downloads/omron_moma_ros2/install/om_aiv_msg/include/om_aiv_msg/om_aiv_msg/action/action.h
[39.394s] -- Installing: /home/akhil/Downloads/omron_moma_ros2/install/om_aiv_msg/include/om_aiv_msg/om_aiv_msg/msg
[39.395s] -- Installing: /home/akhil/Downloads/omron_moma_ros2/install/om_aiv_msg/include/om_aiv_msg/om_aiv_msg/msg/rosidl_generator_c__visibility_control.h
[39.395s] -- Installing: /home/akhil/Downloads/omron_moma_ros2/install/om_aiv_msg/include/om_aiv_msg/om_aiv_msg/msg/detail
[39.395s] -- Installing: /home/akhil/Downloads/omron_moma_ros2/install/om_aiv_msg/include/om_aiv_msg/om_aiv_msg/msg/detail/status__functions.c
[39.395s] -- Installing: /home/akhil/Downloads/omron_moma_ros2/install/om_aiv_msg/include/om_aiv_msg/om_aiv_msg/msg/detail/location__functions.c
[39.396s] -- Installing: /home/akhil/Downloads/omron_moma_ros2/install/om_aiv_msg/include/om_aiv_msg/om_aiv_msg/msg/detail/location__type_support.h
[39.402s] -- Installing: /home/akhil/Downloads/omron_moma_ros2/install/om_aiv_msg/include/om_aiv_msg/om_aiv_msg/msg/detail/status__functions.h
[39.402s] -- Installing: /home/akhil/Downloads/omron_moma_ros2/install/om_aiv_msg/include/om_aiv_msg/om_aiv_msg/msg/detail/status__type_support.h
[39.403s] -- Installing: /home/akhil/Downloads/omron_moma_ros2/install/om_aiv_msg/include/om_aiv_msg/om_aiv_msg/msg/detail/location__struct.h
[39.403s] -- Installing: /home/akhil/Downloads/omron_moma_ros2/install/om_aiv_msg/include/om_aiv_msg/om_aiv_msg/msg/detail/location__functions.h
[39.403s] -- Installing: /home/akhil/Downloads/omron_moma_ros2/install/om_aiv_msg/include/om_aiv_msg/om_aiv_msg/msg/detail/status__struct.h
[39.403s] -- Installing: /home/akhil/Downloads/omron_moma_ros2/install/om_aiv_msg/include/om_aiv_msg/om_aiv_msg/msg/status.h
[39.405s] -- Installing: /home/akhil/Downloads/omron_moma_ros2/install/om_aiv_msg/include/om_aiv_msg/om_aiv_msg/msg/location.h
[39.405s] -- Installing: /home/akhil/Downloads/omron_moma_ros2/install/om_aiv_msg/include/om_aiv_msg/om_aiv_msg/srv
[39.405s] -- Installing: /home/akhil/Downloads/omron_moma_ros2/install/om_aiv_msg/include/om_aiv_msg/om_aiv_msg/srv/amr_cmd.h
[39.405s] -- Installing: /home/akhil/Downloads/omron_moma_ros2/install/om_aiv_msg/include/om_aiv_msg/om_aiv_msg/srv/arcl_listen.h
[39.406s] -- Installing: /home/akhil/Downloads/omron_moma_ros2/install/om_aiv_msg/include/om_aiv_msg/om_aiv_msg/srv/detail
[39.406s] -- Installing: /home/akhil/Downloads/omron_moma_ros2/install/om_aiv_msg/include/om_aiv_msg/om_aiv_msg/srv/detail/amr_cmd__functions.h
[39.406s] -- Installing: /home/akhil/Downloads/omron_moma_ros2/install/om_aiv_msg/include/om_aiv_msg/om_aiv_msg/srv/detail/arcl_api__functions.c
[39.406s] -- Installing: /home/akhil/Downloads/omron_moma_ros2/install/om_aiv_msg/include/om_aiv_msg/om_aiv_msg/srv/detail/amr_cmd__type_support.h
[39.406s] -- Installing: /home/akhil/Downloads/omron_moma_ros2/install/om_aiv_msg/include/om_aiv_msg/om_aiv_msg/srv/detail/amr_cmd__struct.h
[39.407s] -- Installing: /home/akhil/Downloads/omron_moma_ros2/install/om_aiv_msg/include/om_aiv_msg/om_aiv_msg/srv/detail/arcl_api__type_support.h
[39.407s] -- Installing: /home/akhil/Downloads/omron_moma_ros2/install/om_aiv_msg/include/om_aiv_msg/om_aiv_msg/srv/detail/arcl_api__functions.h
[39.407s] -- Installing: /home/akhil/Downloads/omron_moma_ros2/install/om_aiv_msg/include/om_aiv_msg/om_aiv_msg/srv/detail/arcl_listen__functions.h
[39.407s] -- Installing: /home/akhil/Downloads/omron_moma_ros2/install/om_aiv_msg/include/om_aiv_msg/om_aiv_msg/srv/detail/arcl_listen__struct.h
[39.407s] -- Installing: /home/akhil/Downloads/omron_moma_ros2/install/om_aiv_msg/include/om_aiv_msg/om_aiv_msg/srv/detail/arcl_listen__functions.c
[39.408s] -- Installing: /home/akhil/Downloads/omron_moma_ros2/install/om_aiv_msg/include/om_aiv_msg/om_aiv_msg/srv/detail/amr_cmd__functions.c
[39.408s] -- Installing: /home/akhil/Downloads/omron_moma_ros2/install/om_aiv_msg/include/om_aiv_msg/om_aiv_msg/srv/detail/arcl_listen__type_support.h
[39.408s] -- Installing: /home/akhil/Downloads/omron_moma_ros2/install/om_aiv_msg/include/om_aiv_msg/om_aiv_msg/srv/detail/arcl_api__struct.h
[39.408s] -- Installing: /home/akhil/Downloads/omron_moma_ros2/install/om_aiv_msg/include/om_aiv_msg/om_aiv_msg/srv/arcl_api.h
[39.409s] -- Installing: /home/akhil/Downloads/omron_moma_ros2/install/om_aiv_msg/share/om_aiv_msg/environment/library_path.sh
[39.409s] -- Installing: /home/akhil/Downloads/omron_moma_ros2/install/om_aiv_msg/share/om_aiv_msg/environment/library_path.dsv
[39.409s] -- Installing: /home/akhil/Downloads/omron_moma_ros2/install/om_aiv_msg/lib/libom_aiv_msg__rosidl_generator_c.so
[39.409s] -- Set runtime path of "/home/akhil/Downloads/omron_moma_ros2/install/om_aiv_msg/lib/libom_aiv_msg__rosidl_generator_c.so" to ""
[39.409s] -- Up-to-date: /home/akhil/Downloads/omron_moma_ros2/install/om_aiv_msg/include/om_aiv_msg/om_aiv_msg
[39.409s] -- Up-to-date: /home/akhil/Downloads/omron_moma_ros2/install/om_aiv_msg/include/om_aiv_msg/om_aiv_msg/action
[39.410s] -- Up-to-date: /home/akhil/Downloads/omron_moma_ros2/install/om_aiv_msg/include/om_aiv_msg/om_aiv_msg/action/detail
[39.410s] -- Installing: /home/akhil/Downloads/omron_moma_ros2/install/om_aiv_msg/include/om_aiv_msg/om_aiv_msg/action/detail/action__rosidl_typesupport_fastrtps_c.h
[39.412s] -- Up-to-date: /home/akhil/Downloads/omron_moma_ros2/install/om_aiv_msg/include/om_aiv_msg/om_aiv_msg/msg
[39.413s] -- Up-to-date: /home/akhil/Downloads/omron_moma_ros2/install/om_aiv_msg/include/om_aiv_msg/om_aiv_msg/msg/detail
[39.414s] -- Installing: /home/akhil/Downloads/omron_moma_ros2/install/om_aiv_msg/include/om_aiv_msg/om_aiv_msg/msg/detail/location__rosidl_typesupport_fastrtps_c.h
[39.414s] -- Installing: /home/akhil/Downloads/omron_moma_ros2/install/om_aiv_msg/include/om_aiv_msg/om_aiv_msg/msg/detail/status__rosidl_typesupport_fastrtps_c.h
[39.414s] -- Installing: /home/akhil/Downloads/omron_moma_ros2/install/om_aiv_msg/include/om_aiv_msg/om_aiv_msg/msg/rosidl_typesupport_fastrtps_c__visibility_control.h
[39.414s] -- Up-to-date: /home/akhil/Downloads/omron_moma_ros2/install/om_aiv_msg/include/om_aiv_msg/om_aiv_msg/srv
[39.414s] -- Up-to-date: /home/akhil/Downloads/omron_moma_ros2/install/om_aiv_msg/include/om_aiv_msg/om_aiv_msg/srv/detail
[39.415s] -- Installing: /home/akhil/Downloads/omron_moma_ros2/install/om_aiv_msg/include/om_aiv_msg/om_aiv_msg/srv/detail/amr_cmd__rosidl_typesupport_fastrtps_c.h
[39.415s] -- Installing: /home/akhil/Downloads/omron_moma_ros2/install/om_aiv_msg/include/om_aiv_msg/om_aiv_msg/srv/detail/arcl_api__rosidl_typesupport_fastrtps_c.h
[39.415s] -- Installing: /home/akhil/Downloads/omron_moma_ros2/install/om_aiv_msg/include/om_aiv_msg/om_aiv_msg/srv/detail/arcl_listen__rosidl_typesupport_fastrtps_c.h
[39.415s] -- Installing: /home/akhil/Downloads/omron_moma_ros2/install/om_aiv_msg/lib/libom_aiv_msg__rosidl_typesupport_fastrtps_c.so
[39.415s] -- Set runtime path of "/home/akhil/Downloads/omron_moma_ros2/install/om_aiv_msg/lib/libom_aiv_msg__rosidl_typesupport_fastrtps_c.so" to ""
[39.415s] -- Up-to-date: /home/akhil/Downloads/omron_moma_ros2/install/om_aiv_msg/include/om_aiv_msg/om_aiv_msg
[39.417s] -- Up-to-date: /home/akhil/Downloads/omron_moma_ros2/install/om_aiv_msg/include/om_aiv_msg/om_aiv_msg/action
[39.417s] -- Up-to-date: /home/akhil/Downloads/omron_moma_ros2/install/om_aiv_msg/include/om_aiv_msg/om_aiv_msg/action/detail
[39.418s] -- Installing: /home/akhil/Downloads/omron_moma_ros2/install/om_aiv_msg/include/om_aiv_msg/om_aiv_msg/action/detail/action__builder.hpp
[39.419s] -- Installing: /home/akhil/Downloads/omron_moma_ros2/install/om_aiv_msg/include/om_aiv_msg/om_aiv_msg/action/detail/action__traits.hpp
[39.419s] -- Installing: /home/akhil/Downloads/omron_moma_ros2/install/om_aiv_msg/include/om_aiv_msg/om_aiv_msg/action/detail/action__struct.hpp
[39.419s] -- Installing: /home/akhil/Downloads/omron_moma_ros2/install/om_aiv_msg/include/om_aiv_msg/om_aiv_msg/action/detail/action__type_support.hpp
[39.419s] -- Installing: /home/akhil/Downloads/omron_moma_ros2/install/om_aiv_msg/include/om_aiv_msg/om_aiv_msg/action/action.hpp
[39.420s] -- Up-to-date: /home/akhil/Downloads/omron_moma_ros2/install/om_aiv_msg/include/om_aiv_msg/om_aiv_msg/msg
[39.420s] -- Installing: /home/akhil/Downloads/omron_moma_ros2/install/om_aiv_msg/include/om_aiv_msg/om_aiv_msg/msg/rosidl_generator_cpp__visibility_control.hpp
[39.420s] -- Installing: /home/akhil/Downloads/omron_moma_ros2/install/om_aiv_msg/include/om_aiv_msg/om_aiv_msg/msg/location.hpp
[39.420s] -- Up-to-date: /home/akhil/Downloads/omron_moma_ros2/install/om_aiv_msg/include/om_aiv_msg/om_aiv_msg/msg/detail
[39.420s] -- Installing: /home/akhil/Downloads/omron_moma_ros2/install/om_aiv_msg/include/om_aiv_msg/om_aiv_msg/msg/detail/status__struct.hpp
[39.421s] -- Installing: /home/akhil/Downloads/omron_moma_ros2/install/om_aiv_msg/include/om_aiv_msg/om_aiv_msg/msg/detail/location__traits.hpp
[39.421s] -- Installing: /home/akhil/Downloads/omron_moma_ros2/install/om_aiv_msg/include/om_aiv_msg/om_aiv_msg/msg/detail/status__traits.hpp
[39.421s] -- Installing: /home/akhil/Downloads/omron_moma_ros2/install/om_aiv_msg/include/om_aiv_msg/om_aiv_msg/msg/detail/location__struct.hpp
[39.421s] -- Installing: /home/akhil/Downloads/omron_moma_ros2/install/om_aiv_msg/include/om_aiv_msg/om_aiv_msg/msg/detail/status__type_support.hpp
[39.421s] -- Installing: /home/akhil/Downloads/omron_moma_ros2/install/om_aiv_msg/include/om_aiv_msg/om_aiv_msg/msg/detail/location__type_support.hpp
[39.422s] -- Installing: /home/akhil/Downloads/omron_moma_ros2/install/om_aiv_msg/include/om_aiv_msg/om_aiv_msg/msg/detail/status__builder.hpp
[39.422s] -- Installing: /home/akhil/Downloads/omron_moma_ros2/install/om_aiv_msg/include/om_aiv_msg/om_aiv_msg/msg/detail/location__builder.hpp
[39.422s] -- Installing: /home/akhil/Downloads/omron_moma_ros2/install/om_aiv_msg/include/om_aiv_msg/om_aiv_msg/msg/status.hpp
[39.422s] -- Up-to-date: /home/akhil/Downloads/omron_moma_ros2/install/om_aiv_msg/include/om_aiv_msg/om_aiv_msg/srv
[39.422s] -- Installing: /home/akhil/Downloads/omron_moma_ros2/install/om_aiv_msg/include/om_aiv_msg/om_aiv_msg/srv/arcl_api.hpp
[39.423s] -- Installing: /home/akhil/Downloads/omron_moma_ros2/install/om_aiv_msg/include/om_aiv_msg/om_aiv_msg/srv/amr_cmd.hpp
[39.423s] -- Up-to-date: /home/akhil/Downloads/omron_moma_ros2/install/om_aiv_msg/include/om_aiv_msg/om_aiv_msg/srv/detail
[39.423s] -- Installing: /home/akhil/Downloads/omron_moma_ros2/install/om_aiv_msg/include/om_aiv_msg/om_aiv_msg/srv/detail/arcl_listen__struct.hpp
[39.423s] -- Installing: /home/akhil/Downloads/omron_moma_ros2/install/om_aiv_msg/include/om_aiv_msg/om_aiv_msg/srv/detail/arcl_api__struct.hpp
[39.423s] -- Installing: /home/akhil/Downloads/omron_moma_ros2/install/om_aiv_msg/include/om_aiv_msg/om_aiv_msg/srv/detail/arcl_api__type_support.hpp
[39.424s] -- Installing: /home/akhil/Downloads/omron_moma_ros2/install/om_aiv_msg/include/om_aiv_msg/om_aiv_msg/srv/detail/arcl_listen__traits.hpp
[39.424s] -- Installing: /home/akhil/Downloads/omron_moma_ros2/install/om_aiv_msg/include/om_aiv_msg/om_aiv_msg/srv/detail/amr_cmd__type_support.hpp
[39.424s] -- Installing: /home/akhil/Downloads/omron_moma_ros2/install/om_aiv_msg/include/om_aiv_msg/om_aiv_msg/srv/detail/arcl_listen__builder.hpp
[39.424s] -- Installing: /home/akhil/Downloads/omron_moma_ros2/install/om_aiv_msg/include/om_aiv_msg/om_aiv_msg/srv/detail/amr_cmd__builder.hpp
[39.425s] -- Installing: /home/akhil/Downloads/omron_moma_ros2/install/om_aiv_msg/include/om_aiv_msg/om_aiv_msg/srv/detail/amr_cmd__traits.hpp
[39.425s] -- Installing: /home/akhil/Downloads/omron_moma_ros2/install/om_aiv_msg/include/om_aiv_msg/om_aiv_msg/srv/detail/arcl_api__builder.hpp
[39.425s] -- Installing: /home/akhil/Downloads/omron_moma_ros2/install/om_aiv_msg/include/om_aiv_msg/om_aiv_msg/srv/detail/amr_cmd__struct.hpp
[39.425s] -- Installing: /home/akhil/Downloads/omron_moma_ros2/install/om_aiv_msg/include/om_aiv_msg/om_aiv_msg/srv/detail/arcl_api__traits.hpp
[39.425s] -- Installing: /home/akhil/Downloads/omron_moma_ros2/install/om_aiv_msg/include/om_aiv_msg/om_aiv_msg/srv/detail/arcl_listen__type_support.hpp
[39.425s] -- Installing: /home/akhil/Downloads/omron_moma_ros2/install/om_aiv_msg/include/om_aiv_msg/om_aiv_msg/srv/arcl_listen.hpp
[39.426s] -- Up-to-date: /home/akhil/Downloads/omron_moma_ros2/install/om_aiv_msg/include/om_aiv_msg/om_aiv_msg
[39.426s] -- Up-to-date: /home/akhil/Downloads/omron_moma_ros2/install/om_aiv_msg/include/om_aiv_msg/om_aiv_msg/action
[39.426s] -- Up-to-date: /home/akhil/Downloads/omron_moma_ros2/install/om_aiv_msg/include/om_aiv_msg/om_aiv_msg/action/detail
[39.426s] -- Installing: /home/akhil/Downloads/omron_moma_ros2/install/om_aiv_msg/include/om_aiv_msg/om_aiv_msg/action/detail/dds_fastrtps
[39.426s] -- Installing: /home/akhil/Downloads/omron_moma_ros2/install/om_aiv_msg/include/om_aiv_msg/om_aiv_msg/action/detail/action__rosidl_typesupport_fastrtps_cpp.hpp
[39.426s] -- Up-to-date: /home/akhil/Downloads/omron_moma_ros2/install/om_aiv_msg/include/om_aiv_msg/om_aiv_msg/msg
[39.426s] -- Up-to-date: /home/akhil/Downloads/omron_moma_ros2/install/om_aiv_msg/include/om_aiv_msg/om_aiv_msg/msg/detail
[39.427s] -- Installing: /home/akhil/Downloads/omron_moma_ros2/install/om_aiv_msg/include/om_aiv_msg/om_aiv_msg/msg/detail/dds_fastrtps
[39.427s] -- Installing: /home/akhil/Downloads/omron_moma_ros2/install/om_aiv_msg/include/om_aiv_msg/om_aiv_msg/msg/detail/status__rosidl_typesupport_fastrtps_cpp.hpp
[39.427s] -- Installing: /home/akhil/Downloads/omron_moma_ros2/install/om_aiv_msg/include/om_aiv_msg/om_aiv_msg/msg/detail/location__rosidl_typesupport_fastrtps_cpp.hpp
[39.427s] -- Installing: /home/akhil/Downloads/omron_moma_ros2/install/om_aiv_msg/include/om_aiv_msg/om_aiv_msg/msg/rosidl_typesupport_fastrtps_cpp__visibility_control.h
[39.427s] -- Up-to-date: /home/akhil/Downloads/omron_moma_ros2/install/om_aiv_msg/include/om_aiv_msg/om_aiv_msg/srv
[39.428s] -- Up-to-date: /home/akhil/Downloads/omron_moma_ros2/install/om_aiv_msg/include/om_aiv_msg/om_aiv_msg/srv/detail
[39.428s] -- Installing: /home/akhil/Downloads/omron_moma_ros2/install/om_aiv_msg/include/om_aiv_msg/om_aiv_msg/srv/detail/dds_fastrtps
[39.428s] -- Installing: /home/akhil/Downloads/omron_moma_ros2/install/om_aiv_msg/include/om_aiv_msg/om_aiv_msg/srv/detail/arcl_listen__rosidl_typesupport_fastrtps_cpp.hpp
[39.428s] -- Installing: /home/akhil/Downloads/omron_moma_ros2/install/om_aiv_msg/include/om_aiv_msg/om_aiv_msg/srv/detail/arcl_api__rosidl_typesupport_fastrtps_cpp.hpp
[39.428s] -- Installing: /home/akhil/Downloads/omron_moma_ros2/install/om_aiv_msg/include/om_aiv_msg/om_aiv_msg/srv/detail/amr_cmd__rosidl_typesupport_fastrtps_cpp.hpp
[39.429s] -- Installing: /home/akhil/Downloads/omron_moma_ros2/install/om_aiv_msg/lib/libom_aiv_msg__rosidl_typesupport_fastrtps_cpp.so
[39.429s] -- Set runtime path of "/home/akhil/Downloads/omron_moma_ros2/install/om_aiv_msg/lib/libom_aiv_msg__rosidl_typesupport_fastrtps_cpp.so" to ""
[39.429s] -- Up-to-date: /home/akhil/Downloads/omron_moma_ros2/install/om_aiv_msg/include/om_aiv_msg/om_aiv_msg
[39.429s] -- Up-to-date: /home/akhil/Downloads/omron_moma_ros2/install/om_aiv_msg/include/om_aiv_msg/om_aiv_msg/action
[39.429s] -- Up-to-date: /home/akhil/Downloads/omron_moma_ros2/install/om_aiv_msg/include/om_aiv_msg/om_aiv_msg/action/detail
[39.430s] -- Installing: /home/akhil/Downloads/omron_moma_ros2/install/om_aiv_msg/include/om_aiv_msg/om_aiv_msg/action/detail/action__type_support.c
[39.430s] -- Installing: /home/akhil/Downloads/omron_moma_ros2/install/om_aiv_msg/include/om_aiv_msg/om_aiv_msg/action/detail/action__rosidl_typesupport_introspection_c.h
[39.430s] -- Up-to-date: /home/akhil/Downloads/omron_moma_ros2/install/om_aiv_msg/include/om_aiv_msg/om_aiv_msg/msg
[39.430s] -- Up-to-date: /home/akhil/Downloads/omron_moma_ros2/install/om_aiv_msg/include/om_aiv_msg/om_aiv_msg/msg/detail
[39.430s] -- Installing: /home/akhil/Downloads/omron_moma_ros2/install/om_aiv_msg/include/om_aiv_msg/om_aiv_msg/msg/detail/location__type_support.c
[39.431s] -- Installing: /home/akhil/Downloads/omron_moma_ros2/install/om_aiv_msg/include/om_aiv_msg/om_aiv_msg/msg/detail/status__type_support.c
[39.431s] -- Installing: /home/akhil/Downloads/omron_moma_ros2/install/om_aiv_msg/include/om_aiv_msg/om_aiv_msg/msg/detail/location__rosidl_typesupport_introspection_c.h
[39.431s] -- Installing: /home/akhil/Downloads/omron_moma_ros2/install/om_aiv_msg/include/om_aiv_msg/om_aiv_msg/msg/detail/status__rosidl_typesupport_introspection_c.h
[39.431s] -- Installing: /home/akhil/Downloads/omron_moma_ros2/install/om_aiv_msg/include/om_aiv_msg/om_aiv_msg/msg/rosidl_typesupport_introspection_c__visibility_control.h
[39.431s] -- Up-to-date: /home/akhil/Downloads/omron_moma_ros2/install/om_aiv_msg/include/om_aiv_msg/om_aiv_msg/srv
[39.431s] -- Up-to-date: /home/akhil/Downloads/omron_moma_ros2/install/om_aiv_msg/include/om_aiv_msg/om_aiv_msg/srv/detail
[39.431s] -- Installing: /home/akhil/Downloads/omron_moma_ros2/install/om_aiv_msg/include/om_aiv_msg/om_aiv_msg/srv/detail/arcl_api__type_support.c
[39.432s] -- Installing: /home/akhil/Downloads/omron_moma_ros2/install/om_aiv_msg/include/om_aiv_msg/om_aiv_msg/srv/detail/arcl_listen__rosidl_typesupport_introspection_c.h
[39.432s] -- Installing: /home/akhil/Downloads/omron_moma_ros2/install/om_aiv_msg/include/om_aiv_msg/om_aiv_msg/srv/detail/amr_cmd__rosidl_typesupport_introspection_c.h
[39.432s] -- Installing: /home/akhil/Downloads/omron_moma_ros2/install/om_aiv_msg/include/om_aiv_msg/om_aiv_msg/srv/detail/arcl_api__rosidl_typesupport_introspection_c.h
[39.432s] -- Installing: /home/akhil/Downloads/omron_moma_ros2/install/om_aiv_msg/include/om_aiv_msg/om_aiv_msg/srv/detail/amr_cmd__type_support.c
[39.432s] -- Installing: /home/akhil/Downloads/omron_moma_ros2/install/om_aiv_msg/include/om_aiv_msg/om_aiv_msg/srv/detail/arcl_listen__type_support.c
[39.432s] -- Installing: /home/akhil/Downloads/omron_moma_ros2/install/om_aiv_msg/lib/libom_aiv_msg__rosidl_typesupport_introspection_c.so
[39.433s] -- Set runtime path of "/home/akhil/Downloads/omron_moma_ros2/install/om_aiv_msg/lib/libom_aiv_msg__rosidl_typesupport_introspection_c.so" to ""
[39.433s] -- Installing: /home/akhil/Downloads/omron_moma_ros2/install/om_aiv_msg/lib/libom_aiv_msg__rosidl_typesupport_c.so
[39.434s] -- Set runtime path of "/home/akhil/Downloads/omron_moma_ros2/install/om_aiv_msg/lib/libom_aiv_msg__rosidl_typesupport_c.so" to ""
[39.434s] -- Up-to-date: /home/akhil/Downloads/omron_moma_ros2/install/om_aiv_msg/include/om_aiv_msg/om_aiv_msg
[39.434s] -- Up-to-date: /home/akhil/Downloads/omron_moma_ros2/install/om_aiv_msg/include/om_aiv_msg/om_aiv_msg/action
[39.435s] -- Up-to-date: /home/akhil/Downloads/omron_moma_ros2/install/om_aiv_msg/include/om_aiv_msg/om_aiv_msg/action/detail
[39.435s] -- Installing: /home/akhil/Downloads/omron_moma_ros2/install/om_aiv_msg/include/om_aiv_msg/om_aiv_msg/action/detail/action__type_support.cpp
[39.435s] -- Installing: /home/akhil/Downloads/omron_moma_ros2/install/om_aiv_msg/include/om_aiv_msg/om_aiv_msg/action/detail/action__rosidl_typesupport_introspection_cpp.hpp
[39.435s] -- Up-to-date: /home/akhil/Downloads/omron_moma_ros2/install/om_aiv_msg/include/om_aiv_msg/om_aiv_msg/msg
[39.435s] -- Up-to-date: /home/akhil/Downloads/omron_moma_ros2/install/om_aiv_msg/include/om_aiv_msg/om_aiv_msg/msg/detail
[39.436s] -- Installing: /home/akhil/Downloads/omron_moma_ros2/install/om_aiv_msg/include/om_aiv_msg/om_aiv_msg/msg/detail/location__rosidl_typesupport_introspection_cpp.hpp
[39.436s] -- Installing: /home/akhil/Downloads/omron_moma_ros2/install/om_aiv_msg/include/om_aiv_msg/om_aiv_msg/msg/detail/status__rosidl_typesupport_introspection_cpp.hpp
[39.436s] -- Installing: /home/akhil/Downloads/omron_moma_ros2/install/om_aiv_msg/include/om_aiv_msg/om_aiv_msg/msg/detail/status__type_support.cpp
[39.436s] -- Installing: /home/akhil/Downloads/omron_moma_ros2/install/om_aiv_msg/include/om_aiv_msg/om_aiv_msg/msg/detail/location__type_support.cpp
[39.437s] -- Up-to-date: /home/akhil/Downloads/omron_moma_ros2/install/om_aiv_msg/include/om_aiv_msg/om_aiv_msg/srv
[39.437s] -- Up-to-date: /home/akhil/Downloads/omron_moma_ros2/install/om_aiv_msg/include/om_aiv_msg/om_aiv_msg/srv/detail
[39.437s] -- Installing: /home/akhil/Downloads/omron_moma_ros2/install/om_aiv_msg/include/om_aiv_msg/om_aiv_msg/srv/detail/arcl_api__rosidl_typesupport_introspection_cpp.hpp
[39.437s] -- Installing: /home/akhil/Downloads/omron_moma_ros2/install/om_aiv_msg/include/om_aiv_msg/om_aiv_msg/srv/detail/arcl_listen__type_support.cpp
[39.437s] -- Installing: /home/akhil/Downloads/omron_moma_ros2/install/om_aiv_msg/include/om_aiv_msg/om_aiv_msg/srv/detail/amr_cmd__type_support.cpp
[39.438s] -- Installing: /home/akhil/Downloads/omron_moma_ros2/install/om_aiv_msg/include/om_aiv_msg/om_aiv_msg/srv/detail/arcl_api__type_support.cpp
[39.438s] -- Installing: /home/akhil/Downloads/omron_moma_ros2/install/om_aiv_msg/include/om_aiv_msg/om_aiv_msg/srv/detail/arcl_listen__rosidl_typesupport_introspection_cpp.hpp
[39.438s] -- Installing: /home/akhil/Downloads/omron_moma_ros2/install/om_aiv_msg/include/om_aiv_msg/om_aiv_msg/srv/detail/amr_cmd__rosidl_typesupport_introspection_cpp.hpp
[39.439s] -- Installing: /home/akhil/Downloads/omron_moma_ros2/install/om_aiv_msg/lib/libom_aiv_msg__rosidl_typesupport_introspection_cpp.so
[39.440s] -- Set runtime path of "/home/akhil/Downloads/omron_moma_ros2/install/om_aiv_msg/lib/libom_aiv_msg__rosidl_typesupport_introspection_cpp.so" to ""
[39.441s] -- Installing: /home/akhil/Downloads/omron_moma_ros2/install/om_aiv_msg/lib/libom_aiv_msg__rosidl_typesupport_cpp.so
[39.441s] -- Set runtime path of "/home/akhil/Downloads/omron_moma_ros2/install/om_aiv_msg/lib/libom_aiv_msg__rosidl_typesupport_cpp.so" to ""
[39.441s] -- Installing: /home/akhil/Downloads/omron_moma_ros2/install/om_aiv_msg/share/om_aiv_msg/environment/pythonpath.sh
[39.441s] -- Installing: /home/akhil/Downloads/omron_moma_ros2/install/om_aiv_msg/share/om_aiv_msg/environment/pythonpath.dsv
[39.442s] -- Installing: /home/akhil/Downloads/omron_moma_ros2/install/om_aiv_msg/local/lib/python3.10/dist-packages/om_aiv_msg-0.0.0-py3.10.egg-info
[39.442s] -- Installing: /home/akhil/Downloads/omron_moma_ros2/install/om_aiv_msg/local/lib/python3.10/dist-packages/om_aiv_msg-0.0.0-py3.10.egg-info/top_level.txt
[39.442s] -- Installing: /home/akhil/Downloads/omron_moma_ros2/install/om_aiv_msg/local/lib/python3.10/dist-packages/om_aiv_msg-0.0.0-py3.10.egg-info/SOURCES.txt
[39.443s] -- Installing: /home/akhil/Downloads/omron_moma_ros2/install/om_aiv_msg/local/lib/python3.10/dist-packages/om_aiv_msg-0.0.0-py3.10.egg-info/PKG-INFO
[39.443s] -- Installing: /home/akhil/Downloads/omron_moma_ros2/install/om_aiv_msg/local/lib/python3.10/dist-packages/om_aiv_msg-0.0.0-py3.10.egg-info/dependency_links.txt
[39.443s] -- Installing: /home/akhil/Downloads/omron_moma_ros2/install/om_aiv_msg/local/lib/python3.10/dist-packages/om_aiv_msg
[39.444s] -- Installing: /home/akhil/Downloads/omron_moma_ros2/install/om_aiv_msg/local/lib/python3.10/dist-packages/om_aiv_msg/_om_aiv_msg_s.ep.rosidl_typesupport_c.c
[39.444s] -- Installing: /home/akhil/Downloads/omron_moma_ros2/install/om_aiv_msg/local/lib/python3.10/dist-packages/om_aiv_msg/_om_aiv_msg_s.ep.rosidl_typesupport_introspection_c.c
[39.445s] -- Installing: /home/akhil/Downloads/omron_moma_ros2/install/om_aiv_msg/local/lib/python3.10/dist-packages/om_aiv_msg/om_aiv_msg_s__rosidl_typesupport_introspection_c.cpython-310-aarch64-linux-gnu.so
[39.445s] -- Installing: /home/akhil/Downloads/omron_moma_ros2/install/om_aiv_msg/local/lib/python3.10/dist-packages/om_aiv_msg/action
[39.445s] -- Installing: /home/akhil/Downloads/omron_moma_ros2/install/om_aiv_msg/local/lib/python3.10/dist-packages/om_aiv_msg/action/_action_s.c
[39.446s] -- Installing: /home/akhil/Downloads/omron_moma_ros2/install/om_aiv_msg/local/lib/python3.10/dist-packages/om_aiv_msg/action/_action.py
[39.446s] -- Installing: /home/akhil/Downloads/omron_moma_ros2/install/om_aiv_msg/local/lib/python3.10/dist-packages/om_aiv_msg/action/__init__.py
[39.446s] -- Installing: /home/akhil/Downloads/omron_moma_ros2/install/om_aiv_msg/local/lib/python3.10/dist-packages/om_aiv_msg/msg
[39.447s] -- Installing: /home/akhil/Downloads/omron_moma_ros2/install/om_aiv_msg/local/lib/python3.10/dist-packages/om_aiv_msg/msg/_location_s.c
[39.447s] -- Installing: /home/akhil/Downloads/omron_moma_ros2/install/om_aiv_msg/local/lib/python3.10/dist-packages/om_aiv_msg/msg/_status.py
[39.447s] -- Installing: /home/akhil/Downloads/omron_moma_ros2/install/om_aiv_msg/local/lib/python3.10/dist-packages/om_aiv_msg/msg/_status_s.c
[39.448s] -- Installing: /home/akhil/Downloads/omron_moma_ros2/install/om_aiv_msg/local/lib/python3.10/dist-packages/om_aiv_msg/msg/_location.py
[39.448s] -- Installing: /home/akhil/Downloads/omron_moma_ros2/install/om_aiv_msg/local/lib/python3.10/dist-packages/om_aiv_msg/msg/__init__.py
[39.448s] -- Installing: /home/akhil/Downloads/omron_moma_ros2/install/om_aiv_msg/local/lib/python3.10/dist-packages/om_aiv_msg/libom_aiv_msg__rosidl_generator_py.so
[39.449s] -- Installing: /home/akhil/Downloads/omron_moma_ros2/install/om_aiv_msg/local/lib/python3.10/dist-packages/om_aiv_msg/om_aiv_msg_s__rosidl_typesupport_fastrtps_c.cpython-310-aarch64-linux-gnu.so
[39.449s] -- Installing: /home/akhil/Downloads/omron_moma_ros2/install/om_aiv_msg/local/lib/python3.10/dist-packages/om_aiv_msg/om_aiv_msg_s__rosidl_typesupport_c.cpython-310-aarch64-linux-gnu.so
[39.450s] -- Installing: /home/akhil/Downloads/omron_moma_ros2/install/om_aiv_msg/local/lib/python3.10/dist-packages/om_aiv_msg/_om_aiv_msg_s.ep.rosidl_typesupport_fastrtps_c.c
[39.450s] -- Installing: /home/akhil/Downloads/omron_moma_ros2/install/om_aiv_msg/local/lib/python3.10/dist-packages/om_aiv_msg/srv
[39.450s] -- Installing: /home/akhil/Downloads/omron_moma_ros2/install/om_aiv_msg/local/lib/python3.10/dist-packages/om_aiv_msg/srv/_arcl_listen.py
[39.451s] -- Installing: /home/akhil/Downloads/omron_moma_ros2/install/om_aiv_msg/local/lib/python3.10/dist-packages/om_aiv_msg/srv/_arcl_api.py
[39.451s] -- Installing: /home/akhil/Downloads/omron_moma_ros2/install/om_aiv_msg/local/lib/python3.10/dist-packages/om_aiv_msg/srv/_arcl_api_s.c
[39.451s] -- Installing: /home/akhil/Downloads/omron_moma_ros2/install/om_aiv_msg/local/lib/python3.10/dist-packages/om_aiv_msg/srv/_amr_cmd_s.c
[39.452s] -- Installing: /home/akhil/Downloads/omron_moma_ros2/install/om_aiv_msg/local/lib/python3.10/dist-packages/om_aiv_msg/srv/_arcl_listen_s.c
[39.452s] -- Installing: /home/akhil/Downloads/omron_moma_ros2/install/om_aiv_msg/local/lib/python3.10/dist-packages/om_aiv_msg/srv/_amr_cmd.py
[39.452s] -- Installing: /home/akhil/Downloads/omron_moma_ros2/install/om_aiv_msg/local/lib/python3.10/dist-packages/om_aiv_msg/srv/__init__.py
[39.453s] -- Installing: /home/akhil/Downloads/omron_moma_ros2/install/om_aiv_msg/local/lib/python3.10/dist-packages/om_aiv_msg/__init__.py
[39.579s] Listing '/home/akhil/Downloads/omron_moma_ros2/install/om_aiv_msg/local/lib/python3.10/dist-packages/om_aiv_msg'...
[39.580s] Compiling '/home/akhil/Downloads/omron_moma_ros2/install/om_aiv_msg/local/lib/python3.10/dist-packages/om_aiv_msg/__init__.py'...
[39.580s] Listing '/home/akhil/Downloads/omron_moma_ros2/install/om_aiv_msg/local/lib/python3.10/dist-packages/om_aiv_msg/action'...
[39.580s] Compiling '/home/akhil/Downloads/omron_moma_ros2/install/om_aiv_msg/local/lib/python3.10/dist-packages/om_aiv_msg/action/__init__.py'...
[39.581s] Compiling '/home/akhil/Downloads/omron_moma_ros2/install/om_aiv_msg/local/lib/python3.10/dist-packages/om_aiv_msg/action/_action.py'...
[39.581s] Listing '/home/akhil/Downloads/omron_moma_ros2/install/om_aiv_msg/local/lib/python3.10/dist-packages/om_aiv_msg/msg'...
[39.581s] Compiling '/home/akhil/Downloads/omron_moma_ros2/install/om_aiv_msg/local/lib/python3.10/dist-packages/om_aiv_msg/msg/__init__.py'...
[39.581s] Compiling '/home/akhil/Downloads/omron_moma_ros2/install/om_aiv_msg/local/lib/python3.10/dist-packages/om_aiv_msg/msg/_location.py'...
[39.581s] Compiling '/home/akhil/Downloads/omron_moma_ros2/install/om_aiv_msg/local/lib/python3.10/dist-packages/om_aiv_msg/msg/_status.py'...
[39.581s] Listing '/home/akhil/Downloads/omron_moma_ros2/install/om_aiv_msg/local/lib/python3.10/dist-packages/om_aiv_msg/srv'...
[39.581s] Compiling '/home/akhil/Downloads/omron_moma_ros2/install/om_aiv_msg/local/lib/python3.10/dist-packages/om_aiv_msg/srv/__init__.py'...
[39.582s] Compiling '/home/akhil/Downloads/omron_moma_ros2/install/om_aiv_msg/local/lib/python3.10/dist-packages/om_aiv_msg/srv/_amr_cmd.py'...
[39.582s] Compiling '/home/akhil/Downloads/omron_moma_ros2/install/om_aiv_msg/local/lib/python3.10/dist-packages/om_aiv_msg/srv/_arcl_api.py'...
[39.582s] Compiling '/home/akhil/Downloads/omron_moma_ros2/install/om_aiv_msg/local/lib/python3.10/dist-packages/om_aiv_msg/srv/_arcl_listen.py'...
[39.609s] -- Installing: /home/akhil/Downloads/omron_moma_ros2/install/om_aiv_msg/local/lib/python3.10/dist-packages/om_aiv_msg/om_aiv_msg_s__rosidl_typesupport_fastrtps_c.cpython-310-aarch64-linux-gnu.so
[39.613s] -- Set runtime path of "/home/akhil/Downloads/omron_moma_ros2/install/om_aiv_msg/local/lib/python3.10/dist-packages/om_aiv_msg/om_aiv_msg_s__rosidl_typesupport_fastrtps_c.cpython-310-aarch64-linux-gnu.so" to ""
[39.614s] -- Installing: /home/akhil/Downloads/omron_moma_ros2/install/om_aiv_msg/local/lib/python3.10/dist-packages/om_aiv_msg/om_aiv_msg_s__rosidl_typesupport_introspection_c.cpython-310-aarch64-linux-gnu.so
[39.614s] -- Set runtime path of "/home/akhil/Downloads/omron_moma_ros2/install/om_aiv_msg/local/lib/python3.10/dist-packages/om_aiv_msg/om_aiv_msg_s__rosidl_typesupport_introspection_c.cpython-310-aarch64-linux-gnu.so" to ""
[39.614s] -- Installing: /home/akhil/Downloads/omron_moma_ros2/install/om_aiv_msg/local/lib/python3.10/dist-packages/om_aiv_msg/om_aiv_msg_s__rosidl_typesupport_c.cpython-310-aarch64-linux-gnu.so
[39.614s] -- Set runtime path of "/home/akhil/Downloads/omron_moma_ros2/install/om_aiv_msg/local/lib/python3.10/dist-packages/om_aiv_msg/om_aiv_msg_s__rosidl_typesupport_c.cpython-310-aarch64-linux-gnu.so" to ""
[39.618s] -- Installing: /home/akhil/Downloads/omron_moma_ros2/install/om_aiv_msg/lib/libom_aiv_msg__rosidl_generator_py.so
[39.621s] -- Set runtime path of "/home/akhil/Downloads/omron_moma_ros2/install/om_aiv_msg/lib/libom_aiv_msg__rosidl_generator_py.so" to ""
[39.622s] -- Installing: /home/akhil/Downloads/omron_moma_ros2/install/om_aiv_msg/share/om_aiv_msg/msg/Location.idl
[39.623s] -- Installing: /home/akhil/Downloads/omron_moma_ros2/install/om_aiv_msg/share/om_aiv_msg/msg/Status.idl
[39.624s] -- Installing: /home/akhil/Downloads/omron_moma_ros2/install/om_aiv_msg/share/om_aiv_msg/srv/ArclApi.idl
[39.625s] -- Installing: /home/akhil/Downloads/omron_moma_ros2/install/om_aiv_msg/share/om_aiv_msg/srv/ArclListen.idl
[39.626s] -- Installing: /home/akhil/Downloads/omron_moma_ros2/install/om_aiv_msg/share/om_aiv_msg/srv/AmrCmd.idl
[39.627s] -- Installing: /home/akhil/Downloads/omron_moma_ros2/install/om_aiv_msg/share/om_aiv_msg/action/Action.idl
[39.628s] -- Installing: /home/akhil/Downloads/omron_moma_ros2/install/om_aiv_msg/share/om_aiv_msg/msg/Location.msg
[39.630s] -- Installing: /home/akhil/Downloads/omron_moma_ros2/install/om_aiv_msg/share/om_aiv_msg/msg/Status.msg
[39.631s] -- Installing: /home/akhil/Downloads/omron_moma_ros2/install/om_aiv_msg/share/om_aiv_msg/srv/ArclApi.srv
[39.632s] -- Installing: /home/akhil/Downloads/omron_moma_ros2/install/om_aiv_msg/share/om_aiv_msg/srv/ArclApi_Request.msg
[39.632s] -- Installing: /home/akhil/Downloads/omron_moma_ros2/install/om_aiv_msg/share/om_aiv_msg/srv/ArclApi_Response.msg
[39.633s] -- Installing: /home/akhil/Downloads/omron_moma_ros2/install/om_aiv_msg/share/om_aiv_msg/srv/ArclListen.srv
[39.634s] -- Installing: /home/akhil/Downloads/omron_moma_ros2/install/om_aiv_msg/share/om_aiv_msg/srv/ArclListen_Request.msg
[39.635s] -- Installing: /home/akhil/Downloads/omron_moma_ros2/install/om_aiv_msg/share/om_aiv_msg/srv/ArclListen_Response.msg
[39.636s] -- Installing: /home/akhil/Downloads/omron_moma_ros2/install/om_aiv_msg/share/om_aiv_msg/srv/AmrCmd.srv
[39.637s] -- Installing: /home/akhil/Downloads/omron_moma_ros2/install/om_aiv_msg/share/om_aiv_msg/srv/AmrCmd_Request.msg
[39.638s] -- Installing: /home/akhil/Downloads/omron_moma_ros2/install/om_aiv_msg/share/om_aiv_msg/srv/AmrCmd_Response.msg
[39.638s] -- Installing: /home/akhil/Downloads/omron_moma_ros2/install/om_aiv_msg/share/om_aiv_msg/action/Action.action
[39.639s] -- Installing: /home/akhil/Downloads/omron_moma_ros2/install/om_aiv_msg/share/ament_index/resource_index/package_run_dependencies/om_aiv_msg
[39.641s] -- Installing: /home/akhil/Downloads/omron_moma_ros2/install/om_aiv_msg/share/ament_index/resource_index/parent_prefix_path/om_aiv_msg
[39.641s] -- Installing: /home/akhil/Downloads/omron_moma_ros2/install/om_aiv_msg/share/om_aiv_msg/environment/ament_prefix_path.sh
[39.642s] -- Installing: /home/akhil/Downloads/omron_moma_ros2/install/om_aiv_msg/share/om_aiv_msg/environment/ament_prefix_path.dsv
[39.643s] -- Installing: /home/akhil/Downloads/omron_moma_ros2/install/om_aiv_msg/share/om_aiv_msg/environment/path.sh
[39.644s] -- Installing: /home/akhil/Downloads/omron_moma_ros2/install/om_aiv_msg/share/om_aiv_msg/environment/path.dsv
[39.645s] -- Installing: /home/akhil/Downloads/omron_moma_ros2/install/om_aiv_msg/share/om_aiv_msg/local_setup.bash
[39.646s] -- Installing: /home/akhil/Downloads/omron_moma_ros2/install/om_aiv_msg/share/om_aiv_msg/local_setup.sh
[39.647s] -- Installing: /home/akhil/Downloads/omron_moma_ros2/install/om_aiv_msg/share/om_aiv_msg/local_setup.zsh
[39.648s] -- Installing: /home/akhil/Downloads/omron_moma_ros2/install/om_aiv_msg/share/om_aiv_msg/local_setup.dsv
[39.648s] -- Installing: /home/akhil/Downloads/omron_moma_ros2/install/om_aiv_msg/share/om_aiv_msg/package.dsv
[39.650s] -- Installing: /home/akhil/Downloads/omron_moma_ros2/install/om_aiv_msg/share/ament_index/resource_index/packages/om_aiv_msg
[39.651s] -- Installing: /home/akhil/Downloads/omron_moma_ros2/install/om_aiv_msg/share/om_aiv_msg/cmake/export_om_aiv_msg__rosidl_generator_cExport.cmake
[39.652s] -- Installing: /home/akhil/Downloads/omron_moma_ros2/install/om_aiv_msg/share/om_aiv_msg/cmake/export_om_aiv_msg__rosidl_generator_cExport-noconfig.cmake
[39.653s] -- Installing: /home/akhil/Downloads/omron_moma_ros2/install/om_aiv_msg/share/om_aiv_msg/cmake/export_om_aiv_msg__rosidl_typesupport_fastrtps_cExport.cmake
[39.654s] -- Installing: /home/akhil/Downloads/omron_moma_ros2/install/om_aiv_msg/share/om_aiv_msg/cmake/export_om_aiv_msg__rosidl_typesupport_fastrtps_cExport-noconfig.cmake
[39.654s] -- Installing: /home/akhil/Downloads/omron_moma_ros2/install/om_aiv_msg/share/om_aiv_msg/cmake/export_om_aiv_msg__rosidl_generator_cppExport.cmake
[39.655s] -- Installing: /home/akhil/Downloads/omron_moma_ros2/install/om_aiv_msg/share/om_aiv_msg/cmake/export_om_aiv_msg__rosidl_typesupport_fastrtps_cppExport.cmake
[39.656s] -- Installing: /home/akhil/Downloads/omron_moma_ros2/install/om_aiv_msg/share/om_aiv_msg/cmake/export_om_aiv_msg__rosidl_typesupport_fastrtps_cppExport-noconfig.cmake
[39.657s] -- Installing: /home/akhil/Downloads/omron_moma_ros2/install/om_aiv_msg/share/om_aiv_msg/cmake/om_aiv_msg__rosidl_typesupport_introspection_cExport.cmake
[39.658s] -- Installing: /home/akhil/Downloads/omron_moma_ros2/install/om_aiv_msg/share/om_aiv_msg/cmake/om_aiv_msg__rosidl_typesupport_introspection_cExport-noconfig.cmake
[39.659s] -- Installing: /home/akhil/Downloads/omron_moma_ros2/install/om_aiv_msg/share/om_aiv_msg/cmake/om_aiv_msg__rosidl_typesupport_cExport.cmake
[39.660s] -- Installing: /home/akhil/Downloads/omron_moma_ros2/install/om_aiv_msg/share/om_aiv_msg/cmake/om_aiv_msg__rosidl_typesupport_cExport-noconfig.cmake
[39.661s] -- Installing: /home/akhil/Downloads/omron_moma_ros2/install/om_aiv_msg/share/om_aiv_msg/cmake/om_aiv_msg__rosidl_typesupport_introspection_cppExport.cmake
[39.662s] -- Installing: /home/akhil/Downloads/omron_moma_ros2/install/om_aiv_msg/share/om_aiv_msg/cmake/om_aiv_msg__rosidl_typesupport_introspection_cppExport-noconfig.cmake
[39.663s] -- Installing: /home/akhil/Downloads/omron_moma_ros2/install/om_aiv_msg/share/om_aiv_msg/cmake/om_aiv_msg__rosidl_typesupport_cppExport.cmake
[39.663s] -- Installing: /home/akhil/Downloads/omron_moma_ros2/install/om_aiv_msg/share/om_aiv_msg/cmake/om_aiv_msg__rosidl_typesupport_cppExport-noconfig.cmake
[39.665s] -- Installing: /home/akhil/Downloads/omron_moma_ros2/install/om_aiv_msg/share/om_aiv_msg/cmake/export_om_aiv_msg__rosidl_generator_pyExport.cmake
[39.666s] -- Installing: /home/akhil/Downloads/omron_moma_ros2/install/om_aiv_msg/share/om_aiv_msg/cmake/export_om_aiv_msg__rosidl_generator_pyExport-noconfig.cmake
[39.666s] -- Installing: /home/akhil/Downloads/omron_moma_ros2/install/om_aiv_msg/share/om_aiv_msg/cmake/rosidl_cmake-extras.cmake
[39.667s] -- Installing: /home/akhil/Downloads/omron_moma_ros2/install/om_aiv_msg/share/om_aiv_msg/cmake/ament_cmake_export_dependencies-extras.cmake
[39.668s] -- Installing: /home/akhil/Downloads/omron_moma_ros2/install/om_aiv_msg/share/om_aiv_msg/cmake/ament_cmake_export_include_directories-extras.cmake
[39.669s] -- Installing: /home/akhil/Downloads/omron_moma_ros2/install/om_aiv_msg/share/om_aiv_msg/cmake/ament_cmake_export_libraries-extras.cmake
[39.670s] -- Installing: /home/akhil/Downloads/omron_moma_ros2/install/om_aiv_msg/share/om_aiv_msg/cmake/ament_cmake_export_targets-extras.cmake
[39.671s] -- Installing: /home/akhil/Downloads/omron_moma_ros2/install/om_aiv_msg/share/om_aiv_msg/cmake/rosidl_cmake_export_typesupport_targets-extras.cmake
[39.671s] -- Installing: /home/akhil/Downloads/omron_moma_ros2/install/om_aiv_msg/share/om_aiv_msg/cmake/rosidl_cmake_export_typesupport_libraries-extras.cmake
[39.672s] -- Installing: /home/akhil/Downloads/omron_moma_ros2/install/om_aiv_msg/share/om_aiv_msg/cmake/om_aiv_msgConfig.cmake
[39.673s] -- Installing: /home/akhil/Downloads/omron_moma_ros2/install/om_aiv_msg/share/om_aiv_msg/cmake/om_aiv_msgConfig-version.cmake
[39.674s] -- Installing: /home/akhil/Downloads/omron_moma_ros2/install/om_aiv_msg/share/om_aiv_msg/package.xml
[39.696s] Invoked command in '/home/akhil/Downloads/omron_moma_ros2/build/om_aiv_msg' returned '0': CMAKE_PREFIX_PATH=/opt/ros/humble /usr/bin/cmake --install /home/akhil/Downloads/omron_moma_ros2/build/om_aiv_msg
