[0.067s] Invoking command in '/home/akhil/Downloads/omron_moma_ros2/MOMA_project/src/build/tm_msgs': CMAKE_PREFIX_PATH=/opt/ros/humble /usr/bin/cmake /home/akhil/Downloads/omron_moma_ros2/MOMA_project/src/tm_msgs -DCMAKE_INSTALL_PREFIX=/home/akhil/Downloads/omron_moma_ros2/MOMA_project/src/install/tm_msgs
[0.235s] -- The C compiler identification is GNU 11.4.0
[0.425s] -- The CXX compiler identification is GNU 11.4.0
[0.451s] -- Detecting C compiler ABI info
[0.769s] -- Detecting C compiler ABI info - done
[0.790s] -- Check for working C compiler: /usr/bin/cc - skipped
[0.791s] -- Detecting C compile features
[0.792s] -- Detecting C compile features - done
[0.805s] -- Detecting CXX compiler ABI info
[1.073s] -- Detecting CXX compiler ABI info - done
[1.118s] -- Check for working CXX compiler: /usr/bin/c++ - skipped
[1.119s] -- Detecting CXX compile features
[1.119s] -- Detecting CXX compile features - done
[1.145s] -- Found ament_cmake: 1.3.12 (/opt/ros/humble/share/ament_cmake/cmake)
[1.742s] -- Found Python3: /usr/bin/python3 (found version "3.10.12") found components: Interpreter 
[2.127s] -- Found std_msgs: 4.9.0 (/opt/ros/humble/share/std_msgs/cmake)
[2.203s] -- Found rosidl_generator_c: 3.1.7 (/opt/ros/humble/share/rosidl_generator_c/cmake)
[2.215s] -- Found rosidl_adapter: 3.1.7 (/opt/ros/humble/share/rosidl_adapter/cmake)
[2.236s] -- Found rosidl_generator_cpp: 3.1.7 (/opt/ros/humble/share/rosidl_generator_cpp/cmake)
[2.261s] -- Using all available rosidl_typesupport_c: rosidl_typesupport_fastrtps_c;rosidl_typesupport_introspection_c
[2.295s] -- Using all available rosidl_typesupport_cpp: rosidl_typesupport_fastrtps_cpp;rosidl_typesupport_introspection_cpp
[2.363s] -- Found rosidl_default_generators: 1.2.0 (/opt/ros/humble/share/rosidl_default_generators/cmake)
[3.478s] -- Found ament_cmake_ros: 0.10.0 (/opt/ros/humble/share/ament_cmake_ros/cmake)
[4.587s] -- Using all available rosidl_typesupport_c: rosidl_typesupport_fastrtps_c;rosidl_typesupport_introspection_c
[5.015s] -- Using all available rosidl_typesupport_cpp: rosidl_typesupport_fastrtps_cpp;rosidl_typesupport_introspection_cpp
[5.078s] -- Found PythonInterp: /usr/bin/python3 (found suitable version "3.10.12", minimum required is "3.6") 
[5.084s] -- Found python_cmake_module: 0.10.0 (/opt/ros/humble/share/python_cmake_module/cmake)
[5.156s] -- Found PythonLibs: /usr/lib/aarch64-linux-gnu/libpython3.10.so (found suitable version "3.10.12", minimum required is "3.5") 
[5.156s] -- Using PYTHON_EXECUTABLE: /usr/bin/python3
[5.157s] -- Using PYTHON_INCLUDE_DIRS: /usr/include/python3.10
[5.157s] -- Using PYTHON_LIBRARIES: /usr/lib/aarch64-linux-gnu/libpython3.10.so
[5.220s] -- Found PythonExtra: .so  
[5.365s] -- Configuring done
[5.548s] -- Generating done
[5.586s] -- Build files have been written to: /home/akhil/Downloads/omron_moma_ros2/MOMA_project/src/build/tm_msgs
[6.723s] Invoked command in '/home/akhil/Downloads/omron_moma_ros2/MOMA_project/src/build/tm_msgs' returned '0': CMAKE_PREFIX_PATH=/opt/ros/humble /usr/bin/cmake /home/akhil/Downloads/omron_moma_ros2/MOMA_project/src/tm_msgs -DCMAKE_INSTALL_PREFIX=/home/akhil/Downloads/omron_moma_ros2/MOMA_project/src/install/tm_msgs
[6.726s] Invoking command in '/home/akhil/Downloads/omron_moma_ros2/MOMA_project/src/build/tm_msgs': CMAKE_PREFIX_PATH=/opt/ros/humble /usr/bin/cmake --build /home/akhil/Downloads/omron_moma_ros2/MOMA_project/src/build/tm_msgs -- -j6 -l6
[7.117s] [  1%] [34m[1mGenerating C code for ROS interfaces[0m
[7.229s] [  1%] [34m[1mGenerating C++ code for ROS interfaces[0m
[7.296s] [  1%] Built target ament_cmake_python_copy_tm_msgs
[8.875s] running egg_info
[8.887s] creating tm_msgs.egg-info
[8.889s] writing tm_msgs.egg-info/PKG-INFO
[8.890s] writing dependency_links to tm_msgs.egg-info/dependency_links.txt
[8.891s] writing top-level names to tm_msgs.egg-info/top_level.txt
[8.893s] writing manifest file 'tm_msgs.egg-info/SOURCES.txt'
[8.912s] reading manifest file 'tm_msgs.egg-info/SOURCES.txt'
[8.915s] writing manifest file 'tm_msgs.egg-info/SOURCES.txt'
[9.264s] [  1%] Built target ament_cmake_python_build_tm_msgs_egg
[19.050s] [  1%] Built target tm_msgs__cpp
[19.116s] [  2%] [34m[1mGenerating C++ type support dispatch for ROS interfaces[0m
[19.273s] [  3%] [34m[1mGenerating C++ type support for eProsima Fast-RTPS[0m
[19.326s] [  3%] [34m[1mGenerating C++ introspection for ROS interfaces[0m
[20.542s] [  3%] [32mBuilding C object CMakeFiles/tm_msgs__rosidl_generator_c.dir/rosidl_generator_c/tm_msgs/msg/detail/feedback_state__functions.c.o[0m
[20.566s] [  4%] [32mBuilding C object CMakeFiles/tm_msgs__rosidl_generator_c.dir/rosidl_generator_c/tm_msgs/msg/detail/svr_response__functions.c.o[0m
[20.570s] [  5%] [32mBuilding C object CMakeFiles/tm_msgs__rosidl_generator_c.dir/rosidl_generator_c/tm_msgs/msg/detail/sct_response__functions.c.o[0m
[21.043s] [  6%] [32mBuilding C object CMakeFiles/tm_msgs__rosidl_generator_c.dir/rosidl_generator_c/tm_msgs/msg/detail/sta_response__functions.c.o[0m
[21.070s] [  6%] [32mBuilding C object CMakeFiles/tm_msgs__rosidl_generator_c.dir/rosidl_generator_c/tm_msgs/srv/detail/connect_tm__functions.c.o[0m
[21.154s] [  7%] [32mBuilding C object CMakeFiles/tm_msgs__rosidl_generator_c.dir/rosidl_generator_c/tm_msgs/srv/detail/write_item__functions.c.o[0m
[21.526s] [  8%] [32mBuilding C object CMakeFiles/tm_msgs__rosidl_generator_c.dir/rosidl_generator_c/tm_msgs/srv/detail/wireless_info__functions.c.o[0m
[21.575s] [  9%] [32mBuilding C object CMakeFiles/tm_msgs__rosidl_generator_c.dir/rosidl_generator_c/tm_msgs/srv/detail/ask_item__functions.c.o[0m
[21.588s] [  9%] [32mBuilding C object CMakeFiles/tm_msgs__rosidl_generator_c.dir/rosidl_generator_c/tm_msgs/srv/detail/send_script__functions.c.o[0m
[22.003s] [ 10%] [32mBuilding C object CMakeFiles/tm_msgs__rosidl_generator_c.dir/rosidl_generator_c/tm_msgs/srv/detail/set_event__functions.c.o[0m
[22.155s] [ 11%] [32mBuilding C object CMakeFiles/tm_msgs__rosidl_generator_c.dir/rosidl_generator_c/tm_msgs/srv/detail/set_io__functions.c.o[0m
[22.196s] [ 12%] [32mBuilding C object CMakeFiles/tm_msgs__rosidl_generator_c.dir/rosidl_generator_c/tm_msgs/srv/detail/set_positions__functions.c.o[0m
[22.522s] [ 12%] [32mBuilding C object CMakeFiles/tm_msgs__rosidl_generator_c.dir/rosidl_generator_c/tm_msgs/srv/detail/ask_sta__functions.c.o[0m
[22.655s] [ 13%] [32mBuilding C object CMakeFiles/tm_msgs__rosidl_generator_c.dir/rosidl_generator_c/tm_msgs/srv/detail/movement_request__functions.c.o[0m
[23.211s] [ 14%] [32m[1mLinking C shared library libtm_msgs__rosidl_generator_c.so[0m
[23.629s] [ 14%] Built target tm_msgs__rosidl_generator_c
[23.758s] [ 15%] [34m[1mGenerating C type support for eProsima Fast-RTPS[0m
[23.768s] [ 16%] [34m[1mGenerating C introspection for ROS interfaces[0m
[23.769s] [ 17%] [34m[1mGenerating C type support dispatch for ROS interfaces[0m
[29.464s] [ 18%] [32mBuilding CXX object CMakeFiles/tm_msgs__rosidl_typesupport_cpp.dir/rosidl_typesupport_cpp/tm_msgs/msg/feedback_state__type_support.cpp.o[0m
[30.460s] [ 19%] [32mBuilding CXX object CMakeFiles/tm_msgs__rosidl_typesupport_introspection_cpp.dir/rosidl_typesupport_introspection_cpp/tm_msgs/msg/detail/feedback_state__type_support.cpp.o[0m
[30.658s] [ 20%] [32mBuilding CXX object CMakeFiles/tm_msgs__rosidl_typesupport_cpp.dir/rosidl_typesupport_cpp/tm_msgs/msg/svr_response__type_support.cpp.o[0m
[31.023s] [ 21%] [32mBuilding CXX object CMakeFiles/tm_msgs__rosidl_typesupport_fastrtps_cpp.dir/rosidl_typesupport_fastrtps_cpp/tm_msgs/msg/detail/dds_fastrtps/feedback_state__type_support.cpp.o[0m
[31.710s] [ 21%] [32mBuilding CXX object CMakeFiles/tm_msgs__rosidl_typesupport_c.dir/rosidl_typesupport_c/tm_msgs/msg/feedback_state__type_support.cpp.o[0m
[31.806s] [ 21%] [32mBuilding CXX object CMakeFiles/tm_msgs__rosidl_typesupport_cpp.dir/rosidl_typesupport_cpp/tm_msgs/msg/sct_response__type_support.cpp.o[0m
[31.921s] [ 22%] [32mBuilding CXX object CMakeFiles/tm_msgs__rosidl_typesupport_c.dir/rosidl_typesupport_c/tm_msgs/msg/svr_response__type_support.cpp.o[0m
[32.095s] [ 23%] [32mBuilding CXX object CMakeFiles/tm_msgs__rosidl_typesupport_c.dir/rosidl_typesupport_c/tm_msgs/msg/sct_response__type_support.cpp.o[0m
[32.311s] [ 24%] [32mBuilding CXX object CMakeFiles/tm_msgs__rosidl_typesupport_c.dir/rosidl_typesupport_c/tm_msgs/msg/sta_response__type_support.cpp.o[0m
[32.328s] [ 25%] [32mBuilding CXX object CMakeFiles/tm_msgs__rosidl_typesupport_introspection_cpp.dir/rosidl_typesupport_introspection_cpp/tm_msgs/msg/detail/svr_response__type_support.cpp.o[0m
[32.497s] [ 25%] [32mBuilding CXX object CMakeFiles/tm_msgs__rosidl_typesupport_c.dir/rosidl_typesupport_c/tm_msgs/srv/connect_tm__type_support.cpp.o[0m
[32.617s] [ 26%] [32mBuilding CXX object CMakeFiles/tm_msgs__rosidl_typesupport_c.dir/rosidl_typesupport_c/tm_msgs/srv/write_item__type_support.cpp.o[0m
[32.761s] [ 27%] [32mBuilding CXX object CMakeFiles/tm_msgs__rosidl_typesupport_c.dir/rosidl_typesupport_c/tm_msgs/srv/wireless_info__type_support.cpp.o[0m
[32.926s] [ 28%] [32mBuilding CXX object CMakeFiles/tm_msgs__rosidl_typesupport_cpp.dir/rosidl_typesupport_cpp/tm_msgs/msg/sta_response__type_support.cpp.o[0m
[32.977s] [ 29%] [32mBuilding CXX object CMakeFiles/tm_msgs__rosidl_typesupport_c.dir/rosidl_typesupport_c/tm_msgs/srv/ask_item__type_support.cpp.o[0m
[33.067s] [ 30%] [32mBuilding CXX object CMakeFiles/tm_msgs__rosidl_typesupport_fastrtps_cpp.dir/rosidl_typesupport_fastrtps_cpp/tm_msgs/msg/detail/dds_fastrtps/svr_response__type_support.cpp.o[0m
[33.094s] [ 30%] [32mBuilding CXX object CMakeFiles/tm_msgs__rosidl_typesupport_c.dir/rosidl_typesupport_c/tm_msgs/srv/send_script__type_support.cpp.o[0m
[33.328s] [ 31%] [32mBuilding CXX object CMakeFiles/tm_msgs__rosidl_typesupport_c.dir/rosidl_typesupport_c/tm_msgs/srv/set_event__type_support.cpp.o[0m
[33.527s] [ 32%] [32mBuilding C object CMakeFiles/tm_msgs__rosidl_typesupport_introspection_c.dir/rosidl_typesupport_introspection_c/tm_msgs/msg/detail/feedback_state__type_support.c.o[0m
[33.528s] [ 33%] [32mBuilding CXX object CMakeFiles/tm_msgs__rosidl_typesupport_c.dir/rosidl_typesupport_c/tm_msgs/srv/set_io__type_support.cpp.o[0m
[33.695s] [ 34%] [32mBuilding CXX object CMakeFiles/tm_msgs__rosidl_typesupport_c.dir/rosidl_typesupport_c/tm_msgs/srv/set_positions__type_support.cpp.o[0m
[33.799s] [ 35%] [32mBuilding CXX object CMakeFiles/tm_msgs__rosidl_typesupport_introspection_cpp.dir/rosidl_typesupport_introspection_cpp/tm_msgs/msg/detail/sct_response__type_support.cpp.o[0m
[33.860s] [ 35%] [32mBuilding CXX object CMakeFiles/tm_msgs__rosidl_typesupport_c.dir/rosidl_typesupport_c/tm_msgs/srv/ask_sta__type_support.cpp.o[0m
[33.933s] [ 36%] [32mBuilding CXX object CMakeFiles/tm_msgs__rosidl_typesupport_cpp.dir/rosidl_typesupport_cpp/tm_msgs/srv/connect_tm__type_support.cpp.o[0m
[33.959s] [ 37%] [32mBuilding CXX object CMakeFiles/tm_msgs__rosidl_typesupport_fastrtps_c.dir/rosidl_typesupport_fastrtps_c/tm_msgs/msg/detail/feedback_state__type_support_c.cpp.o[0m
[34.013s] [ 38%] [32mBuilding CXX object CMakeFiles/tm_msgs__rosidl_typesupport_c.dir/rosidl_typesupport_c/tm_msgs/srv/movement_request__type_support.cpp.o[0m
[34.057s] [ 39%] [32mBuilding C object CMakeFiles/tm_msgs__rosidl_typesupport_introspection_c.dir/rosidl_typesupport_introspection_c/tm_msgs/msg/detail/svr_response__type_support.c.o[0m
[34.205s] [ 40%] [32m[1mLinking CXX shared library libtm_msgs__rosidl_typesupport_c.so[0m
[34.306s] [ 40%] [32mBuilding C object CMakeFiles/tm_msgs__rosidl_typesupport_introspection_c.dir/rosidl_typesupport_introspection_c/tm_msgs/msg/detail/sct_response__type_support.c.o[0m
[34.547s] [ 40%] Built target tm_msgs__rosidl_typesupport_c
[34.567s] [ 41%] [32mBuilding C object CMakeFiles/tm_msgs__rosidl_typesupport_introspection_c.dir/rosidl_typesupport_introspection_c/tm_msgs/msg/detail/sta_response__type_support.c.o[0m
[34.735s] [ 41%] [32mBuilding CXX object CMakeFiles/tm_msgs__rosidl_typesupport_fastrtps_cpp.dir/rosidl_typesupport_fastrtps_cpp/tm_msgs/msg/detail/dds_fastrtps/sct_response__type_support.cpp.o[0m
[34.751s] [ 42%] [32mBuilding C object CMakeFiles/tm_msgs__rosidl_typesupport_introspection_c.dir/rosidl_typesupport_introspection_c/tm_msgs/srv/detail/connect_tm__type_support.c.o[0m
[34.845s] [ 42%] [32mBuilding CXX object CMakeFiles/tm_msgs__rosidl_typesupport_cpp.dir/rosidl_typesupport_cpp/tm_msgs/srv/write_item__type_support.cpp.o[0m
[35.016s] [ 43%] [32mBuilding C object CMakeFiles/tm_msgs__rosidl_typesupport_introspection_c.dir/rosidl_typesupport_introspection_c/tm_msgs/srv/detail/write_item__type_support.c.o[0m
[35.225s] [ 43%] [32mBuilding CXX object CMakeFiles/tm_msgs__rosidl_typesupport_introspection_cpp.dir/rosidl_typesupport_introspection_cpp/tm_msgs/msg/detail/sta_response__type_support.cpp.o[0m
[35.306s] [ 43%] [32mBuilding C object CMakeFiles/tm_msgs__rosidl_typesupport_introspection_c.dir/rosidl_typesupport_introspection_c/tm_msgs/srv/detail/wireless_info__type_support.c.o[0m
[35.445s] [ 43%] [32mBuilding CXX object CMakeFiles/tm_msgs__rosidl_typesupport_fastrtps_c.dir/rosidl_typesupport_fastrtps_c/tm_msgs/msg/detail/svr_response__type_support_c.cpp.o[0m
[35.468s] [ 44%] [32mBuilding C object CMakeFiles/tm_msgs__rosidl_typesupport_introspection_c.dir/rosidl_typesupport_introspection_c/tm_msgs/srv/detail/ask_item__type_support.c.o[0m
[35.668s] [ 45%] [32mBuilding C object CMakeFiles/tm_msgs__rosidl_typesupport_introspection_c.dir/rosidl_typesupport_introspection_c/tm_msgs/srv/detail/send_script__type_support.c.o[0m
[35.705s] [ 46%] [32mBuilding CXX object CMakeFiles/tm_msgs__rosidl_typesupport_cpp.dir/rosidl_typesupport_cpp/tm_msgs/srv/wireless_info__type_support.cpp.o[0m
[35.817s] [ 46%] [32mBuilding C object CMakeFiles/tm_msgs__rosidl_typesupport_introspection_c.dir/rosidl_typesupport_introspection_c/tm_msgs/srv/detail/set_event__type_support.c.o[0m
[35.990s] [ 47%] [32mBuilding C object CMakeFiles/tm_msgs__rosidl_typesupport_introspection_c.dir/rosidl_typesupport_introspection_c/tm_msgs/srv/detail/set_io__type_support.c.o[0m
[36.137s] [ 48%] [32mBuilding CXX object CMakeFiles/tm_msgs__rosidl_typesupport_fastrtps_cpp.dir/rosidl_typesupport_fastrtps_cpp/tm_msgs/msg/detail/dds_fastrtps/sta_response__type_support.cpp.o[0m
[36.192s] [ 49%] [32mBuilding C object CMakeFiles/tm_msgs__rosidl_typesupport_introspection_c.dir/rosidl_typesupport_introspection_c/tm_msgs/srv/detail/set_positions__type_support.c.o[0m
[36.418s] [ 50%] [32mBuilding C object CMakeFiles/tm_msgs__rosidl_typesupport_introspection_c.dir/rosidl_typesupport_introspection_c/tm_msgs/srv/detail/ask_sta__type_support.c.o[0m
[36.570s] [ 51%] [32mBuilding CXX object CMakeFiles/tm_msgs__rosidl_typesupport_fastrtps_c.dir/rosidl_typesupport_fastrtps_c/tm_msgs/msg/detail/sct_response__type_support_c.cpp.o[0m
[36.587s] [ 52%] [32mBuilding CXX object CMakeFiles/tm_msgs__rosidl_typesupport_cpp.dir/rosidl_typesupport_cpp/tm_msgs/srv/ask_item__type_support.cpp.o[0m
[36.631s] [ 53%] [32mBuilding CXX object CMakeFiles/tm_msgs__rosidl_typesupport_introspection_cpp.dir/rosidl_typesupport_introspection_cpp/tm_msgs/srv/detail/connect_tm__type_support.cpp.o[0m
[36.648s] [ 53%] [32mBuilding C object CMakeFiles/tm_msgs__rosidl_typesupport_introspection_c.dir/rosidl_typesupport_introspection_c/tm_msgs/srv/detail/movement_request__type_support.c.o[0m
[36.803s] [ 54%] [32m[1mLinking C shared library libtm_msgs__rosidl_typesupport_introspection_c.so[0m
[36.932s] [ 54%] Built target tm_msgs__rosidl_typesupport_introspection_c
[37.476s] [ 54%] [32mBuilding CXX object CMakeFiles/tm_msgs__rosidl_typesupport_cpp.dir/rosidl_typesupport_cpp/tm_msgs/srv/set_event__type_support.cpp.o[0m
[37.501s] [ 55%] [32mBuilding CXX object CMakeFiles/tm_msgs__rosidl_typesupport_fastrtps_cpp.dir/rosidl_typesupport_fastrtps_cpp/tm_msgs/srv/detail/dds_fastrtps/connect_tm__type_support.cpp.o[0m
[37.661s] [ 56%] [32mBuilding CXX object CMakeFiles/tm_msgs__rosidl_typesupport_fastrtps_c.dir/rosidl_typesupport_fastrtps_c/tm_msgs/msg/detail/sta_response__type_support_c.cpp.o[0m
[37.817s] [ 57%] [32mBuilding CXX object CMakeFiles/tm_msgs__rosidl_typesupport_introspection_cpp.dir/rosidl_typesupport_introspection_cpp/tm_msgs/srv/detail/write_item__type_support.cpp.o[0m
[38.291s] [ 58%] [32mBuilding CXX object CMakeFiles/tm_msgs__rosidl_typesupport_cpp.dir/rosidl_typesupport_cpp/tm_msgs/srv/send_script__type_support.cpp.o[0m
[38.769s] [ 59%] [32mBuilding CXX object CMakeFiles/tm_msgs__rosidl_typesupport_fastrtps_c.dir/rosidl_typesupport_fastrtps_c/tm_msgs/srv/detail/connect_tm__type_support_c.cpp.o[0m
[38.861s] [ 60%] [32mBuilding CXX object CMakeFiles/tm_msgs__rosidl_typesupport_fastrtps_cpp.dir/rosidl_typesupport_fastrtps_cpp/tm_msgs/srv/detail/dds_fastrtps/write_item__type_support.cpp.o[0m
[38.974s] [ 61%] [32mBuilding CXX object CMakeFiles/tm_msgs__rosidl_typesupport_introspection_cpp.dir/rosidl_typesupport_introspection_cpp/tm_msgs/srv/detail/wireless_info__type_support.cpp.o[0m
[39.570s] [ 62%] [32mBuilding CXX object CMakeFiles/tm_msgs__rosidl_typesupport_cpp.dir/rosidl_typesupport_cpp/tm_msgs/srv/set_io__type_support.cpp.o[0m
[39.891s] [ 62%] [32mBuilding CXX object CMakeFiles/tm_msgs__rosidl_typesupport_fastrtps_c.dir/rosidl_typesupport_fastrtps_c/tm_msgs/srv/detail/write_item__type_support_c.cpp.o[0m
[40.125s] [ 62%] [32mBuilding CXX object CMakeFiles/tm_msgs__rosidl_typesupport_introspection_cpp.dir/rosidl_typesupport_introspection_cpp/tm_msgs/srv/detail/ask_item__type_support.cpp.o[0m
[40.174s] [ 62%] [32mBuilding CXX object CMakeFiles/tm_msgs__rosidl_typesupport_fastrtps_cpp.dir/rosidl_typesupport_fastrtps_cpp/tm_msgs/srv/detail/dds_fastrtps/wireless_info__type_support.cpp.o[0m
[40.520s] [ 63%] [32mBuilding CXX object CMakeFiles/tm_msgs__rosidl_typesupport_cpp.dir/rosidl_typesupport_cpp/tm_msgs/srv/set_positions__type_support.cpp.o[0m
[41.021s] [ 64%] [32mBuilding CXX object CMakeFiles/tm_msgs__rosidl_typesupport_fastrtps_c.dir/rosidl_typesupport_fastrtps_c/tm_msgs/srv/detail/wireless_info__type_support_c.cpp.o[0m
[41.383s] [ 65%] [32mBuilding CXX object CMakeFiles/tm_msgs__rosidl_typesupport_introspection_cpp.dir/rosidl_typesupport_introspection_cpp/tm_msgs/srv/detail/send_script__type_support.cpp.o[0m
[41.411s] [ 66%] [32mBuilding CXX object CMakeFiles/tm_msgs__rosidl_typesupport_cpp.dir/rosidl_typesupport_cpp/tm_msgs/srv/ask_sta__type_support.cpp.o[0m
[41.679s] [ 67%] [32mBuilding CXX object CMakeFiles/tm_msgs__rosidl_typesupport_fastrtps_cpp.dir/rosidl_typesupport_fastrtps_cpp/tm_msgs/srv/detail/dds_fastrtps/ask_item__type_support.cpp.o[0m
[42.146s] [ 68%] [32mBuilding CXX object CMakeFiles/tm_msgs__rosidl_typesupport_fastrtps_c.dir/rosidl_typesupport_fastrtps_c/tm_msgs/srv/detail/ask_item__type_support_c.cpp.o[0m
[42.340s] [ 68%] [32mBuilding CXX object CMakeFiles/tm_msgs__rosidl_typesupport_cpp.dir/rosidl_typesupport_cpp/tm_msgs/srv/movement_request__type_support.cpp.o[0m
[42.625s] [ 69%] [32mBuilding CXX object CMakeFiles/tm_msgs__rosidl_typesupport_introspection_cpp.dir/rosidl_typesupport_introspection_cpp/tm_msgs/srv/detail/set_event__type_support.cpp.o[0m
[43.096s] [ 70%] [32mBuilding CXX object CMakeFiles/tm_msgs__rosidl_typesupport_fastrtps_cpp.dir/rosidl_typesupport_fastrtps_cpp/tm_msgs/srv/detail/dds_fastrtps/set_event__type_support.cpp.o[0m
[43.278s] [ 71%] [32m[1mLinking CXX shared library libtm_msgs__rosidl_typesupport_cpp.so[0m
[43.340s] [ 72%] [32mBuilding CXX object CMakeFiles/tm_msgs__rosidl_typesupport_fastrtps_c.dir/rosidl_typesupport_fastrtps_c/tm_msgs/srv/detail/send_script__type_support_c.cpp.o[0m
[43.528s] [ 72%] Built target tm_msgs__rosidl_typesupport_cpp
[43.976s] [ 73%] [32mBuilding CXX object CMakeFiles/tm_msgs__rosidl_typesupport_introspection_cpp.dir/rosidl_typesupport_introspection_cpp/tm_msgs/srv/detail/set_io__type_support.cpp.o[0m
[44.399s] [ 74%] [32mBuilding CXX object CMakeFiles/tm_msgs__rosidl_typesupport_fastrtps_cpp.dir/rosidl_typesupport_fastrtps_cpp/tm_msgs/srv/detail/dds_fastrtps/send_script__type_support.cpp.o[0m
[44.683s] [ 75%] [32mBuilding CXX object CMakeFiles/tm_msgs__rosidl_typesupport_fastrtps_c.dir/rosidl_typesupport_fastrtps_c/tm_msgs/srv/detail/set_positions__type_support_c.cpp.o[0m
[45.328s] [ 75%] [32mBuilding CXX object CMakeFiles/tm_msgs__rosidl_typesupport_introspection_cpp.dir/rosidl_typesupport_introspection_cpp/tm_msgs/srv/detail/set_positions__type_support.cpp.o[0m
[46.209s] [ 75%] [32mBuilding CXX object CMakeFiles/tm_msgs__rosidl_typesupport_fastrtps_cpp.dir/rosidl_typesupport_fastrtps_cpp/tm_msgs/srv/detail/dds_fastrtps/set_io__type_support.cpp.o[0m
[46.423s] [ 76%] [32mBuilding CXX object CMakeFiles/tm_msgs__rosidl_typesupport_fastrtps_c.dir/rosidl_typesupport_fastrtps_c/tm_msgs/srv/detail/ask_sta__type_support_c.cpp.o[0m
[46.926s] [ 77%] [32mBuilding CXX object CMakeFiles/tm_msgs__rosidl_typesupport_introspection_cpp.dir/rosidl_typesupport_introspection_cpp/tm_msgs/srv/detail/ask_sta__type_support.cpp.o[0m
[47.690s] [ 78%] [32mBuilding CXX object CMakeFiles/tm_msgs__rosidl_typesupport_fastrtps_cpp.dir/rosidl_typesupport_fastrtps_cpp/tm_msgs/srv/detail/dds_fastrtps/set_positions__type_support.cpp.o[0m
[47.802s] [ 79%] [32mBuilding CXX object CMakeFiles/tm_msgs__rosidl_typesupport_fastrtps_c.dir/rosidl_typesupport_fastrtps_c/tm_msgs/srv/detail/set_io__type_support_c.cpp.o[0m
[48.216s] [ 80%] [32mBuilding CXX object CMakeFiles/tm_msgs__rosidl_typesupport_introspection_cpp.dir/rosidl_typesupport_introspection_cpp/tm_msgs/srv/detail/movement_request__type_support.cpp.o[0m
[48.943s] [ 80%] [32mBuilding CXX object CMakeFiles/tm_msgs__rosidl_typesupport_fastrtps_c.dir/rosidl_typesupport_fastrtps_c/tm_msgs/srv/detail/set_event__type_support_c.cpp.o[0m
[49.221s] [ 81%] [32mBuilding CXX object CMakeFiles/tm_msgs__rosidl_typesupport_fastrtps_cpp.dir/rosidl_typesupport_fastrtps_cpp/tm_msgs/srv/detail/dds_fastrtps/movement_request__type_support.cpp.o[0m
[49.440s] [ 82%] [32m[1mLinking CXX shared library libtm_msgs__rosidl_typesupport_introspection_cpp.so[0m
[49.714s] [ 82%] Built target tm_msgs__rosidl_typesupport_introspection_cpp
[50.117s] [ 82%] [32mBuilding CXX object CMakeFiles/tm_msgs__rosidl_typesupport_fastrtps_c.dir/rosidl_typesupport_fastrtps_c/tm_msgs/srv/detail/movement_request__type_support_c.cpp.o[0m
[50.663s] [ 83%] [32mBuilding CXX object CMakeFiles/tm_msgs__rosidl_typesupport_fastrtps_cpp.dir/rosidl_typesupport_fastrtps_cpp/tm_msgs/srv/detail/dds_fastrtps/ask_sta__type_support.cpp.o[0m
[51.354s] [ 84%] [32m[1mLinking CXX shared library libtm_msgs__rosidl_typesupport_fastrtps_c.so[0m
[51.595s] [ 84%] Built target tm_msgs__rosidl_typesupport_fastrtps_c
[51.823s] [ 84%] [32m[1mLinking CXX shared library libtm_msgs__rosidl_typesupport_fastrtps_cpp.so[0m
[52.070s] [ 84%] Built target tm_msgs__rosidl_typesupport_fastrtps_cpp
[52.125s] [ 84%] Built target tm_msgs
[52.184s] [ 85%] [34m[1mGenerating Python code for ROS interfaces[0m
[60.647s] [ 85%] Built target tm_msgs__py
[60.701s] [ 86%] [32mBuilding C object CMakeFiles/tm_msgs__rosidl_generator_py.dir/rosidl_generator_py/tm_msgs/msg/_feedback_state_s.c.o[0m
[61.331s] [ 86%] [32mBuilding C object CMakeFiles/tm_msgs__rosidl_generator_py.dir/rosidl_generator_py/tm_msgs/srv/_write_item_s.c.o[0m
[61.597s] [ 87%] [32mBuilding C object CMakeFiles/tm_msgs__rosidl_generator_py.dir/rosidl_generator_py/tm_msgs/srv/_wireless_info_s.c.o[0m
[61.862s] [ 88%] [32mBuilding C object CMakeFiles/tm_msgs__rosidl_generator_py.dir/rosidl_generator_py/tm_msgs/srv/_ask_item_s.c.o[0m
[62.138s] [ 89%] [32mBuilding C object CMakeFiles/tm_msgs__rosidl_generator_py.dir/rosidl_generator_py/tm_msgs/srv/_send_script_s.c.o[0m
[62.413s] [ 89%] [32mBuilding C object CMakeFiles/tm_msgs__rosidl_generator_py.dir/rosidl_generator_py/tm_msgs/srv/_set_event_s.c.o[0m
[62.678s] [ 90%] [32mBuilding C object CMakeFiles/tm_msgs__rosidl_generator_py.dir/rosidl_generator_py/tm_msgs/srv/_set_io_s.c.o[0m
[62.949s] [ 91%] [32mBuilding C object CMakeFiles/tm_msgs__rosidl_generator_py.dir/rosidl_generator_py/tm_msgs/srv/_set_positions_s.c.o[0m
[63.245s] [ 91%] [32mBuilding C object CMakeFiles/tm_msgs__rosidl_generator_py.dir/rosidl_generator_py/tm_msgs/srv/_ask_sta_s.c.o[0m
[63.517s] [ 92%] [32mBuilding C object CMakeFiles/tm_msgs__rosidl_generator_py.dir/rosidl_generator_py/tm_msgs/srv/_movement_request_s.c.o[0m
[63.803s] [ 93%] [32mBuilding C object CMakeFiles/tm_msgs__rosidl_generator_py.dir/rosidl_generator_py/tm_msgs/srv/_connect_tm_s.c.o[0m
[64.070s] [ 94%] [32mBuilding C object CMakeFiles/tm_msgs__rosidl_generator_py.dir/rosidl_generator_py/tm_msgs/msg/_sta_response_s.c.o[0m
[64.321s] [ 95%] [32mBuilding C object CMakeFiles/tm_msgs__rosidl_generator_py.dir/rosidl_generator_py/tm_msgs/msg/_sct_response_s.c.o[0m
[64.576s] [ 95%] [32mBuilding C object CMakeFiles/tm_msgs__rosidl_generator_py.dir/rosidl_generator_py/tm_msgs/msg/_svr_response_s.c.o[0m
[64.835s] [ 96%] [32m[1mLinking C shared library rosidl_generator_py/tm_msgs/libtm_msgs__rosidl_generator_py.so[0m
[64.947s] [ 96%] Built target tm_msgs__rosidl_generator_py
[65.002s] [ 98%] [32mBuilding C object CMakeFiles/tm_msgs__rosidl_typesupport_fastrtps_c__pyext.dir/rosidl_generator_py/tm_msgs/_tm_msgs_s.ep.rosidl_typesupport_fastrtps_c.c.o[0m
[65.002s] [ 98%] [32mBuilding C object CMakeFiles/tm_msgs__rosidl_typesupport_introspection_c__pyext.dir/rosidl_generator_py/tm_msgs/_tm_msgs_s.ep.rosidl_typesupport_introspection_c.c.o[0m
[65.443s] [ 99%] [32m[1mLinking C shared library rosidl_generator_py/tm_msgs/tm_msgs_s__rosidl_typesupport_fastrtps_c.cpython-310-aarch64-linux-gnu.so[0m
[65.444s] [ 99%] [32m[1mLinking C shared library rosidl_generator_py/tm_msgs/tm_msgs_s__rosidl_typesupport_introspection_c.cpython-310-aarch64-linux-gnu.so[0m
[65.546s] [ 99%] Built target tm_msgs__rosidl_typesupport_fastrtps_c__pyext
[65.546s] [ 99%] Built target tm_msgs__rosidl_typesupport_introspection_c__pyext
[65.603s] [100%] [32mBuilding C object CMakeFiles/tm_msgs__rosidl_typesupport_c__pyext.dir/rosidl_generator_py/tm_msgs/_tm_msgs_s.ep.rosidl_typesupport_c.c.o[0m
[66.035s] [100%] [32m[1mLinking C shared library rosidl_generator_py/tm_msgs/tm_msgs_s__rosidl_typesupport_c.cpython-310-aarch64-linux-gnu.so[0m
[66.135s] [100%] Built target tm_msgs__rosidl_typesupport_c__pyext
[66.173s] Invoked command in '/home/akhil/Downloads/omron_moma_ros2/MOMA_project/src/build/tm_msgs' returned '0': CMAKE_PREFIX_PATH=/opt/ros/humble /usr/bin/cmake --build /home/akhil/Downloads/omron_moma_ros2/MOMA_project/src/build/tm_msgs -- -j6 -l6
[66.179s] Invoking command in '/home/akhil/Downloads/omron_moma_ros2/MOMA_project/src/build/tm_msgs': CMAKE_PREFIX_PATH=/opt/ros/humble /usr/bin/cmake --install /home/akhil/Downloads/omron_moma_ros2/MOMA_project/src/build/tm_msgs
[66.201s] -- Install configuration: ""
[66.202s] -- Installing: /home/akhil/Downloads/omron_moma_ros2/MOMA_project/src/install/tm_msgs/share/ament_index/resource_index/rosidl_interfaces/tm_msgs
[66.202s] -- Installing: /home/akhil/Downloads/omron_moma_ros2/MOMA_project/src/install/tm_msgs/include/tm_msgs/tm_msgs
[66.202s] -- Installing: /home/akhil/Downloads/omron_moma_ros2/MOMA_project/src/install/tm_msgs/include/tm_msgs/tm_msgs/msg
[66.203s] -- Installing: /home/akhil/Downloads/omron_moma_ros2/MOMA_project/src/install/tm_msgs/include/tm_msgs/tm_msgs/msg/rosidl_generator_c__visibility_control.h
[66.203s] -- Installing: /home/akhil/Downloads/omron_moma_ros2/MOMA_project/src/install/tm_msgs/include/tm_msgs/tm_msgs/msg/feedback_state.h
[66.203s] -- Installing: /home/akhil/Downloads/omron_moma_ros2/MOMA_project/src/install/tm_msgs/include/tm_msgs/tm_msgs/msg/sct_response.h
[66.204s] -- Installing: /home/akhil/Downloads/omron_moma_ros2/MOMA_project/src/install/tm_msgs/include/tm_msgs/tm_msgs/msg/detail
[66.204s] -- Installing: /home/akhil/Downloads/omron_moma_ros2/MOMA_project/src/install/tm_msgs/include/tm_msgs/tm_msgs/msg/detail/sct_response__struct.h
[66.204s] -- Installing: /home/akhil/Downloads/omron_moma_ros2/MOMA_project/src/install/tm_msgs/include/tm_msgs/tm_msgs/msg/detail/feedback_state__functions.h
[66.204s] -- Installing: /home/akhil/Downloads/omron_moma_ros2/MOMA_project/src/install/tm_msgs/include/tm_msgs/tm_msgs/msg/detail/feedback_state__type_support.h
[66.205s] -- Installing: /home/akhil/Downloads/omron_moma_ros2/MOMA_project/src/install/tm_msgs/include/tm_msgs/tm_msgs/msg/detail/sta_response__type_support.h
[66.205s] -- Installing: /home/akhil/Downloads/omron_moma_ros2/MOMA_project/src/install/tm_msgs/include/tm_msgs/tm_msgs/msg/detail/svr_response__struct.h
[66.205s] -- Installing: /home/akhil/Downloads/omron_moma_ros2/MOMA_project/src/install/tm_msgs/include/tm_msgs/tm_msgs/msg/detail/svr_response__functions.h
[66.205s] -- Installing: /home/akhil/Downloads/omron_moma_ros2/MOMA_project/src/install/tm_msgs/include/tm_msgs/tm_msgs/msg/detail/svr_response__functions.c
[66.206s] -- Installing: /home/akhil/Downloads/omron_moma_ros2/MOMA_project/src/install/tm_msgs/include/tm_msgs/tm_msgs/msg/detail/feedback_state__functions.c
[66.206s] -- Installing: /home/akhil/Downloads/omron_moma_ros2/MOMA_project/src/install/tm_msgs/include/tm_msgs/tm_msgs/msg/detail/sta_response__struct.h
[66.206s] -- Installing: /home/akhil/Downloads/omron_moma_ros2/MOMA_project/src/install/tm_msgs/include/tm_msgs/tm_msgs/msg/detail/sct_response__type_support.h
[66.206s] -- Installing: /home/akhil/Downloads/omron_moma_ros2/MOMA_project/src/install/tm_msgs/include/tm_msgs/tm_msgs/msg/detail/sct_response__functions.h
[66.207s] -- Installing: /home/akhil/Downloads/omron_moma_ros2/MOMA_project/src/install/tm_msgs/include/tm_msgs/tm_msgs/msg/detail/feedback_state__struct.h
[66.207s] -- Installing: /home/akhil/Downloads/omron_moma_ros2/MOMA_project/src/install/tm_msgs/include/tm_msgs/tm_msgs/msg/detail/svr_response__type_support.h
[66.207s] -- Installing: /home/akhil/Downloads/omron_moma_ros2/MOMA_project/src/install/tm_msgs/include/tm_msgs/tm_msgs/msg/detail/sta_response__functions.h
[66.208s] -- Installing: /home/akhil/Downloads/omron_moma_ros2/MOMA_project/src/install/tm_msgs/include/tm_msgs/tm_msgs/msg/detail/sct_response__functions.c
[66.208s] -- Installing: /home/akhil/Downloads/omron_moma_ros2/MOMA_project/src/install/tm_msgs/include/tm_msgs/tm_msgs/msg/detail/sta_response__functions.c
[66.208s] -- Installing: /home/akhil/Downloads/omron_moma_ros2/MOMA_project/src/install/tm_msgs/include/tm_msgs/tm_msgs/msg/svr_response.h
[66.208s] -- Installing: /home/akhil/Downloads/omron_moma_ros2/MOMA_project/src/install/tm_msgs/include/tm_msgs/tm_msgs/msg/sta_response.h
[66.209s] -- Installing: /home/akhil/Downloads/omron_moma_ros2/MOMA_project/src/install/tm_msgs/include/tm_msgs/tm_msgs/srv
[66.209s] -- Installing: /home/akhil/Downloads/omron_moma_ros2/MOMA_project/src/install/tm_msgs/include/tm_msgs/tm_msgs/srv/connect_tm.h
[66.209s] -- Installing: /home/akhil/Downloads/omron_moma_ros2/MOMA_project/src/install/tm_msgs/include/tm_msgs/tm_msgs/srv/write_item.h
[66.209s] -- Installing: /home/akhil/Downloads/omron_moma_ros2/MOMA_project/src/install/tm_msgs/include/tm_msgs/tm_msgs/srv/ask_sta.h
[66.210s] -- Installing: /home/akhil/Downloads/omron_moma_ros2/MOMA_project/src/install/tm_msgs/include/tm_msgs/tm_msgs/srv/movement_request.h
[66.210s] -- Installing: /home/akhil/Downloads/omron_moma_ros2/MOMA_project/src/install/tm_msgs/include/tm_msgs/tm_msgs/srv/wireless_info.h
[66.210s] -- Installing: /home/akhil/Downloads/omron_moma_ros2/MOMA_project/src/install/tm_msgs/include/tm_msgs/tm_msgs/srv/detail
[66.210s] -- Installing: /home/akhil/Downloads/omron_moma_ros2/MOMA_project/src/install/tm_msgs/include/tm_msgs/tm_msgs/srv/detail/write_item__functions.c
[66.211s] -- Installing: /home/akhil/Downloads/omron_moma_ros2/MOMA_project/src/install/tm_msgs/include/tm_msgs/tm_msgs/srv/detail/write_item__functions.h
[66.211s] -- Installing: /home/akhil/Downloads/omron_moma_ros2/MOMA_project/src/install/tm_msgs/include/tm_msgs/tm_msgs/srv/detail/connect_tm__struct.h
[66.211s] -- Installing: /home/akhil/Downloads/omron_moma_ros2/MOMA_project/src/install/tm_msgs/include/tm_msgs/tm_msgs/srv/detail/movement_request__struct.h
[66.212s] -- Installing: /home/akhil/Downloads/omron_moma_ros2/MOMA_project/src/install/tm_msgs/include/tm_msgs/tm_msgs/srv/detail/ask_sta__struct.h
[66.212s] -- Installing: /home/akhil/Downloads/omron_moma_ros2/MOMA_project/src/install/tm_msgs/include/tm_msgs/tm_msgs/srv/detail/set_positions__struct.h
[66.212s] -- Installing: /home/akhil/Downloads/omron_moma_ros2/MOMA_project/src/install/tm_msgs/include/tm_msgs/tm_msgs/srv/detail/ask_sta__functions.h
[66.212s] -- Installing: /home/akhil/Downloads/omron_moma_ros2/MOMA_project/src/install/tm_msgs/include/tm_msgs/tm_msgs/srv/detail/set_positions__functions.h
[66.213s] -- Installing: /home/akhil/Downloads/omron_moma_ros2/MOMA_project/src/install/tm_msgs/include/tm_msgs/tm_msgs/srv/detail/wireless_info__type_support.h
[66.213s] -- Installing: /home/akhil/Downloads/omron_moma_ros2/MOMA_project/src/install/tm_msgs/include/tm_msgs/tm_msgs/srv/detail/wireless_info__struct.h
[66.213s] -- Installing: /home/akhil/Downloads/omron_moma_ros2/MOMA_project/src/install/tm_msgs/include/tm_msgs/tm_msgs/srv/detail/ask_item__type_support.h
[66.213s] -- Installing: /home/akhil/Downloads/omron_moma_ros2/MOMA_project/src/install/tm_msgs/include/tm_msgs/tm_msgs/srv/detail/connect_tm__functions.c
[66.214s] -- Installing: /home/akhil/Downloads/omron_moma_ros2/MOMA_project/src/install/tm_msgs/include/tm_msgs/tm_msgs/srv/detail/send_script__struct.h
[66.214s] -- Installing: /home/akhil/Downloads/omron_moma_ros2/MOMA_project/src/install/tm_msgs/include/tm_msgs/tm_msgs/srv/detail/send_script__functions.h
[66.214s] -- Installing: /home/akhil/Downloads/omron_moma_ros2/MOMA_project/src/install/tm_msgs/include/tm_msgs/tm_msgs/srv/detail/set_io__type_support.h
[66.214s] -- Installing: /home/akhil/Downloads/omron_moma_ros2/MOMA_project/src/install/tm_msgs/include/tm_msgs/tm_msgs/srv/detail/set_event__functions.c
[66.215s] -- Installing: /home/akhil/Downloads/omron_moma_ros2/MOMA_project/src/install/tm_msgs/include/tm_msgs/tm_msgs/srv/detail/set_event__type_support.h
[66.215s] -- Installing: /home/akhil/Downloads/omron_moma_ros2/MOMA_project/src/install/tm_msgs/include/tm_msgs/tm_msgs/srv/detail/ask_sta__type_support.h
[66.215s] -- Installing: /home/akhil/Downloads/omron_moma_ros2/MOMA_project/src/install/tm_msgs/include/tm_msgs/tm_msgs/srv/detail/write_item__type_support.h
[66.216s] -- Installing: /home/akhil/Downloads/omron_moma_ros2/MOMA_project/src/install/tm_msgs/include/tm_msgs/tm_msgs/srv/detail/send_script__type_support.h
[66.216s] -- Installing: /home/akhil/Downloads/omron_moma_ros2/MOMA_project/src/install/tm_msgs/include/tm_msgs/tm_msgs/srv/detail/wireless_info__functions.h
[66.216s] -- Installing: /home/akhil/Downloads/omron_moma_ros2/MOMA_project/src/install/tm_msgs/include/tm_msgs/tm_msgs/srv/detail/set_positions__type_support.h
[66.216s] -- Installing: /home/akhil/Downloads/omron_moma_ros2/MOMA_project/src/install/tm_msgs/include/tm_msgs/tm_msgs/srv/detail/ask_item__struct.h
[66.217s] -- Installing: /home/akhil/Downloads/omron_moma_ros2/MOMA_project/src/install/tm_msgs/include/tm_msgs/tm_msgs/srv/detail/set_positions__functions.c
[66.217s] -- Installing: /home/akhil/Downloads/omron_moma_ros2/MOMA_project/src/install/tm_msgs/include/tm_msgs/tm_msgs/srv/detail/connect_tm__functions.h
[66.217s] -- Installing: /home/akhil/Downloads/omron_moma_ros2/MOMA_project/src/install/tm_msgs/include/tm_msgs/tm_msgs/srv/detail/set_io__struct.h
[66.217s] -- Installing: /home/akhil/Downloads/omron_moma_ros2/MOMA_project/src/install/tm_msgs/include/tm_msgs/tm_msgs/srv/detail/write_item__struct.h
[66.218s] -- Installing: /home/akhil/Downloads/omron_moma_ros2/MOMA_project/src/install/tm_msgs/include/tm_msgs/tm_msgs/srv/detail/set_io__functions.c
[66.218s] -- Installing: /home/akhil/Downloads/omron_moma_ros2/MOMA_project/src/install/tm_msgs/include/tm_msgs/tm_msgs/srv/detail/set_event__functions.h
[66.218s] -- Installing: /home/akhil/Downloads/omron_moma_ros2/MOMA_project/src/install/tm_msgs/include/tm_msgs/tm_msgs/srv/detail/ask_sta__functions.c
[66.219s] -- Installing: /home/akhil/Downloads/omron_moma_ros2/MOMA_project/src/install/tm_msgs/include/tm_msgs/tm_msgs/srv/detail/send_script__functions.c
[66.219s] -- Installing: /home/akhil/Downloads/omron_moma_ros2/MOMA_project/src/install/tm_msgs/include/tm_msgs/tm_msgs/srv/detail/set_event__struct.h
[66.219s] -- Installing: /home/akhil/Downloads/omron_moma_ros2/MOMA_project/src/install/tm_msgs/include/tm_msgs/tm_msgs/srv/detail/movement_request__functions.c
[66.219s] -- Installing: /home/akhil/Downloads/omron_moma_ros2/MOMA_project/src/install/tm_msgs/include/tm_msgs/tm_msgs/srv/detail/ask_item__functions.h
[66.220s] -- Installing: /home/akhil/Downloads/omron_moma_ros2/MOMA_project/src/install/tm_msgs/include/tm_msgs/tm_msgs/srv/detail/wireless_info__functions.c
[66.220s] -- Installing: /home/akhil/Downloads/omron_moma_ros2/MOMA_project/src/install/tm_msgs/include/tm_msgs/tm_msgs/srv/detail/movement_request__functions.h
[66.220s] -- Installing: /home/akhil/Downloads/omron_moma_ros2/MOMA_project/src/install/tm_msgs/include/tm_msgs/tm_msgs/srv/detail/connect_tm__type_support.h
[66.221s] -- Installing: /home/akhil/Downloads/omron_moma_ros2/MOMA_project/src/install/tm_msgs/include/tm_msgs/tm_msgs/srv/detail/set_io__functions.h
[66.221s] -- Installing: /home/akhil/Downloads/omron_moma_ros2/MOMA_project/src/install/tm_msgs/include/tm_msgs/tm_msgs/srv/detail/ask_item__functions.c
[66.221s] -- Installing: /home/akhil/Downloads/omron_moma_ros2/MOMA_project/src/install/tm_msgs/include/tm_msgs/tm_msgs/srv/detail/movement_request__type_support.h
[66.221s] -- Installing: /home/akhil/Downloads/omron_moma_ros2/MOMA_project/src/install/tm_msgs/include/tm_msgs/tm_msgs/srv/set_event.h
[66.222s] -- Installing: /home/akhil/Downloads/omron_moma_ros2/MOMA_project/src/install/tm_msgs/include/tm_msgs/tm_msgs/srv/set_positions.h
[66.222s] -- Installing: /home/akhil/Downloads/omron_moma_ros2/MOMA_project/src/install/tm_msgs/include/tm_msgs/tm_msgs/srv/ask_item.h
[66.222s] -- Installing: /home/akhil/Downloads/omron_moma_ros2/MOMA_project/src/install/tm_msgs/include/tm_msgs/tm_msgs/srv/set_io.h
[66.222s] -- Installing: /home/akhil/Downloads/omron_moma_ros2/MOMA_project/src/install/tm_msgs/include/tm_msgs/tm_msgs/srv/send_script.h
[66.223s] -- Installing: /home/akhil/Downloads/omron_moma_ros2/MOMA_project/src/install/tm_msgs/share/tm_msgs/environment/library_path.sh
[66.223s] -- Installing: /home/akhil/Downloads/omron_moma_ros2/MOMA_project/src/install/tm_msgs/share/tm_msgs/environment/library_path.dsv
[66.224s] -- Installing: /home/akhil/Downloads/omron_moma_ros2/MOMA_project/src/install/tm_msgs/lib/libtm_msgs__rosidl_generator_c.so
[66.225s] -- Set runtime path of "/home/akhil/Downloads/omron_moma_ros2/MOMA_project/src/install/tm_msgs/lib/libtm_msgs__rosidl_generator_c.so" to ""
[66.225s] -- Up-to-date: /home/akhil/Downloads/omron_moma_ros2/MOMA_project/src/install/tm_msgs/include/tm_msgs/tm_msgs
[66.226s] -- Up-to-date: /home/akhil/Downloads/omron_moma_ros2/MOMA_project/src/install/tm_msgs/include/tm_msgs/tm_msgs/msg
[66.226s] -- Up-to-date: /home/akhil/Downloads/omron_moma_ros2/MOMA_project/src/install/tm_msgs/include/tm_msgs/tm_msgs/msg/detail
[66.226s] -- Installing: /home/akhil/Downloads/omron_moma_ros2/MOMA_project/src/install/tm_msgs/include/tm_msgs/tm_msgs/msg/detail/sct_response__rosidl_typesupport_fastrtps_c.h
[66.226s] -- Installing: /home/akhil/Downloads/omron_moma_ros2/MOMA_project/src/install/tm_msgs/include/tm_msgs/tm_msgs/msg/detail/sta_response__rosidl_typesupport_fastrtps_c.h
[66.226s] -- Installing: /home/akhil/Downloads/omron_moma_ros2/MOMA_project/src/install/tm_msgs/include/tm_msgs/tm_msgs/msg/detail/svr_response__rosidl_typesupport_fastrtps_c.h
[66.226s] -- Installing: /home/akhil/Downloads/omron_moma_ros2/MOMA_project/src/install/tm_msgs/include/tm_msgs/tm_msgs/msg/detail/feedback_state__rosidl_typesupport_fastrtps_c.h
[66.227s] -- Installing: /home/akhil/Downloads/omron_moma_ros2/MOMA_project/src/install/tm_msgs/include/tm_msgs/tm_msgs/msg/rosidl_typesupport_fastrtps_c__visibility_control.h
[66.227s] -- Up-to-date: /home/akhil/Downloads/omron_moma_ros2/MOMA_project/src/install/tm_msgs/include/tm_msgs/tm_msgs/srv
[66.227s] -- Up-to-date: /home/akhil/Downloads/omron_moma_ros2/MOMA_project/src/install/tm_msgs/include/tm_msgs/tm_msgs/srv/detail
[66.227s] -- Installing: /home/akhil/Downloads/omron_moma_ros2/MOMA_project/src/install/tm_msgs/include/tm_msgs/tm_msgs/srv/detail/send_script__rosidl_typesupport_fastrtps_c.h
[66.227s] -- Installing: /home/akhil/Downloads/omron_moma_ros2/MOMA_project/src/install/tm_msgs/include/tm_msgs/tm_msgs/srv/detail/connect_tm__rosidl_typesupport_fastrtps_c.h
[66.228s] -- Installing: /home/akhil/Downloads/omron_moma_ros2/MOMA_project/src/install/tm_msgs/include/tm_msgs/tm_msgs/srv/detail/movement_request__rosidl_typesupport_fastrtps_c.h
[66.228s] -- Installing: /home/akhil/Downloads/omron_moma_ros2/MOMA_project/src/install/tm_msgs/include/tm_msgs/tm_msgs/srv/detail/set_io__rosidl_typesupport_fastrtps_c.h
[66.228s] -- Installing: /home/akhil/Downloads/omron_moma_ros2/MOMA_project/src/install/tm_msgs/include/tm_msgs/tm_msgs/srv/detail/ask_item__rosidl_typesupport_fastrtps_c.h
[66.228s] -- Installing: /home/akhil/Downloads/omron_moma_ros2/MOMA_project/src/install/tm_msgs/include/tm_msgs/tm_msgs/srv/detail/set_positions__rosidl_typesupport_fastrtps_c.h
[66.229s] -- Installing: /home/akhil/Downloads/omron_moma_ros2/MOMA_project/src/install/tm_msgs/include/tm_msgs/tm_msgs/srv/detail/wireless_info__rosidl_typesupport_fastrtps_c.h
[66.229s] -- Installing: /home/akhil/Downloads/omron_moma_ros2/MOMA_project/src/install/tm_msgs/include/tm_msgs/tm_msgs/srv/detail/set_event__rosidl_typesupport_fastrtps_c.h
[66.229s] -- Installing: /home/akhil/Downloads/omron_moma_ros2/MOMA_project/src/install/tm_msgs/include/tm_msgs/tm_msgs/srv/detail/write_item__rosidl_typesupport_fastrtps_c.h
[66.229s] -- Installing: /home/akhil/Downloads/omron_moma_ros2/MOMA_project/src/install/tm_msgs/include/tm_msgs/tm_msgs/srv/detail/ask_sta__rosidl_typesupport_fastrtps_c.h
[66.230s] -- Installing: /home/akhil/Downloads/omron_moma_ros2/MOMA_project/src/install/tm_msgs/lib/libtm_msgs__rosidl_typesupport_fastrtps_c.so
[66.231s] -- Set runtime path of "/home/akhil/Downloads/omron_moma_ros2/MOMA_project/src/install/tm_msgs/lib/libtm_msgs__rosidl_typesupport_fastrtps_c.so" to ""
[66.231s] -- Up-to-date: /home/akhil/Downloads/omron_moma_ros2/MOMA_project/src/install/tm_msgs/include/tm_msgs/tm_msgs
[66.231s] -- Up-to-date: /home/akhil/Downloads/omron_moma_ros2/MOMA_project/src/install/tm_msgs/include/tm_msgs/tm_msgs/msg
[66.231s] -- Installing: /home/akhil/Downloads/omron_moma_ros2/MOMA_project/src/install/tm_msgs/include/tm_msgs/tm_msgs/msg/feedback_state.hpp
[66.232s] -- Installing: /home/akhil/Downloads/omron_moma_ros2/MOMA_project/src/install/tm_msgs/include/tm_msgs/tm_msgs/msg/sct_response.hpp
[66.232s] -- Installing: /home/akhil/Downloads/omron_moma_ros2/MOMA_project/src/install/tm_msgs/include/tm_msgs/tm_msgs/msg/sta_response.hpp
[66.232s] -- Installing: /home/akhil/Downloads/omron_moma_ros2/MOMA_project/src/install/tm_msgs/include/tm_msgs/tm_msgs/msg/svr_response.hpp
[66.232s] -- Installing: /home/akhil/Downloads/omron_moma_ros2/MOMA_project/src/install/tm_msgs/include/tm_msgs/tm_msgs/msg/rosidl_generator_cpp__visibility_control.hpp
[66.233s] -- Up-to-date: /home/akhil/Downloads/omron_moma_ros2/MOMA_project/src/install/tm_msgs/include/tm_msgs/tm_msgs/msg/detail
[66.233s] -- Installing: /home/akhil/Downloads/omron_moma_ros2/MOMA_project/src/install/tm_msgs/include/tm_msgs/tm_msgs/msg/detail/sct_response__type_support.hpp
[66.233s] -- Installing: /home/akhil/Downloads/omron_moma_ros2/MOMA_project/src/install/tm_msgs/include/tm_msgs/tm_msgs/msg/detail/svr_response__builder.hpp
[66.233s] -- Installing: /home/akhil/Downloads/omron_moma_ros2/MOMA_project/src/install/tm_msgs/include/tm_msgs/tm_msgs/msg/detail/feedback_state__struct.hpp
[66.233s] -- Installing: /home/akhil/Downloads/omron_moma_ros2/MOMA_project/src/install/tm_msgs/include/tm_msgs/tm_msgs/msg/detail/feedback_state__traits.hpp
[66.234s] -- Installing: /home/akhil/Downloads/omron_moma_ros2/MOMA_project/src/install/tm_msgs/include/tm_msgs/tm_msgs/msg/detail/svr_response__traits.hpp
[66.234s] -- Installing: /home/akhil/Downloads/omron_moma_ros2/MOMA_project/src/install/tm_msgs/include/tm_msgs/tm_msgs/msg/detail/sct_response__builder.hpp
[66.234s] -- Installing: /home/akhil/Downloads/omron_moma_ros2/MOMA_project/src/install/tm_msgs/include/tm_msgs/tm_msgs/msg/detail/sct_response__struct.hpp
[66.235s] -- Installing: /home/akhil/Downloads/omron_moma_ros2/MOMA_project/src/install/tm_msgs/include/tm_msgs/tm_msgs/msg/detail/svr_response__struct.hpp
[66.235s] -- Installing: /home/akhil/Downloads/omron_moma_ros2/MOMA_project/src/install/tm_msgs/include/tm_msgs/tm_msgs/msg/detail/sta_response__struct.hpp
[66.235s] -- Installing: /home/akhil/Downloads/omron_moma_ros2/MOMA_project/src/install/tm_msgs/include/tm_msgs/tm_msgs/msg/detail/sta_response__traits.hpp
[66.236s] -- Installing: /home/akhil/Downloads/omron_moma_ros2/MOMA_project/src/install/tm_msgs/include/tm_msgs/tm_msgs/msg/detail/sct_response__traits.hpp
[66.236s] -- Installing: /home/akhil/Downloads/omron_moma_ros2/MOMA_project/src/install/tm_msgs/include/tm_msgs/tm_msgs/msg/detail/sta_response__builder.hpp
[66.236s] -- Installing: /home/akhil/Downloads/omron_moma_ros2/MOMA_project/src/install/tm_msgs/include/tm_msgs/tm_msgs/msg/detail/feedback_state__builder.hpp
[66.236s] -- Installing: /home/akhil/Downloads/omron_moma_ros2/MOMA_project/src/install/tm_msgs/include/tm_msgs/tm_msgs/msg/detail/svr_response__type_support.hpp
[66.237s] -- Installing: /home/akhil/Downloads/omron_moma_ros2/MOMA_project/src/install/tm_msgs/include/tm_msgs/tm_msgs/msg/detail/sta_response__type_support.hpp
[66.237s] -- Installing: /home/akhil/Downloads/omron_moma_ros2/MOMA_project/src/install/tm_msgs/include/tm_msgs/tm_msgs/msg/detail/feedback_state__type_support.hpp
[66.237s] -- Up-to-date: /home/akhil/Downloads/omron_moma_ros2/MOMA_project/src/install/tm_msgs/include/tm_msgs/tm_msgs/srv
[66.237s] -- Installing: /home/akhil/Downloads/omron_moma_ros2/MOMA_project/src/install/tm_msgs/include/tm_msgs/tm_msgs/srv/wireless_info.hpp
[66.238s] -- Installing: /home/akhil/Downloads/omron_moma_ros2/MOMA_project/src/install/tm_msgs/include/tm_msgs/tm_msgs/srv/connect_tm.hpp
[66.238s] -- Installing: /home/akhil/Downloads/omron_moma_ros2/MOMA_project/src/install/tm_msgs/include/tm_msgs/tm_msgs/srv/send_script.hpp
[66.238s] -- Installing: /home/akhil/Downloads/omron_moma_ros2/MOMA_project/src/install/tm_msgs/include/tm_msgs/tm_msgs/srv/set_event.hpp
[66.238s] -- Up-to-date: /home/akhil/Downloads/omron_moma_ros2/MOMA_project/src/install/tm_msgs/include/tm_msgs/tm_msgs/srv/detail
[66.239s] -- Installing: /home/akhil/Downloads/omron_moma_ros2/MOMA_project/src/install/tm_msgs/include/tm_msgs/tm_msgs/srv/detail/ask_item__builder.hpp
[66.239s] -- Installing: /home/akhil/Downloads/omron_moma_ros2/MOMA_project/src/install/tm_msgs/include/tm_msgs/tm_msgs/srv/detail/send_script__builder.hpp
[66.239s] -- Installing: /home/akhil/Downloads/omron_moma_ros2/MOMA_project/src/install/tm_msgs/include/tm_msgs/tm_msgs/srv/detail/write_item__struct.hpp
[66.239s] -- Installing: /home/akhil/Downloads/omron_moma_ros2/MOMA_project/src/install/tm_msgs/include/tm_msgs/tm_msgs/srv/detail/set_positions__builder.hpp
[66.240s] -- Installing: /home/akhil/Downloads/omron_moma_ros2/MOMA_project/src/install/tm_msgs/include/tm_msgs/tm_msgs/srv/detail/ask_sta__struct.hpp
[66.240s] -- Installing: /home/akhil/Downloads/omron_moma_ros2/MOMA_project/src/install/tm_msgs/include/tm_msgs/tm_msgs/srv/detail/ask_item__traits.hpp
[66.240s] -- Installing: /home/akhil/Downloads/omron_moma_ros2/MOMA_project/src/install/tm_msgs/include/tm_msgs/tm_msgs/srv/detail/set_event__type_support.hpp
[66.240s] -- Installing: /home/akhil/Downloads/omron_moma_ros2/MOMA_project/src/install/tm_msgs/include/tm_msgs/tm_msgs/srv/detail/write_item__traits.hpp
[66.241s] -- Installing: /home/akhil/Downloads/omron_moma_ros2/MOMA_project/src/install/tm_msgs/include/tm_msgs/tm_msgs/srv/detail/movement_request__traits.hpp
[66.241s] -- Installing: /home/akhil/Downloads/omron_moma_ros2/MOMA_project/src/install/tm_msgs/include/tm_msgs/tm_msgs/srv/detail/set_io__traits.hpp
[66.241s] -- Installing: /home/akhil/Downloads/omron_moma_ros2/MOMA_project/src/install/tm_msgs/include/tm_msgs/tm_msgs/srv/detail/set_io__struct.hpp
[66.242s] -- Installing: /home/akhil/Downloads/omron_moma_ros2/MOMA_project/src/install/tm_msgs/include/tm_msgs/tm_msgs/srv/detail/wireless_info__builder.hpp
[66.242s] -- Installing: /home/akhil/Downloads/omron_moma_ros2/MOMA_project/src/install/tm_msgs/include/tm_msgs/tm_msgs/srv/detail/connect_tm__type_support.hpp
[66.242s] -- Installing: /home/akhil/Downloads/omron_moma_ros2/MOMA_project/src/install/tm_msgs/include/tm_msgs/tm_msgs/srv/detail/set_io__type_support.hpp
[66.242s] -- Installing: /home/akhil/Downloads/omron_moma_ros2/MOMA_project/src/install/tm_msgs/include/tm_msgs/tm_msgs/srv/detail/wireless_info__traits.hpp
[66.243s] -- Installing: /home/akhil/Downloads/omron_moma_ros2/MOMA_project/src/install/tm_msgs/include/tm_msgs/tm_msgs/srv/detail/send_script__traits.hpp
[66.243s] -- Installing: /home/akhil/Downloads/omron_moma_ros2/MOMA_project/src/install/tm_msgs/include/tm_msgs/tm_msgs/srv/detail/set_positions__traits.hpp
[66.243s] -- Installing: /home/akhil/Downloads/omron_moma_ros2/MOMA_project/src/install/tm_msgs/include/tm_msgs/tm_msgs/srv/detail/connect_tm__builder.hpp
[66.243s] -- Installing: /home/akhil/Downloads/omron_moma_ros2/MOMA_project/src/install/tm_msgs/include/tm_msgs/tm_msgs/srv/detail/connect_tm__struct.hpp
[66.244s] -- Installing: /home/akhil/Downloads/omron_moma_ros2/MOMA_project/src/install/tm_msgs/include/tm_msgs/tm_msgs/srv/detail/ask_item__type_support.hpp
[66.244s] -- Installing: /home/akhil/Downloads/omron_moma_ros2/MOMA_project/src/install/tm_msgs/include/tm_msgs/tm_msgs/srv/detail/set_positions__type_support.hpp
[66.244s] -- Installing: /home/akhil/Downloads/omron_moma_ros2/MOMA_project/src/install/tm_msgs/include/tm_msgs/tm_msgs/srv/detail/set_event__builder.hpp
[66.244s] -- Installing: /home/akhil/Downloads/omron_moma_ros2/MOMA_project/src/install/tm_msgs/include/tm_msgs/tm_msgs/srv/detail/write_item__type_support.hpp
[66.245s] -- Installing: /home/akhil/Downloads/omron_moma_ros2/MOMA_project/src/install/tm_msgs/include/tm_msgs/tm_msgs/srv/detail/set_event__struct.hpp
[66.245s] -- Installing: /home/akhil/Downloads/omron_moma_ros2/MOMA_project/src/install/tm_msgs/include/tm_msgs/tm_msgs/srv/detail/send_script__struct.hpp
[66.245s] -- Installing: /home/akhil/Downloads/omron_moma_ros2/MOMA_project/src/install/tm_msgs/include/tm_msgs/tm_msgs/srv/detail/movement_request__builder.hpp
[66.245s] -- Installing: /home/akhil/Downloads/omron_moma_ros2/MOMA_project/src/install/tm_msgs/include/tm_msgs/tm_msgs/srv/detail/write_item__builder.hpp
[66.246s] -- Installing: /home/akhil/Downloads/omron_moma_ros2/MOMA_project/src/install/tm_msgs/include/tm_msgs/tm_msgs/srv/detail/send_script__type_support.hpp
[66.246s] -- Installing: /home/akhil/Downloads/omron_moma_ros2/MOMA_project/src/install/tm_msgs/include/tm_msgs/tm_msgs/srv/detail/connect_tm__traits.hpp
[66.246s] -- Installing: /home/akhil/Downloads/omron_moma_ros2/MOMA_project/src/install/tm_msgs/include/tm_msgs/tm_msgs/srv/detail/set_positions__struct.hpp
[66.247s] -- Installing: /home/akhil/Downloads/omron_moma_ros2/MOMA_project/src/install/tm_msgs/include/tm_msgs/tm_msgs/srv/detail/set_io__builder.hpp
[66.247s] -- Installing: /home/akhil/Downloads/omron_moma_ros2/MOMA_project/src/install/tm_msgs/include/tm_msgs/tm_msgs/srv/detail/set_event__traits.hpp
[66.247s] -- Installing: /home/akhil/Downloads/omron_moma_ros2/MOMA_project/src/install/tm_msgs/include/tm_msgs/tm_msgs/srv/detail/wireless_info__struct.hpp
[66.247s] -- Installing: /home/akhil/Downloads/omron_moma_ros2/MOMA_project/src/install/tm_msgs/include/tm_msgs/tm_msgs/srv/detail/movement_request__type_support.hpp
[66.248s] -- Installing: /home/akhil/Downloads/omron_moma_ros2/MOMA_project/src/install/tm_msgs/include/tm_msgs/tm_msgs/srv/detail/ask_sta__builder.hpp
[66.248s] -- Installing: /home/akhil/Downloads/omron_moma_ros2/MOMA_project/src/install/tm_msgs/include/tm_msgs/tm_msgs/srv/detail/ask_sta__type_support.hpp
[66.252s] -- Installing: /home/akhil/Downloads/omron_moma_ros2/MOMA_project/src/install/tm_msgs/include/tm_msgs/tm_msgs/srv/detail/wireless_info__type_support.hpp
[66.252s] -- Installing: /home/akhil/Downloads/omron_moma_ros2/MOMA_project/src/install/tm_msgs/include/tm_msgs/tm_msgs/srv/detail/ask_sta__traits.hpp
[66.252s] -- Installing: /home/akhil/Downloads/omron_moma_ros2/MOMA_project/src/install/tm_msgs/include/tm_msgs/tm_msgs/srv/detail/ask_item__struct.hpp
[66.253s] -- Installing: /home/akhil/Downloads/omron_moma_ros2/MOMA_project/src/install/tm_msgs/include/tm_msgs/tm_msgs/srv/detail/movement_request__struct.hpp
[66.253s] -- Installing: /home/akhil/Downloads/omron_moma_ros2/MOMA_project/src/install/tm_msgs/include/tm_msgs/tm_msgs/srv/ask_item.hpp
[66.253s] -- Installing: /home/akhil/Downloads/omron_moma_ros2/MOMA_project/src/install/tm_msgs/include/tm_msgs/tm_msgs/srv/write_item.hpp
[66.254s] -- Installing: /home/akhil/Downloads/omron_moma_ros2/MOMA_project/src/install/tm_msgs/include/tm_msgs/tm_msgs/srv/set_positions.hpp
[66.254s] -- Installing: /home/akhil/Downloads/omron_moma_ros2/MOMA_project/src/install/tm_msgs/include/tm_msgs/tm_msgs/srv/set_io.hpp
[66.254s] -- Installing: /home/akhil/Downloads/omron_moma_ros2/MOMA_project/src/install/tm_msgs/include/tm_msgs/tm_msgs/srv/ask_sta.hpp
[66.254s] -- Installing: /home/akhil/Downloads/omron_moma_ros2/MOMA_project/src/install/tm_msgs/include/tm_msgs/tm_msgs/srv/movement_request.hpp
[66.254s] -- Up-to-date: /home/akhil/Downloads/omron_moma_ros2/MOMA_project/src/install/tm_msgs/include/tm_msgs/tm_msgs
[66.255s] -- Up-to-date: /home/akhil/Downloads/omron_moma_ros2/MOMA_project/src/install/tm_msgs/include/tm_msgs/tm_msgs/msg
[66.255s] -- Up-to-date: /home/akhil/Downloads/omron_moma_ros2/MOMA_project/src/install/tm_msgs/include/tm_msgs/tm_msgs/msg/detail
[66.255s] -- Installing: /home/akhil/Downloads/omron_moma_ros2/MOMA_project/src/install/tm_msgs/include/tm_msgs/tm_msgs/msg/detail/dds_fastrtps
[66.255s] -- Installing: /home/akhil/Downloads/omron_moma_ros2/MOMA_project/src/install/tm_msgs/include/tm_msgs/tm_msgs/msg/detail/sct_response__rosidl_typesupport_fastrtps_cpp.hpp
[66.255s] -- Installing: /home/akhil/Downloads/omron_moma_ros2/MOMA_project/src/install/tm_msgs/include/tm_msgs/tm_msgs/msg/detail/sta_response__rosidl_typesupport_fastrtps_cpp.hpp
[66.256s] -- Installing: /home/akhil/Downloads/omron_moma_ros2/MOMA_project/src/install/tm_msgs/include/tm_msgs/tm_msgs/msg/detail/feedback_state__rosidl_typesupport_fastrtps_cpp.hpp
[66.256s] -- Installing: /home/akhil/Downloads/omron_moma_ros2/MOMA_project/src/install/tm_msgs/include/tm_msgs/tm_msgs/msg/detail/svr_response__rosidl_typesupport_fastrtps_cpp.hpp
[66.256s] -- Installing: /home/akhil/Downloads/omron_moma_ros2/MOMA_project/src/install/tm_msgs/include/tm_msgs/tm_msgs/msg/rosidl_typesupport_fastrtps_cpp__visibility_control.h
[66.256s] -- Up-to-date: /home/akhil/Downloads/omron_moma_ros2/MOMA_project/src/install/tm_msgs/include/tm_msgs/tm_msgs/srv
[66.256s] -- Up-to-date: /home/akhil/Downloads/omron_moma_ros2/MOMA_project/src/install/tm_msgs/include/tm_msgs/tm_msgs/srv/detail
[66.256s] -- Installing: /home/akhil/Downloads/omron_moma_ros2/MOMA_project/src/install/tm_msgs/include/tm_msgs/tm_msgs/srv/detail/dds_fastrtps
[66.257s] -- Installing: /home/akhil/Downloads/omron_moma_ros2/MOMA_project/src/install/tm_msgs/include/tm_msgs/tm_msgs/srv/detail/set_io__rosidl_typesupport_fastrtps_cpp.hpp
[66.257s] -- Installing: /home/akhil/Downloads/omron_moma_ros2/MOMA_project/src/install/tm_msgs/include/tm_msgs/tm_msgs/srv/detail/set_event__rosidl_typesupport_fastrtps_cpp.hpp
[66.257s] -- Installing: /home/akhil/Downloads/omron_moma_ros2/MOMA_project/src/install/tm_msgs/include/tm_msgs/tm_msgs/srv/detail/set_positions__rosidl_typesupport_fastrtps_cpp.hpp
[66.257s] -- Installing: /home/akhil/Downloads/omron_moma_ros2/MOMA_project/src/install/tm_msgs/include/tm_msgs/tm_msgs/srv/detail/ask_item__rosidl_typesupport_fastrtps_cpp.hpp
[66.257s] -- Installing: /home/akhil/Downloads/omron_moma_ros2/MOMA_project/src/install/tm_msgs/include/tm_msgs/tm_msgs/srv/detail/ask_sta__rosidl_typesupport_fastrtps_cpp.hpp
[66.257s] -- Installing: /home/akhil/Downloads/omron_moma_ros2/MOMA_project/src/install/tm_msgs/include/tm_msgs/tm_msgs/srv/detail/wireless_info__rosidl_typesupport_fastrtps_cpp.hpp
[66.257s] -- Installing: /home/akhil/Downloads/omron_moma_ros2/MOMA_project/src/install/tm_msgs/include/tm_msgs/tm_msgs/srv/detail/send_script__rosidl_typesupport_fastrtps_cpp.hpp
[66.258s] -- Installing: /home/akhil/Downloads/omron_moma_ros2/MOMA_project/src/install/tm_msgs/include/tm_msgs/tm_msgs/srv/detail/write_item__rosidl_typesupport_fastrtps_cpp.hpp
[66.258s] -- Installing: /home/akhil/Downloads/omron_moma_ros2/MOMA_project/src/install/tm_msgs/include/tm_msgs/tm_msgs/srv/detail/connect_tm__rosidl_typesupport_fastrtps_cpp.hpp
[66.258s] -- Installing: /home/akhil/Downloads/omron_moma_ros2/MOMA_project/src/install/tm_msgs/include/tm_msgs/tm_msgs/srv/detail/movement_request__rosidl_typesupport_fastrtps_cpp.hpp
[66.258s] -- Installing: /home/akhil/Downloads/omron_moma_ros2/MOMA_project/src/install/tm_msgs/lib/libtm_msgs__rosidl_typesupport_fastrtps_cpp.so
[66.259s] -- Set runtime path of "/home/akhil/Downloads/omron_moma_ros2/MOMA_project/src/install/tm_msgs/lib/libtm_msgs__rosidl_typesupport_fastrtps_cpp.so" to ""
[66.259s] -- Up-to-date: /home/akhil/Downloads/omron_moma_ros2/MOMA_project/src/install/tm_msgs/include/tm_msgs/tm_msgs
[66.260s] -- Up-to-date: /home/akhil/Downloads/omron_moma_ros2/MOMA_project/src/install/tm_msgs/include/tm_msgs/tm_msgs/msg
[66.260s] -- Up-to-date: /home/akhil/Downloads/omron_moma_ros2/MOMA_project/src/install/tm_msgs/include/tm_msgs/tm_msgs/msg/detail
[66.260s] -- Installing: /home/akhil/Downloads/omron_moma_ros2/MOMA_project/src/install/tm_msgs/include/tm_msgs/tm_msgs/msg/detail/sct_response__type_support.c
[66.261s] -- Installing: /home/akhil/Downloads/omron_moma_ros2/MOMA_project/src/install/tm_msgs/include/tm_msgs/tm_msgs/msg/detail/svr_response__type_support.c
[66.261s] -- Installing: /home/akhil/Downloads/omron_moma_ros2/MOMA_project/src/install/tm_msgs/include/tm_msgs/tm_msgs/msg/detail/feedback_state__rosidl_typesupport_introspection_c.h
[66.261s] -- Installing: /home/akhil/Downloads/omron_moma_ros2/MOMA_project/src/install/tm_msgs/include/tm_msgs/tm_msgs/msg/detail/svr_response__rosidl_typesupport_introspection_c.h
[66.261s] -- Installing: /home/akhil/Downloads/omron_moma_ros2/MOMA_project/src/install/tm_msgs/include/tm_msgs/tm_msgs/msg/detail/sta_response__type_support.c
[66.261s] -- Installing: /home/akhil/Downloads/omron_moma_ros2/MOMA_project/src/install/tm_msgs/include/tm_msgs/tm_msgs/msg/detail/sct_response__rosidl_typesupport_introspection_c.h
[66.261s] -- Installing: /home/akhil/Downloads/omron_moma_ros2/MOMA_project/src/install/tm_msgs/include/tm_msgs/tm_msgs/msg/detail/sta_response__rosidl_typesupport_introspection_c.h
[66.262s] -- Installing: /home/akhil/Downloads/omron_moma_ros2/MOMA_project/src/install/tm_msgs/include/tm_msgs/tm_msgs/msg/detail/feedback_state__type_support.c
[66.262s] -- Installing: /home/akhil/Downloads/omron_moma_ros2/MOMA_project/src/install/tm_msgs/include/tm_msgs/tm_msgs/msg/rosidl_typesupport_introspection_c__visibility_control.h
[66.262s] -- Up-to-date: /home/akhil/Downloads/omron_moma_ros2/MOMA_project/src/install/tm_msgs/include/tm_msgs/tm_msgs/srv
[66.262s] -- Up-to-date: /home/akhil/Downloads/omron_moma_ros2/MOMA_project/src/install/tm_msgs/include/tm_msgs/tm_msgs/srv/detail
[66.262s] -- Installing: /home/akhil/Downloads/omron_moma_ros2/MOMA_project/src/install/tm_msgs/include/tm_msgs/tm_msgs/srv/detail/set_positions__rosidl_typesupport_introspection_c.h
[66.263s] -- Installing: /home/akhil/Downloads/omron_moma_ros2/MOMA_project/src/install/tm_msgs/include/tm_msgs/tm_msgs/srv/detail/wireless_info__rosidl_typesupport_introspection_c.h
[66.263s] -- Installing: /home/akhil/Downloads/omron_moma_ros2/MOMA_project/src/install/tm_msgs/include/tm_msgs/tm_msgs/srv/detail/set_event__type_support.c
[66.263s] -- Installing: /home/akhil/Downloads/omron_moma_ros2/MOMA_project/src/install/tm_msgs/include/tm_msgs/tm_msgs/srv/detail/set_positions__type_support.c
[66.264s] -- Installing: /home/akhil/Downloads/omron_moma_ros2/MOMA_project/src/install/tm_msgs/include/tm_msgs/tm_msgs/srv/detail/ask_sta__type_support.c
[66.264s] -- Installing: /home/akhil/Downloads/omron_moma_ros2/MOMA_project/src/install/tm_msgs/include/tm_msgs/tm_msgs/srv/detail/movement_request__type_support.c
[66.264s] -- Installing: /home/akhil/Downloads/omron_moma_ros2/MOMA_project/src/install/tm_msgs/include/tm_msgs/tm_msgs/srv/detail/set_io__type_support.c
[66.265s] -- Installing: /home/akhil/Downloads/omron_moma_ros2/MOMA_project/src/install/tm_msgs/include/tm_msgs/tm_msgs/srv/detail/ask_item__rosidl_typesupport_introspection_c.h
[66.265s] -- Installing: /home/akhil/Downloads/omron_moma_ros2/MOMA_project/src/install/tm_msgs/include/tm_msgs/tm_msgs/srv/detail/wireless_info__type_support.c
[66.265s] -- Installing: /home/akhil/Downloads/omron_moma_ros2/MOMA_project/src/install/tm_msgs/include/tm_msgs/tm_msgs/srv/detail/movement_request__rosidl_typesupport_introspection_c.h
[66.265s] -- Installing: /home/akhil/Downloads/omron_moma_ros2/MOMA_project/src/install/tm_msgs/include/tm_msgs/tm_msgs/srv/detail/write_item__rosidl_typesupport_introspection_c.h
[66.266s] -- Installing: /home/akhil/Downloads/omron_moma_ros2/MOMA_project/src/install/tm_msgs/include/tm_msgs/tm_msgs/srv/detail/set_io__rosidl_typesupport_introspection_c.h
[66.266s] -- Installing: /home/akhil/Downloads/omron_moma_ros2/MOMA_project/src/install/tm_msgs/include/tm_msgs/tm_msgs/srv/detail/ask_item__type_support.c
[66.266s] -- Installing: /home/akhil/Downloads/omron_moma_ros2/MOMA_project/src/install/tm_msgs/include/tm_msgs/tm_msgs/srv/detail/send_script__type_support.c
[66.267s] -- Installing: /home/akhil/Downloads/omron_moma_ros2/MOMA_project/src/install/tm_msgs/include/tm_msgs/tm_msgs/srv/detail/connect_tm__type_support.c
[66.267s] -- Installing: /home/akhil/Downloads/omron_moma_ros2/MOMA_project/src/install/tm_msgs/include/tm_msgs/tm_msgs/srv/detail/ask_sta__rosidl_typesupport_introspection_c.h
[66.267s] -- Installing: /home/akhil/Downloads/omron_moma_ros2/MOMA_project/src/install/tm_msgs/include/tm_msgs/tm_msgs/srv/detail/set_event__rosidl_typesupport_introspection_c.h
[66.267s] -- Installing: /home/akhil/Downloads/omron_moma_ros2/MOMA_project/src/install/tm_msgs/include/tm_msgs/tm_msgs/srv/detail/write_item__type_support.c
[66.268s] -- Installing: /home/akhil/Downloads/omron_moma_ros2/MOMA_project/src/install/tm_msgs/include/tm_msgs/tm_msgs/srv/detail/connect_tm__rosidl_typesupport_introspection_c.h
[66.268s] -- Installing: /home/akhil/Downloads/omron_moma_ros2/MOMA_project/src/install/tm_msgs/include/tm_msgs/tm_msgs/srv/detail/send_script__rosidl_typesupport_introspection_c.h
[66.268s] -- Installing: /home/akhil/Downloads/omron_moma_ros2/MOMA_project/src/install/tm_msgs/lib/libtm_msgs__rosidl_typesupport_introspection_c.so
[66.270s] -- Set runtime path of "/home/akhil/Downloads/omron_moma_ros2/MOMA_project/src/install/tm_msgs/lib/libtm_msgs__rosidl_typesupport_introspection_c.so" to ""
[66.270s] -- Installing: /home/akhil/Downloads/omron_moma_ros2/MOMA_project/src/install/tm_msgs/lib/libtm_msgs__rosidl_typesupport_c.so
[66.271s] -- Set runtime path of "/home/akhil/Downloads/omron_moma_ros2/MOMA_project/src/install/tm_msgs/lib/libtm_msgs__rosidl_typesupport_c.so" to ""
[66.271s] -- Up-to-date: /home/akhil/Downloads/omron_moma_ros2/MOMA_project/src/install/tm_msgs/include/tm_msgs/tm_msgs
[66.271s] -- Up-to-date: /home/akhil/Downloads/omron_moma_ros2/MOMA_project/src/install/tm_msgs/include/tm_msgs/tm_msgs/msg
[66.271s] -- Up-to-date: /home/akhil/Downloads/omron_moma_ros2/MOMA_project/src/install/tm_msgs/include/tm_msgs/tm_msgs/msg/detail
[66.272s] -- Installing: /home/akhil/Downloads/omron_moma_ros2/MOMA_project/src/install/tm_msgs/include/tm_msgs/tm_msgs/msg/detail/svr_response__rosidl_typesupport_introspection_cpp.hpp
[66.272s] -- Installing: /home/akhil/Downloads/omron_moma_ros2/MOMA_project/src/install/tm_msgs/include/tm_msgs/tm_msgs/msg/detail/sct_response__rosidl_typesupport_introspection_cpp.hpp
[66.272s] -- Installing: /home/akhil/Downloads/omron_moma_ros2/MOMA_project/src/install/tm_msgs/include/tm_msgs/tm_msgs/msg/detail/sta_response__rosidl_typesupport_introspection_cpp.hpp
[66.272s] -- Installing: /home/akhil/Downloads/omron_moma_ros2/MOMA_project/src/install/tm_msgs/include/tm_msgs/tm_msgs/msg/detail/feedback_state__rosidl_typesupport_introspection_cpp.hpp
[66.272s] -- Installing: /home/akhil/Downloads/omron_moma_ros2/MOMA_project/src/install/tm_msgs/include/tm_msgs/tm_msgs/msg/detail/feedback_state__type_support.cpp
[66.273s] -- Installing: /home/akhil/Downloads/omron_moma_ros2/MOMA_project/src/install/tm_msgs/include/tm_msgs/tm_msgs/msg/detail/svr_response__type_support.cpp
[66.273s] -- Installing: /home/akhil/Downloads/omron_moma_ros2/MOMA_project/src/install/tm_msgs/include/tm_msgs/tm_msgs/msg/detail/sta_response__type_support.cpp
[66.273s] -- Installing: /home/akhil/Downloads/omron_moma_ros2/MOMA_project/src/install/tm_msgs/include/tm_msgs/tm_msgs/msg/detail/sct_response__type_support.cpp
[66.274s] -- Up-to-date: /home/akhil/Downloads/omron_moma_ros2/MOMA_project/src/install/tm_msgs/include/tm_msgs/tm_msgs/srv
[66.274s] -- Up-to-date: /home/akhil/Downloads/omron_moma_ros2/MOMA_project/src/install/tm_msgs/include/tm_msgs/tm_msgs/srv/detail
[66.274s] -- Installing: /home/akhil/Downloads/omron_moma_ros2/MOMA_project/src/install/tm_msgs/include/tm_msgs/tm_msgs/srv/detail/connect_tm__rosidl_typesupport_introspection_cpp.hpp
[66.274s] -- Installing: /home/akhil/Downloads/omron_moma_ros2/MOMA_project/src/install/tm_msgs/include/tm_msgs/tm_msgs/srv/detail/set_positions__rosidl_typesupport_introspection_cpp.hpp
[66.274s] -- Installing: /home/akhil/Downloads/omron_moma_ros2/MOMA_project/src/install/tm_msgs/include/tm_msgs/tm_msgs/srv/detail/set_event__type_support.cpp
[66.275s] -- Installing: /home/akhil/Downloads/omron_moma_ros2/MOMA_project/src/install/tm_msgs/include/tm_msgs/tm_msgs/srv/detail/send_script__rosidl_typesupport_introspection_cpp.hpp
[66.275s] -- Installing: /home/akhil/Downloads/omron_moma_ros2/MOMA_project/src/install/tm_msgs/include/tm_msgs/tm_msgs/srv/detail/movement_request__type_support.cpp
[66.275s] -- Installing: /home/akhil/Downloads/omron_moma_ros2/MOMA_project/src/install/tm_msgs/include/tm_msgs/tm_msgs/srv/detail/ask_item__type_support.cpp
[66.276s] -- Installing: /home/akhil/Downloads/omron_moma_ros2/MOMA_project/src/install/tm_msgs/include/tm_msgs/tm_msgs/srv/detail/set_io__type_support.cpp
[66.276s] -- Installing: /home/akhil/Downloads/omron_moma_ros2/MOMA_project/src/install/tm_msgs/include/tm_msgs/tm_msgs/srv/detail/wireless_info__type_support.cpp
[66.276s] -- Installing: /home/akhil/Downloads/omron_moma_ros2/MOMA_project/src/install/tm_msgs/include/tm_msgs/tm_msgs/srv/detail/set_io__rosidl_typesupport_introspection_cpp.hpp
[66.276s] -- Installing: /home/akhil/Downloads/omron_moma_ros2/MOMA_project/src/install/tm_msgs/include/tm_msgs/tm_msgs/srv/detail/write_item__type_support.cpp
[66.277s] -- Installing: /home/akhil/Downloads/omron_moma_ros2/MOMA_project/src/install/tm_msgs/include/tm_msgs/tm_msgs/srv/detail/wireless_info__rosidl_typesupport_introspection_cpp.hpp
[66.277s] -- Installing: /home/akhil/Downloads/omron_moma_ros2/MOMA_project/src/install/tm_msgs/include/tm_msgs/tm_msgs/srv/detail/set_event__rosidl_typesupport_introspection_cpp.hpp
[66.277s] -- Installing: /home/akhil/Downloads/omron_moma_ros2/MOMA_project/src/install/tm_msgs/include/tm_msgs/tm_msgs/srv/detail/ask_sta__rosidl_typesupport_introspection_cpp.hpp
[66.278s] -- Installing: /home/akhil/Downloads/omron_moma_ros2/MOMA_project/src/install/tm_msgs/include/tm_msgs/tm_msgs/srv/detail/send_script__type_support.cpp
[66.278s] -- Installing: /home/akhil/Downloads/omron_moma_ros2/MOMA_project/src/install/tm_msgs/include/tm_msgs/tm_msgs/srv/detail/movement_request__rosidl_typesupport_introspection_cpp.hpp
[66.278s] -- Installing: /home/akhil/Downloads/omron_moma_ros2/MOMA_project/src/install/tm_msgs/include/tm_msgs/tm_msgs/srv/detail/ask_item__rosidl_typesupport_introspection_cpp.hpp
[66.278s] -- Installing: /home/akhil/Downloads/omron_moma_ros2/MOMA_project/src/install/tm_msgs/include/tm_msgs/tm_msgs/srv/detail/write_item__rosidl_typesupport_introspection_cpp.hpp
[66.279s] -- Installing: /home/akhil/Downloads/omron_moma_ros2/MOMA_project/src/install/tm_msgs/include/tm_msgs/tm_msgs/srv/detail/ask_sta__type_support.cpp
[66.279s] -- Installing: /home/akhil/Downloads/omron_moma_ros2/MOMA_project/src/install/tm_msgs/include/tm_msgs/tm_msgs/srv/detail/connect_tm__type_support.cpp
[66.280s] -- Installing: /home/akhil/Downloads/omron_moma_ros2/MOMA_project/src/install/tm_msgs/include/tm_msgs/tm_msgs/srv/detail/set_positions__type_support.cpp
[66.280s] -- Installing: /home/akhil/Downloads/omron_moma_ros2/MOMA_project/src/install/tm_msgs/lib/libtm_msgs__rosidl_typesupport_introspection_cpp.so
[66.282s] -- Set runtime path of "/home/akhil/Downloads/omron_moma_ros2/MOMA_project/src/install/tm_msgs/lib/libtm_msgs__rosidl_typesupport_introspection_cpp.so" to ""
[66.282s] -- Installing: /home/akhil/Downloads/omron_moma_ros2/MOMA_project/src/install/tm_msgs/lib/libtm_msgs__rosidl_typesupport_cpp.so
[66.283s] -- Set runtime path of "/home/akhil/Downloads/omron_moma_ros2/MOMA_project/src/install/tm_msgs/lib/libtm_msgs__rosidl_typesupport_cpp.so" to ""
[66.283s] -- Installing: /home/akhil/Downloads/omron_moma_ros2/MOMA_project/src/install/tm_msgs/share/tm_msgs/environment/pythonpath.sh
[66.283s] -- Installing: /home/akhil/Downloads/omron_moma_ros2/MOMA_project/src/install/tm_msgs/share/tm_msgs/environment/pythonpath.dsv
[66.284s] -- Installing: /home/akhil/Downloads/omron_moma_ros2/MOMA_project/src/install/tm_msgs/local/lib/python3.10/dist-packages/tm_msgs-2.0.0-py3.10.egg-info
[66.284s] -- Installing: /home/akhil/Downloads/omron_moma_ros2/MOMA_project/src/install/tm_msgs/local/lib/python3.10/dist-packages/tm_msgs-2.0.0-py3.10.egg-info/top_level.txt
[66.284s] -- Installing: /home/akhil/Downloads/omron_moma_ros2/MOMA_project/src/install/tm_msgs/local/lib/python3.10/dist-packages/tm_msgs-2.0.0-py3.10.egg-info/SOURCES.txt
[66.285s] -- Installing: /home/akhil/Downloads/omron_moma_ros2/MOMA_project/src/install/tm_msgs/local/lib/python3.10/dist-packages/tm_msgs-2.0.0-py3.10.egg-info/PKG-INFO
[66.285s] -- Installing: /home/akhil/Downloads/omron_moma_ros2/MOMA_project/src/install/tm_msgs/local/lib/python3.10/dist-packages/tm_msgs-2.0.0-py3.10.egg-info/dependency_links.txt
[66.285s] -- Installing: /home/akhil/Downloads/omron_moma_ros2/MOMA_project/src/install/tm_msgs/local/lib/python3.10/dist-packages/tm_msgs
[66.285s] -- Installing: /home/akhil/Downloads/omron_moma_ros2/MOMA_project/src/install/tm_msgs/local/lib/python3.10/dist-packages/tm_msgs/tm_msgs_s__rosidl_typesupport_introspection_c.cpython-310-aarch64-linux-gnu.so
[66.286s] -- Installing: /home/akhil/Downloads/omron_moma_ros2/MOMA_project/src/install/tm_msgs/local/lib/python3.10/dist-packages/tm_msgs/libtm_msgs__rosidl_generator_py.so
[66.287s] -- Installing: /home/akhil/Downloads/omron_moma_ros2/MOMA_project/src/install/tm_msgs/local/lib/python3.10/dist-packages/tm_msgs/_tm_msgs_s.ep.rosidl_typesupport_c.c
[66.287s] -- Installing: /home/akhil/Downloads/omron_moma_ros2/MOMA_project/src/install/tm_msgs/local/lib/python3.10/dist-packages/tm_msgs/_tm_msgs_s.ep.rosidl_typesupport_fastrtps_c.c
[66.288s] -- Installing: /home/akhil/Downloads/omron_moma_ros2/MOMA_project/src/install/tm_msgs/local/lib/python3.10/dist-packages/tm_msgs/tm_msgs_s__rosidl_typesupport_c.cpython-310-aarch64-linux-gnu.so
[66.288s] -- Installing: /home/akhil/Downloads/omron_moma_ros2/MOMA_project/src/install/tm_msgs/local/lib/python3.10/dist-packages/tm_msgs/msg
[66.289s] -- Installing: /home/akhil/Downloads/omron_moma_ros2/MOMA_project/src/install/tm_msgs/local/lib/python3.10/dist-packages/tm_msgs/msg/_svr_response.py
[66.289s] -- Installing: /home/akhil/Downloads/omron_moma_ros2/MOMA_project/src/install/tm_msgs/local/lib/python3.10/dist-packages/tm_msgs/msg/_feedback_state.py
[66.289s] -- Installing: /home/akhil/Downloads/omron_moma_ros2/MOMA_project/src/install/tm_msgs/local/lib/python3.10/dist-packages/tm_msgs/msg/_sta_response_s.c
[66.290s] -- Installing: /home/akhil/Downloads/omron_moma_ros2/MOMA_project/src/install/tm_msgs/local/lib/python3.10/dist-packages/tm_msgs/msg/_sct_response.py
[66.290s] -- Installing: /home/akhil/Downloads/omron_moma_ros2/MOMA_project/src/install/tm_msgs/local/lib/python3.10/dist-packages/tm_msgs/msg/_sct_response_s.c
[66.290s] -- Installing: /home/akhil/Downloads/omron_moma_ros2/MOMA_project/src/install/tm_msgs/local/lib/python3.10/dist-packages/tm_msgs/msg/_sta_response.py
[66.290s] -- Installing: /home/akhil/Downloads/omron_moma_ros2/MOMA_project/src/install/tm_msgs/local/lib/python3.10/dist-packages/tm_msgs/msg/_feedback_state_s.c
[66.291s] -- Installing: /home/akhil/Downloads/omron_moma_ros2/MOMA_project/src/install/tm_msgs/local/lib/python3.10/dist-packages/tm_msgs/msg/__init__.py
[66.291s] -- Installing: /home/akhil/Downloads/omron_moma_ros2/MOMA_project/src/install/tm_msgs/local/lib/python3.10/dist-packages/tm_msgs/msg/_svr_response_s.c
[66.291s] -- Installing: /home/akhil/Downloads/omron_moma_ros2/MOMA_project/src/install/tm_msgs/local/lib/python3.10/dist-packages/tm_msgs/_tm_msgs_s.ep.rosidl_typesupport_introspection_c.c
[66.292s] -- Installing: /home/akhil/Downloads/omron_moma_ros2/MOMA_project/src/install/tm_msgs/local/lib/python3.10/dist-packages/tm_msgs/tm_msgs_s__rosidl_typesupport_fastrtps_c.cpython-310-aarch64-linux-gnu.so
[66.292s] -- Installing: /home/akhil/Downloads/omron_moma_ros2/MOMA_project/src/install/tm_msgs/local/lib/python3.10/dist-packages/tm_msgs/srv
[66.293s] -- Installing: /home/akhil/Downloads/omron_moma_ros2/MOMA_project/src/install/tm_msgs/local/lib/python3.10/dist-packages/tm_msgs/srv/_connect_tm_s.c
[66.293s] -- Installing: /home/akhil/Downloads/omron_moma_ros2/MOMA_project/src/install/tm_msgs/local/lib/python3.10/dist-packages/tm_msgs/srv/_wireless_info.py
[66.293s] -- Installing: /home/akhil/Downloads/omron_moma_ros2/MOMA_project/src/install/tm_msgs/local/lib/python3.10/dist-packages/tm_msgs/srv/_set_io_s.c
[66.294s] -- Installing: /home/akhil/Downloads/omron_moma_ros2/MOMA_project/src/install/tm_msgs/local/lib/python3.10/dist-packages/tm_msgs/srv/_set_io.py
[66.294s] -- Installing: /home/akhil/Downloads/omron_moma_ros2/MOMA_project/src/install/tm_msgs/local/lib/python3.10/dist-packages/tm_msgs/srv/_ask_sta.py
[66.294s] -- Installing: /home/akhil/Downloads/omron_moma_ros2/MOMA_project/src/install/tm_msgs/local/lib/python3.10/dist-packages/tm_msgs/srv/_ask_item.py
[66.294s] -- Installing: /home/akhil/Downloads/omron_moma_ros2/MOMA_project/src/install/tm_msgs/local/lib/python3.10/dist-packages/tm_msgs/srv/_set_event.py
[66.295s] -- Installing: /home/akhil/Downloads/omron_moma_ros2/MOMA_project/src/install/tm_msgs/local/lib/python3.10/dist-packages/tm_msgs/srv/_set_event_s.c
[66.295s] -- Installing: /home/akhil/Downloads/omron_moma_ros2/MOMA_project/src/install/tm_msgs/local/lib/python3.10/dist-packages/tm_msgs/srv/_movement_request.py
[66.295s] -- Installing: /home/akhil/Downloads/omron_moma_ros2/MOMA_project/src/install/tm_msgs/local/lib/python3.10/dist-packages/tm_msgs/srv/_set_positions.py
[66.296s] -- Installing: /home/akhil/Downloads/omron_moma_ros2/MOMA_project/src/install/tm_msgs/local/lib/python3.10/dist-packages/tm_msgs/srv/_send_script_s.c
[66.296s] -- Installing: /home/akhil/Downloads/omron_moma_ros2/MOMA_project/src/install/tm_msgs/local/lib/python3.10/dist-packages/tm_msgs/srv/_ask_sta_s.c
[66.296s] -- Installing: /home/akhil/Downloads/omron_moma_ros2/MOMA_project/src/install/tm_msgs/local/lib/python3.10/dist-packages/tm_msgs/srv/_set_positions_s.c
[66.297s] -- Installing: /home/akhil/Downloads/omron_moma_ros2/MOMA_project/src/install/tm_msgs/local/lib/python3.10/dist-packages/tm_msgs/srv/_write_item.py
[66.297s] -- Installing: /home/akhil/Downloads/omron_moma_ros2/MOMA_project/src/install/tm_msgs/local/lib/python3.10/dist-packages/tm_msgs/srv/_ask_item_s.c
[66.297s] -- Installing: /home/akhil/Downloads/omron_moma_ros2/MOMA_project/src/install/tm_msgs/local/lib/python3.10/dist-packages/tm_msgs/srv/_movement_request_s.c
[66.298s] -- Installing: /home/akhil/Downloads/omron_moma_ros2/MOMA_project/src/install/tm_msgs/local/lib/python3.10/dist-packages/tm_msgs/srv/_wireless_info_s.c
[66.298s] -- Installing: /home/akhil/Downloads/omron_moma_ros2/MOMA_project/src/install/tm_msgs/local/lib/python3.10/dist-packages/tm_msgs/srv/_write_item_s.c
[66.298s] -- Installing: /home/akhil/Downloads/omron_moma_ros2/MOMA_project/src/install/tm_msgs/local/lib/python3.10/dist-packages/tm_msgs/srv/_send_script.py
[66.298s] -- Installing: /home/akhil/Downloads/omron_moma_ros2/MOMA_project/src/install/tm_msgs/local/lib/python3.10/dist-packages/tm_msgs/srv/__init__.py
[66.299s] -- Installing: /home/akhil/Downloads/omron_moma_ros2/MOMA_project/src/install/tm_msgs/local/lib/python3.10/dist-packages/tm_msgs/srv/_connect_tm.py
[66.299s] -- Installing: /home/akhil/Downloads/omron_moma_ros2/MOMA_project/src/install/tm_msgs/local/lib/python3.10/dist-packages/tm_msgs/__init__.py
[66.437s] Listing '/home/akhil/Downloads/omron_moma_ros2/MOMA_project/src/install/tm_msgs/local/lib/python3.10/dist-packages/tm_msgs'...
[66.438s] Compiling '/home/akhil/Downloads/omron_moma_ros2/MOMA_project/src/install/tm_msgs/local/lib/python3.10/dist-packages/tm_msgs/__init__.py'...
[66.438s] Listing '/home/akhil/Downloads/omron_moma_ros2/MOMA_project/src/install/tm_msgs/local/lib/python3.10/dist-packages/tm_msgs/msg'...
[66.438s] Compiling '/home/akhil/Downloads/omron_moma_ros2/MOMA_project/src/install/tm_msgs/local/lib/python3.10/dist-packages/tm_msgs/msg/__init__.py'...
[66.438s] Compiling '/home/akhil/Downloads/omron_moma_ros2/MOMA_project/src/install/tm_msgs/local/lib/python3.10/dist-packages/tm_msgs/msg/_feedback_state.py'...
[66.438s] Compiling '/home/akhil/Downloads/omron_moma_ros2/MOMA_project/src/install/tm_msgs/local/lib/python3.10/dist-packages/tm_msgs/msg/_sct_response.py'...
[66.438s] Compiling '/home/akhil/Downloads/omron_moma_ros2/MOMA_project/src/install/tm_msgs/local/lib/python3.10/dist-packages/tm_msgs/msg/_sta_response.py'...
[66.439s] Compiling '/home/akhil/Downloads/omron_moma_ros2/MOMA_project/src/install/tm_msgs/local/lib/python3.10/dist-packages/tm_msgs/msg/_svr_response.py'...
[66.439s] Listing '/home/akhil/Downloads/omron_moma_ros2/MOMA_project/src/install/tm_msgs/local/lib/python3.10/dist-packages/tm_msgs/srv'...
[66.439s] Compiling '/home/akhil/Downloads/omron_moma_ros2/MOMA_project/src/install/tm_msgs/local/lib/python3.10/dist-packages/tm_msgs/srv/__init__.py'...
[66.439s] Compiling '/home/akhil/Downloads/omron_moma_ros2/MOMA_project/src/install/tm_msgs/local/lib/python3.10/dist-packages/tm_msgs/srv/_ask_item.py'...
[66.439s] Compiling '/home/akhil/Downloads/omron_moma_ros2/MOMA_project/src/install/tm_msgs/local/lib/python3.10/dist-packages/tm_msgs/srv/_ask_sta.py'...
[66.439s] Compiling '/home/akhil/Downloads/omron_moma_ros2/MOMA_project/src/install/tm_msgs/local/lib/python3.10/dist-packages/tm_msgs/srv/_connect_tm.py'...
[66.439s] Compiling '/home/akhil/Downloads/omron_moma_ros2/MOMA_project/src/install/tm_msgs/local/lib/python3.10/dist-packages/tm_msgs/srv/_movement_request.py'...
[66.440s] Compiling '/home/akhil/Downloads/omron_moma_ros2/MOMA_project/src/install/tm_msgs/local/lib/python3.10/dist-packages/tm_msgs/srv/_send_script.py'...
[66.440s] Compiling '/home/akhil/Downloads/omron_moma_ros2/MOMA_project/src/install/tm_msgs/local/lib/python3.10/dist-packages/tm_msgs/srv/_set_event.py'...
[66.440s] Compiling '/home/akhil/Downloads/omron_moma_ros2/MOMA_project/src/install/tm_msgs/local/lib/python3.10/dist-packages/tm_msgs/srv/_set_io.py'...
[66.440s] Compiling '/home/akhil/Downloads/omron_moma_ros2/MOMA_project/src/install/tm_msgs/local/lib/python3.10/dist-packages/tm_msgs/srv/_set_positions.py'...
[66.440s] Compiling '/home/akhil/Downloads/omron_moma_ros2/MOMA_project/src/install/tm_msgs/local/lib/python3.10/dist-packages/tm_msgs/srv/_wireless_info.py'...
[66.440s] Compiling '/home/akhil/Downloads/omron_moma_ros2/MOMA_project/src/install/tm_msgs/local/lib/python3.10/dist-packages/tm_msgs/srv/_write_item.py'...
[66.459s] -- Installing: /home/akhil/Downloads/omron_moma_ros2/MOMA_project/src/install/tm_msgs/local/lib/python3.10/dist-packages/tm_msgs/tm_msgs_s__rosidl_typesupport_fastrtps_c.cpython-310-aarch64-linux-gnu.so
[66.460s] -- Set runtime path of "/home/akhil/Downloads/omron_moma_ros2/MOMA_project/src/install/tm_msgs/local/lib/python3.10/dist-packages/tm_msgs/tm_msgs_s__rosidl_typesupport_fastrtps_c.cpython-310-aarch64-linux-gnu.so" to ""
[66.460s] -- Installing: /home/akhil/Downloads/omron_moma_ros2/MOMA_project/src/install/tm_msgs/local/lib/python3.10/dist-packages/tm_msgs/tm_msgs_s__rosidl_typesupport_introspection_c.cpython-310-aarch64-linux-gnu.so
[66.461s] -- Set runtime path of "/home/akhil/Downloads/omron_moma_ros2/MOMA_project/src/install/tm_msgs/local/lib/python3.10/dist-packages/tm_msgs/tm_msgs_s__rosidl_typesupport_introspection_c.cpython-310-aarch64-linux-gnu.so" to ""
[66.462s] -- Installing: /home/akhil/Downloads/omron_moma_ros2/MOMA_project/src/install/tm_msgs/local/lib/python3.10/dist-packages/tm_msgs/tm_msgs_s__rosidl_typesupport_c.cpython-310-aarch64-linux-gnu.so
[66.462s] -- Set runtime path of "/home/akhil/Downloads/omron_moma_ros2/MOMA_project/src/install/tm_msgs/local/lib/python3.10/dist-packages/tm_msgs/tm_msgs_s__rosidl_typesupport_c.cpython-310-aarch64-linux-gnu.so" to ""
[66.463s] -- Installing: /home/akhil/Downloads/omron_moma_ros2/MOMA_project/src/install/tm_msgs/lib/libtm_msgs__rosidl_generator_py.so
[66.464s] -- Set runtime path of "/home/akhil/Downloads/omron_moma_ros2/MOMA_project/src/install/tm_msgs/lib/libtm_msgs__rosidl_generator_py.so" to ""
[66.464s] -- Installing: /home/akhil/Downloads/omron_moma_ros2/MOMA_project/src/install/tm_msgs/share/tm_msgs/msg/FeedbackState.idl
[66.465s] -- Installing: /home/akhil/Downloads/omron_moma_ros2/MOMA_project/src/install/tm_msgs/share/tm_msgs/msg/SvrResponse.idl
[66.465s] -- Installing: /home/akhil/Downloads/omron_moma_ros2/MOMA_project/src/install/tm_msgs/share/tm_msgs/msg/SctResponse.idl
[66.465s] -- Installing: /home/akhil/Downloads/omron_moma_ros2/MOMA_project/src/install/tm_msgs/share/tm_msgs/msg/StaResponse.idl
[66.466s] -- Installing: /home/akhil/Downloads/omron_moma_ros2/MOMA_project/src/install/tm_msgs/share/tm_msgs/srv/ConnectTM.idl
[66.466s] -- Installing: /home/akhil/Downloads/omron_moma_ros2/MOMA_project/src/install/tm_msgs/share/tm_msgs/srv/WriteItem.idl
[66.466s] -- Installing: /home/akhil/Downloads/omron_moma_ros2/MOMA_project/src/install/tm_msgs/share/tm_msgs/srv/WirelessInfo.idl
[66.467s] -- Installing: /home/akhil/Downloads/omron_moma_ros2/MOMA_project/src/install/tm_msgs/share/tm_msgs/srv/AskItem.idl
[66.467s] -- Installing: /home/akhil/Downloads/omron_moma_ros2/MOMA_project/src/install/tm_msgs/share/tm_msgs/srv/SendScript.idl
[66.467s] -- Installing: /home/akhil/Downloads/omron_moma_ros2/MOMA_project/src/install/tm_msgs/share/tm_msgs/srv/SetEvent.idl
[66.468s] -- Installing: /home/akhil/Downloads/omron_moma_ros2/MOMA_project/src/install/tm_msgs/share/tm_msgs/srv/SetIO.idl
[66.468s] -- Installing: /home/akhil/Downloads/omron_moma_ros2/MOMA_project/src/install/tm_msgs/share/tm_msgs/srv/SetPositions.idl
[66.468s] -- Installing: /home/akhil/Downloads/omron_moma_ros2/MOMA_project/src/install/tm_msgs/share/tm_msgs/srv/AskSta.idl
[66.469s] -- Installing: /home/akhil/Downloads/omron_moma_ros2/MOMA_project/src/install/tm_msgs/share/tm_msgs/srv/MovementRequest.idl
[66.469s] -- Installing: /home/akhil/Downloads/omron_moma_ros2/MOMA_project/src/install/tm_msgs/share/tm_msgs/msg/FeedbackState.msg
[66.469s] -- Installing: /home/akhil/Downloads/omron_moma_ros2/MOMA_project/src/install/tm_msgs/share/tm_msgs/msg/SvrResponse.msg
[66.470s] -- Installing: /home/akhil/Downloads/omron_moma_ros2/MOMA_project/src/install/tm_msgs/share/tm_msgs/msg/SctResponse.msg
[66.470s] -- Installing: /home/akhil/Downloads/omron_moma_ros2/MOMA_project/src/install/tm_msgs/share/tm_msgs/msg/StaResponse.msg
[66.470s] -- Installing: /home/akhil/Downloads/omron_moma_ros2/MOMA_project/src/install/tm_msgs/share/tm_msgs/srv/ConnectTM.srv
[66.471s] -- Installing: /home/akhil/Downloads/omron_moma_ros2/MOMA_project/src/install/tm_msgs/share/tm_msgs/srv/ConnectTM_Request.msg
[66.471s] -- Installing: /home/akhil/Downloads/omron_moma_ros2/MOMA_project/src/install/tm_msgs/share/tm_msgs/srv/ConnectTM_Response.msg
[66.472s] -- Installing: /home/akhil/Downloads/omron_moma_ros2/MOMA_project/src/install/tm_msgs/share/tm_msgs/srv/WriteItem.srv
[66.472s] -- Installing: /home/akhil/Downloads/omron_moma_ros2/MOMA_project/src/install/tm_msgs/share/tm_msgs/srv/WriteItem_Request.msg
[66.472s] -- Installing: /home/akhil/Downloads/omron_moma_ros2/MOMA_project/src/install/tm_msgs/share/tm_msgs/srv/WriteItem_Response.msg
[66.472s] -- Installing: /home/akhil/Downloads/omron_moma_ros2/MOMA_project/src/install/tm_msgs/share/tm_msgs/srv/WirelessInfo.srv
[66.473s] -- Installing: /home/akhil/Downloads/omron_moma_ros2/MOMA_project/src/install/tm_msgs/share/tm_msgs/srv/WirelessInfo_Request.msg
[66.473s] -- Installing: /home/akhil/Downloads/omron_moma_ros2/MOMA_project/src/install/tm_msgs/share/tm_msgs/srv/WirelessInfo_Response.msg
[66.474s] -- Installing: /home/akhil/Downloads/omron_moma_ros2/MOMA_project/src/install/tm_msgs/share/tm_msgs/srv/AskItem.srv
[66.474s] -- Installing: /home/akhil/Downloads/omron_moma_ros2/MOMA_project/src/install/tm_msgs/share/tm_msgs/srv/AskItem_Request.msg
[66.474s] -- Installing: /home/akhil/Downloads/omron_moma_ros2/MOMA_project/src/install/tm_msgs/share/tm_msgs/srv/AskItem_Response.msg
[66.475s] -- Installing: /home/akhil/Downloads/omron_moma_ros2/MOMA_project/src/install/tm_msgs/share/tm_msgs/srv/SendScript.srv
[66.475s] -- Installing: /home/akhil/Downloads/omron_moma_ros2/MOMA_project/src/install/tm_msgs/share/tm_msgs/srv/SendScript_Request.msg
[66.475s] -- Installing: /home/akhil/Downloads/omron_moma_ros2/MOMA_project/src/install/tm_msgs/share/tm_msgs/srv/SendScript_Response.msg
[66.476s] -- Installing: /home/akhil/Downloads/omron_moma_ros2/MOMA_project/src/install/tm_msgs/share/tm_msgs/srv/SetEvent.srv
[66.476s] -- Installing: /home/akhil/Downloads/omron_moma_ros2/MOMA_project/src/install/tm_msgs/share/tm_msgs/srv/SetEvent_Request.msg
[66.476s] -- Installing: /home/akhil/Downloads/omron_moma_ros2/MOMA_project/src/install/tm_msgs/share/tm_msgs/srv/SetEvent_Response.msg
[66.477s] -- Installing: /home/akhil/Downloads/omron_moma_ros2/MOMA_project/src/install/tm_msgs/share/tm_msgs/srv/SetIO.srv
[66.477s] -- Installing: /home/akhil/Downloads/omron_moma_ros2/MOMA_project/src/install/tm_msgs/share/tm_msgs/srv/SetIO_Request.msg
[66.477s] -- Installing: /home/akhil/Downloads/omron_moma_ros2/MOMA_project/src/install/tm_msgs/share/tm_msgs/srv/SetIO_Response.msg
[66.478s] -- Installing: /home/akhil/Downloads/omron_moma_ros2/MOMA_project/src/install/tm_msgs/share/tm_msgs/srv/SetPositions.srv
[66.478s] -- Installing: /home/akhil/Downloads/omron_moma_ros2/MOMA_project/src/install/tm_msgs/share/tm_msgs/srv/SetPositions_Request.msg
[66.478s] -- Installing: /home/akhil/Downloads/omron_moma_ros2/MOMA_project/src/install/tm_msgs/share/tm_msgs/srv/SetPositions_Response.msg
[66.479s] -- Installing: /home/akhil/Downloads/omron_moma_ros2/MOMA_project/src/install/tm_msgs/share/tm_msgs/srv/AskSta.srv
[66.479s] -- Installing: /home/akhil/Downloads/omron_moma_ros2/MOMA_project/src/install/tm_msgs/share/tm_msgs/srv/AskSta_Request.msg
[66.479s] -- Installing: /home/akhil/Downloads/omron_moma_ros2/MOMA_project/src/install/tm_msgs/share/tm_msgs/srv/AskSta_Response.msg
[66.480s] -- Installing: /home/akhil/Downloads/omron_moma_ros2/MOMA_project/src/install/tm_msgs/share/tm_msgs/srv/MovementRequest.srv
[66.481s] -- Installing: /home/akhil/Downloads/omron_moma_ros2/MOMA_project/src/install/tm_msgs/share/tm_msgs/srv/MovementRequest_Request.msg
[66.481s] -- Installing: /home/akhil/Downloads/omron_moma_ros2/MOMA_project/src/install/tm_msgs/share/tm_msgs/srv/MovementRequest_Response.msg
[66.481s] -- Installing: /home/akhil/Downloads/omron_moma_ros2/MOMA_project/src/install/tm_msgs/share/ament_index/resource_index/package_run_dependencies/tm_msgs
[66.482s] -- Installing: /home/akhil/Downloads/omron_moma_ros2/MOMA_project/src/install/tm_msgs/share/ament_index/resource_index/parent_prefix_path/tm_msgs
[66.482s] -- Installing: /home/akhil/Downloads/omron_moma_ros2/MOMA_project/src/install/tm_msgs/share/tm_msgs/environment/ament_prefix_path.sh
[66.482s] -- Installing: /home/akhil/Downloads/omron_moma_ros2/MOMA_project/src/install/tm_msgs/share/tm_msgs/environment/ament_prefix_path.dsv
[66.483s] -- Installing: /home/akhil/Downloads/omron_moma_ros2/MOMA_project/src/install/tm_msgs/share/tm_msgs/environment/path.sh
[66.483s] -- Installing: /home/akhil/Downloads/omron_moma_ros2/MOMA_project/src/install/tm_msgs/share/tm_msgs/environment/path.dsv
[66.483s] -- Installing: /home/akhil/Downloads/omron_moma_ros2/MOMA_project/src/install/tm_msgs/share/tm_msgs/local_setup.bash
[66.484s] -- Installing: /home/akhil/Downloads/omron_moma_ros2/MOMA_project/src/install/tm_msgs/share/tm_msgs/local_setup.sh
[66.484s] -- Installing: /home/akhil/Downloads/omron_moma_ros2/MOMA_project/src/install/tm_msgs/share/tm_msgs/local_setup.zsh
[66.484s] -- Installing: /home/akhil/Downloads/omron_moma_ros2/MOMA_project/src/install/tm_msgs/share/tm_msgs/local_setup.dsv
[66.485s] -- Installing: /home/akhil/Downloads/omron_moma_ros2/MOMA_project/src/install/tm_msgs/share/tm_msgs/package.dsv
[66.485s] -- Installing: /home/akhil/Downloads/omron_moma_ros2/MOMA_project/src/install/tm_msgs/share/ament_index/resource_index/packages/tm_msgs
[66.486s] -- Installing: /home/akhil/Downloads/omron_moma_ros2/MOMA_project/src/install/tm_msgs/share/tm_msgs/cmake/export_tm_msgs__rosidl_generator_cExport.cmake
[66.486s] -- Installing: /home/akhil/Downloads/omron_moma_ros2/MOMA_project/src/install/tm_msgs/share/tm_msgs/cmake/export_tm_msgs__rosidl_generator_cExport-noconfig.cmake
[66.486s] -- Installing: /home/akhil/Downloads/omron_moma_ros2/MOMA_project/src/install/tm_msgs/share/tm_msgs/cmake/export_tm_msgs__rosidl_typesupport_fastrtps_cExport.cmake
[66.487s] -- Installing: /home/akhil/Downloads/omron_moma_ros2/MOMA_project/src/install/tm_msgs/share/tm_msgs/cmake/export_tm_msgs__rosidl_typesupport_fastrtps_cExport-noconfig.cmake
[66.487s] -- Installing: /home/akhil/Downloads/omron_moma_ros2/MOMA_project/src/install/tm_msgs/share/tm_msgs/cmake/export_tm_msgs__rosidl_generator_cppExport.cmake
[66.488s] -- Installing: /home/akhil/Downloads/omron_moma_ros2/MOMA_project/src/install/tm_msgs/share/tm_msgs/cmake/export_tm_msgs__rosidl_typesupport_fastrtps_cppExport.cmake
[66.488s] -- Installing: /home/akhil/Downloads/omron_moma_ros2/MOMA_project/src/install/tm_msgs/share/tm_msgs/cmake/export_tm_msgs__rosidl_typesupport_fastrtps_cppExport-noconfig.cmake
[66.488s] -- Installing: /home/akhil/Downloads/omron_moma_ros2/MOMA_project/src/install/tm_msgs/share/tm_msgs/cmake/tm_msgs__rosidl_typesupport_introspection_cExport.cmake
[66.489s] -- Installing: /home/akhil/Downloads/omron_moma_ros2/MOMA_project/src/install/tm_msgs/share/tm_msgs/cmake/tm_msgs__rosidl_typesupport_introspection_cExport-noconfig.cmake
[66.489s] -- Installing: /home/akhil/Downloads/omron_moma_ros2/MOMA_project/src/install/tm_msgs/share/tm_msgs/cmake/tm_msgs__rosidl_typesupport_cExport.cmake
[66.490s] -- Installing: /home/akhil/Downloads/omron_moma_ros2/MOMA_project/src/install/tm_msgs/share/tm_msgs/cmake/tm_msgs__rosidl_typesupport_cExport-noconfig.cmake
[66.490s] -- Installing: /home/akhil/Downloads/omron_moma_ros2/MOMA_project/src/install/tm_msgs/share/tm_msgs/cmake/tm_msgs__rosidl_typesupport_introspection_cppExport.cmake
[66.490s] -- Installing: /home/akhil/Downloads/omron_moma_ros2/MOMA_project/src/install/tm_msgs/share/tm_msgs/cmake/tm_msgs__rosidl_typesupport_introspection_cppExport-noconfig.cmake
[66.491s] -- Installing: /home/akhil/Downloads/omron_moma_ros2/MOMA_project/src/install/tm_msgs/share/tm_msgs/cmake/tm_msgs__rosidl_typesupport_cppExport.cmake
[66.492s] -- Installing: /home/akhil/Downloads/omron_moma_ros2/MOMA_project/src/install/tm_msgs/share/tm_msgs/cmake/tm_msgs__rosidl_typesupport_cppExport-noconfig.cmake
[66.492s] -- Installing: /home/akhil/Downloads/omron_moma_ros2/MOMA_project/src/install/tm_msgs/share/tm_msgs/cmake/export_tm_msgs__rosidl_generator_pyExport.cmake
[66.492s] -- Installing: /home/akhil/Downloads/omron_moma_ros2/MOMA_project/src/install/tm_msgs/share/tm_msgs/cmake/export_tm_msgs__rosidl_generator_pyExport-noconfig.cmake
[66.492s] -- Installing: /home/akhil/Downloads/omron_moma_ros2/MOMA_project/src/install/tm_msgs/share/tm_msgs/cmake/rosidl_cmake-extras.cmake
[66.493s] -- Installing: /home/akhil/Downloads/omron_moma_ros2/MOMA_project/src/install/tm_msgs/share/tm_msgs/cmake/ament_cmake_export_dependencies-extras.cmake
[66.493s] -- Installing: /home/akhil/Downloads/omron_moma_ros2/MOMA_project/src/install/tm_msgs/share/tm_msgs/cmake/ament_cmake_export_include_directories-extras.cmake
[66.493s] -- Installing: /home/akhil/Downloads/omron_moma_ros2/MOMA_project/src/install/tm_msgs/share/tm_msgs/cmake/ament_cmake_export_libraries-extras.cmake
[66.494s] -- Installing: /home/akhil/Downloads/omron_moma_ros2/MOMA_project/src/install/tm_msgs/share/tm_msgs/cmake/ament_cmake_export_targets-extras.cmake
[66.494s] -- Installing: /home/akhil/Downloads/omron_moma_ros2/MOMA_project/src/install/tm_msgs/share/tm_msgs/cmake/rosidl_cmake_export_typesupport_targets-extras.cmake
[66.495s] -- Installing: /home/akhil/Downloads/omron_moma_ros2/MOMA_project/src/install/tm_msgs/share/tm_msgs/cmake/rosidl_cmake_export_typesupport_libraries-extras.cmake
[66.495s] -- Installing: /home/akhil/Downloads/omron_moma_ros2/MOMA_project/src/install/tm_msgs/share/tm_msgs/cmake/tm_msgsConfig.cmake
[66.495s] -- Installing: /home/akhil/Downloads/omron_moma_ros2/MOMA_project/src/install/tm_msgs/share/tm_msgs/cmake/tm_msgsConfig-version.cmake
[66.496s] -- Installing: /home/akhil/Downloads/omron_moma_ros2/MOMA_project/src/install/tm_msgs/share/tm_msgs/package.xml
[66.506s] Invoked command in '/home/akhil/Downloads/omron_moma_ros2/MOMA_project/src/build/tm_msgs' returned '0': CMAKE_PREFIX_PATH=/opt/ros/humble /usr/bin/cmake --install /home/akhil/Downloads/omron_moma_ros2/MOMA_project/src/build/tm_msgs
