[0.278s] DEBUG:colcon:Command line arguments: ['/usr/bin/colcon', 'build', '--packages-select', 'polaris_udp_bridge/']
[0.278s] DEBUG:colcon:Parsed command line arguments: Namespace(log_base=None, log_level=None, verb_name='build', build_base='build', install_base='install', merge_install=False, symlink_install=False, test_result_base=None, continue_on_error=False, executor='parallel', parallel_workers=6, event_handlers=None, ignore_user_meta=False, metas=['./colcon.meta'], base_paths=['.'], packages_ignore=None, packages_ignore_regex=None, paths=None, packages_up_to=None, packages_up_to_regex=None, packages_above=None, packages_above_and_dependencies=None, packages_above_depth=None, packages_select_by_dep=None, packages_skip_by_dep=None, packages_skip_up_to=None, packages_select_build_failed=False, packages_skip_build_finished=False, packages_select_test_failures=False, packages_skip_test_passed=False, packages_select=['polaris_udp_bridge/'], packages_skip=None, packages_select_regex=None, packages_skip_regex=None, packages_start=None, packages_end=None, allow_overriding=[], cmake_args=None, cmake_target=None, cmake_target_skip_unavailable=False, cmake_clean_cache=False, cmake_clean_first=False, cmake_force_configure=False, ament_cmake_args=None, catkin_cmake_args=None, catkin_skip_building_tests=False, verb_parser=<colcon_defaults.argument_parser.defaults.DefaultArgumentsDecorator object at 0xffffaaf66aa0>, verb_extension=<colcon_core.verb.build.BuildVerb object at 0xffffab0fff10>, main=<bound method BuildVerb.main of <colcon_core.verb.build.BuildVerb object at 0xffffab0fff10>>)
[0.695s] Level 1:colcon.colcon_core.package_discovery:discover_packages(colcon_meta) check parameters
[0.696s] Level 1:colcon.colcon_core.package_discovery:discover_packages(recursive) check parameters
[0.696s] Level 1:colcon.colcon_core.package_discovery:discover_packages(ignore) check parameters
[0.696s] Level 1:colcon.colcon_core.package_discovery:discover_packages(path) check parameters
[0.696s] Level 1:colcon.colcon_core.package_discovery:discover_packages(colcon_meta) discover
[0.696s] Level 1:colcon.colcon_core.package_discovery:discover_packages(recursive) discover
[0.696s] INFO:colcon.colcon_core.package_discovery:Crawling recursively for packages in '/home/akhil/Downloads/omron_moma_ros2/MOMA_project/src'
[0.697s] Level 1:colcon.colcon_core.package_identification:_identify(.) by extensions ['ignore', 'ignore_ament_install']
[0.697s] Level 1:colcon.colcon_core.package_identification:_identify(.) by extension 'ignore'
[0.697s] Level 1:colcon.colcon_core.package_identification:_identify(.) by extension 'ignore_ament_install'
[0.697s] Level 1:colcon.colcon_core.package_identification:_identify(.) by extensions ['colcon_pkg']
[0.697s] Level 1:colcon.colcon_core.package_identification:_identify(.) by extension 'colcon_pkg'
[0.697s] Level 1:colcon.colcon_core.package_identification:_identify(.) by extensions ['colcon_meta']
[0.698s] Level 1:colcon.colcon_core.package_identification:_identify(.) by extension 'colcon_meta'
[0.698s] Level 1:colcon.colcon_core.package_identification:_identify(.) by extensions ['ros']
[0.698s] Level 1:colcon.colcon_core.package_identification:_identify(.) by extension 'ros'
[0.727s] Level 1:colcon.colcon_core.package_identification:_identify(.) by extensions ['cmake', 'python']
[0.727s] Level 1:colcon.colcon_core.package_identification:_identify(.) by extension 'cmake'
[0.727s] Level 1:colcon.colcon_core.package_identification:_identify(.) by extension 'python'
[0.727s] Level 1:colcon.colcon_core.package_identification:_identify(.) by extensions ['python_setup_py']
[0.727s] Level 1:colcon.colcon_core.package_identification:_identify(.) by extension 'python_setup_py'
[0.728s] Level 1:colcon.colcon_core.package_identification:_identify(amr_arcl_interface) by extensions ['ignore', 'ignore_ament_install']
[0.728s] Level 1:colcon.colcon_core.package_identification:_identify(amr_arcl_interface) by extension 'ignore'
[0.728s] Level 1:colcon.colcon_core.package_identification:_identify(amr_arcl_interface) by extension 'ignore_ament_install'
[0.728s] Level 1:colcon.colcon_core.package_identification:_identify(amr_arcl_interface) by extensions ['colcon_pkg']
[0.728s] Level 1:colcon.colcon_core.package_identification:_identify(amr_arcl_interface) by extension 'colcon_pkg'
[0.729s] Level 1:colcon.colcon_core.package_identification:_identify(amr_arcl_interface) by extensions ['colcon_meta']
[0.729s] Level 1:colcon.colcon_core.package_identification:_identify(amr_arcl_interface) by extension 'colcon_meta'
[0.729s] Level 1:colcon.colcon_core.package_identification:_identify(amr_arcl_interface) by extensions ['ros']
[0.729s] Level 1:colcon.colcon_core.package_identification:_identify(amr_arcl_interface) by extension 'ros'
[0.735s] DEBUG:colcon.colcon_core.package_identification:Package 'amr_arcl_interface' with type 'ros.ament_python' and name 'amr_arcl_interface'
[0.736s] Level 1:colcon.colcon_core.package_identification:_identify(amr_visualisation) by extensions ['ignore', 'ignore_ament_install']
[0.736s] Level 1:colcon.colcon_core.package_identification:_identify(amr_visualisation) by extension 'ignore'
[0.736s] Level 1:colcon.colcon_core.package_identification:_identify(amr_visualisation) by extension 'ignore_ament_install'
[0.736s] Level 1:colcon.colcon_core.package_identification:_identify(amr_visualisation) by extensions ['colcon_pkg']
[0.737s] Level 1:colcon.colcon_core.package_identification:_identify(amr_visualisation) by extension 'colcon_pkg'
[0.737s] Level 1:colcon.colcon_core.package_identification:_identify(amr_visualisation) by extensions ['colcon_meta']
[0.737s] Level 1:colcon.colcon_core.package_identification:_identify(amr_visualisation) by extension 'colcon_meta'
[0.737s] Level 1:colcon.colcon_core.package_identification:_identify(amr_visualisation) by extensions ['ros']
[0.737s] Level 1:colcon.colcon_core.package_identification:_identify(amr_visualisation) by extension 'ros'
[0.739s] DEBUG:colcon.colcon_core.package_identification:Package 'amr_visualisation' with type 'ros.ament_cmake' and name 'amr_visualisation'
[0.739s] Level 1:colcon.colcon_core.package_identification:_identify(build) by extensions ['ignore', 'ignore_ament_install']
[0.739s] Level 1:colcon.colcon_core.package_identification:_identify(build) by extension 'ignore'
[0.739s] Level 1:colcon.colcon_core.package_identification:_identify(build) ignored
[0.740s] Level 1:colcon.colcon_core.package_identification:_identify(camera) by extensions ['ignore', 'ignore_ament_install']
[0.740s] Level 1:colcon.colcon_core.package_identification:_identify(camera) by extension 'ignore'
[0.740s] Level 1:colcon.colcon_core.package_identification:_identify(camera) by extension 'ignore_ament_install'
[0.740s] Level 1:colcon.colcon_core.package_identification:_identify(camera) by extensions ['colcon_pkg']
[0.740s] Level 1:colcon.colcon_core.package_identification:_identify(camera) by extension 'colcon_pkg'
[0.740s] Level 1:colcon.colcon_core.package_identification:_identify(camera) by extensions ['colcon_meta']
[0.741s] Level 1:colcon.colcon_core.package_identification:_identify(camera) by extension 'colcon_meta'
[0.741s] Level 1:colcon.colcon_core.package_identification:_identify(camera) by extensions ['ros']
[0.741s] Level 1:colcon.colcon_core.package_identification:_identify(camera) by extension 'ros'
[0.743s] DEBUG:colcon.colcon_core.package_identification:Package 'camera' with type 'ros.ament_python' and name 'camera'
[0.743s] Level 1:colcon.colcon_core.package_identification:_identify(camera_interface) by extensions ['ignore', 'ignore_ament_install']
[0.743s] Level 1:colcon.colcon_core.package_identification:_identify(camera_interface) by extension 'ignore'
[0.744s] Level 1:colcon.colcon_core.package_identification:_identify(camera_interface) by extension 'ignore_ament_install'
[0.744s] Level 1:colcon.colcon_core.package_identification:_identify(camera_interface) by extensions ['colcon_pkg']
[0.744s] Level 1:colcon.colcon_core.package_identification:_identify(camera_interface) by extension 'colcon_pkg'
[0.744s] Level 1:colcon.colcon_core.package_identification:_identify(camera_interface) by extensions ['colcon_meta']
[0.744s] Level 1:colcon.colcon_core.package_identification:_identify(camera_interface) by extension 'colcon_meta'
[0.744s] Level 1:colcon.colcon_core.package_identification:_identify(camera_interface) by extensions ['ros']
[0.744s] Level 1:colcon.colcon_core.package_identification:_identify(camera_interface) by extension 'ros'
[0.746s] DEBUG:colcon.colcon_core.package_identification:Package 'camera_interface' with type 'ros.ament_cmake' and name 'camera_interface'
[0.746s] Level 1:colcon.colcon_core.package_identification:_identify(demo_package) by extensions ['ignore', 'ignore_ament_install']
[0.746s] Level 1:colcon.colcon_core.package_identification:_identify(demo_package) by extension 'ignore'
[0.746s] Level 1:colcon.colcon_core.package_identification:_identify(demo_package) by extension 'ignore_ament_install'
[0.746s] Level 1:colcon.colcon_core.package_identification:_identify(demo_package) by extensions ['colcon_pkg']
[0.746s] Level 1:colcon.colcon_core.package_identification:_identify(demo_package) by extension 'colcon_pkg'
[0.746s] Level 1:colcon.colcon_core.package_identification:_identify(demo_package) by extensions ['colcon_meta']
[0.747s] Level 1:colcon.colcon_core.package_identification:_identify(demo_package) by extension 'colcon_meta'
[0.747s] Level 1:colcon.colcon_core.package_identification:_identify(demo_package) by extensions ['ros']
[0.747s] Level 1:colcon.colcon_core.package_identification:_identify(demo_package) by extension 'ros'
[0.748s] DEBUG:colcon.colcon_core.package_identification:Package 'demo_package' with type 'ros.ament_python' and name 'demo_package'
[0.748s] Level 1:colcon.colcon_core.package_identification:_identify(image_sub) by extensions ['ignore', 'ignore_ament_install']
[0.749s] Level 1:colcon.colcon_core.package_identification:_identify(image_sub) by extension 'ignore'
[0.749s] Level 1:colcon.colcon_core.package_identification:_identify(image_sub) by extension 'ignore_ament_install'
[0.749s] Level 1:colcon.colcon_core.package_identification:_identify(image_sub) by extensions ['colcon_pkg']
[0.749s] Level 1:colcon.colcon_core.package_identification:_identify(image_sub) by extension 'colcon_pkg'
[0.749s] Level 1:colcon.colcon_core.package_identification:_identify(image_sub) by extensions ['colcon_meta']
[0.749s] Level 1:colcon.colcon_core.package_identification:_identify(image_sub) by extension 'colcon_meta'
[0.749s] Level 1:colcon.colcon_core.package_identification:_identify(image_sub) by extensions ['ros']
[0.749s] Level 1:colcon.colcon_core.package_identification:_identify(image_sub) by extension 'ros'
[0.751s] DEBUG:colcon.colcon_core.package_identification:Package 'image_sub' with type 'ros.ament_cmake' and name 'image_sub'
[0.751s] Level 1:colcon.colcon_core.package_identification:_identify(install) by extensions ['ignore', 'ignore_ament_install']
[0.751s] Level 1:colcon.colcon_core.package_identification:_identify(install) by extension 'ignore'
[0.751s] Level 1:colcon.colcon_core.package_identification:_identify(install) ignored
[0.752s] Level 1:colcon.colcon_core.package_identification:_identify(log) by extensions ['ignore', 'ignore_ament_install']
[0.752s] Level 1:colcon.colcon_core.package_identification:_identify(log) by extension 'ignore'
[0.752s] Level 1:colcon.colcon_core.package_identification:_identify(log) ignored
[0.752s] Level 1:colcon.colcon_core.package_identification:_identify(moma) by extensions ['ignore', 'ignore_ament_install']
[0.752s] Level 1:colcon.colcon_core.package_identification:_identify(moma) by extension 'ignore'
[0.752s] Level 1:colcon.colcon_core.package_identification:_identify(moma) by extension 'ignore_ament_install'
[0.753s] Level 1:colcon.colcon_core.package_identification:_identify(moma) by extensions ['colcon_pkg']
[0.753s] Level 1:colcon.colcon_core.package_identification:_identify(moma) by extension 'colcon_pkg'
[0.753s] Level 1:colcon.colcon_core.package_identification:_identify(moma) by extensions ['colcon_meta']
[0.753s] Level 1:colcon.colcon_core.package_identification:_identify(moma) by extension 'colcon_meta'
[0.753s] Level 1:colcon.colcon_core.package_identification:_identify(moma) by extensions ['ros']
[0.753s] Level 1:colcon.colcon_core.package_identification:_identify(moma) by extension 'ros'
[0.754s] DEBUG:colcon.colcon_core.package_identification:Package 'moma' with type 'ros.ament_cmake' and name 'moma'
[0.754s] Level 1:colcon.colcon_core.package_identification:_identify(moma_tf) by extensions ['ignore', 'ignore_ament_install']
[0.755s] Level 1:colcon.colcon_core.package_identification:_identify(moma_tf) by extension 'ignore'
[0.755s] Level 1:colcon.colcon_core.package_identification:_identify(moma_tf) by extension 'ignore_ament_install'
[0.755s] Level 1:colcon.colcon_core.package_identification:_identify(moma_tf) by extensions ['colcon_pkg']
[0.755s] Level 1:colcon.colcon_core.package_identification:_identify(moma_tf) by extension 'colcon_pkg'
[0.755s] Level 1:colcon.colcon_core.package_identification:_identify(moma_tf) by extensions ['colcon_meta']
[0.755s] Level 1:colcon.colcon_core.package_identification:_identify(moma_tf) by extension 'colcon_meta'
[0.755s] Level 1:colcon.colcon_core.package_identification:_identify(moma_tf) by extensions ['ros']
[0.755s] Level 1:colcon.colcon_core.package_identification:_identify(moma_tf) by extension 'ros'
[0.756s] DEBUG:colcon.colcon_core.package_identification:Package 'moma_tf' with type 'ros.ament_python' and name 'moma_tf'
[0.757s] Level 1:colcon.colcon_core.package_identification:_identify(moveit_path_planner) by extensions ['ignore', 'ignore_ament_install']
[0.757s] Level 1:colcon.colcon_core.package_identification:_identify(moveit_path_planner) by extension 'ignore'
[0.757s] Level 1:colcon.colcon_core.package_identification:_identify(moveit_path_planner) by extension 'ignore_ament_install'
[0.757s] Level 1:colcon.colcon_core.package_identification:_identify(moveit_path_planner) by extensions ['colcon_pkg']
[0.757s] Level 1:colcon.colcon_core.package_identification:_identify(moveit_path_planner) by extension 'colcon_pkg'
[0.757s] Level 1:colcon.colcon_core.package_identification:_identify(moveit_path_planner) by extensions ['colcon_meta']
[0.757s] Level 1:colcon.colcon_core.package_identification:_identify(moveit_path_planner) by extension 'colcon_meta'
[0.757s] Level 1:colcon.colcon_core.package_identification:_identify(moveit_path_planner) by extensions ['ros']
[0.758s] Level 1:colcon.colcon_core.package_identification:_identify(moveit_path_planner) by extension 'ros'
[0.759s] DEBUG:colcon.colcon_core.package_identification:Package 'moveit_path_planner' with type 'ros.ament_cmake' and name 'moveit_path_planner'
[0.760s] Level 1:colcon.colcon_core.package_identification:_identify(om_aiv_msg) by extensions ['ignore', 'ignore_ament_install']
[0.760s] Level 1:colcon.colcon_core.package_identification:_identify(om_aiv_msg) by extension 'ignore'
[0.760s] Level 1:colcon.colcon_core.package_identification:_identify(om_aiv_msg) by extension 'ignore_ament_install'
[0.760s] Level 1:colcon.colcon_core.package_identification:_identify(om_aiv_msg) by extensions ['colcon_pkg']
[0.760s] Level 1:colcon.colcon_core.package_identification:_identify(om_aiv_msg) by extension 'colcon_pkg'
[0.760s] Level 1:colcon.colcon_core.package_identification:_identify(om_aiv_msg) by extensions ['colcon_meta']
[0.760s] Level 1:colcon.colcon_core.package_identification:_identify(om_aiv_msg) by extension 'colcon_meta'
[0.761s] Level 1:colcon.colcon_core.package_identification:_identify(om_aiv_msg) by extensions ['ros']
[0.761s] Level 1:colcon.colcon_core.package_identification:_identify(om_aiv_msg) by extension 'ros'
[0.762s] DEBUG:colcon.colcon_core.package_identification:Package 'om_aiv_msg' with type 'ros.ament_cmake' and name 'om_aiv_msg'
[0.762s] Level 1:colcon.colcon_core.package_identification:_identify(om_aiv_navigation) by extensions ['ignore', 'ignore_ament_install']
[0.762s] Level 1:colcon.colcon_core.package_identification:_identify(om_aiv_navigation) by extension 'ignore'
[0.762s] Level 1:colcon.colcon_core.package_identification:_identify(om_aiv_navigation) by extension 'ignore_ament_install'
[0.763s] Level 1:colcon.colcon_core.package_identification:_identify(om_aiv_navigation) by extensions ['colcon_pkg']
[0.763s] Level 1:colcon.colcon_core.package_identification:_identify(om_aiv_navigation) by extension 'colcon_pkg'
[0.763s] Level 1:colcon.colcon_core.package_identification:_identify(om_aiv_navigation) by extensions ['colcon_meta']
[0.763s] Level 1:colcon.colcon_core.package_identification:_identify(om_aiv_navigation) by extension 'colcon_meta'
[0.763s] Level 1:colcon.colcon_core.package_identification:_identify(om_aiv_navigation) by extensions ['ros']
[0.763s] Level 1:colcon.colcon_core.package_identification:_identify(om_aiv_navigation) by extension 'ros'
[0.764s] DEBUG:colcon.colcon_core.package_identification:Package 'om_aiv_navigation' with type 'ros.ament_python' and name 'om_aiv_navigation'
[0.764s] Level 1:colcon.colcon_core.package_identification:_identify(om_aiv_util) by extensions ['ignore', 'ignore_ament_install']
[0.765s] Level 1:colcon.colcon_core.package_identification:_identify(om_aiv_util) by extension 'ignore'
[0.765s] Level 1:colcon.colcon_core.package_identification:_identify(om_aiv_util) by extension 'ignore_ament_install'
[0.765s] Level 1:colcon.colcon_core.package_identification:_identify(om_aiv_util) by extensions ['colcon_pkg']
[0.765s] Level 1:colcon.colcon_core.package_identification:_identify(om_aiv_util) by extension 'colcon_pkg'
[0.765s] Level 1:colcon.colcon_core.package_identification:_identify(om_aiv_util) by extensions ['colcon_meta']
[0.765s] Level 1:colcon.colcon_core.package_identification:_identify(om_aiv_util) by extension 'colcon_meta'
[0.765s] Level 1:colcon.colcon_core.package_identification:_identify(om_aiv_util) by extensions ['ros']
[0.765s] Level 1:colcon.colcon_core.package_identification:_identify(om_aiv_util) by extension 'ros'
[0.767s] DEBUG:colcon.colcon_core.package_identification:Package 'om_aiv_util' with type 'ros.ament_python' and name 'om_aiv_util'
[0.767s] Level 1:colcon.colcon_core.package_identification:_identify(polaris_udp_bridge) by extensions ['ignore', 'ignore_ament_install']
[0.767s] Level 1:colcon.colcon_core.package_identification:_identify(polaris_udp_bridge) by extension 'ignore'
[0.767s] Level 1:colcon.colcon_core.package_identification:_identify(polaris_udp_bridge) by extension 'ignore_ament_install'
[0.767s] Level 1:colcon.colcon_core.package_identification:_identify(polaris_udp_bridge) by extensions ['colcon_pkg']
[0.768s] Level 1:colcon.colcon_core.package_identification:_identify(polaris_udp_bridge) by extension 'colcon_pkg'
[0.768s] Level 1:colcon.colcon_core.package_identification:_identify(polaris_udp_bridge) by extensions ['colcon_meta']
[0.768s] Level 1:colcon.colcon_core.package_identification:_identify(polaris_udp_bridge) by extension 'colcon_meta'
[0.768s] Level 1:colcon.colcon_core.package_identification:_identify(polaris_udp_bridge) by extensions ['ros']
[0.768s] Level 1:colcon.colcon_core.package_identification:_identify(polaris_udp_bridge) by extension 'ros'
[0.769s] DEBUG:colcon.colcon_core.package_identification:Package 'polaris_udp_bridge' with type 'ros.ament_python' and name 'polaris_udp_bridge'
[0.770s] Level 1:colcon.colcon_core.package_identification:_identify(tm12s_moveit_config) by extensions ['ignore', 'ignore_ament_install']
[0.770s] Level 1:colcon.colcon_core.package_identification:_identify(tm12s_moveit_config) by extension 'ignore'
[0.770s] Level 1:colcon.colcon_core.package_identification:_identify(tm12s_moveit_config) by extension 'ignore_ament_install'
[0.770s] Level 1:colcon.colcon_core.package_identification:_identify(tm12s_moveit_config) by extensions ['colcon_pkg']
[0.770s] Level 1:colcon.colcon_core.package_identification:_identify(tm12s_moveit_config) by extension 'colcon_pkg'
[0.770s] Level 1:colcon.colcon_core.package_identification:_identify(tm12s_moveit_config) by extensions ['colcon_meta']
[0.770s] Level 1:colcon.colcon_core.package_identification:_identify(tm12s_moveit_config) by extension 'colcon_meta'
[0.770s] Level 1:colcon.colcon_core.package_identification:_identify(tm12s_moveit_config) by extensions ['ros']
[0.771s] Level 1:colcon.colcon_core.package_identification:_identify(tm12s_moveit_config) by extension 'ros'
[0.772s] DEBUG:colcon.colcon_core.package_identification:Package 'tm12s_moveit_config' with type 'ros.ament_cmake' and name 'tm12s_moveit_config'
[0.773s] Level 1:colcon.colcon_core.package_identification:_identify(tm_description) by extensions ['ignore', 'ignore_ament_install']
[0.773s] Level 1:colcon.colcon_core.package_identification:_identify(tm_description) by extension 'ignore'
[0.773s] Level 1:colcon.colcon_core.package_identification:_identify(tm_description) by extension 'ignore_ament_install'
[0.773s] Level 1:colcon.colcon_core.package_identification:_identify(tm_description) by extensions ['colcon_pkg']
[0.773s] Level 1:colcon.colcon_core.package_identification:_identify(tm_description) by extension 'colcon_pkg'
[0.773s] Level 1:colcon.colcon_core.package_identification:_identify(tm_description) by extensions ['colcon_meta']
[0.774s] Level 1:colcon.colcon_core.package_identification:_identify(tm_description) by extension 'colcon_meta'
[0.774s] Level 1:colcon.colcon_core.package_identification:_identify(tm_description) by extensions ['ros']
[0.774s] Level 1:colcon.colcon_core.package_identification:_identify(tm_description) by extension 'ros'
[0.775s] DEBUG:colcon.colcon_core.package_identification:Package 'tm_description' with type 'ros.ament_cmake' and name 'tm_description'
[0.775s] Level 1:colcon.colcon_core.package_identification:_identify(tm_driver) by extensions ['ignore', 'ignore_ament_install']
[0.775s] Level 1:colcon.colcon_core.package_identification:_identify(tm_driver) by extension 'ignore'
[0.775s] Level 1:colcon.colcon_core.package_identification:_identify(tm_driver) by extension 'ignore_ament_install'
[0.776s] Level 1:colcon.colcon_core.package_identification:_identify(tm_driver) by extensions ['colcon_pkg']
[0.776s] Level 1:colcon.colcon_core.package_identification:_identify(tm_driver) by extension 'colcon_pkg'
[0.776s] Level 1:colcon.colcon_core.package_identification:_identify(tm_driver) by extensions ['colcon_meta']
[0.776s] Level 1:colcon.colcon_core.package_identification:_identify(tm_driver) by extension 'colcon_meta'
[0.776s] Level 1:colcon.colcon_core.package_identification:_identify(tm_driver) by extensions ['ros']
[0.776s] Level 1:colcon.colcon_core.package_identification:_identify(tm_driver) by extension 'ros'
[0.777s] DEBUG:colcon.colcon_core.package_identification:Package 'tm_driver' with type 'ros.ament_cmake' and name 'tm_driver'
[0.778s] Level 1:colcon.colcon_core.package_identification:_identify(tm_image) by extensions ['ignore', 'ignore_ament_install']
[0.778s] Level 1:colcon.colcon_core.package_identification:_identify(tm_image) by extension 'ignore'
[0.778s] Level 1:colcon.colcon_core.package_identification:_identify(tm_image) by extension 'ignore_ament_install'
[0.778s] Level 1:colcon.colcon_core.package_identification:_identify(tm_image) by extensions ['colcon_pkg']
[0.778s] Level 1:colcon.colcon_core.package_identification:_identify(tm_image) by extension 'colcon_pkg'
[0.778s] Level 1:colcon.colcon_core.package_identification:_identify(tm_image) by extensions ['colcon_meta']
[0.778s] Level 1:colcon.colcon_core.package_identification:_identify(tm_image) by extension 'colcon_meta'
[0.778s] Level 1:colcon.colcon_core.package_identification:_identify(tm_image) by extensions ['ros']
[0.778s] Level 1:colcon.colcon_core.package_identification:_identify(tm_image) by extension 'ros'
[0.779s] DEBUG:colcon.colcon_core.package_identification:Package 'tm_image' with type 'ros.ament_python' and name 'tm_image'
[0.780s] Level 1:colcon.colcon_core.package_identification:_identify(tm_inspect) by extensions ['ignore', 'ignore_ament_install']
[0.780s] Level 1:colcon.colcon_core.package_identification:_identify(tm_inspect) by extension 'ignore'
[0.780s] Level 1:colcon.colcon_core.package_identification:_identify(tm_inspect) by extension 'ignore_ament_install'
[0.780s] Level 1:colcon.colcon_core.package_identification:_identify(tm_inspect) by extensions ['colcon_pkg']
[0.780s] Level 1:colcon.colcon_core.package_identification:_identify(tm_inspect) by extension 'colcon_pkg'
[0.780s] Level 1:colcon.colcon_core.package_identification:_identify(tm_inspect) by extensions ['colcon_meta']
[0.780s] Level 1:colcon.colcon_core.package_identification:_identify(tm_inspect) by extension 'colcon_meta'
[0.781s] Level 1:colcon.colcon_core.package_identification:_identify(tm_inspect) by extensions ['ros']
[0.781s] Level 1:colcon.colcon_core.package_identification:_identify(tm_inspect) by extension 'ros'
[0.782s] DEBUG:colcon.colcon_core.package_identification:Package 'tm_inspect' with type 'ros.ament_cmake' and name 'tm_inspect'
[0.782s] Level 1:colcon.colcon_core.package_identification:_identify(tm_mod_urdf) by extensions ['ignore', 'ignore_ament_install']
[0.782s] Level 1:colcon.colcon_core.package_identification:_identify(tm_mod_urdf) by extension 'ignore'
[0.783s] Level 1:colcon.colcon_core.package_identification:_identify(tm_mod_urdf) by extension 'ignore_ament_install'
[0.783s] Level 1:colcon.colcon_core.package_identification:_identify(tm_mod_urdf) by extensions ['colcon_pkg']
[0.783s] Level 1:colcon.colcon_core.package_identification:_identify(tm_mod_urdf) by extension 'colcon_pkg'
[0.783s] Level 1:colcon.colcon_core.package_identification:_identify(tm_mod_urdf) by extensions ['colcon_meta']
[0.783s] Level 1:colcon.colcon_core.package_identification:_identify(tm_mod_urdf) by extension 'colcon_meta'
[0.783s] Level 1:colcon.colcon_core.package_identification:_identify(tm_mod_urdf) by extensions ['ros']
[0.783s] Level 1:colcon.colcon_core.package_identification:_identify(tm_mod_urdf) by extension 'ros'
[0.784s] DEBUG:colcon.colcon_core.package_identification:Package 'tm_mod_urdf' with type 'ros.ament_python' and name 'tm_mod_urdf'
[0.784s] Level 1:colcon.colcon_core.package_identification:_identify(tm_msgs) by extensions ['ignore', 'ignore_ament_install']
[0.785s] Level 1:colcon.colcon_core.package_identification:_identify(tm_msgs) by extension 'ignore'
[0.785s] Level 1:colcon.colcon_core.package_identification:_identify(tm_msgs) by extension 'ignore_ament_install'
[0.785s] Level 1:colcon.colcon_core.package_identification:_identify(tm_msgs) by extensions ['colcon_pkg']
[0.785s] Level 1:colcon.colcon_core.package_identification:_identify(tm_msgs) by extension 'colcon_pkg'
[0.785s] Level 1:colcon.colcon_core.package_identification:_identify(tm_msgs) by extensions ['colcon_meta']
[0.785s] Level 1:colcon.colcon_core.package_identification:_identify(tm_msgs) by extension 'colcon_meta'
[0.786s] Level 1:colcon.colcon_core.package_identification:_identify(tm_msgs) by extensions ['ros']
[0.786s] Level 1:colcon.colcon_core.package_identification:_identify(tm_msgs) by extension 'ros'
[0.787s] DEBUG:colcon.colcon_core.package_identification:Package 'tm_msgs' with type 'ros.ament_cmake' and name 'tm_msgs'
[0.787s] Level 1:colcon.colcon_core.package_identification:_identify(wireless) by extensions ['ignore', 'ignore_ament_install']
[0.787s] Level 1:colcon.colcon_core.package_identification:_identify(wireless) by extension 'ignore'
[0.787s] Level 1:colcon.colcon_core.package_identification:_identify(wireless) by extension 'ignore_ament_install'
[0.787s] Level 1:colcon.colcon_core.package_identification:_identify(wireless) by extensions ['colcon_pkg']
[0.788s] Level 1:colcon.colcon_core.package_identification:_identify(wireless) by extension 'colcon_pkg'
[0.788s] Level 1:colcon.colcon_core.package_identification:_identify(wireless) by extensions ['colcon_meta']
[0.788s] Level 1:colcon.colcon_core.package_identification:_identify(wireless) by extension 'colcon_meta'
[0.788s] Level 1:colcon.colcon_core.package_identification:_identify(wireless) by extensions ['ros']
[0.788s] Level 1:colcon.colcon_core.package_identification:_identify(wireless) by extension 'ros'
[0.788s] Level 1:colcon.colcon_core.package_identification:_identify(wireless) by extensions ['cmake', 'python']
[0.788s] Level 1:colcon.colcon_core.package_identification:_identify(wireless) by extension 'cmake'
[0.788s] Level 1:colcon.colcon_core.package_identification:_identify(wireless) by extension 'python'
[0.788s] Level 1:colcon.colcon_core.package_identification:_identify(wireless) by extensions ['python_setup_py']
[0.789s] Level 1:colcon.colcon_core.package_identification:_identify(wireless) by extension 'python_setup_py'
[0.789s] Level 1:colcon.colcon_core.package_identification:_identify(wireless/src) by extensions ['ignore', 'ignore_ament_install']
[0.789s] Level 1:colcon.colcon_core.package_identification:_identify(wireless/src) by extension 'ignore'
[0.789s] Level 1:colcon.colcon_core.package_identification:_identify(wireless/src) by extension 'ignore_ament_install'
[0.789s] Level 1:colcon.colcon_core.package_identification:_identify(wireless/src) by extensions ['colcon_pkg']
[0.789s] Level 1:colcon.colcon_core.package_identification:_identify(wireless/src) by extension 'colcon_pkg'
[0.789s] Level 1:colcon.colcon_core.package_identification:_identify(wireless/src) by extensions ['colcon_meta']
[0.789s] Level 1:colcon.colcon_core.package_identification:_identify(wireless/src) by extension 'colcon_meta'
[0.790s] Level 1:colcon.colcon_core.package_identification:_identify(wireless/src) by extensions ['ros']
[0.790s] Level 1:colcon.colcon_core.package_identification:_identify(wireless/src) by extension 'ros'
[0.791s] DEBUG:colcon.colcon_core.package_identification:Package 'wireless/src' with type 'ros.ament_python' and name 'wireless'
[0.791s] Level 1:colcon.colcon_core.package_identification:_identify(yolo_ros) by extensions ['ignore', 'ignore_ament_install']
[0.791s] Level 1:colcon.colcon_core.package_identification:_identify(yolo_ros) by extension 'ignore'
[0.792s] Level 1:colcon.colcon_core.package_identification:_identify(yolo_ros) by extension 'ignore_ament_install'
[0.792s] Level 1:colcon.colcon_core.package_identification:_identify(yolo_ros) by extensions ['colcon_pkg']
[0.792s] Level 1:colcon.colcon_core.package_identification:_identify(yolo_ros) by extension 'colcon_pkg'
[0.792s] Level 1:colcon.colcon_core.package_identification:_identify(yolo_ros) by extensions ['colcon_meta']
[0.792s] Level 1:colcon.colcon_core.package_identification:_identify(yolo_ros) by extension 'colcon_meta'
[0.792s] Level 1:colcon.colcon_core.package_identification:_identify(yolo_ros) by extensions ['ros']
[0.792s] Level 1:colcon.colcon_core.package_identification:_identify(yolo_ros) by extension 'ros'
[0.792s] Level 1:colcon.colcon_core.package_identification:_identify(yolo_ros) by extensions ['cmake', 'python']
[0.793s] Level 1:colcon.colcon_core.package_identification:_identify(yolo_ros) by extension 'cmake'
[0.793s] Level 1:colcon.colcon_core.package_identification:_identify(yolo_ros) by extension 'python'
[0.793s] Level 1:colcon.colcon_core.package_identification:_identify(yolo_ros) by extensions ['python_setup_py']
[0.793s] Level 1:colcon.colcon_core.package_identification:_identify(yolo_ros) by extension 'python_setup_py'
[0.793s] Level 1:colcon.colcon_core.package_discovery:discover_packages(recursive) using defaults
[0.793s] Level 1:colcon.colcon_core.package_discovery:discover_packages(ignore) discover
[0.793s] Level 1:colcon.colcon_core.package_discovery:discover_packages(ignore) using defaults
[0.793s] Level 1:colcon.colcon_core.package_discovery:discover_packages(path) discover
[0.793s] Level 1:colcon.colcon_core.package_discovery:discover_packages(path) using defaults
[0.794s] WARNING:colcon.colcon_core.package_selection:ignoring unknown package 'polaris_udp_bridge/' in --packages-select
[0.911s] INFO:colcon.colcon_core.package_selection:Skipping not selected package 'camera_interface' in 'camera_interface'
[0.912s] INFO:colcon.colcon_core.package_selection:Skipping not selected package 'image_sub' in 'image_sub'
[0.912s] INFO:colcon.colcon_core.package_selection:Skipping not selected package 'moma' in 'moma'
[0.912s] INFO:colcon.colcon_core.package_selection:Skipping not selected package 'moma_tf' in 'moma_tf'
[0.912s] INFO:colcon.colcon_core.package_selection:Skipping not selected package 'om_aiv_msg' in 'om_aiv_msg'
[0.912s] INFO:colcon.colcon_core.package_selection:Skipping not selected package 'om_aiv_navigation' in 'om_aiv_navigation'
[0.912s] INFO:colcon.colcon_core.package_selection:Skipping not selected package 'polaris_udp_bridge' in 'polaris_udp_bridge'
[0.913s] INFO:colcon.colcon_core.package_selection:Skipping not selected package 'tm_description' in 'tm_description'
[0.913s] INFO:colcon.colcon_core.package_selection:Skipping not selected package 'tm_image' in 'tm_image'
[0.913s] INFO:colcon.colcon_core.package_selection:Skipping not selected package 'tm_mod_urdf' in 'tm_mod_urdf'
[0.913s] INFO:colcon.colcon_core.package_selection:Skipping not selected package 'tm_msgs' in 'tm_msgs'
[0.913s] INFO:colcon.colcon_core.package_selection:Skipping not selected package 'amr_arcl_interface' in 'amr_arcl_interface'
[0.913s] INFO:colcon.colcon_core.package_selection:Skipping not selected package 'amr_visualisation' in 'amr_visualisation'
[0.913s] INFO:colcon.colcon_core.package_selection:Skipping not selected package 'camera' in 'camera'
[0.913s] INFO:colcon.colcon_core.package_selection:Skipping not selected package 'demo_package' in 'demo_package'
[0.913s] INFO:colcon.colcon_core.package_selection:Skipping not selected package 'moveit_path_planner' in 'moveit_path_planner'
[0.913s] INFO:colcon.colcon_core.package_selection:Skipping not selected package 'om_aiv_util' in 'om_aiv_util'
[0.913s] INFO:colcon.colcon_core.package_selection:Skipping not selected package 'tm12s_moveit_config' in 'tm12s_moveit_config'
[0.913s] INFO:colcon.colcon_core.package_selection:Skipping not selected package 'tm_driver' in 'tm_driver'
[0.913s] INFO:colcon.colcon_core.package_selection:Skipping not selected package 'tm_inspect' in 'tm_inspect'
[0.913s] INFO:colcon.colcon_core.package_selection:Skipping not selected package 'wireless' in 'wireless/src'
[0.914s] Level 1:colcon.colcon_core.package_discovery:discover_packages(prefix_path) check parameters
[0.915s] Level 1:colcon.colcon_core.package_discovery:discover_packages(prefix_path) discover
[0.923s] DEBUG:colcon.colcon_installed_package_information.package_discovery:Found 20 installed packages in /home/akhil/Downloads/omron_moma_ros2/MOMA_project/src/install
[0.926s] DEBUG:colcon.colcon_installed_package_information.package_discovery:Found 321 installed packages in /opt/ros/humble
[0.929s] Level 1:colcon.colcon_core.package_discovery:discover_packages(prefix_path) using defaults
[1.034s] INFO:colcon.colcon_core.executor:Executing jobs using 'parallel' executor
[1.038s] DEBUG:colcon.colcon_parallel_executor.executor.parallel:run_until_complete
[1.039s] DEBUG:colcon.colcon_parallel_executor.executor.parallel:closing loop
[1.040s] DEBUG:colcon.colcon_parallel_executor.executor.parallel:loop closed
[1.040s] DEBUG:colcon.colcon_parallel_executor.executor.parallel:run_until_complete finished with '0'
[1.040s] DEBUG:colcon.colcon_core.event_reactor:joining thread
[1.056s] INFO:colcon.colcon_core.plugin_system:Skipping extension 'colcon_notification.desktop_notification.terminal_notifier': Not used on non-Darwin systems
[1.057s] INFO:colcon.colcon_core.plugin_system:Skipping extension 'colcon_notification.desktop_notification.win32': Not used on non-Windows systems
[1.057s] INFO:colcon.colcon_notification.desktop_notification:Sending desktop notification using 'notify2'
[1.107s] DEBUG:colcon.colcon_core.event_reactor:joined thread
[1.117s] INFO:colcon.colcon_core.plugin_system:Skipping extension 'colcon_core.shell.bat': Not used on non-Windows systems
[1.119s] INFO:colcon.colcon_core.shell:Creating prefix script '/home/akhil/Downloads/omron_moma_ros2/MOMA_project/src/install/local_setup.ps1'
[1.125s] INFO:colcon.colcon_core.shell:Creating prefix util module '/home/akhil/Downloads/omron_moma_ros2/MOMA_project/src/install/_local_setup_util_ps1.py'
[1.128s] INFO:colcon.colcon_core.shell:Creating prefix chain script '/home/akhil/Downloads/omron_moma_ros2/MOMA_project/src/install/setup.ps1'
[1.133s] INFO:colcon.colcon_core.shell:Creating prefix script '/home/akhil/Downloads/omron_moma_ros2/MOMA_project/src/install/local_setup.sh'
[1.135s] INFO:colcon.colcon_core.shell:Creating prefix util module '/home/akhil/Downloads/omron_moma_ros2/MOMA_project/src/install/_local_setup_util_sh.py'
[1.136s] INFO:colcon.colcon_core.shell:Creating prefix chain script '/home/akhil/Downloads/omron_moma_ros2/MOMA_project/src/install/setup.sh'
[1.141s] INFO:colcon.colcon_core.shell:Creating prefix script '/home/akhil/Downloads/omron_moma_ros2/MOMA_project/src/install/local_setup.bash'
[1.142s] INFO:colcon.colcon_core.shell:Creating prefix chain script '/home/akhil/Downloads/omron_moma_ros2/MOMA_project/src/install/setup.bash'
[1.146s] INFO:colcon.colcon_core.shell:Creating prefix script '/home/akhil/Downloads/omron_moma_ros2/MOMA_project/src/install/local_setup.zsh'
[1.148s] INFO:colcon.colcon_core.shell:Creating prefix chain script '/home/akhil/Downloads/omron_moma_ros2/MOMA_project/src/install/setup.zsh'
