[0.073s] Invoking command in '/home/akhil/Downloads/omron_moma_ros2/MOMA_project/src/build/om_aiv_msg': CMAKE_PREFIX_PATH=/opt/ros/humble /usr/bin/cmake /home/akhil/Downloads/omron_moma_ros2/MOMA_project/src/om_aiv_msg -DCMAKE_INSTALL_PREFIX=/home/akhil/Downloads/omron_moma_ros2/MOMA_project/src/install/om_aiv_msg
[0.261s] -- The C compiler identification is GNU 11.4.0
[0.450s] -- The CXX compiler identification is GNU 11.4.0
[0.491s] -- Detecting C compiler ABI info
[0.744s] -- Detecting C compiler ABI info - done
[0.795s] -- Check for working C compiler: /usr/bin/cc - skipped
[0.803s] -- Detecting C compile features
[0.804s] -- Detecting C compile features - done
[0.812s] -- Detecting CXX compiler ABI info
[1.103s] -- Detecting CXX compiler ABI info - done
[1.123s] -- Check for working CXX compiler: /usr/bin/c++ - skipped
[1.143s] -- Detecting CXX compile features
[1.145s] -- Detecting CXX compile features - done
[1.173s] -- Found ament_cmake: 1.3.12 (/opt/ros/humble/share/ament_cmake/cmake)
[1.708s] -- Found Python3: /usr/bin/python3 (found version "3.10.12") found components: Interpreter 
[2.037s] -- Found action_msgs: 1.2.2 (/opt/ros/humble/share/action_msgs/cmake)
[2.160s] -- Found rosidl_generator_c: 3.1.7 (/opt/ros/humble/share/rosidl_generator_c/cmake)
[2.178s] -- Found rosidl_adapter: 3.1.7 (/opt/ros/humble/share/rosidl_adapter/cmake)
[2.197s] -- Found rosidl_generator_cpp: 3.1.7 (/opt/ros/humble/share/rosidl_generator_cpp/cmake)
[2.252s] -- Using all available rosidl_typesupport_c: rosidl_typesupport_fastrtps_c;rosidl_typesupport_introspection_c
[2.300s] -- Using all available rosidl_typesupport_cpp: rosidl_typesupport_fastrtps_cpp;rosidl_typesupport_introspection_cpp
[2.409s] -- Found rosidl_default_generators: 1.2.0 (/opt/ros/humble/share/rosidl_default_generators/cmake)
[3.322s] -- Found ament_cmake_ros: 0.10.0 (/opt/ros/humble/share/ament_cmake_ros/cmake)
[4.255s] -- Using all available rosidl_typesupport_c: rosidl_typesupport_fastrtps_c;rosidl_typesupport_introspection_c
[4.636s] -- Using all available rosidl_typesupport_cpp: rosidl_typesupport_fastrtps_cpp;rosidl_typesupport_introspection_cpp
[4.733s] -- Found PythonInterp: /usr/bin/python3 (found suitable version "3.10.12", minimum required is "3.6") 
[4.770s] -- Found python_cmake_module: 0.10.0 (/opt/ros/humble/share/python_cmake_module/cmake)
[4.873s] -- Found PythonLibs: /usr/lib/aarch64-linux-gnu/libpython3.10.so (found suitable version "3.10.12", minimum required is "3.5") 
[4.873s] -- Using PYTHON_EXECUTABLE: /usr/bin/python3
[4.874s] -- Using PYTHON_INCLUDE_DIRS: /usr/include/python3.10
[4.874s] -- Using PYTHON_LIBRARIES: /usr/lib/aarch64-linux-gnu/libpython3.10.so
[4.933s] -- Found PythonExtra: .so  
[5.057s] -- Found ament_lint_auto: 0.12.14 (/opt/ros/humble/share/ament_lint_auto/cmake)
[5.122s] -- Added test 'copyright' to check source files copyright and LICENSE
[5.130s] -- Added test 'lint_cmake' to check CMake code style
[5.136s] -- Added test 'xmllint' to check XML markup files
[5.147s] -- Configuring done
[5.292s] -- Generating done
[5.329s] -- Build files have been written to: /home/akhil/Downloads/omron_moma_ros2/MOMA_project/src/build/om_aiv_msg
[5.383s] Invoked command in '/home/akhil/Downloads/omron_moma_ros2/MOMA_project/src/build/om_aiv_msg' returned '0': CMAKE_PREFIX_PATH=/opt/ros/humble /usr/bin/cmake /home/akhil/Downloads/omron_moma_ros2/MOMA_project/src/om_aiv_msg -DCMAKE_INSTALL_PREFIX=/home/akhil/Downloads/omron_moma_ros2/MOMA_project/src/install/om_aiv_msg
[5.388s] Invoking command in '/home/akhil/Downloads/omron_moma_ros2/MOMA_project/src/build/om_aiv_msg': CMAKE_PREFIX_PATH=/opt/ros/humble /usr/bin/cmake --build /home/akhil/Downloads/omron_moma_ros2/MOMA_project/src/build/om_aiv_msg -- -j6 -l6
[5.602s] [  1%] [34m[1mGenerating C code for ROS interfaces[0m
[5.685s] [  2%] [34m[1mGenerating C++ code for ROS interfaces[0m
[5.755s] [  2%] Built target ament_cmake_python_copy_om_aiv_msg
[7.543s] running egg_info
[7.545s] creating om_aiv_msg.egg-info
[7.547s] writing om_aiv_msg.egg-info/PKG-INFO
[7.548s] writing dependency_links to om_aiv_msg.egg-info/dependency_links.txt
[7.560s] writing top-level names to om_aiv_msg.egg-info/top_level.txt
[7.561s] writing manifest file 'om_aiv_msg.egg-info/SOURCES.txt'
[7.568s] reading manifest file 'om_aiv_msg.egg-info/SOURCES.txt'
[7.569s] writing manifest file 'om_aiv_msg.egg-info/SOURCES.txt'
[7.880s] [  2%] Built target ament_cmake_python_build_om_aiv_msg_egg
[9.922s] [  2%] Built target om_aiv_msg__cpp
[10.041s] [  4%] [34m[1mGenerating C++ type support dispatch for ROS interfaces[0m
[10.060s] [  5%] [34m[1mGenerating C++ introspection for ROS interfaces[0m
[10.063s] [  7%] [34m[1mGenerating C++ type support for eProsima Fast-RTPS[0m
[10.936s] [  8%] [32mBuilding C object CMakeFiles/om_aiv_msg__rosidl_generator_c.dir/rosidl_generator_c/om_aiv_msg/msg/detail/status__functions.c.o[0m
[10.951s] [  9%] [32mBuilding C object CMakeFiles/om_aiv_msg__rosidl_generator_c.dir/rosidl_generator_c/om_aiv_msg/msg/detail/location__functions.c.o[0m
[10.998s] [ 11%] [32mBuilding C object CMakeFiles/om_aiv_msg__rosidl_generator_c.dir/rosidl_generator_c/om_aiv_msg/srv/detail/arcl_api__functions.c.o[0m
[11.320s] [ 12%] [32mBuilding C object CMakeFiles/om_aiv_msg__rosidl_generator_c.dir/rosidl_generator_c/om_aiv_msg/srv/detail/arcl_listen__functions.c.o[0m
[11.422s] [ 14%] [32mBuilding C object CMakeFiles/om_aiv_msg__rosidl_generator_c.dir/rosidl_generator_c/om_aiv_msg/srv/detail/amr_cmd__functions.c.o[0m
[11.590s] [ 15%] [32mBuilding C object CMakeFiles/om_aiv_msg__rosidl_generator_c.dir/rosidl_generator_c/om_aiv_msg/action/detail/action__functions.c.o[0m
[12.737s] [ 16%] [32m[1mLinking C shared library libom_aiv_msg__rosidl_generator_c.so[0m
[12.942s] [ 18%] [32mBuilding CXX object CMakeFiles/om_aiv_msg__rosidl_typesupport_cpp.dir/rosidl_typesupport_cpp/om_aiv_msg/msg/location__type_support.cpp.o[0m
[12.999s] [ 19%] [32mBuilding CXX object CMakeFiles/om_aiv_msg__rosidl_typesupport_cpp.dir/rosidl_typesupport_cpp/om_aiv_msg/srv/arcl_api__type_support.cpp.o[0m
[13.022s] [ 21%] [32mBuilding CXX object CMakeFiles/om_aiv_msg__rosidl_typesupport_cpp.dir/rosidl_typesupport_cpp/om_aiv_msg/msg/status__type_support.cpp.o[0m
[13.041s] [ 21%] Built target om_aiv_msg__rosidl_generator_c
[13.664s] [ 22%] [34m[1mGenerating C type support for eProsima Fast-RTPS[0m
[15.135s] [ 23%] [32mBuilding CXX object CMakeFiles/om_aiv_msg__rosidl_typesupport_introspection_cpp.dir/rosidl_typesupport_introspection_cpp/om_aiv_msg/msg/detail/status__type_support.cpp.o[0m
[15.183s] [ 25%] [32mBuilding CXX object CMakeFiles/om_aiv_msg__rosidl_typesupport_introspection_cpp.dir/rosidl_typesupport_introspection_cpp/om_aiv_msg/msg/detail/location__type_support.cpp.o[0m
[15.846s] [ 26%] [32mBuilding CXX object CMakeFiles/om_aiv_msg__rosidl_typesupport_fastrtps_cpp.dir/rosidl_typesupport_fastrtps_cpp/om_aiv_msg/msg/detail/dds_fastrtps/location__type_support.cpp.o[0m
[17.116s] [ 28%] [32mBuilding CXX object CMakeFiles/om_aiv_msg__rosidl_typesupport_cpp.dir/rosidl_typesupport_cpp/om_aiv_msg/srv/arcl_listen__type_support.cpp.o[0m
[17.259s] [ 29%] [32mBuilding CXX object CMakeFiles/om_aiv_msg__rosidl_typesupport_fastrtps_c.dir/rosidl_typesupport_fastrtps_c/om_aiv_msg/msg/detail/location__type_support_c.cpp.o[0m
[17.781s] [ 30%] [32mBuilding CXX object CMakeFiles/om_aiv_msg__rosidl_typesupport_fastrtps_cpp.dir/rosidl_typesupport_fastrtps_cpp/om_aiv_msg/msg/detail/dds_fastrtps/status__type_support.cpp.o[0m
[17.851s] [ 32%] [32mBuilding CXX object CMakeFiles/om_aiv_msg__rosidl_typesupport_cpp.dir/rosidl_typesupport_cpp/om_aiv_msg/srv/amr_cmd__type_support.cpp.o[0m
[17.980s] [ 33%] [32mBuilding CXX object CMakeFiles/om_aiv_msg__rosidl_typesupport_introspection_cpp.dir/rosidl_typesupport_introspection_cpp/om_aiv_msg/srv/detail/arcl_api__type_support.cpp.o[0m
[18.801s] [ 35%] [32mBuilding CXX object CMakeFiles/om_aiv_msg__rosidl_typesupport_cpp.dir/rosidl_typesupport_cpp/om_aiv_msg/action/action__type_support.cpp.o[0m
[18.831s] [ 36%] [32mBuilding CXX object CMakeFiles/om_aiv_msg__rosidl_typesupport_introspection_cpp.dir/rosidl_typesupport_introspection_cpp/om_aiv_msg/srv/detail/arcl_listen__type_support.cpp.o[0m
[18.968s] [ 38%] [32mBuilding CXX object CMakeFiles/om_aiv_msg__rosidl_typesupport_fastrtps_c.dir/rosidl_typesupport_fastrtps_c/om_aiv_msg/msg/detail/status__type_support_c.cpp.o[0m
[19.681s] [ 39%] [32mBuilding CXX object CMakeFiles/om_aiv_msg__rosidl_typesupport_fastrtps_cpp.dir/rosidl_typesupport_fastrtps_cpp/om_aiv_msg/srv/detail/dds_fastrtps/arcl_api__type_support.cpp.o[0m
[20.190s] [ 40%] [32mBuilding CXX object CMakeFiles/om_aiv_msg__rosidl_typesupport_introspection_cpp.dir/rosidl_typesupport_introspection_cpp/om_aiv_msg/srv/detail/amr_cmd__type_support.cpp.o[0m
[21.097s] [ 42%] [32mBuilding CXX object CMakeFiles/om_aiv_msg__rosidl_typesupport_introspection_cpp.dir/rosidl_typesupport_introspection_cpp/om_aiv_msg/action/detail/action__type_support.cpp.o[0m
[21.872s] [ 43%] [32mBuilding CXX object CMakeFiles/om_aiv_msg__rosidl_typesupport_fastrtps_c.dir/rosidl_typesupport_fastrtps_c/om_aiv_msg/srv/detail/arcl_api__type_support_c.cpp.o[0m
[21.995s] [ 45%] [32mBuilding CXX object CMakeFiles/om_aiv_msg__rosidl_typesupport_fastrtps_c.dir/rosidl_typesupport_fastrtps_c/om_aiv_msg/srv/detail/arcl_listen__type_support_c.cpp.o[0m
[22.177s] [ 46%] [32m[1mLinking CXX shared library libom_aiv_msg__rosidl_typesupport_cpp.so[0m
[22.606s] [ 46%] Built target om_aiv_msg__rosidl_typesupport_cpp
[22.728s] [ 47%] [34m[1mGenerating C introspection for ROS interfaces[0m
[23.096s] [ 49%] [32mBuilding CXX object CMakeFiles/om_aiv_msg__rosidl_typesupport_fastrtps_cpp.dir/rosidl_typesupport_fastrtps_cpp/om_aiv_msg/srv/detail/dds_fastrtps/arcl_listen__type_support.cpp.o[0m
[23.559s] [ 50%] [32mBuilding CXX object CMakeFiles/om_aiv_msg__rosidl_typesupport_fastrtps_c.dir/rosidl_typesupport_fastrtps_c/om_aiv_msg/srv/detail/amr_cmd__type_support_c.cpp.o[0m
[24.376s] [ 52%] [32mBuilding CXX object CMakeFiles/om_aiv_msg__rosidl_typesupport_fastrtps_c.dir/rosidl_typesupport_fastrtps_c/om_aiv_msg/action/detail/action__type_support_c.cpp.o[0m
[25.050s] [ 53%] [32mBuilding CXX object CMakeFiles/om_aiv_msg__rosidl_typesupport_fastrtps_cpp.dir/rosidl_typesupport_fastrtps_cpp/om_aiv_msg/srv/detail/dds_fastrtps/amr_cmd__type_support.cpp.o[0m
[26.437s] [ 54%] [32mBuilding CXX object CMakeFiles/om_aiv_msg__rosidl_typesupport_fastrtps_cpp.dir/rosidl_typesupport_fastrtps_cpp/om_aiv_msg/action/detail/dds_fastrtps/action__type_support.cpp.o[0m
[27.182s] [ 56%] [34m[1mGenerating C type support dispatch for ROS interfaces[0m
[27.478s] [ 57%] [32m[1mLinking CXX shared library libom_aiv_msg__rosidl_typesupport_introspection_cpp.so[0m
[27.724s] [ 59%] [32mBuilding C object CMakeFiles/om_aiv_msg__rosidl_typesupport_introspection_c.dir/rosidl_typesupport_introspection_c/om_aiv_msg/msg/detail/location__type_support.c.o[0m
[27.746s] [ 60%] [32mBuilding C object CMakeFiles/om_aiv_msg__rosidl_typesupport_introspection_c.dir/rosidl_typesupport_introspection_c/om_aiv_msg/msg/detail/status__type_support.c.o[0m
[27.796s] [ 61%] [32m[1mLinking CXX shared library libom_aiv_msg__rosidl_typesupport_fastrtps_c.so[0m
[28.009s] [ 63%] [32mBuilding C object CMakeFiles/om_aiv_msg__rosidl_typesupport_introspection_c.dir/rosidl_typesupport_introspection_c/om_aiv_msg/srv/detail/arcl_api__type_support.c.o[0m
[28.041s] [ 64%] [32mBuilding C object CMakeFiles/om_aiv_msg__rosidl_typesupport_introspection_c.dir/rosidl_typesupport_introspection_c/om_aiv_msg/srv/detail/arcl_listen__type_support.c.o[0m
[28.309s] [ 66%] [32mBuilding C object CMakeFiles/om_aiv_msg__rosidl_typesupport_introspection_c.dir/rosidl_typesupport_introspection_c/om_aiv_msg/srv/detail/amr_cmd__type_support.c.o[0m
[28.328s] [ 66%] Built target om_aiv_msg__rosidl_typesupport_introspection_cpp
[28.431s] [ 67%] [32mBuilding C object CMakeFiles/om_aiv_msg__rosidl_typesupport_introspection_c.dir/rosidl_typesupport_introspection_c/om_aiv_msg/action/detail/action__type_support.c.o[0m
[28.527s] [ 67%] Built target om_aiv_msg__rosidl_typesupport_fastrtps_c
[28.842s] [ 69%] [32m[1mLinking C shared library libom_aiv_msg__rosidl_typesupport_introspection_c.so[0m
[29.088s] [ 69%] Built target om_aiv_msg__rosidl_typesupport_introspection_c
[29.772s] [ 71%] [32mBuilding CXX object CMakeFiles/om_aiv_msg__rosidl_typesupport_c.dir/rosidl_typesupport_c/om_aiv_msg/msg/status__type_support.cpp.o[0m
[29.772s] [ 71%] [32mBuilding CXX object CMakeFiles/om_aiv_msg__rosidl_typesupport_c.dir/rosidl_typesupport_c/om_aiv_msg/msg/location__type_support.cpp.o[0m
[29.957s] [ 73%] [32mBuilding CXX object CMakeFiles/om_aiv_msg__rosidl_typesupport_c.dir/rosidl_typesupport_c/om_aiv_msg/srv/amr_cmd__type_support.cpp.o[0m
[29.998s] [ 74%] [32mBuilding CXX object CMakeFiles/om_aiv_msg__rosidl_typesupport_c.dir/rosidl_typesupport_c/om_aiv_msg/action/action__type_support.cpp.o[0m
[30.207s] [ 76%] [32mBuilding CXX object CMakeFiles/om_aiv_msg__rosidl_typesupport_c.dir/rosidl_typesupport_c/om_aiv_msg/srv/arcl_listen__type_support.cpp.o[0m
[30.308s] [ 77%] [32mBuilding CXX object CMakeFiles/om_aiv_msg__rosidl_typesupport_c.dir/rosidl_typesupport_c/om_aiv_msg/srv/arcl_api__type_support.cpp.o[0m
[30.532s] [ 78%] [32m[1mLinking CXX shared library libom_aiv_msg__rosidl_typesupport_c.so[0m
[30.562s] [ 80%] [32m[1mLinking CXX shared library libom_aiv_msg__rosidl_typesupport_fastrtps_cpp.so[0m
[30.735s] [ 80%] Built target om_aiv_msg__rosidl_typesupport_c
[31.046s] [ 80%] Built target om_aiv_msg__rosidl_typesupport_fastrtps_cpp
[31.182s] [ 80%] Built target om_aiv_msg
[31.364s] [ 81%] [34m[1mGenerating Python code for ROS interfaces[0m
[36.241s] [ 81%] Built target om_aiv_msg__py
[36.386s] [ 83%] [32mBuilding C object CMakeFiles/om_aiv_msg__rosidl_generator_py.dir/rosidl_generator_py/om_aiv_msg/msg/_location_s.c.o[0m
[36.741s] [ 84%] [32mBuilding C object CMakeFiles/om_aiv_msg__rosidl_generator_py.dir/rosidl_generator_py/om_aiv_msg/action/_action_s.c.o[0m
[37.224s] [ 85%] [32mBuilding C object CMakeFiles/om_aiv_msg__rosidl_generator_py.dir/rosidl_generator_py/om_aiv_msg/srv/_amr_cmd_s.c.o[0m
[37.531s] [ 87%] [32mBuilding C object CMakeFiles/om_aiv_msg__rosidl_generator_py.dir/rosidl_generator_py/om_aiv_msg/srv/_arcl_listen_s.c.o[0m
[37.833s] [ 88%] [32mBuilding C object CMakeFiles/om_aiv_msg__rosidl_generator_py.dir/rosidl_generator_py/om_aiv_msg/srv/_arcl_api_s.c.o[0m
[38.128s] [ 90%] [32mBuilding C object CMakeFiles/om_aiv_msg__rosidl_generator_py.dir/rosidl_generator_py/om_aiv_msg/msg/_status_s.c.o[0m
[38.446s] [ 91%] [32m[1mLinking C shared library rosidl_generator_py/om_aiv_msg/libom_aiv_msg__rosidl_generator_py.so[0m
[38.561s] [ 91%] Built target om_aiv_msg__rosidl_generator_py
[38.682s] [ 92%] [32mBuilding C object CMakeFiles/om_aiv_msg__rosidl_typesupport_fastrtps_c__pyext.dir/rosidl_generator_py/om_aiv_msg/_om_aiv_msg_s.ep.rosidl_typesupport_fastrtps_c.c.o[0m
[39.144s] [ 94%] [32m[1mLinking C shared library rosidl_generator_py/om_aiv_msg/om_aiv_msg_s__rosidl_typesupport_fastrtps_c.cpython-310-aarch64-linux-gnu.so[0m
[39.273s] [ 94%] Built target om_aiv_msg__rosidl_typesupport_fastrtps_c__pyext
[39.459s] [ 95%] [32mBuilding C object CMakeFiles/om_aiv_msg__rosidl_typesupport_c__pyext.dir/rosidl_generator_py/om_aiv_msg/_om_aiv_msg_s.ep.rosidl_typesupport_c.c.o[0m
[39.936s] [ 97%] [32m[1mLinking C shared library rosidl_generator_py/om_aiv_msg/om_aiv_msg_s__rosidl_typesupport_c.cpython-310-aarch64-linux-gnu.so[0m
[40.083s] [ 97%] Built target om_aiv_msg__rosidl_typesupport_c__pyext
[40.178s] [ 98%] [32mBuilding C object CMakeFiles/om_aiv_msg__rosidl_typesupport_introspection_c__pyext.dir/rosidl_generator_py/om_aiv_msg/_om_aiv_msg_s.ep.rosidl_typesupport_introspection_c.c.o[0m
[40.697s] [100%] [32m[1mLinking C shared library rosidl_generator_py/om_aiv_msg/om_aiv_msg_s__rosidl_typesupport_introspection_c.cpython-310-aarch64-linux-gnu.so[0m
[40.820s] [100%] Built target om_aiv_msg__rosidl_typesupport_introspection_c__pyext
[40.868s] Invoked command in '/home/akhil/Downloads/omron_moma_ros2/MOMA_project/src/build/om_aiv_msg' returned '0': CMAKE_PREFIX_PATH=/opt/ros/humble /usr/bin/cmake --build /home/akhil/Downloads/omron_moma_ros2/MOMA_project/src/build/om_aiv_msg -- -j6 -l6
[40.869s] Invoking command in '/home/akhil/Downloads/omron_moma_ros2/MOMA_project/src/build/om_aiv_msg': CMAKE_PREFIX_PATH=/opt/ros/humble /usr/bin/cmake --install /home/akhil/Downloads/omron_moma_ros2/MOMA_project/src/build/om_aiv_msg
[40.900s] -- Install configuration: ""
[40.905s] -- Installing: /home/akhil/Downloads/omron_moma_ros2/MOMA_project/src/install/om_aiv_msg/share/ament_index/resource_index/rosidl_interfaces/om_aiv_msg
[40.906s] -- Installing: /home/akhil/Downloads/omron_moma_ros2/MOMA_project/src/install/om_aiv_msg/include/om_aiv_msg/om_aiv_msg
[40.908s] -- Installing: /home/akhil/Downloads/omron_moma_ros2/MOMA_project/src/install/om_aiv_msg/include/om_aiv_msg/om_aiv_msg/action
[40.908s] -- Installing: /home/akhil/Downloads/omron_moma_ros2/MOMA_project/src/install/om_aiv_msg/include/om_aiv_msg/om_aiv_msg/action/detail
[40.909s] -- Installing: /home/akhil/Downloads/omron_moma_ros2/MOMA_project/src/install/om_aiv_msg/include/om_aiv_msg/om_aiv_msg/action/detail/action__type_support.h
[40.911s] -- Installing: /home/akhil/Downloads/omron_moma_ros2/MOMA_project/src/install/om_aiv_msg/include/om_aiv_msg/om_aiv_msg/action/detail/action__functions.h
[40.916s] -- Installing: /home/akhil/Downloads/omron_moma_ros2/MOMA_project/src/install/om_aiv_msg/include/om_aiv_msg/om_aiv_msg/action/detail/action__struct.h
[40.918s] -- Installing: /home/akhil/Downloads/omron_moma_ros2/MOMA_project/src/install/om_aiv_msg/include/om_aiv_msg/om_aiv_msg/action/detail/action__functions.c
[40.922s] -- Installing: /home/akhil/Downloads/omron_moma_ros2/MOMA_project/src/install/om_aiv_msg/include/om_aiv_msg/om_aiv_msg/action/action.h
[40.923s] -- Installing: /home/akhil/Downloads/omron_moma_ros2/MOMA_project/src/install/om_aiv_msg/include/om_aiv_msg/om_aiv_msg/msg
[40.924s] -- Installing: /home/akhil/Downloads/omron_moma_ros2/MOMA_project/src/install/om_aiv_msg/include/om_aiv_msg/om_aiv_msg/msg/rosidl_generator_c__visibility_control.h
[40.925s] -- Installing: /home/akhil/Downloads/omron_moma_ros2/MOMA_project/src/install/om_aiv_msg/include/om_aiv_msg/om_aiv_msg/msg/detail
[40.926s] -- Installing: /home/akhil/Downloads/omron_moma_ros2/MOMA_project/src/install/om_aiv_msg/include/om_aiv_msg/om_aiv_msg/msg/detail/status__functions.c
[40.928s] -- Installing: /home/akhil/Downloads/omron_moma_ros2/MOMA_project/src/install/om_aiv_msg/include/om_aiv_msg/om_aiv_msg/msg/detail/location__functions.c
[40.928s] -- Installing: /home/akhil/Downloads/omron_moma_ros2/MOMA_project/src/install/om_aiv_msg/include/om_aiv_msg/om_aiv_msg/msg/detail/location__type_support.h
[40.930s] -- Installing: /home/akhil/Downloads/omron_moma_ros2/MOMA_project/src/install/om_aiv_msg/include/om_aiv_msg/om_aiv_msg/msg/detail/status__functions.h
[40.932s] -- Installing: /home/akhil/Downloads/omron_moma_ros2/MOMA_project/src/install/om_aiv_msg/include/om_aiv_msg/om_aiv_msg/msg/detail/status__type_support.h
[40.933s] -- Installing: /home/akhil/Downloads/omron_moma_ros2/MOMA_project/src/install/om_aiv_msg/include/om_aiv_msg/om_aiv_msg/msg/detail/location__struct.h
[40.934s] -- Installing: /home/akhil/Downloads/omron_moma_ros2/MOMA_project/src/install/om_aiv_msg/include/om_aiv_msg/om_aiv_msg/msg/detail/location__functions.h
[40.935s] -- Installing: /home/akhil/Downloads/omron_moma_ros2/MOMA_project/src/install/om_aiv_msg/include/om_aiv_msg/om_aiv_msg/msg/detail/status__struct.h
[40.936s] -- Installing: /home/akhil/Downloads/omron_moma_ros2/MOMA_project/src/install/om_aiv_msg/include/om_aiv_msg/om_aiv_msg/msg/status.h
[40.937s] -- Installing: /home/akhil/Downloads/omron_moma_ros2/MOMA_project/src/install/om_aiv_msg/include/om_aiv_msg/om_aiv_msg/msg/location.h
[40.938s] -- Installing: /home/akhil/Downloads/omron_moma_ros2/MOMA_project/src/install/om_aiv_msg/include/om_aiv_msg/om_aiv_msg/srv
[40.939s] -- Installing: /home/akhil/Downloads/omron_moma_ros2/MOMA_project/src/install/om_aiv_msg/include/om_aiv_msg/om_aiv_msg/srv/amr_cmd.h
[40.940s] -- Installing: /home/akhil/Downloads/omron_moma_ros2/MOMA_project/src/install/om_aiv_msg/include/om_aiv_msg/om_aiv_msg/srv/arcl_listen.h
[40.941s] -- Installing: /home/akhil/Downloads/omron_moma_ros2/MOMA_project/src/install/om_aiv_msg/include/om_aiv_msg/om_aiv_msg/srv/detail
[40.942s] -- Installing: /home/akhil/Downloads/omron_moma_ros2/MOMA_project/src/install/om_aiv_msg/include/om_aiv_msg/om_aiv_msg/srv/detail/amr_cmd__functions.h
[40.943s] -- Installing: /home/akhil/Downloads/omron_moma_ros2/MOMA_project/src/install/om_aiv_msg/include/om_aiv_msg/om_aiv_msg/srv/detail/arcl_api__functions.c
[40.944s] -- Installing: /home/akhil/Downloads/omron_moma_ros2/MOMA_project/src/install/om_aiv_msg/include/om_aiv_msg/om_aiv_msg/srv/detail/amr_cmd__type_support.h
[40.945s] -- Installing: /home/akhil/Downloads/omron_moma_ros2/MOMA_project/src/install/om_aiv_msg/include/om_aiv_msg/om_aiv_msg/srv/detail/amr_cmd__struct.h
[40.946s] -- Installing: /home/akhil/Downloads/omron_moma_ros2/MOMA_project/src/install/om_aiv_msg/include/om_aiv_msg/om_aiv_msg/srv/detail/arcl_api__type_support.h
[40.947s] -- Installing: /home/akhil/Downloads/omron_moma_ros2/MOMA_project/src/install/om_aiv_msg/include/om_aiv_msg/om_aiv_msg/srv/detail/arcl_api__functions.h
[40.948s] -- Installing: /home/akhil/Downloads/omron_moma_ros2/MOMA_project/src/install/om_aiv_msg/include/om_aiv_msg/om_aiv_msg/srv/detail/arcl_listen__functions.h
[40.950s] -- Installing: /home/akhil/Downloads/omron_moma_ros2/MOMA_project/src/install/om_aiv_msg/include/om_aiv_msg/om_aiv_msg/srv/detail/arcl_listen__struct.h
[40.950s] -- Installing: /home/akhil/Downloads/omron_moma_ros2/MOMA_project/src/install/om_aiv_msg/include/om_aiv_msg/om_aiv_msg/srv/detail/arcl_listen__functions.c
[40.950s] -- Installing: /home/akhil/Downloads/omron_moma_ros2/MOMA_project/src/install/om_aiv_msg/include/om_aiv_msg/om_aiv_msg/srv/detail/amr_cmd__functions.c
[40.953s] -- Installing: /home/akhil/Downloads/omron_moma_ros2/MOMA_project/src/install/om_aiv_msg/include/om_aiv_msg/om_aiv_msg/srv/detail/arcl_listen__type_support.h
[40.953s] -- Installing: /home/akhil/Downloads/omron_moma_ros2/MOMA_project/src/install/om_aiv_msg/include/om_aiv_msg/om_aiv_msg/srv/detail/arcl_api__struct.h
[40.954s] -- Installing: /home/akhil/Downloads/omron_moma_ros2/MOMA_project/src/install/om_aiv_msg/include/om_aiv_msg/om_aiv_msg/srv/arcl_api.h
[40.954s] -- Installing: /home/akhil/Downloads/omron_moma_ros2/MOMA_project/src/install/om_aiv_msg/share/om_aiv_msg/environment/library_path.sh
[40.958s] -- Installing: /home/akhil/Downloads/omron_moma_ros2/MOMA_project/src/install/om_aiv_msg/share/om_aiv_msg/environment/library_path.dsv
[40.959s] -- Installing: /home/akhil/Downloads/omron_moma_ros2/MOMA_project/src/install/om_aiv_msg/lib/libom_aiv_msg__rosidl_generator_c.so
[40.960s] -- Set runtime path of "/home/akhil/Downloads/omron_moma_ros2/MOMA_project/src/install/om_aiv_msg/lib/libom_aiv_msg__rosidl_generator_c.so" to ""
[40.960s] -- Up-to-date: /home/akhil/Downloads/omron_moma_ros2/MOMA_project/src/install/om_aiv_msg/include/om_aiv_msg/om_aiv_msg
[40.961s] -- Up-to-date: /home/akhil/Downloads/omron_moma_ros2/MOMA_project/src/install/om_aiv_msg/include/om_aiv_msg/om_aiv_msg/action
[40.961s] -- Up-to-date: /home/akhil/Downloads/omron_moma_ros2/MOMA_project/src/install/om_aiv_msg/include/om_aiv_msg/om_aiv_msg/action/detail
[40.962s] -- Installing: /home/akhil/Downloads/omron_moma_ros2/MOMA_project/src/install/om_aiv_msg/include/om_aiv_msg/om_aiv_msg/action/detail/action__rosidl_typesupport_fastrtps_c.h
[40.963s] -- Up-to-date: /home/akhil/Downloads/omron_moma_ros2/MOMA_project/src/install/om_aiv_msg/include/om_aiv_msg/om_aiv_msg/msg
[40.964s] -- Up-to-date: /home/akhil/Downloads/omron_moma_ros2/MOMA_project/src/install/om_aiv_msg/include/om_aiv_msg/om_aiv_msg/msg/detail
[40.964s] -- Installing: /home/akhil/Downloads/omron_moma_ros2/MOMA_project/src/install/om_aiv_msg/include/om_aiv_msg/om_aiv_msg/msg/detail/location__rosidl_typesupport_fastrtps_c.h
[40.965s] -- Installing: /home/akhil/Downloads/omron_moma_ros2/MOMA_project/src/install/om_aiv_msg/include/om_aiv_msg/om_aiv_msg/msg/detail/status__rosidl_typesupport_fastrtps_c.h
[40.966s] -- Installing: /home/akhil/Downloads/omron_moma_ros2/MOMA_project/src/install/om_aiv_msg/include/om_aiv_msg/om_aiv_msg/msg/rosidl_typesupport_fastrtps_c__visibility_control.h
[40.967s] -- Up-to-date: /home/akhil/Downloads/omron_moma_ros2/MOMA_project/src/install/om_aiv_msg/include/om_aiv_msg/om_aiv_msg/srv
[40.968s] -- Up-to-date: /home/akhil/Downloads/omron_moma_ros2/MOMA_project/src/install/om_aiv_msg/include/om_aiv_msg/om_aiv_msg/srv/detail
[40.968s] -- Installing: /home/akhil/Downloads/omron_moma_ros2/MOMA_project/src/install/om_aiv_msg/include/om_aiv_msg/om_aiv_msg/srv/detail/amr_cmd__rosidl_typesupport_fastrtps_c.h
[40.969s] -- Installing: /home/akhil/Downloads/omron_moma_ros2/MOMA_project/src/install/om_aiv_msg/include/om_aiv_msg/om_aiv_msg/srv/detail/arcl_api__rosidl_typesupport_fastrtps_c.h
[40.970s] -- Installing: /home/akhil/Downloads/omron_moma_ros2/MOMA_project/src/install/om_aiv_msg/include/om_aiv_msg/om_aiv_msg/srv/detail/arcl_listen__rosidl_typesupport_fastrtps_c.h
[40.970s] -- Installing: /home/akhil/Downloads/omron_moma_ros2/MOMA_project/src/install/om_aiv_msg/lib/libom_aiv_msg__rosidl_typesupport_fastrtps_c.so
[40.974s] -- Set runtime path of "/home/akhil/Downloads/omron_moma_ros2/MOMA_project/src/install/om_aiv_msg/lib/libom_aiv_msg__rosidl_typesupport_fastrtps_c.so" to ""
[40.975s] -- Up-to-date: /home/akhil/Downloads/omron_moma_ros2/MOMA_project/src/install/om_aiv_msg/include/om_aiv_msg/om_aiv_msg
[40.975s] -- Up-to-date: /home/akhil/Downloads/omron_moma_ros2/MOMA_project/src/install/om_aiv_msg/include/om_aiv_msg/om_aiv_msg/action
[40.975s] -- Up-to-date: /home/akhil/Downloads/omron_moma_ros2/MOMA_project/src/install/om_aiv_msg/include/om_aiv_msg/om_aiv_msg/action/detail
[40.976s] -- Installing: /home/akhil/Downloads/omron_moma_ros2/MOMA_project/src/install/om_aiv_msg/include/om_aiv_msg/om_aiv_msg/action/detail/action__builder.hpp
[40.976s] -- Installing: /home/akhil/Downloads/omron_moma_ros2/MOMA_project/src/install/om_aiv_msg/include/om_aiv_msg/om_aiv_msg/action/detail/action__traits.hpp
[40.976s] -- Installing: /home/akhil/Downloads/omron_moma_ros2/MOMA_project/src/install/om_aiv_msg/include/om_aiv_msg/om_aiv_msg/action/detail/action__struct.hpp
[40.976s] -- Installing: /home/akhil/Downloads/omron_moma_ros2/MOMA_project/src/install/om_aiv_msg/include/om_aiv_msg/om_aiv_msg/action/detail/action__type_support.hpp
[40.977s] -- Installing: /home/akhil/Downloads/omron_moma_ros2/MOMA_project/src/install/om_aiv_msg/include/om_aiv_msg/om_aiv_msg/action/action.hpp
[40.977s] -- Up-to-date: /home/akhil/Downloads/omron_moma_ros2/MOMA_project/src/install/om_aiv_msg/include/om_aiv_msg/om_aiv_msg/msg
[40.977s] -- Installing: /home/akhil/Downloads/omron_moma_ros2/MOMA_project/src/install/om_aiv_msg/include/om_aiv_msg/om_aiv_msg/msg/rosidl_generator_cpp__visibility_control.hpp
[40.977s] -- Installing: /home/akhil/Downloads/omron_moma_ros2/MOMA_project/src/install/om_aiv_msg/include/om_aiv_msg/om_aiv_msg/msg/location.hpp
[40.977s] -- Up-to-date: /home/akhil/Downloads/omron_moma_ros2/MOMA_project/src/install/om_aiv_msg/include/om_aiv_msg/om_aiv_msg/msg/detail
[40.978s] -- Installing: /home/akhil/Downloads/omron_moma_ros2/MOMA_project/src/install/om_aiv_msg/include/om_aiv_msg/om_aiv_msg/msg/detail/status__struct.hpp
[40.978s] -- Installing: /home/akhil/Downloads/omron_moma_ros2/MOMA_project/src/install/om_aiv_msg/include/om_aiv_msg/om_aiv_msg/msg/detail/location__traits.hpp
[40.978s] -- Installing: /home/akhil/Downloads/omron_moma_ros2/MOMA_project/src/install/om_aiv_msg/include/om_aiv_msg/om_aiv_msg/msg/detail/status__traits.hpp
[40.978s] -- Installing: /home/akhil/Downloads/omron_moma_ros2/MOMA_project/src/install/om_aiv_msg/include/om_aiv_msg/om_aiv_msg/msg/detail/location__struct.hpp
[40.979s] -- Installing: /home/akhil/Downloads/omron_moma_ros2/MOMA_project/src/install/om_aiv_msg/include/om_aiv_msg/om_aiv_msg/msg/detail/status__type_support.hpp
[40.979s] -- Installing: /home/akhil/Downloads/omron_moma_ros2/MOMA_project/src/install/om_aiv_msg/include/om_aiv_msg/om_aiv_msg/msg/detail/location__type_support.hpp
[40.979s] -- Installing: /home/akhil/Downloads/omron_moma_ros2/MOMA_project/src/install/om_aiv_msg/include/om_aiv_msg/om_aiv_msg/msg/detail/status__builder.hpp
[40.979s] -- Installing: /home/akhil/Downloads/omron_moma_ros2/MOMA_project/src/install/om_aiv_msg/include/om_aiv_msg/om_aiv_msg/msg/detail/location__builder.hpp
[40.980s] -- Installing: /home/akhil/Downloads/omron_moma_ros2/MOMA_project/src/install/om_aiv_msg/include/om_aiv_msg/om_aiv_msg/msg/status.hpp
[40.980s] -- Up-to-date: /home/akhil/Downloads/omron_moma_ros2/MOMA_project/src/install/om_aiv_msg/include/om_aiv_msg/om_aiv_msg/srv
[40.980s] -- Installing: /home/akhil/Downloads/omron_moma_ros2/MOMA_project/src/install/om_aiv_msg/include/om_aiv_msg/om_aiv_msg/srv/arcl_api.hpp
[40.981s] -- Installing: /home/akhil/Downloads/omron_moma_ros2/MOMA_project/src/install/om_aiv_msg/include/om_aiv_msg/om_aiv_msg/srv/amr_cmd.hpp
[40.981s] -- Up-to-date: /home/akhil/Downloads/omron_moma_ros2/MOMA_project/src/install/om_aiv_msg/include/om_aiv_msg/om_aiv_msg/srv/detail
[40.981s] -- Installing: /home/akhil/Downloads/omron_moma_ros2/MOMA_project/src/install/om_aiv_msg/include/om_aiv_msg/om_aiv_msg/srv/detail/arcl_listen__struct.hpp
[40.981s] -- Installing: /home/akhil/Downloads/omron_moma_ros2/MOMA_project/src/install/om_aiv_msg/include/om_aiv_msg/om_aiv_msg/srv/detail/arcl_api__struct.hpp
[40.982s] -- Installing: /home/akhil/Downloads/omron_moma_ros2/MOMA_project/src/install/om_aiv_msg/include/om_aiv_msg/om_aiv_msg/srv/detail/arcl_api__type_support.hpp
[40.982s] -- Installing: /home/akhil/Downloads/omron_moma_ros2/MOMA_project/src/install/om_aiv_msg/include/om_aiv_msg/om_aiv_msg/srv/detail/arcl_listen__traits.hpp
[40.982s] -- Installing: /home/akhil/Downloads/omron_moma_ros2/MOMA_project/src/install/om_aiv_msg/include/om_aiv_msg/om_aiv_msg/srv/detail/amr_cmd__type_support.hpp
[40.996s] -- Installing: /home/akhil/Downloads/omron_moma_ros2/MOMA_project/src/install/om_aiv_msg/include/om_aiv_msg/om_aiv_msg/srv/detail/arcl_listen__builder.hpp
[40.996s] -- Installing: /home/akhil/Downloads/omron_moma_ros2/MOMA_project/src/install/om_aiv_msg/include/om_aiv_msg/om_aiv_msg/srv/detail/amr_cmd__builder.hpp
[40.997s] -- Installing: /home/akhil/Downloads/omron_moma_ros2/MOMA_project/src/install/om_aiv_msg/include/om_aiv_msg/om_aiv_msg/srv/detail/amr_cmd__traits.hpp
[40.997s] -- Installing: /home/akhil/Downloads/omron_moma_ros2/MOMA_project/src/install/om_aiv_msg/include/om_aiv_msg/om_aiv_msg/srv/detail/arcl_api__builder.hpp
[40.997s] -- Installing: /home/akhil/Downloads/omron_moma_ros2/MOMA_project/src/install/om_aiv_msg/include/om_aiv_msg/om_aiv_msg/srv/detail/amr_cmd__struct.hpp
[40.997s] -- Installing: /home/akhil/Downloads/omron_moma_ros2/MOMA_project/src/install/om_aiv_msg/include/om_aiv_msg/om_aiv_msg/srv/detail/arcl_api__traits.hpp
[40.998s] -- Installing: /home/akhil/Downloads/omron_moma_ros2/MOMA_project/src/install/om_aiv_msg/include/om_aiv_msg/om_aiv_msg/srv/detail/arcl_listen__type_support.hpp
[40.998s] -- Installing: /home/akhil/Downloads/omron_moma_ros2/MOMA_project/src/install/om_aiv_msg/include/om_aiv_msg/om_aiv_msg/srv/arcl_listen.hpp
[40.998s] -- Up-to-date: /home/akhil/Downloads/omron_moma_ros2/MOMA_project/src/install/om_aiv_msg/include/om_aiv_msg/om_aiv_msg
[40.998s] -- Up-to-date: /home/akhil/Downloads/omron_moma_ros2/MOMA_project/src/install/om_aiv_msg/include/om_aiv_msg/om_aiv_msg/action
[40.999s] -- Up-to-date: /home/akhil/Downloads/omron_moma_ros2/MOMA_project/src/install/om_aiv_msg/include/om_aiv_msg/om_aiv_msg/action/detail
[40.999s] -- Installing: /home/akhil/Downloads/omron_moma_ros2/MOMA_project/src/install/om_aiv_msg/include/om_aiv_msg/om_aiv_msg/action/detail/dds_fastrtps
[40.999s] -- Installing: /home/akhil/Downloads/omron_moma_ros2/MOMA_project/src/install/om_aiv_msg/include/om_aiv_msg/om_aiv_msg/action/detail/action__rosidl_typesupport_fastrtps_cpp.hpp
[41.000s] -- Up-to-date: /home/akhil/Downloads/omron_moma_ros2/MOMA_project/src/install/om_aiv_msg/include/om_aiv_msg/om_aiv_msg/msg
[41.000s] -- Up-to-date: /home/akhil/Downloads/omron_moma_ros2/MOMA_project/src/install/om_aiv_msg/include/om_aiv_msg/om_aiv_msg/msg/detail
[41.000s] -- Installing: /home/akhil/Downloads/omron_moma_ros2/MOMA_project/src/install/om_aiv_msg/include/om_aiv_msg/om_aiv_msg/msg/detail/dds_fastrtps
[41.000s] -- Installing: /home/akhil/Downloads/omron_moma_ros2/MOMA_project/src/install/om_aiv_msg/include/om_aiv_msg/om_aiv_msg/msg/detail/status__rosidl_typesupport_fastrtps_cpp.hpp
[41.001s] -- Installing: /home/akhil/Downloads/omron_moma_ros2/MOMA_project/src/install/om_aiv_msg/include/om_aiv_msg/om_aiv_msg/msg/detail/location__rosidl_typesupport_fastrtps_cpp.hpp
[41.001s] -- Installing: /home/akhil/Downloads/omron_moma_ros2/MOMA_project/src/install/om_aiv_msg/include/om_aiv_msg/om_aiv_msg/msg/rosidl_typesupport_fastrtps_cpp__visibility_control.h
[41.001s] -- Up-to-date: /home/akhil/Downloads/omron_moma_ros2/MOMA_project/src/install/om_aiv_msg/include/om_aiv_msg/om_aiv_msg/srv
[41.002s] -- Up-to-date: /home/akhil/Downloads/omron_moma_ros2/MOMA_project/src/install/om_aiv_msg/include/om_aiv_msg/om_aiv_msg/srv/detail
[41.002s] -- Installing: /home/akhil/Downloads/omron_moma_ros2/MOMA_project/src/install/om_aiv_msg/include/om_aiv_msg/om_aiv_msg/srv/detail/dds_fastrtps
[41.003s] -- Installing: /home/akhil/Downloads/omron_moma_ros2/MOMA_project/src/install/om_aiv_msg/include/om_aiv_msg/om_aiv_msg/srv/detail/arcl_listen__rosidl_typesupport_fastrtps_cpp.hpp
[41.003s] -- Installing: /home/akhil/Downloads/omron_moma_ros2/MOMA_project/src/install/om_aiv_msg/include/om_aiv_msg/om_aiv_msg/srv/detail/arcl_api__rosidl_typesupport_fastrtps_cpp.hpp
[41.003s] -- Installing: /home/akhil/Downloads/omron_moma_ros2/MOMA_project/src/install/om_aiv_msg/include/om_aiv_msg/om_aiv_msg/srv/detail/amr_cmd__rosidl_typesupport_fastrtps_cpp.hpp
[41.014s] -- Installing: /home/akhil/Downloads/omron_moma_ros2/MOMA_project/src/install/om_aiv_msg/lib/libom_aiv_msg__rosidl_typesupport_fastrtps_cpp.so
[41.015s] -- Set runtime path of "/home/akhil/Downloads/omron_moma_ros2/MOMA_project/src/install/om_aiv_msg/lib/libom_aiv_msg__rosidl_typesupport_fastrtps_cpp.so" to ""
[41.015s] -- Up-to-date: /home/akhil/Downloads/omron_moma_ros2/MOMA_project/src/install/om_aiv_msg/include/om_aiv_msg/om_aiv_msg
[41.015s] -- Up-to-date: /home/akhil/Downloads/omron_moma_ros2/MOMA_project/src/install/om_aiv_msg/include/om_aiv_msg/om_aiv_msg/action
[41.015s] -- Up-to-date: /home/akhil/Downloads/omron_moma_ros2/MOMA_project/src/install/om_aiv_msg/include/om_aiv_msg/om_aiv_msg/action/detail
[41.016s] -- Installing: /home/akhil/Downloads/omron_moma_ros2/MOMA_project/src/install/om_aiv_msg/include/om_aiv_msg/om_aiv_msg/action/detail/action__type_support.c
[41.016s] -- Installing: /home/akhil/Downloads/omron_moma_ros2/MOMA_project/src/install/om_aiv_msg/include/om_aiv_msg/om_aiv_msg/action/detail/action__rosidl_typesupport_introspection_c.h
[41.016s] -- Up-to-date: /home/akhil/Downloads/omron_moma_ros2/MOMA_project/src/install/om_aiv_msg/include/om_aiv_msg/om_aiv_msg/msg
[41.016s] -- Up-to-date: /home/akhil/Downloads/omron_moma_ros2/MOMA_project/src/install/om_aiv_msg/include/om_aiv_msg/om_aiv_msg/msg/detail
[41.016s] -- Installing: /home/akhil/Downloads/omron_moma_ros2/MOMA_project/src/install/om_aiv_msg/include/om_aiv_msg/om_aiv_msg/msg/detail/location__type_support.c
[41.016s] -- Installing: /home/akhil/Downloads/omron_moma_ros2/MOMA_project/src/install/om_aiv_msg/include/om_aiv_msg/om_aiv_msg/msg/detail/status__type_support.c
[41.017s] -- Installing: /home/akhil/Downloads/omron_moma_ros2/MOMA_project/src/install/om_aiv_msg/include/om_aiv_msg/om_aiv_msg/msg/detail/location__rosidl_typesupport_introspection_c.h
[41.017s] -- Installing: /home/akhil/Downloads/omron_moma_ros2/MOMA_project/src/install/om_aiv_msg/include/om_aiv_msg/om_aiv_msg/msg/detail/status__rosidl_typesupport_introspection_c.h
[41.017s] -- Installing: /home/akhil/Downloads/omron_moma_ros2/MOMA_project/src/install/om_aiv_msg/include/om_aiv_msg/om_aiv_msg/msg/rosidl_typesupport_introspection_c__visibility_control.h
[41.017s] -- Up-to-date: /home/akhil/Downloads/omron_moma_ros2/MOMA_project/src/install/om_aiv_msg/include/om_aiv_msg/om_aiv_msg/srv
[41.017s] -- Up-to-date: /home/akhil/Downloads/omron_moma_ros2/MOMA_project/src/install/om_aiv_msg/include/om_aiv_msg/om_aiv_msg/srv/detail
[41.018s] -- Installing: /home/akhil/Downloads/omron_moma_ros2/MOMA_project/src/install/om_aiv_msg/include/om_aiv_msg/om_aiv_msg/srv/detail/arcl_api__type_support.c
[41.018s] -- Installing: /home/akhil/Downloads/omron_moma_ros2/MOMA_project/src/install/om_aiv_msg/include/om_aiv_msg/om_aiv_msg/srv/detail/arcl_listen__rosidl_typesupport_introspection_c.h
[41.018s] -- Installing: /home/akhil/Downloads/omron_moma_ros2/MOMA_project/src/install/om_aiv_msg/include/om_aiv_msg/om_aiv_msg/srv/detail/amr_cmd__rosidl_typesupport_introspection_c.h
[41.018s] -- Installing: /home/akhil/Downloads/omron_moma_ros2/MOMA_project/src/install/om_aiv_msg/include/om_aiv_msg/om_aiv_msg/srv/detail/arcl_api__rosidl_typesupport_introspection_c.h
[41.018s] -- Installing: /home/akhil/Downloads/omron_moma_ros2/MOMA_project/src/install/om_aiv_msg/include/om_aiv_msg/om_aiv_msg/srv/detail/amr_cmd__type_support.c
[41.019s] -- Installing: /home/akhil/Downloads/omron_moma_ros2/MOMA_project/src/install/om_aiv_msg/include/om_aiv_msg/om_aiv_msg/srv/detail/arcl_listen__type_support.c
[41.019s] -- Installing: /home/akhil/Downloads/omron_moma_ros2/MOMA_project/src/install/om_aiv_msg/lib/libom_aiv_msg__rosidl_typesupport_introspection_c.so
[41.019s] -- Set runtime path of "/home/akhil/Downloads/omron_moma_ros2/MOMA_project/src/install/om_aiv_msg/lib/libom_aiv_msg__rosidl_typesupport_introspection_c.so" to ""
[41.019s] -- Installing: /home/akhil/Downloads/omron_moma_ros2/MOMA_project/src/install/om_aiv_msg/lib/libom_aiv_msg__rosidl_typesupport_c.so
[41.019s] -- Set runtime path of "/home/akhil/Downloads/omron_moma_ros2/MOMA_project/src/install/om_aiv_msg/lib/libom_aiv_msg__rosidl_typesupport_c.so" to ""
[41.020s] -- Up-to-date: /home/akhil/Downloads/omron_moma_ros2/MOMA_project/src/install/om_aiv_msg/include/om_aiv_msg/om_aiv_msg
[41.020s] -- Up-to-date: /home/akhil/Downloads/omron_moma_ros2/MOMA_project/src/install/om_aiv_msg/include/om_aiv_msg/om_aiv_msg/action
[41.020s] -- Up-to-date: /home/akhil/Downloads/omron_moma_ros2/MOMA_project/src/install/om_aiv_msg/include/om_aiv_msg/om_aiv_msg/action/detail
[41.020s] -- Installing: /home/akhil/Downloads/omron_moma_ros2/MOMA_project/src/install/om_aiv_msg/include/om_aiv_msg/om_aiv_msg/action/detail/action__type_support.cpp
[41.020s] -- Installing: /home/akhil/Downloads/omron_moma_ros2/MOMA_project/src/install/om_aiv_msg/include/om_aiv_msg/om_aiv_msg/action/detail/action__rosidl_typesupport_introspection_cpp.hpp
[41.021s] -- Up-to-date: /home/akhil/Downloads/omron_moma_ros2/MOMA_project/src/install/om_aiv_msg/include/om_aiv_msg/om_aiv_msg/msg
[41.021s] -- Up-to-date: /home/akhil/Downloads/omron_moma_ros2/MOMA_project/src/install/om_aiv_msg/include/om_aiv_msg/om_aiv_msg/msg/detail
[41.021s] -- Installing: /home/akhil/Downloads/omron_moma_ros2/MOMA_project/src/install/om_aiv_msg/include/om_aiv_msg/om_aiv_msg/msg/detail/location__rosidl_typesupport_introspection_cpp.hpp
[41.021s] -- Installing: /home/akhil/Downloads/omron_moma_ros2/MOMA_project/src/install/om_aiv_msg/include/om_aiv_msg/om_aiv_msg/msg/detail/status__rosidl_typesupport_introspection_cpp.hpp
[41.026s] -- Installing: /home/akhil/Downloads/omron_moma_ros2/MOMA_project/src/install/om_aiv_msg/include/om_aiv_msg/om_aiv_msg/msg/detail/status__type_support.cpp
[41.027s] -- Installing: /home/akhil/Downloads/omron_moma_ros2/MOMA_project/src/install/om_aiv_msg/include/om_aiv_msg/om_aiv_msg/msg/detail/location__type_support.cpp
[41.027s] -- Up-to-date: /home/akhil/Downloads/omron_moma_ros2/MOMA_project/src/install/om_aiv_msg/include/om_aiv_msg/om_aiv_msg/srv
[41.029s] -- Up-to-date: /home/akhil/Downloads/omron_moma_ros2/MOMA_project/src/install/om_aiv_msg/include/om_aiv_msg/om_aiv_msg/srv/detail
[41.029s] -- Installing: /home/akhil/Downloads/omron_moma_ros2/MOMA_project/src/install/om_aiv_msg/include/om_aiv_msg/om_aiv_msg/srv/detail/arcl_api__rosidl_typesupport_introspection_cpp.hpp
[41.030s] -- Installing: /home/akhil/Downloads/omron_moma_ros2/MOMA_project/src/install/om_aiv_msg/include/om_aiv_msg/om_aiv_msg/srv/detail/arcl_listen__type_support.cpp
[41.030s] -- Installing: /home/akhil/Downloads/omron_moma_ros2/MOMA_project/src/install/om_aiv_msg/include/om_aiv_msg/om_aiv_msg/srv/detail/amr_cmd__type_support.cpp
[41.030s] -- Installing: /home/akhil/Downloads/omron_moma_ros2/MOMA_project/src/install/om_aiv_msg/include/om_aiv_msg/om_aiv_msg/srv/detail/arcl_api__type_support.cpp
[41.030s] -- Installing: /home/akhil/Downloads/omron_moma_ros2/MOMA_project/src/install/om_aiv_msg/include/om_aiv_msg/om_aiv_msg/srv/detail/arcl_listen__rosidl_typesupport_introspection_cpp.hpp
[41.030s] -- Installing: /home/akhil/Downloads/omron_moma_ros2/MOMA_project/src/install/om_aiv_msg/include/om_aiv_msg/om_aiv_msg/srv/detail/amr_cmd__rosidl_typesupport_introspection_cpp.hpp
[41.031s] -- Installing: /home/akhil/Downloads/omron_moma_ros2/MOMA_project/src/install/om_aiv_msg/lib/libom_aiv_msg__rosidl_typesupport_introspection_cpp.so
[41.031s] -- Set runtime path of "/home/akhil/Downloads/omron_moma_ros2/MOMA_project/src/install/om_aiv_msg/lib/libom_aiv_msg__rosidl_typesupport_introspection_cpp.so" to ""
[41.031s] -- Installing: /home/akhil/Downloads/omron_moma_ros2/MOMA_project/src/install/om_aiv_msg/lib/libom_aiv_msg__rosidl_typesupport_cpp.so
[41.031s] -- Set runtime path of "/home/akhil/Downloads/omron_moma_ros2/MOMA_project/src/install/om_aiv_msg/lib/libom_aiv_msg__rosidl_typesupport_cpp.so" to ""
[41.031s] -- Installing: /home/akhil/Downloads/omron_moma_ros2/MOMA_project/src/install/om_aiv_msg/share/om_aiv_msg/environment/pythonpath.sh
[41.031s] -- Installing: /home/akhil/Downloads/omron_moma_ros2/MOMA_project/src/install/om_aiv_msg/share/om_aiv_msg/environment/pythonpath.dsv
[41.031s] -- Installing: /home/akhil/Downloads/omron_moma_ros2/MOMA_project/src/install/om_aiv_msg/local/lib/python3.10/dist-packages/om_aiv_msg-0.0.0-py3.10.egg-info
[41.031s] -- Installing: /home/akhil/Downloads/omron_moma_ros2/MOMA_project/src/install/om_aiv_msg/local/lib/python3.10/dist-packages/om_aiv_msg-0.0.0-py3.10.egg-info/top_level.txt
[41.032s] -- Installing: /home/akhil/Downloads/omron_moma_ros2/MOMA_project/src/install/om_aiv_msg/local/lib/python3.10/dist-packages/om_aiv_msg-0.0.0-py3.10.egg-info/SOURCES.txt
[41.032s] -- Installing: /home/akhil/Downloads/omron_moma_ros2/MOMA_project/src/install/om_aiv_msg/local/lib/python3.10/dist-packages/om_aiv_msg-0.0.0-py3.10.egg-info/PKG-INFO
[41.032s] -- Installing: /home/akhil/Downloads/omron_moma_ros2/MOMA_project/src/install/om_aiv_msg/local/lib/python3.10/dist-packages/om_aiv_msg-0.0.0-py3.10.egg-info/dependency_links.txt
[41.032s] -- Installing: /home/akhil/Downloads/omron_moma_ros2/MOMA_project/src/install/om_aiv_msg/local/lib/python3.10/dist-packages/om_aiv_msg
[41.032s] -- Installing: /home/akhil/Downloads/omron_moma_ros2/MOMA_project/src/install/om_aiv_msg/local/lib/python3.10/dist-packages/om_aiv_msg/_om_aiv_msg_s.ep.rosidl_typesupport_c.c
[41.032s] -- Installing: /home/akhil/Downloads/omron_moma_ros2/MOMA_project/src/install/om_aiv_msg/local/lib/python3.10/dist-packages/om_aiv_msg/_om_aiv_msg_s.ep.rosidl_typesupport_introspection_c.c
[41.033s] -- Installing: /home/akhil/Downloads/omron_moma_ros2/MOMA_project/src/install/om_aiv_msg/local/lib/python3.10/dist-packages/om_aiv_msg/om_aiv_msg_s__rosidl_typesupport_introspection_c.cpython-310-aarch64-linux-gnu.so
[41.033s] -- Installing: /home/akhil/Downloads/omron_moma_ros2/MOMA_project/src/install/om_aiv_msg/local/lib/python3.10/dist-packages/om_aiv_msg/action
[41.033s] -- Installing: /home/akhil/Downloads/omron_moma_ros2/MOMA_project/src/install/om_aiv_msg/local/lib/python3.10/dist-packages/om_aiv_msg/action/_action_s.c
[41.033s] -- Installing: /home/akhil/Downloads/omron_moma_ros2/MOMA_project/src/install/om_aiv_msg/local/lib/python3.10/dist-packages/om_aiv_msg/action/_action.py
[41.033s] -- Installing: /home/akhil/Downloads/omron_moma_ros2/MOMA_project/src/install/om_aiv_msg/local/lib/python3.10/dist-packages/om_aiv_msg/action/__init__.py
[41.033s] -- Installing: /home/akhil/Downloads/omron_moma_ros2/MOMA_project/src/install/om_aiv_msg/local/lib/python3.10/dist-packages/om_aiv_msg/msg
[41.033s] -- Installing: /home/akhil/Downloads/omron_moma_ros2/MOMA_project/src/install/om_aiv_msg/local/lib/python3.10/dist-packages/om_aiv_msg/msg/_location_s.c
[41.034s] -- Installing: /home/akhil/Downloads/omron_moma_ros2/MOMA_project/src/install/om_aiv_msg/local/lib/python3.10/dist-packages/om_aiv_msg/msg/_status.py
[41.034s] -- Installing: /home/akhil/Downloads/omron_moma_ros2/MOMA_project/src/install/om_aiv_msg/local/lib/python3.10/dist-packages/om_aiv_msg/msg/_status_s.c
[41.034s] -- Installing: /home/akhil/Downloads/omron_moma_ros2/MOMA_project/src/install/om_aiv_msg/local/lib/python3.10/dist-packages/om_aiv_msg/msg/_location.py
[41.034s] -- Installing: /home/akhil/Downloads/omron_moma_ros2/MOMA_project/src/install/om_aiv_msg/local/lib/python3.10/dist-packages/om_aiv_msg/msg/__init__.py
[41.034s] -- Installing: /home/akhil/Downloads/omron_moma_ros2/MOMA_project/src/install/om_aiv_msg/local/lib/python3.10/dist-packages/om_aiv_msg/libom_aiv_msg__rosidl_generator_py.so
[41.034s] -- Installing: /home/akhil/Downloads/omron_moma_ros2/MOMA_project/src/install/om_aiv_msg/local/lib/python3.10/dist-packages/om_aiv_msg/om_aiv_msg_s__rosidl_typesupport_fastrtps_c.cpython-310-aarch64-linux-gnu.so
[41.034s] -- Installing: /home/akhil/Downloads/omron_moma_ros2/MOMA_project/src/install/om_aiv_msg/local/lib/python3.10/dist-packages/om_aiv_msg/om_aiv_msg_s__rosidl_typesupport_c.cpython-310-aarch64-linux-gnu.so
[41.035s] -- Installing: /home/akhil/Downloads/omron_moma_ros2/MOMA_project/src/install/om_aiv_msg/local/lib/python3.10/dist-packages/om_aiv_msg/_om_aiv_msg_s.ep.rosidl_typesupport_fastrtps_c.c
[41.035s] -- Installing: /home/akhil/Downloads/omron_moma_ros2/MOMA_project/src/install/om_aiv_msg/local/lib/python3.10/dist-packages/om_aiv_msg/srv
[41.035s] -- Installing: /home/akhil/Downloads/omron_moma_ros2/MOMA_project/src/install/om_aiv_msg/local/lib/python3.10/dist-packages/om_aiv_msg/srv/_arcl_listen.py
[41.035s] -- Installing: /home/akhil/Downloads/omron_moma_ros2/MOMA_project/src/install/om_aiv_msg/local/lib/python3.10/dist-packages/om_aiv_msg/srv/_arcl_api.py
[41.035s] -- Installing: /home/akhil/Downloads/omron_moma_ros2/MOMA_project/src/install/om_aiv_msg/local/lib/python3.10/dist-packages/om_aiv_msg/srv/_arcl_api_s.c
[41.035s] -- Installing: /home/akhil/Downloads/omron_moma_ros2/MOMA_project/src/install/om_aiv_msg/local/lib/python3.10/dist-packages/om_aiv_msg/srv/_amr_cmd_s.c
[41.035s] -- Installing: /home/akhil/Downloads/omron_moma_ros2/MOMA_project/src/install/om_aiv_msg/local/lib/python3.10/dist-packages/om_aiv_msg/srv/_arcl_listen_s.c
[41.035s] -- Installing: /home/akhil/Downloads/omron_moma_ros2/MOMA_project/src/install/om_aiv_msg/local/lib/python3.10/dist-packages/om_aiv_msg/srv/_amr_cmd.py
[41.036s] -- Installing: /home/akhil/Downloads/omron_moma_ros2/MOMA_project/src/install/om_aiv_msg/local/lib/python3.10/dist-packages/om_aiv_msg/srv/__init__.py
[41.036s] -- Installing: /home/akhil/Downloads/omron_moma_ros2/MOMA_project/src/install/om_aiv_msg/local/lib/python3.10/dist-packages/om_aiv_msg/__init__.py
[41.156s] Listing '/home/akhil/Downloads/omron_moma_ros2/MOMA_project/src/install/om_aiv_msg/local/lib/python3.10/dist-packages/om_aiv_msg'...
[41.157s] Compiling '/home/akhil/Downloads/omron_moma_ros2/MOMA_project/src/install/om_aiv_msg/local/lib/python3.10/dist-packages/om_aiv_msg/__init__.py'...
[41.157s] Listing '/home/akhil/Downloads/omron_moma_ros2/MOMA_project/src/install/om_aiv_msg/local/lib/python3.10/dist-packages/om_aiv_msg/action'...
[41.157s] Compiling '/home/akhil/Downloads/omron_moma_ros2/MOMA_project/src/install/om_aiv_msg/local/lib/python3.10/dist-packages/om_aiv_msg/action/__init__.py'...
[41.157s] Compiling '/home/akhil/Downloads/omron_moma_ros2/MOMA_project/src/install/om_aiv_msg/local/lib/python3.10/dist-packages/om_aiv_msg/action/_action.py'...
[41.157s] Listing '/home/akhil/Downloads/omron_moma_ros2/MOMA_project/src/install/om_aiv_msg/local/lib/python3.10/dist-packages/om_aiv_msg/msg'...
[41.158s] Compiling '/home/akhil/Downloads/omron_moma_ros2/MOMA_project/src/install/om_aiv_msg/local/lib/python3.10/dist-packages/om_aiv_msg/msg/__init__.py'...
[41.158s] Compiling '/home/akhil/Downloads/omron_moma_ros2/MOMA_project/src/install/om_aiv_msg/local/lib/python3.10/dist-packages/om_aiv_msg/msg/_location.py'...
[41.158s] Compiling '/home/akhil/Downloads/omron_moma_ros2/MOMA_project/src/install/om_aiv_msg/local/lib/python3.10/dist-packages/om_aiv_msg/msg/_status.py'...
[41.158s] Listing '/home/akhil/Downloads/omron_moma_ros2/MOMA_project/src/install/om_aiv_msg/local/lib/python3.10/dist-packages/om_aiv_msg/srv'...
[41.158s] Compiling '/home/akhil/Downloads/omron_moma_ros2/MOMA_project/src/install/om_aiv_msg/local/lib/python3.10/dist-packages/om_aiv_msg/srv/__init__.py'...
[41.158s] Compiling '/home/akhil/Downloads/omron_moma_ros2/MOMA_project/src/install/om_aiv_msg/local/lib/python3.10/dist-packages/om_aiv_msg/srv/_amr_cmd.py'...
[41.159s] Compiling '/home/akhil/Downloads/omron_moma_ros2/MOMA_project/src/install/om_aiv_msg/local/lib/python3.10/dist-packages/om_aiv_msg/srv/_arcl_api.py'...
[41.159s] Compiling '/home/akhil/Downloads/omron_moma_ros2/MOMA_project/src/install/om_aiv_msg/local/lib/python3.10/dist-packages/om_aiv_msg/srv/_arcl_listen.py'...
[41.181s] -- Installing: /home/akhil/Downloads/omron_moma_ros2/MOMA_project/src/install/om_aiv_msg/local/lib/python3.10/dist-packages/om_aiv_msg/om_aiv_msg_s__rosidl_typesupport_fastrtps_c.cpython-310-aarch64-linux-gnu.so
[41.182s] -- Set runtime path of "/home/akhil/Downloads/omron_moma_ros2/MOMA_project/src/install/om_aiv_msg/local/lib/python3.10/dist-packages/om_aiv_msg/om_aiv_msg_s__rosidl_typesupport_fastrtps_c.cpython-310-aarch64-linux-gnu.so" to ""
[41.182s] -- Installing: /home/akhil/Downloads/omron_moma_ros2/MOMA_project/src/install/om_aiv_msg/local/lib/python3.10/dist-packages/om_aiv_msg/om_aiv_msg_s__rosidl_typesupport_introspection_c.cpython-310-aarch64-linux-gnu.so
[41.183s] -- Set runtime path of "/home/akhil/Downloads/omron_moma_ros2/MOMA_project/src/install/om_aiv_msg/local/lib/python3.10/dist-packages/om_aiv_msg/om_aiv_msg_s__rosidl_typesupport_introspection_c.cpython-310-aarch64-linux-gnu.so" to ""
[41.183s] -- Installing: /home/akhil/Downloads/omron_moma_ros2/MOMA_project/src/install/om_aiv_msg/local/lib/python3.10/dist-packages/om_aiv_msg/om_aiv_msg_s__rosidl_typesupport_c.cpython-310-aarch64-linux-gnu.so
[41.184s] -- Set runtime path of "/home/akhil/Downloads/omron_moma_ros2/MOMA_project/src/install/om_aiv_msg/local/lib/python3.10/dist-packages/om_aiv_msg/om_aiv_msg_s__rosidl_typesupport_c.cpython-310-aarch64-linux-gnu.so" to ""
[41.184s] -- Installing: /home/akhil/Downloads/omron_moma_ros2/MOMA_project/src/install/om_aiv_msg/lib/libom_aiv_msg__rosidl_generator_py.so
[41.185s] -- Set runtime path of "/home/akhil/Downloads/omron_moma_ros2/MOMA_project/src/install/om_aiv_msg/lib/libom_aiv_msg__rosidl_generator_py.so" to ""
[41.186s] -- Installing: /home/akhil/Downloads/omron_moma_ros2/MOMA_project/src/install/om_aiv_msg/share/om_aiv_msg/msg/Location.idl
[41.186s] -- Installing: /home/akhil/Downloads/omron_moma_ros2/MOMA_project/src/install/om_aiv_msg/share/om_aiv_msg/msg/Status.idl
[41.186s] -- Installing: /home/akhil/Downloads/omron_moma_ros2/MOMA_project/src/install/om_aiv_msg/share/om_aiv_msg/srv/ArclApi.idl
[41.187s] -- Installing: /home/akhil/Downloads/omron_moma_ros2/MOMA_project/src/install/om_aiv_msg/share/om_aiv_msg/srv/ArclListen.idl
[41.187s] -- Installing: /home/akhil/Downloads/omron_moma_ros2/MOMA_project/src/install/om_aiv_msg/share/om_aiv_msg/srv/AmrCmd.idl
[41.188s] -- Installing: /home/akhil/Downloads/omron_moma_ros2/MOMA_project/src/install/om_aiv_msg/share/om_aiv_msg/action/Action.idl
[41.188s] -- Installing: /home/akhil/Downloads/omron_moma_ros2/MOMA_project/src/install/om_aiv_msg/share/om_aiv_msg/msg/Location.msg
[41.188s] -- Installing: /home/akhil/Downloads/omron_moma_ros2/MOMA_project/src/install/om_aiv_msg/share/om_aiv_msg/msg/Status.msg
[41.188s] -- Installing: /home/akhil/Downloads/omron_moma_ros2/MOMA_project/src/install/om_aiv_msg/share/om_aiv_msg/srv/ArclApi.srv
[41.189s] -- Installing: /home/akhil/Downloads/omron_moma_ros2/MOMA_project/src/install/om_aiv_msg/share/om_aiv_msg/srv/ArclApi_Request.msg
[41.189s] -- Installing: /home/akhil/Downloads/omron_moma_ros2/MOMA_project/src/install/om_aiv_msg/share/om_aiv_msg/srv/ArclApi_Response.msg
[41.189s] -- Installing: /home/akhil/Downloads/omron_moma_ros2/MOMA_project/src/install/om_aiv_msg/share/om_aiv_msg/srv/ArclListen.srv
[41.190s] -- Installing: /home/akhil/Downloads/omron_moma_ros2/MOMA_project/src/install/om_aiv_msg/share/om_aiv_msg/srv/ArclListen_Request.msg
[41.190s] -- Installing: /home/akhil/Downloads/omron_moma_ros2/MOMA_project/src/install/om_aiv_msg/share/om_aiv_msg/srv/ArclListen_Response.msg
[41.191s] -- Installing: /home/akhil/Downloads/omron_moma_ros2/MOMA_project/src/install/om_aiv_msg/share/om_aiv_msg/srv/AmrCmd.srv
[41.191s] -- Installing: /home/akhil/Downloads/omron_moma_ros2/MOMA_project/src/install/om_aiv_msg/share/om_aiv_msg/srv/AmrCmd_Request.msg
[41.191s] -- Installing: /home/akhil/Downloads/omron_moma_ros2/MOMA_project/src/install/om_aiv_msg/share/om_aiv_msg/srv/AmrCmd_Response.msg
[41.191s] -- Installing: /home/akhil/Downloads/omron_moma_ros2/MOMA_project/src/install/om_aiv_msg/share/om_aiv_msg/action/Action.action
[41.192s] -- Installing: /home/akhil/Downloads/omron_moma_ros2/MOMA_project/src/install/om_aiv_msg/share/ament_index/resource_index/package_run_dependencies/om_aiv_msg
[41.192s] -- Installing: /home/akhil/Downloads/omron_moma_ros2/MOMA_project/src/install/om_aiv_msg/share/ament_index/resource_index/parent_prefix_path/om_aiv_msg
[41.193s] -- Installing: /home/akhil/Downloads/omron_moma_ros2/MOMA_project/src/install/om_aiv_msg/share/om_aiv_msg/environment/ament_prefix_path.sh
[41.193s] -- Installing: /home/akhil/Downloads/omron_moma_ros2/MOMA_project/src/install/om_aiv_msg/share/om_aiv_msg/environment/ament_prefix_path.dsv
[41.193s] -- Installing: /home/akhil/Downloads/omron_moma_ros2/MOMA_project/src/install/om_aiv_msg/share/om_aiv_msg/environment/path.sh
[41.194s] -- Installing: /home/akhil/Downloads/omron_moma_ros2/MOMA_project/src/install/om_aiv_msg/share/om_aiv_msg/environment/path.dsv
[41.194s] -- Installing: /home/akhil/Downloads/omron_moma_ros2/MOMA_project/src/install/om_aiv_msg/share/om_aiv_msg/local_setup.bash
[41.198s] -- Installing: /home/akhil/Downloads/omron_moma_ros2/MOMA_project/src/install/om_aiv_msg/share/om_aiv_msg/local_setup.sh
[41.199s] -- Installing: /home/akhil/Downloads/omron_moma_ros2/MOMA_project/src/install/om_aiv_msg/share/om_aiv_msg/local_setup.zsh
[41.199s] -- Installing: /home/akhil/Downloads/omron_moma_ros2/MOMA_project/src/install/om_aiv_msg/share/om_aiv_msg/local_setup.dsv
[41.199s] -- Installing: /home/akhil/Downloads/omron_moma_ros2/MOMA_project/src/install/om_aiv_msg/share/om_aiv_msg/package.dsv
[41.199s] -- Installing: /home/akhil/Downloads/omron_moma_ros2/MOMA_project/src/install/om_aiv_msg/share/ament_index/resource_index/packages/om_aiv_msg
[41.199s] -- Installing: /home/akhil/Downloads/omron_moma_ros2/MOMA_project/src/install/om_aiv_msg/share/om_aiv_msg/cmake/export_om_aiv_msg__rosidl_generator_cExport.cmake
[41.200s] -- Installing: /home/akhil/Downloads/omron_moma_ros2/MOMA_project/src/install/om_aiv_msg/share/om_aiv_msg/cmake/export_om_aiv_msg__rosidl_generator_cExport-noconfig.cmake
[41.200s] -- Installing: /home/akhil/Downloads/omron_moma_ros2/MOMA_project/src/install/om_aiv_msg/share/om_aiv_msg/cmake/export_om_aiv_msg__rosidl_typesupport_fastrtps_cExport.cmake
[41.200s] -- Installing: /home/akhil/Downloads/omron_moma_ros2/MOMA_project/src/install/om_aiv_msg/share/om_aiv_msg/cmake/export_om_aiv_msg__rosidl_typesupport_fastrtps_cExport-noconfig.cmake
[41.200s] -- Installing: /home/akhil/Downloads/omron_moma_ros2/MOMA_project/src/install/om_aiv_msg/share/om_aiv_msg/cmake/export_om_aiv_msg__rosidl_generator_cppExport.cmake
[41.200s] -- Installing: /home/akhil/Downloads/omron_moma_ros2/MOMA_project/src/install/om_aiv_msg/share/om_aiv_msg/cmake/export_om_aiv_msg__rosidl_typesupport_fastrtps_cppExport.cmake
[41.201s] -- Installing: /home/akhil/Downloads/omron_moma_ros2/MOMA_project/src/install/om_aiv_msg/share/om_aiv_msg/cmake/export_om_aiv_msg__rosidl_typesupport_fastrtps_cppExport-noconfig.cmake
[41.201s] -- Installing: /home/akhil/Downloads/omron_moma_ros2/MOMA_project/src/install/om_aiv_msg/share/om_aiv_msg/cmake/om_aiv_msg__rosidl_typesupport_introspection_cExport.cmake
[41.201s] -- Installing: /home/akhil/Downloads/omron_moma_ros2/MOMA_project/src/install/om_aiv_msg/share/om_aiv_msg/cmake/om_aiv_msg__rosidl_typesupport_introspection_cExport-noconfig.cmake
[41.202s] -- Installing: /home/akhil/Downloads/omron_moma_ros2/MOMA_project/src/install/om_aiv_msg/share/om_aiv_msg/cmake/om_aiv_msg__rosidl_typesupport_cExport.cmake
[41.205s] -- Installing: /home/akhil/Downloads/omron_moma_ros2/MOMA_project/src/install/om_aiv_msg/share/om_aiv_msg/cmake/om_aiv_msg__rosidl_typesupport_cExport-noconfig.cmake
[41.207s] -- Installing: /home/akhil/Downloads/omron_moma_ros2/MOMA_project/src/install/om_aiv_msg/share/om_aiv_msg/cmake/om_aiv_msg__rosidl_typesupport_introspection_cppExport.cmake
[41.207s] -- Installing: /home/akhil/Downloads/omron_moma_ros2/MOMA_project/src/install/om_aiv_msg/share/om_aiv_msg/cmake/om_aiv_msg__rosidl_typesupport_introspection_cppExport-noconfig.cmake
[41.207s] -- Installing: /home/akhil/Downloads/omron_moma_ros2/MOMA_project/src/install/om_aiv_msg/share/om_aiv_msg/cmake/om_aiv_msg__rosidl_typesupport_cppExport.cmake
[41.207s] -- Installing: /home/akhil/Downloads/omron_moma_ros2/MOMA_project/src/install/om_aiv_msg/share/om_aiv_msg/cmake/om_aiv_msg__rosidl_typesupport_cppExport-noconfig.cmake
[41.208s] -- Installing: /home/akhil/Downloads/omron_moma_ros2/MOMA_project/src/install/om_aiv_msg/share/om_aiv_msg/cmake/export_om_aiv_msg__rosidl_generator_pyExport.cmake
[41.208s] -- Installing: /home/akhil/Downloads/omron_moma_ros2/MOMA_project/src/install/om_aiv_msg/share/om_aiv_msg/cmake/export_om_aiv_msg__rosidl_generator_pyExport-noconfig.cmake
[41.208s] -- Installing: /home/akhil/Downloads/omron_moma_ros2/MOMA_project/src/install/om_aiv_msg/share/om_aiv_msg/cmake/rosidl_cmake-extras.cmake
[41.208s] -- Installing: /home/akhil/Downloads/omron_moma_ros2/MOMA_project/src/install/om_aiv_msg/share/om_aiv_msg/cmake/ament_cmake_export_dependencies-extras.cmake
[41.208s] -- Installing: /home/akhil/Downloads/omron_moma_ros2/MOMA_project/src/install/om_aiv_msg/share/om_aiv_msg/cmake/ament_cmake_export_include_directories-extras.cmake
[41.208s] -- Installing: /home/akhil/Downloads/omron_moma_ros2/MOMA_project/src/install/om_aiv_msg/share/om_aiv_msg/cmake/ament_cmake_export_libraries-extras.cmake
[41.208s] -- Installing: /home/akhil/Downloads/omron_moma_ros2/MOMA_project/src/install/om_aiv_msg/share/om_aiv_msg/cmake/ament_cmake_export_targets-extras.cmake
[41.209s] -- Installing: /home/akhil/Downloads/omron_moma_ros2/MOMA_project/src/install/om_aiv_msg/share/om_aiv_msg/cmake/rosidl_cmake_export_typesupport_targets-extras.cmake
[41.209s] -- Installing: /home/akhil/Downloads/omron_moma_ros2/MOMA_project/src/install/om_aiv_msg/share/om_aiv_msg/cmake/rosidl_cmake_export_typesupport_libraries-extras.cmake
[41.209s] -- Installing: /home/akhil/Downloads/omron_moma_ros2/MOMA_project/src/install/om_aiv_msg/share/om_aiv_msg/cmake/om_aiv_msgConfig.cmake
[41.209s] -- Installing: /home/akhil/Downloads/omron_moma_ros2/MOMA_project/src/install/om_aiv_msg/share/om_aiv_msg/cmake/om_aiv_msgConfig-version.cmake
[41.209s] -- Installing: /home/akhil/Downloads/omron_moma_ros2/MOMA_project/src/install/om_aiv_msg/share/om_aiv_msg/package.xml
[41.233s] Invoked command in '/home/akhil/Downloads/omron_moma_ros2/MOMA_project/src/build/om_aiv_msg' returned '0': CMAKE_PREFIX_PATH=/opt/ros/humble /usr/bin/cmake --install /home/akhil/Downloads/omron_moma_ros2/MOMA_project/src/build/om_aiv_msg
