running egg_info
creating ../../../build/demo_package/demo_package.egg-info
writing ../../../build/demo_package/demo_package.egg-info/PKG-INFO
writing dependency_links to ../../../build/demo_package/demo_package.egg-info/dependency_links.txt
writing entry points to ../../../build/demo_package/demo_package.egg-info/entry_points.txt
writing requirements to ../../../build/demo_package/demo_package.egg-info/requires.txt
writing top-level names to ../../../build/demo_package/demo_package.egg-info/top_level.txt
writing manifest file '../../../build/demo_package/demo_package.egg-info/SOURCES.txt'
reading manifest file '../../../build/demo_package/demo_package.egg-info/SOURCES.txt'
writing manifest file '../../../build/demo_package/demo_package.egg-info/SOURCES.txt'
running build
running build_py
creating /home/akhil/Downloads/omron_moma_ros2/build/demo_package/build
creating /home/akhil/Downloads/omron_moma_ros2/build/demo_package/build/lib
creating /home/akhil/Downloads/omron_moma_ros2/build/demo_package/build/lib/demo_package
copying demo_package/demo_routine.py -> /home/akhil/Downloads/omron_moma_ros2/build/demo_package/build/lib/demo_package
copying demo_package/__init__.py -> /home/akhil/Downloads/omron_moma_ros2/build/demo_package/build/lib/demo_package
running install
running install_lib
creating /home/akhil/Downloads/omron_moma_ros2/install/demo_package/lib/python3.10/site-packages/demo_package
copying /home/akhil/Downloads/omron_moma_ros2/build/demo_package/build/lib/demo_package/demo_routine.py -> /home/akhil/Downloads/omron_moma_ros2/install/demo_package/lib/python3.10/site-packages/demo_package
copying /home/akhil/Downloads/omron_moma_ros2/build/demo_package/build/lib/demo_package/__init__.py -> /home/akhil/Downloads/omron_moma_ros2/install/demo_package/lib/python3.10/site-packages/demo_package
byte-compiling /home/akhil/Downloads/omron_moma_ros2/install/demo_package/lib/python3.10/site-packages/demo_package/demo_routine.py to demo_routine.cpython-310.pyc
byte-compiling /home/akhil/Downloads/omron_moma_ros2/install/demo_package/lib/python3.10/site-packages/demo_package/__init__.py to __init__.cpython-310.pyc
running install_data
creating /home/akhil/Downloads/omron_moma_ros2/install/demo_package/share/ament_index
creating /home/akhil/Downloads/omron_moma_ros2/install/demo_package/share/ament_index/resource_index
creating /home/akhil/Downloads/omron_moma_ros2/install/demo_package/share/ament_index/resource_index/packages
copying resource/demo_package -> /home/akhil/Downloads/omron_moma_ros2/install/demo_package/share/ament_index/resource_index/packages
copying package.xml -> /home/akhil/Downloads/omron_moma_ros2/install/demo_package/share/demo_package
running install_egg_info
Copying ../../../build/demo_package/demo_package.egg-info to /home/akhil/Downloads/omron_moma_ros2/install/demo_package/lib/python3.10/site-packages/demo_package-0.0.0-py3.10.egg-info
running install_scripts
Installing demo_routine script to /home/akhil/Downloads/omron_moma_ros2/install/demo_package/lib/demo_package
writing list of installed files to '/home/akhil/Downloads/omron_moma_ros2/build/demo_package/install.log'
