[2.772s] Invoking command in '/home/akhil/Downloads/omron_moma_ros2/MOMA_project/src/om_aiv_util': AMENT_PREFIX_PATH=/home/akhil/Downloads/omron_moma_ros2/install/om_aiv_msg:${AMENT_PREFIX_PATH} CMAKE_PREFIX_PATH=/home/akhil/Downloads/omron_moma_ros2/install/om_aiv_msg LD_LIBRARY_PATH=/home/akhil/Downloads/omron_moma_ros2/install/om_aiv_msg/lib:${LD_LIBRARY_PATH} PYTHONPATH=/home/akhil/Downloads/omron_moma_ros2/build/om_aiv_util/prefix_override:/usr/lib/python3/dist-packages/colcon_core/task/python/colcon_distutils_commands:/home/akhil/Downloads/omron_moma_ros2/install/om_aiv_util/lib/python3.10/site-packages:/home/akhil/Downloads/omron_moma_ros2/install/om_aiv_msg/local/lib/python3.10/dist-packages:${PYTHONPATH} /usr/bin/python3 -W ignore:setup.py install is deprecated -W ignore:easy_install command is deprecated setup.py egg_info --egg-base ../../../build/om_aiv_util build --build-base /home/akhil/Downloads/omron_moma_ros2/build/om_aiv_util/build install --record /home/akhil/Downloads/omron_moma_ros2/build/om_aiv_util/install.log --single-version-externally-managed install_data
[3.528s] running egg_info
[3.530s] creating ../../../build/om_aiv_util/om_aiv_util.egg-info
[3.531s] writing ../../../build/om_aiv_util/om_aiv_util.egg-info/PKG-INFO
[3.532s] writing dependency_links to ../../../build/om_aiv_util/om_aiv_util.egg-info/dependency_links.txt
[3.532s] writing entry points to ../../../build/om_aiv_util/om_aiv_util.egg-info/entry_points.txt
[3.533s] writing requirements to ../../../build/om_aiv_util/om_aiv_util.egg-info/requires.txt
[3.533s] writing top-level names to ../../../build/om_aiv_util/om_aiv_util.egg-info/top_level.txt
[3.534s] writing manifest file '../../../build/om_aiv_util/om_aiv_util.egg-info/SOURCES.txt'
[3.544s] reading manifest file '../../../build/om_aiv_util/om_aiv_util.egg-info/SOURCES.txt'
[3.548s] writing manifest file '../../../build/om_aiv_util/om_aiv_util.egg-info/SOURCES.txt'
[3.548s] running build
[3.549s] running build_py
[3.550s] creating /home/akhil/Downloads/omron_moma_ros2/build/om_aiv_util/build
[3.550s] creating /home/akhil/Downloads/omron_moma_ros2/build/om_aiv_util/build/lib
[3.551s] creating /home/akhil/Downloads/omron_moma_ros2/build/om_aiv_util/build/lib/om_aiv_util
[3.552s] copying om_aiv_util/socket_listener.py -> /home/akhil/Downloads/omron_moma_ros2/build/om_aiv_util/build/lib/om_aiv_util
[3.553s] copying om_aiv_util/ld_states_publisher.py -> /home/akhil/Downloads/omron_moma_ros2/build/om_aiv_util/build/lib/om_aiv_util
[3.556s] copying om_aiv_util/socketconnection_class.py -> /home/akhil/Downloads/omron_moma_ros2/build/om_aiv_util/build/lib/om_aiv_util
[3.557s] copying om_aiv_util/socket_taskmaster.py -> /home/akhil/Downloads/omron_moma_ros2/build/om_aiv_util/build/lib/om_aiv_util
[3.558s] copying om_aiv_util/socket_driver.py -> /home/akhil/Downloads/omron_moma_ros2/build/om_aiv_util/build/lib/om_aiv_util
[3.559s] copying om_aiv_util/parser.py -> /home/akhil/Downloads/omron_moma_ros2/build/om_aiv_util/build/lib/om_aiv_util
[3.560s] copying om_aiv_util/arcl_api_server.py -> /home/akhil/Downloads/omron_moma_ros2/build/om_aiv_util/build/lib/om_aiv_util
[3.561s] copying om_aiv_util/__init__.py -> /home/akhil/Downloads/omron_moma_ros2/build/om_aiv_util/build/lib/om_aiv_util
[3.563s] running install
[3.564s] running install_lib
[3.569s] creating /home/akhil/Downloads/omron_moma_ros2/install/om_aiv_util/lib/python3.10/site-packages/om_aiv_util
[3.570s] copying /home/akhil/Downloads/omron_moma_ros2/build/om_aiv_util/build/lib/om_aiv_util/socket_listener.py -> /home/akhil/Downloads/omron_moma_ros2/install/om_aiv_util/lib/python3.10/site-packages/om_aiv_util
[3.570s] copying /home/akhil/Downloads/omron_moma_ros2/build/om_aiv_util/build/lib/om_aiv_util/ld_states_publisher.py -> /home/akhil/Downloads/omron_moma_ros2/install/om_aiv_util/lib/python3.10/site-packages/om_aiv_util
[3.571s] copying /home/akhil/Downloads/omron_moma_ros2/build/om_aiv_util/build/lib/om_aiv_util/socketconnection_class.py -> /home/akhil/Downloads/omron_moma_ros2/install/om_aiv_util/lib/python3.10/site-packages/om_aiv_util
[3.571s] copying /home/akhil/Downloads/omron_moma_ros2/build/om_aiv_util/build/lib/om_aiv_util/socket_taskmaster.py -> /home/akhil/Downloads/omron_moma_ros2/install/om_aiv_util/lib/python3.10/site-packages/om_aiv_util
[3.572s] copying /home/akhil/Downloads/omron_moma_ros2/build/om_aiv_util/build/lib/om_aiv_util/socket_driver.py -> /home/akhil/Downloads/omron_moma_ros2/install/om_aiv_util/lib/python3.10/site-packages/om_aiv_util
[3.572s] copying /home/akhil/Downloads/omron_moma_ros2/build/om_aiv_util/build/lib/om_aiv_util/parser.py -> /home/akhil/Downloads/omron_moma_ros2/install/om_aiv_util/lib/python3.10/site-packages/om_aiv_util
[3.573s] copying /home/akhil/Downloads/omron_moma_ros2/build/om_aiv_util/build/lib/om_aiv_util/arcl_api_server.py -> /home/akhil/Downloads/omron_moma_ros2/install/om_aiv_util/lib/python3.10/site-packages/om_aiv_util
[3.573s] copying /home/akhil/Downloads/omron_moma_ros2/build/om_aiv_util/build/lib/om_aiv_util/__init__.py -> /home/akhil/Downloads/omron_moma_ros2/install/om_aiv_util/lib/python3.10/site-packages/om_aiv_util
[3.577s] byte-compiling /home/akhil/Downloads/omron_moma_ros2/install/om_aiv_util/lib/python3.10/site-packages/om_aiv_util/socket_listener.py to socket_listener.cpython-310.pyc
[3.583s] byte-compiling /home/akhil/Downloads/omron_moma_ros2/install/om_aiv_util/lib/python3.10/site-packages/om_aiv_util/ld_states_publisher.py to ld_states_publisher.cpython-310.pyc
[3.587s] byte-compiling /home/akhil/Downloads/omron_moma_ros2/install/om_aiv_util/lib/python3.10/site-packages/om_aiv_util/socketconnection_class.py to socketconnection_class.cpython-310.pyc
[3.590s] byte-compiling /home/akhil/Downloads/omron_moma_ros2/install/om_aiv_util/lib/python3.10/site-packages/om_aiv_util/socket_taskmaster.py to socket_taskmaster.cpython-310.pyc
[3.594s] byte-compiling /home/akhil/Downloads/omron_moma_ros2/install/om_aiv_util/lib/python3.10/site-packages/om_aiv_util/socket_driver.py to socket_driver.cpython-310.pyc
[3.598s] byte-compiling /home/akhil/Downloads/omron_moma_ros2/install/om_aiv_util/lib/python3.10/site-packages/om_aiv_util/parser.py to parser.cpython-310.pyc
[3.600s] byte-compiling /home/akhil/Downloads/omron_moma_ros2/install/om_aiv_util/lib/python3.10/site-packages/om_aiv_util/arcl_api_server.py to arcl_api_server.cpython-310.pyc
[3.602s] byte-compiling /home/akhil/Downloads/omron_moma_ros2/install/om_aiv_util/lib/python3.10/site-packages/om_aiv_util/__init__.py to __init__.cpython-310.pyc
[3.603s] running install_data
[3.604s] creating /home/akhil/Downloads/omron_moma_ros2/install/om_aiv_util/share/ament_index
[3.604s] creating /home/akhil/Downloads/omron_moma_ros2/install/om_aiv_util/share/ament_index/resource_index
[3.604s] creating /home/akhil/Downloads/omron_moma_ros2/install/om_aiv_util/share/ament_index/resource_index/packages
[3.605s] copying resource/om_aiv_util -> /home/akhil/Downloads/omron_moma_ros2/install/om_aiv_util/share/ament_index/resource_index/packages
[3.605s] copying package.xml -> /home/akhil/Downloads/omron_moma_ros2/install/om_aiv_util/share/om_aiv_util
[3.606s] copying launch/server.launch.py -> /home/akhil/Downloads/omron_moma_ros2/install/om_aiv_util/share/om_aiv_util
[3.614s] creating /home/akhil/Downloads/omron_moma_ros2/install/om_aiv_util/share/om_aiv_util/config
[3.614s] copying config/main_param.yaml -> /home/akhil/Downloads/omron_moma_ros2/install/om_aiv_util/share/om_aiv_util/config
[3.619s] running install_egg_info
[3.630s] Copying ../../../build/om_aiv_util/om_aiv_util.egg-info to /home/akhil/Downloads/omron_moma_ros2/install/om_aiv_util/lib/python3.10/site-packages/om_aiv_util-0.0.0-py3.10.egg-info
[3.633s] running install_scripts
[3.729s] Installing arcl_api_server script to /home/akhil/Downloads/omron_moma_ros2/install/om_aiv_util/lib/om_aiv_util
[3.730s] Installing ld_states_publisher script to /home/akhil/Downloads/omron_moma_ros2/install/om_aiv_util/lib/om_aiv_util
[3.732s] writing list of installed files to '/home/akhil/Downloads/omron_moma_ros2/build/om_aiv_util/install.log'
[3.912s] Invoked command in '/home/akhil/Downloads/omron_moma_ros2/MOMA_project/src/om_aiv_util' returned '0': AMENT_PREFIX_PATH=/home/akhil/Downloads/omron_moma_ros2/install/om_aiv_msg:${AMENT_PREFIX_PATH} CMAKE_PREFIX_PATH=/home/akhil/Downloads/omron_moma_ros2/install/om_aiv_msg LD_LIBRARY_PATH=/home/akhil/Downloads/omron_moma_ros2/install/om_aiv_msg/lib:${LD_LIBRARY_PATH} PYTHONPATH=/home/akhil/Downloads/omron_moma_ros2/build/om_aiv_util/prefix_override:/usr/lib/python3/dist-packages/colcon_core/task/python/colcon_distutils_commands:/home/akhil/Downloads/omron_moma_ros2/install/om_aiv_util/lib/python3.10/site-packages:/home/akhil/Downloads/omron_moma_ros2/install/om_aiv_msg/local/lib/python3.10/dist-packages:${PYTHONPATH} /usr/bin/python3 -W ignore:setup.py install is deprecated -W ignore:easy_install command is deprecated setup.py egg_info --egg-base ../../../build/om_aiv_util build --build-base /home/akhil/Downloads/omron_moma_ros2/build/om_aiv_util/build install --record /home/akhil/Downloads/omron_moma_ros2/build/om_aiv_util/install.log --single-version-externally-managed install_data
