[0.052s] Invoking command in '/home/akhil/Downloads/omron_moma_ros2/MOMA_project/src/build/moveit_path_planner': AMENT_PREFIX_PATH=/home/akhil/Downloads/omron_moma_ros2/MOMA_project/src/install/tm_msgs:${AMENT_PREFIX_PATH} CMAKE_PREFIX_PATH=/home/akhil/Downloads/omron_moma_ros2/MOMA_project/src/install/tm_msgs:/opt/ros/humble LD_LIBRARY_PATH=/home/akhil/Downloads/omron_moma_ros2/MOMA_project/src/install/tm_msgs/lib:${LD_LIBRARY_PATH} PYTHONPATH=/home/akhil/Downloads/omron_moma_ros2/MOMA_project/src/install/tm_msgs/local/lib/python3.10/dist-packages:${PYTHONPATH} /usr/bin/cmake /home/akhil/Downloads/omron_moma_ros2/MOMA_project/src/moveit_path_planner -DCMAKE_INSTALL_PREFIX=/home/akhil/Downloads/omron_moma_ros2/MOMA_project/src/install/moveit_path_planner
[0.230s] -- The C compiler identification is GNU 11.4.0
[0.381s] -- The CXX compiler identification is GNU 11.4.0
[0.401s] -- Detecting C compiler ABI info
[0.619s] -- Detecting C compiler ABI info - done
[0.644s] -- Check for working C compiler: /usr/bin/cc - skipped
[0.644s] -- Detecting C compile features
[0.646s] -- Detecting C compile features - done
[0.656s] -- Detecting CXX compiler ABI info
[0.892s] -- Detecting CXX compiler ABI info - done
[0.908s] -- Check for working CXX compiler: /usr/bin/c++ - skipped
[0.909s] -- Detecting CXX compile features
[0.910s] -- Detecting CXX compile features - done
[0.917s] -- Found ament_cmake: 1.3.12 (/opt/ros/humble/share/ament_cmake/cmake)
[1.384s] -- Found Python3: /usr/bin/python3 (found version "3.10.12") found components: Interpreter 
[1.652s] -- Found rclcpp: 16.0.15 (/opt/ros/humble/share/rclcpp/cmake)
[1.748s] -- Found rosidl_generator_c: 3.1.7 (/opt/ros/humble/share/rosidl_generator_c/cmake)
[1.759s] -- Found rosidl_adapter: 3.1.7 (/opt/ros/humble/share/rosidl_adapter/cmake)
[1.778s] -- Found rosidl_generator_cpp: 3.1.7 (/opt/ros/humble/share/rosidl_generator_cpp/cmake)
[1.808s] -- Using all available rosidl_typesupport_c: rosidl_typesupport_fastrtps_c;rosidl_typesupport_introspection_c
[1.849s] -- Using all available rosidl_typesupport_cpp: rosidl_typesupport_fastrtps_cpp;rosidl_typesupport_introspection_cpp
[1.957s] -- Found rmw_implementation_cmake: 6.1.2 (/opt/ros/humble/share/rmw_implementation_cmake/cmake)
[1.964s] -- Found rmw_fastrtps_cpp: 6.2.9 (/opt/ros/humble/share/rmw_fastrtps_cpp/cmake)
[2.187s] -- Found OpenSSL: /usr/lib/aarch64-linux-gnu/libcrypto.so (found version "3.0.2")  
[2.252s] -- Found FastRTPS: /opt/ros/humble/include  
[2.353s] -- Using RMW implementation 'rmw_fastrtps_cpp' as default
[2.374s] -- Looking for pthread.h
[2.593s] -- Looking for pthread.h - found
[2.597s] -- Performing Test CMAKE_HAVE_LIBC_PTHREAD
[2.838s] -- Performing Test CMAKE_HAVE_LIBC_PTHREAD - Success
[2.839s] -- Found Threads: TRUE  
[2.975s] -- Found moveit_ros_planning_interface: 2.5.9 (/opt/ros/humble/share/moveit_ros_planning_interface/cmake)
[3.027s] -- Found Boost: /usr/lib/aarch64-linux-gnu/cmake/Boost-1.74.0/BoostConfig.cmake (found version "1.74.0") found components: date_time filesystem program_options system thread 
[3.451s] -- Found Boost: /usr/lib/aarch64-linux-gnu/cmake/Boost-1.74.0/BoostConfig.cmake (found version "1.74.0") found components: chrono date_time filesystem iostreams program_options regex serialization system thread 
[3.552s] -- Found parameter_traits: 0.5.0 (/opt/ros/humble/share/parameter_traits/cmake)
[3.587s] -- Found rclcpp_lifecycle: 16.0.15 (/opt/ros/humble/share/rclcpp_lifecycle/cmake)
[3.699s] -- Found Boost: /usr/lib/aarch64-linux-gnu/cmake/Boost-1.74.0/BoostConfig.cmake (found version "1.74.0") found components: filesystem 
[3.912s] -- library: /usr/lib/aarch64-linux-gnu/libcurl.so
[4.000s] -- Found Eigen3: TRUE (found version "3.4.0") 
[4.000s] -- Ensuring Eigen3 include directory is part of orocos-kdl CMake target
[4.348s] -- Found Boost: /usr/lib/aarch64-linux-gnu/cmake/Boost-1.74.0/BoostConfig.cmake (found version "1.74.0") found components: system filesystem date_time program_options thread chrono 
[4.428s] -- Found Boost: /usr/lib/aarch64-linux-gnu/cmake/Boost-1.74.0/BoostConfig.cmake (found version "1.74.0") found components: thread system filesystem regex date_time program_options 
[4.480s] -- Found Boost: /usr/lib/aarch64-linux-gnu/cmake/Boost-1.74.0/BoostConfig.cmake (found version "1.74.0") found components: system filesystem date_time program_options thread 
[4.548s] -- Found tm_msgs: 2.0.0 (/home/akhil/Downloads/omron_moma_ros2/MOMA_project/src/install/tm_msgs/share/tm_msgs/cmake)
[4.782s] -- Configuring done
[4.882s] -- Generating done
[4.906s] -- Build files have been written to: /home/akhil/Downloads/omron_moma_ros2/MOMA_project/src/build/moveit_path_planner
[4.994s] Invoked command in '/home/akhil/Downloads/omron_moma_ros2/MOMA_project/src/build/moveit_path_planner' returned '0': AMENT_PREFIX_PATH=/home/akhil/Downloads/omron_moma_ros2/MOMA_project/src/install/tm_msgs:${AMENT_PREFIX_PATH} CMAKE_PREFIX_PATH=/home/akhil/Downloads/omron_moma_ros2/MOMA_project/src/install/tm_msgs:/opt/ros/humble LD_LIBRARY_PATH=/home/akhil/Downloads/omron_moma_ros2/MOMA_project/src/install/tm_msgs/lib:${LD_LIBRARY_PATH} PYTHONPATH=/home/akhil/Downloads/omron_moma_ros2/MOMA_project/src/install/tm_msgs/local/lib/python3.10/dist-packages:${PYTHONPATH} /usr/bin/cmake /home/akhil/Downloads/omron_moma_ros2/MOMA_project/src/moveit_path_planner -DCMAKE_INSTALL_PREFIX=/home/akhil/Downloads/omron_moma_ros2/MOMA_project/src/install/moveit_path_planner
[4.995s] Invoking command in '/home/akhil/Downloads/omron_moma_ros2/MOMA_project/src/build/moveit_path_planner': AMENT_PREFIX_PATH=/home/akhil/Downloads/omron_moma_ros2/MOMA_project/src/install/tm_msgs:${AMENT_PREFIX_PATH} CMAKE_PREFIX_PATH=/home/akhil/Downloads/omron_moma_ros2/MOMA_project/src/install/tm_msgs:/opt/ros/humble LD_LIBRARY_PATH=/home/akhil/Downloads/omron_moma_ros2/MOMA_project/src/install/tm_msgs/lib:${LD_LIBRARY_PATH} PYTHONPATH=/home/akhil/Downloads/omron_moma_ros2/MOMA_project/src/install/tm_msgs/local/lib/python3.10/dist-packages:${PYTHONPATH} /usr/bin/cmake --build /home/akhil/Downloads/omron_moma_ros2/MOMA_project/src/build/moveit_path_planner -- -j6 -l6
[5.172s] [ 50%] [32mBuilding CXX object CMakeFiles/moveit_path_planning_server.dir/src/moveit_path_planning_server.cpp.o[0m
[47.574s] [100%] [32m[1mLinking CXX executable moveit_path_planning_server[0m
[49.707s] [100%] Built target moveit_path_planning_server
[49.749s] Invoked command in '/home/akhil/Downloads/omron_moma_ros2/MOMA_project/src/build/moveit_path_planner' returned '0': AMENT_PREFIX_PATH=/home/akhil/Downloads/omron_moma_ros2/MOMA_project/src/install/tm_msgs:${AMENT_PREFIX_PATH} CMAKE_PREFIX_PATH=/home/akhil/Downloads/omron_moma_ros2/MOMA_project/src/install/tm_msgs:/opt/ros/humble LD_LIBRARY_PATH=/home/akhil/Downloads/omron_moma_ros2/MOMA_project/src/install/tm_msgs/lib:${LD_LIBRARY_PATH} PYTHONPATH=/home/akhil/Downloads/omron_moma_ros2/MOMA_project/src/install/tm_msgs/local/lib/python3.10/dist-packages:${PYTHONPATH} /usr/bin/cmake --build /home/akhil/Downloads/omron_moma_ros2/MOMA_project/src/build/moveit_path_planner -- -j6 -l6
[49.756s] Invoking command in '/home/akhil/Downloads/omron_moma_ros2/MOMA_project/src/build/moveit_path_planner': AMENT_PREFIX_PATH=/home/akhil/Downloads/omron_moma_ros2/MOMA_project/src/install/tm_msgs:${AMENT_PREFIX_PATH} CMAKE_PREFIX_PATH=/home/akhil/Downloads/omron_moma_ros2/MOMA_project/src/install/tm_msgs:/opt/ros/humble LD_LIBRARY_PATH=/home/akhil/Downloads/omron_moma_ros2/MOMA_project/src/install/tm_msgs/lib:${LD_LIBRARY_PATH} PYTHONPATH=/home/akhil/Downloads/omron_moma_ros2/MOMA_project/src/install/tm_msgs/local/lib/python3.10/dist-packages:${PYTHONPATH} /usr/bin/cmake --install /home/akhil/Downloads/omron_moma_ros2/MOMA_project/src/build/moveit_path_planner
[49.820s] -- Install configuration: ""
[49.830s] -- Installing: /home/akhil/Downloads/omron_moma_ros2/MOMA_project/src/install/moveit_path_planner/lib/moveit_path_planner/moveit_path_planning_server
[49.847s] -- Set runtime path of "/home/akhil/Downloads/omron_moma_ros2/MOMA_project/src/install/moveit_path_planner/lib/moveit_path_planner/moveit_path_planning_server" to ""
[49.847s] -- Installing: /home/akhil/Downloads/omron_moma_ros2/MOMA_project/src/install/moveit_path_planner/share/ament_index/resource_index/package_run_dependencies/moveit_path_planner
[49.854s] -- Installing: /home/akhil/Downloads/omron_moma_ros2/MOMA_project/src/install/moveit_path_planner/share/ament_index/resource_index/parent_prefix_path/moveit_path_planner
[49.857s] -- Installing: /home/akhil/Downloads/omron_moma_ros2/MOMA_project/src/install/moveit_path_planner/share/moveit_path_planner/environment/ament_prefix_path.sh
[49.857s] -- Installing: /home/akhil/Downloads/omron_moma_ros2/MOMA_project/src/install/moveit_path_planner/share/moveit_path_planner/environment/ament_prefix_path.dsv
[49.858s] -- Installing: /home/akhil/Downloads/omron_moma_ros2/MOMA_project/src/install/moveit_path_planner/share/moveit_path_planner/environment/path.sh
[49.858s] -- Installing: /home/akhil/Downloads/omron_moma_ros2/MOMA_project/src/install/moveit_path_planner/share/moveit_path_planner/environment/path.dsv
[49.859s] -- Installing: /home/akhil/Downloads/omron_moma_ros2/MOMA_project/src/install/moveit_path_planner/share/moveit_path_planner/local_setup.bash
[49.859s] -- Installing: /home/akhil/Downloads/omron_moma_ros2/MOMA_project/src/install/moveit_path_planner/share/moveit_path_planner/local_setup.sh
[49.860s] -- Installing: /home/akhil/Downloads/omron_moma_ros2/MOMA_project/src/install/moveit_path_planner/share/moveit_path_planner/local_setup.zsh
[49.861s] -- Installing: /home/akhil/Downloads/omron_moma_ros2/MOMA_project/src/install/moveit_path_planner/share/moveit_path_planner/local_setup.dsv
[49.862s] -- Installing: /home/akhil/Downloads/omron_moma_ros2/MOMA_project/src/install/moveit_path_planner/share/moveit_path_planner/package.dsv
[49.863s] -- Installing: /home/akhil/Downloads/omron_moma_ros2/MOMA_project/src/install/moveit_path_planner/share/ament_index/resource_index/packages/moveit_path_planner
[49.863s] -- Installing: /home/akhil/Downloads/omron_moma_ros2/MOMA_project/src/install/moveit_path_planner/share/moveit_path_planner/cmake/moveit_path_plannerConfig.cmake
[49.864s] -- Installing: /home/akhil/Downloads/omron_moma_ros2/MOMA_project/src/install/moveit_path_planner/share/moveit_path_planner/cmake/moveit_path_plannerConfig-version.cmake
[49.865s] -- Installing: /home/akhil/Downloads/omron_moma_ros2/MOMA_project/src/install/moveit_path_planner/share/moveit_path_planner/package.xml
[49.877s] Invoked command in '/home/akhil/Downloads/omron_moma_ros2/MOMA_project/src/build/moveit_path_planner' returned '0': AMENT_PREFIX_PATH=/home/akhil/Downloads/omron_moma_ros2/MOMA_project/src/install/tm_msgs:${AMENT_PREFIX_PATH} CMAKE_PREFIX_PATH=/home/akhil/Downloads/omron_moma_ros2/MOMA_project/src/install/tm_msgs:/opt/ros/humble LD_LIBRARY_PATH=/home/akhil/Downloads/omron_moma_ros2/MOMA_project/src/install/tm_msgs/lib:${LD_LIBRARY_PATH} PYTHONPATH=/home/akhil/Downloads/omron_moma_ros2/MOMA_project/src/install/tm_msgs/local/lib/python3.10/dist-packages:${PYTHONPATH} /usr/bin/cmake --install /home/akhil/Downloads/omron_moma_ros2/MOMA_project/src/build/moveit_path_planner
