[0.061s] Invoking command in '/home/akhil/Downloads/omron_moma_ros2/build/tm_msgs': CMAKE_PREFIX_PATH=/opt/ros/humble /usr/bin/cmake /home/akhil/Downloads/omron_moma_ros2/MOMA_project/src/tm_msgs -DCMAKE_INSTALL_PREFIX=/home/akhil/Downloads/omron_moma_ros2/install/tm_msgs
[0.233s] -- The C compiler identification is GNU 11.4.0
[0.410s] -- The CXX compiler identification is GNU 11.4.0
[0.442s] -- Detecting C compiler ABI info
[0.657s] -- Detecting C compiler ABI info - done
[0.674s] -- Check for working C compiler: /usr/bin/cc - skipped
[0.680s] -- Detecting C compile features
[0.691s] -- Detecting C compile features - done
[0.701s] -- Detecting CXX compiler ABI info
[0.953s] -- Detecting CXX compiler ABI info - done
[0.979s] -- Check for working CXX compiler: /usr/bin/c++ - skipped
[0.980s] -- Detecting CXX compile features
[0.983s] -- Detecting CXX compile features - done
[0.999s] -- Found ament_cmake: 1.3.12 (/opt/ros/humble/share/ament_cmake/cmake)
[1.477s] -- Found Python3: /usr/bin/python3 (found version "3.10.12") found components: Interpreter 
[1.736s] -- Found std_msgs: 4.9.0 (/opt/ros/humble/share/std_msgs/cmake)
[1.820s] -- Found rosidl_generator_c: 3.1.7 (/opt/ros/humble/share/rosidl_generator_c/cmake)
[1.840s] -- Found rosidl_adapter: 3.1.7 (/opt/ros/humble/share/rosidl_adapter/cmake)
[1.861s] -- Found rosidl_generator_cpp: 3.1.7 (/opt/ros/humble/share/rosidl_generator_cpp/cmake)
[1.889s] -- Using all available rosidl_typesupport_c: rosidl_typesupport_fastrtps_c;rosidl_typesupport_introspection_c
[1.927s] -- Using all available rosidl_typesupport_cpp: rosidl_typesupport_fastrtps_cpp;rosidl_typesupport_introspection_cpp
[1.987s] -- Found rosidl_default_generators: 1.2.0 (/opt/ros/humble/share/rosidl_default_generators/cmake)
[3.145s] -- Found ament_cmake_ros: 0.10.0 (/opt/ros/humble/share/ament_cmake_ros/cmake)
[4.252s] -- Using all available rosidl_typesupport_c: rosidl_typesupport_fastrtps_c;rosidl_typesupport_introspection_c
[4.630s] -- Using all available rosidl_typesupport_cpp: rosidl_typesupport_fastrtps_cpp;rosidl_typesupport_introspection_cpp
[4.696s] -- Found PythonInterp: /usr/bin/python3 (found suitable version "3.10.12", minimum required is "3.6") 
[4.699s] -- Found python_cmake_module: 0.10.0 (/opt/ros/humble/share/python_cmake_module/cmake)
[4.775s] -- Found PythonLibs: /usr/lib/aarch64-linux-gnu/libpython3.10.so (found suitable version "3.10.12", minimum required is "3.5") 
[4.775s] -- Using PYTHON_EXECUTABLE: /usr/bin/python3
[4.775s] -- Using PYTHON_INCLUDE_DIRS: /usr/include/python3.10
[4.775s] -- Using PYTHON_LIBRARIES: /usr/lib/aarch64-linux-gnu/libpython3.10.so
[4.834s] -- Found PythonExtra: .so  
[4.981s] -- Configuring done
[5.151s] -- Generating done
[5.197s] -- Build files have been written to: /home/akhil/Downloads/omron_moma_ros2/build/tm_msgs
[5.242s] Invoked command in '/home/akhil/Downloads/omron_moma_ros2/build/tm_msgs' returned '0': CMAKE_PREFIX_PATH=/opt/ros/humble /usr/bin/cmake /home/akhil/Downloads/omron_moma_ros2/MOMA_project/src/tm_msgs -DCMAKE_INSTALL_PREFIX=/home/akhil/Downloads/omron_moma_ros2/install/tm_msgs
[5.243s] Invoking command in '/home/akhil/Downloads/omron_moma_ros2/build/tm_msgs': CMAKE_PREFIX_PATH=/opt/ros/humble /usr/bin/cmake --build /home/akhil/Downloads/omron_moma_ros2/build/tm_msgs -- -j6 -l6
[5.589s] [  1%] [34m[1mGenerating C code for ROS interfaces[0m
[5.645s] [  1%] [34m[1mGenerating C++ code for ROS interfaces[0m
[5.732s] [  1%] Built target ament_cmake_python_copy_tm_msgs
[7.112s] running egg_info
[7.115s] creating tm_msgs.egg-info
[7.116s] writing tm_msgs.egg-info/PKG-INFO
[7.117s] writing dependency_links to tm_msgs.egg-info/dependency_links.txt
[7.118s] writing top-level names to tm_msgs.egg-info/top_level.txt
[7.125s] writing manifest file 'tm_msgs.egg-info/SOURCES.txt'
[7.136s] reading manifest file 'tm_msgs.egg-info/SOURCES.txt'
[7.152s] writing manifest file 'tm_msgs.egg-info/SOURCES.txt'
[7.494s] [  1%] Built target ament_cmake_python_build_tm_msgs_egg
[17.143s] [  1%] Built target tm_msgs__cpp
[17.256s] [  2%] [34m[1mGenerating C++ type support dispatch for ROS interfaces[0m
[17.297s] [  3%] [34m[1mGenerating C++ type support for eProsima Fast-RTPS[0m
[17.394s] [  3%] [34m[1mGenerating C++ introspection for ROS interfaces[0m
[18.442s] [  3%] [32mBuilding C object CMakeFiles/tm_msgs__rosidl_generator_c.dir/rosidl_generator_c/tm_msgs/msg/detail/feedback_state__functions.c.o[0m
[18.458s] [  4%] [32mBuilding C object CMakeFiles/tm_msgs__rosidl_generator_c.dir/rosidl_generator_c/tm_msgs/msg/detail/svr_response__functions.c.o[0m
[18.482s] [  5%] [32mBuilding C object CMakeFiles/tm_msgs__rosidl_generator_c.dir/rosidl_generator_c/tm_msgs/msg/detail/sct_response__functions.c.o[0m
[21.974s] [  6%] [32mBuilding C object CMakeFiles/tm_msgs__rosidl_generator_c.dir/rosidl_generator_c/tm_msgs/msg/detail/sta_response__functions.c.o[0m
[22.005s] [  6%] [32mBuilding C object CMakeFiles/tm_msgs__rosidl_generator_c.dir/rosidl_generator_c/tm_msgs/srv/detail/connect_tm__functions.c.o[0m
[22.025s] [  7%] [32mBuilding C object CMakeFiles/tm_msgs__rosidl_generator_c.dir/rosidl_generator_c/tm_msgs/srv/detail/write_item__functions.c.o[0m
[22.523s] [  8%] [32mBuilding C object CMakeFiles/tm_msgs__rosidl_generator_c.dir/rosidl_generator_c/tm_msgs/srv/detail/wireless_info__functions.c.o[0m
[22.546s] [  9%] [32mBuilding C object CMakeFiles/tm_msgs__rosidl_generator_c.dir/rosidl_generator_c/tm_msgs/srv/detail/ask_item__functions.c.o[0m
[22.637s] [  9%] [32mBuilding C object CMakeFiles/tm_msgs__rosidl_generator_c.dir/rosidl_generator_c/tm_msgs/srv/detail/send_script__functions.c.o[0m
[23.183s] [ 10%] [32mBuilding C object CMakeFiles/tm_msgs__rosidl_generator_c.dir/rosidl_generator_c/tm_msgs/srv/detail/set_event__functions.c.o[0m
[23.220s] [ 11%] [32mBuilding C object CMakeFiles/tm_msgs__rosidl_generator_c.dir/rosidl_generator_c/tm_msgs/srv/detail/set_io__functions.c.o[0m
[23.251s] [ 12%] [32mBuilding C object CMakeFiles/tm_msgs__rosidl_generator_c.dir/rosidl_generator_c/tm_msgs/srv/detail/set_positions__functions.c.o[0m
[23.691s] [ 12%] [32mBuilding C object CMakeFiles/tm_msgs__rosidl_generator_c.dir/rosidl_generator_c/tm_msgs/srv/detail/ask_sta__functions.c.o[0m
[23.713s] [ 13%] [32mBuilding C object CMakeFiles/tm_msgs__rosidl_generator_c.dir/rosidl_generator_c/tm_msgs/srv/detail/movement_request__functions.c.o[0m
[24.290s] [ 14%] [32m[1mLinking C shared library libtm_msgs__rosidl_generator_c.so[0m
[24.368s] [ 15%] [32mBuilding CXX object CMakeFiles/tm_msgs__rosidl_typesupport_cpp.dir/rosidl_typesupport_cpp/tm_msgs/msg/svr_response__type_support.cpp.o[0m
[24.428s] [ 16%] [32mBuilding CXX object CMakeFiles/tm_msgs__rosidl_typesupport_cpp.dir/rosidl_typesupport_cpp/tm_msgs/msg/feedback_state__type_support.cpp.o[0m
[24.462s] [ 16%] [32mBuilding CXX object CMakeFiles/tm_msgs__rosidl_typesupport_cpp.dir/rosidl_typesupport_cpp/tm_msgs/msg/sct_response__type_support.cpp.o[0m
[24.603s] [ 16%] Built target tm_msgs__rosidl_generator_c
[24.965s] [ 17%] [32mBuilding CXX object CMakeFiles/tm_msgs__rosidl_typesupport_introspection_cpp.dir/rosidl_typesupport_introspection_cpp/tm_msgs/msg/detail/feedback_state__type_support.cpp.o[0m
[25.529s] [ 18%] [32mBuilding CXX object CMakeFiles/tm_msgs__rosidl_typesupport_introspection_cpp.dir/rosidl_typesupport_introspection_cpp/tm_msgs/msg/detail/svr_response__type_support.cpp.o[0m
[25.574s] [ 19%] [32mBuilding CXX object CMakeFiles/tm_msgs__rosidl_typesupport_cpp.dir/rosidl_typesupport_cpp/tm_msgs/msg/sta_response__type_support.cpp.o[0m
[26.210s] [ 20%] [32mBuilding CXX object CMakeFiles/tm_msgs__rosidl_typesupport_cpp.dir/rosidl_typesupport_cpp/tm_msgs/srv/connect_tm__type_support.cpp.o[0m
[26.264s] [ 20%] [32mBuilding CXX object CMakeFiles/tm_msgs__rosidl_typesupport_cpp.dir/rosidl_typesupport_cpp/tm_msgs/srv/write_item__type_support.cpp.o[0m
[26.881s] [ 21%] [32mBuilding CXX object CMakeFiles/tm_msgs__rosidl_typesupport_fastrtps_cpp.dir/rosidl_typesupport_fastrtps_cpp/tm_msgs/msg/detail/dds_fastrtps/feedback_state__type_support.cpp.o[0m
[27.192s] [ 22%] [32mBuilding CXX object CMakeFiles/tm_msgs__rosidl_typesupport_fastrtps_cpp.dir/rosidl_typesupport_fastrtps_cpp/tm_msgs/msg/detail/dds_fastrtps/svr_response__type_support.cpp.o[0m
[28.203s] [ 23%] [32mBuilding CXX object CMakeFiles/tm_msgs__rosidl_typesupport_cpp.dir/rosidl_typesupport_cpp/tm_msgs/srv/wireless_info__type_support.cpp.o[0m
[28.423s] [ 24%] [32mBuilding CXX object CMakeFiles/tm_msgs__rosidl_typesupport_introspection_cpp.dir/rosidl_typesupport_introspection_cpp/tm_msgs/msg/detail/sct_response__type_support.cpp.o[0m
[29.656s] [ 25%] [32mBuilding CXX object CMakeFiles/tm_msgs__rosidl_typesupport_cpp.dir/rosidl_typesupport_cpp/tm_msgs/srv/ask_item__type_support.cpp.o[0m
[29.954s] [ 25%] [32mBuilding CXX object CMakeFiles/tm_msgs__rosidl_typesupport_fastrtps_cpp.dir/rosidl_typesupport_fastrtps_cpp/tm_msgs/msg/detail/dds_fastrtps/sct_response__type_support.cpp.o[0m
[29.992s] [ 25%] [32mBuilding CXX object CMakeFiles/tm_msgs__rosidl_typesupport_introspection_cpp.dir/rosidl_typesupport_introspection_cpp/tm_msgs/msg/detail/sta_response__type_support.cpp.o[0m
[30.466s] [ 26%] [32mBuilding CXX object CMakeFiles/tm_msgs__rosidl_typesupport_cpp.dir/rosidl_typesupport_cpp/tm_msgs/srv/send_script__type_support.cpp.o[0m
[31.100s] [ 27%] [32mBuilding CXX object CMakeFiles/tm_msgs__rosidl_typesupport_introspection_cpp.dir/rosidl_typesupport_introspection_cpp/tm_msgs/srv/detail/connect_tm__type_support.cpp.o[0m
[31.121s] [ 28%] [32mBuilding CXX object CMakeFiles/tm_msgs__rosidl_typesupport_fastrtps_cpp.dir/rosidl_typesupport_fastrtps_cpp/tm_msgs/msg/detail/dds_fastrtps/sta_response__type_support.cpp.o[0m
[31.207s] [ 28%] [32mBuilding CXX object CMakeFiles/tm_msgs__rosidl_typesupport_cpp.dir/rosidl_typesupport_cpp/tm_msgs/srv/set_event__type_support.cpp.o[0m
[31.989s] [ 29%] [32mBuilding CXX object CMakeFiles/tm_msgs__rosidl_typesupport_cpp.dir/rosidl_typesupport_cpp/tm_msgs/srv/set_io__type_support.cpp.o[0m
[32.218s] [ 30%] [32mBuilding CXX object CMakeFiles/tm_msgs__rosidl_typesupport_introspection_cpp.dir/rosidl_typesupport_introspection_cpp/tm_msgs/srv/detail/write_item__type_support.cpp.o[0m
[32.230s] [ 31%] [32mBuilding CXX object CMakeFiles/tm_msgs__rosidl_typesupport_fastrtps_cpp.dir/rosidl_typesupport_fastrtps_cpp/tm_msgs/srv/detail/dds_fastrtps/connect_tm__type_support.cpp.o[0m
[32.786s] [ 32%] [32mBuilding CXX object CMakeFiles/tm_msgs__rosidl_typesupport_cpp.dir/rosidl_typesupport_cpp/tm_msgs/srv/set_positions__type_support.cpp.o[0m
[33.324s] [ 33%] [32mBuilding CXX object CMakeFiles/tm_msgs__rosidl_typesupport_introspection_cpp.dir/rosidl_typesupport_introspection_cpp/tm_msgs/srv/detail/wireless_info__type_support.cpp.o[0m
[33.427s] [ 34%] [32mBuilding CXX object CMakeFiles/tm_msgs__rosidl_typesupport_fastrtps_cpp.dir/rosidl_typesupport_fastrtps_cpp/tm_msgs/srv/detail/dds_fastrtps/write_item__type_support.cpp.o[0m
[33.553s] [ 35%] [32mBuilding CXX object CMakeFiles/tm_msgs__rosidl_typesupport_cpp.dir/rosidl_typesupport_cpp/tm_msgs/srv/ask_sta__type_support.cpp.o[0m
[34.344s] [ 35%] [32mBuilding CXX object CMakeFiles/tm_msgs__rosidl_typesupport_cpp.dir/rosidl_typesupport_cpp/tm_msgs/srv/movement_request__type_support.cpp.o[0m
[34.429s] [ 35%] [32mBuilding CXX object CMakeFiles/tm_msgs__rosidl_typesupport_introspection_cpp.dir/rosidl_typesupport_introspection_cpp/tm_msgs/srv/detail/ask_item__type_support.cpp.o[0m
[34.576s] [ 35%] [32mBuilding CXX object CMakeFiles/tm_msgs__rosidl_typesupport_fastrtps_cpp.dir/rosidl_typesupport_fastrtps_cpp/tm_msgs/srv/detail/dds_fastrtps/wireless_info__type_support.cpp.o[0m
[35.110s] [ 36%] [32m[1mLinking CXX shared library libtm_msgs__rosidl_typesupport_cpp.so[0m
[35.234s] [ 36%] Built target tm_msgs__rosidl_typesupport_cpp
[35.539s] [ 37%] [32mBuilding CXX object CMakeFiles/tm_msgs__rosidl_typesupport_introspection_cpp.dir/rosidl_typesupport_introspection_cpp/tm_msgs/srv/detail/send_script__type_support.cpp.o[0m
[35.770s] [ 38%] [32mBuilding CXX object CMakeFiles/tm_msgs__rosidl_typesupport_fastrtps_cpp.dir/rosidl_typesupport_fastrtps_cpp/tm_msgs/srv/detail/dds_fastrtps/ask_item__type_support.cpp.o[0m
[36.621s] [ 39%] [32mBuilding CXX object CMakeFiles/tm_msgs__rosidl_typesupport_introspection_cpp.dir/rosidl_typesupport_introspection_cpp/tm_msgs/srv/detail/set_event__type_support.cpp.o[0m
[36.955s] [ 40%] [32mBuilding CXX object CMakeFiles/tm_msgs__rosidl_typesupport_fastrtps_cpp.dir/rosidl_typesupport_fastrtps_cpp/tm_msgs/srv/detail/dds_fastrtps/send_script__type_support.cpp.o[0m
[37.688s] [ 41%] [32mBuilding CXX object CMakeFiles/tm_msgs__rosidl_typesupport_fastrtps_cpp.dir/rosidl_typesupport_fastrtps_cpp/tm_msgs/srv/detail/dds_fastrtps/set_event__type_support.cpp.o[0m
[37.693s] [ 42%] [32mBuilding CXX object CMakeFiles/tm_msgs__rosidl_typesupport_introspection_cpp.dir/rosidl_typesupport_introspection_cpp/tm_msgs/srv/detail/set_io__type_support.cpp.o[0m
[38.155s] [ 42%] [32mBuilding CXX object CMakeFiles/tm_msgs__rosidl_typesupport_fastrtps_cpp.dir/rosidl_typesupport_fastrtps_cpp/tm_msgs/srv/detail/dds_fastrtps/set_io__type_support.cpp.o[0m
[38.879s] [ 42%] [32mBuilding CXX object CMakeFiles/tm_msgs__rosidl_typesupport_introspection_cpp.dir/rosidl_typesupport_introspection_cpp/tm_msgs/srv/detail/set_positions__type_support.cpp.o[0m
[38.903s] [ 43%] [32mBuilding CXX object CMakeFiles/tm_msgs__rosidl_typesupport_fastrtps_cpp.dir/rosidl_typesupport_fastrtps_cpp/tm_msgs/srv/detail/dds_fastrtps/set_positions__type_support.cpp.o[0m
[39.332s] [ 44%] [32mBuilding CXX object CMakeFiles/tm_msgs__rosidl_typesupport_fastrtps_cpp.dir/rosidl_typesupport_fastrtps_cpp/tm_msgs/srv/detail/dds_fastrtps/ask_sta__type_support.cpp.o[0m
[40.135s] [ 45%] [32mBuilding CXX object CMakeFiles/tm_msgs__rosidl_typesupport_introspection_cpp.dir/rosidl_typesupport_introspection_cpp/tm_msgs/srv/detail/ask_sta__type_support.cpp.o[0m
[40.215s] [ 46%] [32mBuilding CXX object CMakeFiles/tm_msgs__rosidl_typesupport_fastrtps_cpp.dir/rosidl_typesupport_fastrtps_cpp/tm_msgs/srv/detail/dds_fastrtps/movement_request__type_support.cpp.o[0m
[40.555s] [ 47%] [32mBuilding CXX object CMakeFiles/tm_msgs__rosidl_typesupport_introspection_cpp.dir/rosidl_typesupport_introspection_cpp/tm_msgs/srv/detail/movement_request__type_support.cpp.o[0m
[41.646s] [ 47%] [32m[1mLinking CXX shared library libtm_msgs__rosidl_typesupport_fastrtps_cpp.so[0m
[41.792s] [ 48%] [32m[1mLinking CXX shared library libtm_msgs__rosidl_typesupport_introspection_cpp.so[0m
[41.951s] [ 48%] Built target tm_msgs__rosidl_typesupport_fastrtps_cpp
[41.983s] [ 49%] [34m[1mGenerating C type support dispatch for ROS interfaces[0m
[42.076s] [ 49%] Built target tm_msgs__rosidl_typesupport_introspection_cpp
[42.110s] [ 50%] [34m[1mGenerating C introspection for ROS interfaces[0m
[45.617s] [ 51%] [32mBuilding CXX object CMakeFiles/tm_msgs__rosidl_typesupport_c.dir/rosidl_typesupport_c/tm_msgs/msg/feedback_state__type_support.cpp.o[0m
[45.618s] [ 51%] [32mBuilding CXX object CMakeFiles/tm_msgs__rosidl_typesupport_c.dir/rosidl_typesupport_c/tm_msgs/msg/svr_response__type_support.cpp.o[0m
[45.731s] [ 52%] [32mBuilding CXX object CMakeFiles/tm_msgs__rosidl_typesupport_c.dir/rosidl_typesupport_c/tm_msgs/msg/sta_response__type_support.cpp.o[0m
[45.741s] [ 53%] [32mBuilding CXX object CMakeFiles/tm_msgs__rosidl_typesupport_c.dir/rosidl_typesupport_c/tm_msgs/msg/sct_response__type_support.cpp.o[0m
[45.821s] [ 54%] [32mBuilding CXX object CMakeFiles/tm_msgs__rosidl_typesupport_c.dir/rosidl_typesupport_c/tm_msgs/srv/write_item__type_support.cpp.o[0m
[45.830s] [ 55%] [32mBuilding CXX object CMakeFiles/tm_msgs__rosidl_typesupport_c.dir/rosidl_typesupport_c/tm_msgs/srv/wireless_info__type_support.cpp.o[0m
[45.917s] [ 56%] [32mBuilding CXX object CMakeFiles/tm_msgs__rosidl_typesupport_c.dir/rosidl_typesupport_c/tm_msgs/srv/send_script__type_support.cpp.o[0m
[45.917s] [ 56%] [32mBuilding CXX object CMakeFiles/tm_msgs__rosidl_typesupport_c.dir/rosidl_typesupport_c/tm_msgs/srv/ask_item__type_support.cpp.o[0m
[46.212s] [ 57%] [32mBuilding CXX object CMakeFiles/tm_msgs__rosidl_typesupport_c.dir/rosidl_typesupport_c/tm_msgs/srv/set_event__type_support.cpp.o[0m
[46.242s] [ 58%] [32mBuilding CXX object CMakeFiles/tm_msgs__rosidl_typesupport_c.dir/rosidl_typesupport_c/tm_msgs/srv/set_io__type_support.cpp.o[0m
[46.338s] [ 59%] [32mBuilding CXX object CMakeFiles/tm_msgs__rosidl_typesupport_c.dir/rosidl_typesupport_c/tm_msgs/srv/set_positions__type_support.cpp.o[0m
[46.352s] [ 59%] [32mBuilding CXX object CMakeFiles/tm_msgs__rosidl_typesupport_c.dir/rosidl_typesupport_c/tm_msgs/srv/connect_tm__type_support.cpp.o[0m
[46.480s] [ 59%] [32mBuilding CXX object CMakeFiles/tm_msgs__rosidl_typesupport_c.dir/rosidl_typesupport_c/tm_msgs/srv/ask_sta__type_support.cpp.o[0m
[46.503s] [ 60%] [32mBuilding CXX object CMakeFiles/tm_msgs__rosidl_typesupport_c.dir/rosidl_typesupport_c/tm_msgs/srv/movement_request__type_support.cpp.o[0m
[46.655s] [ 61%] [32m[1mLinking CXX shared library libtm_msgs__rosidl_typesupport_c.so[0m
[46.812s] [ 61%] Built target tm_msgs__rosidl_typesupport_c
[46.864s] [ 62%] [34m[1mGenerating C type support for eProsima Fast-RTPS[0m
[46.896s] [ 63%] [32mBuilding C object CMakeFiles/tm_msgs__rosidl_typesupport_introspection_c.dir/rosidl_typesupport_introspection_c/tm_msgs/msg/detail/feedback_state__type_support.c.o[0m
[46.914s] [ 64%] [32mBuilding C object CMakeFiles/tm_msgs__rosidl_typesupport_introspection_c.dir/rosidl_typesupport_introspection_c/tm_msgs/msg/detail/svr_response__type_support.c.o[0m
[47.056s] [ 65%] [32mBuilding C object CMakeFiles/tm_msgs__rosidl_typesupport_introspection_c.dir/rosidl_typesupport_introspection_c/tm_msgs/srv/detail/connect_tm__type_support.c.o[0m
[47.189s] [ 65%] [32mBuilding C object CMakeFiles/tm_msgs__rosidl_typesupport_introspection_c.dir/rosidl_typesupport_introspection_c/tm_msgs/srv/detail/wireless_info__type_support.c.o[0m
[47.198s] [ 66%] [32mBuilding C object CMakeFiles/tm_msgs__rosidl_typesupport_introspection_c.dir/rosidl_typesupport_introspection_c/tm_msgs/srv/detail/write_item__type_support.c.o[0m
[47.305s] [ 67%] [32mBuilding C object CMakeFiles/tm_msgs__rosidl_typesupport_introspection_c.dir/rosidl_typesupport_introspection_c/tm_msgs/srv/detail/ask_item__type_support.c.o[0m
[47.410s] [ 68%] [32mBuilding C object CMakeFiles/tm_msgs__rosidl_typesupport_introspection_c.dir/rosidl_typesupport_introspection_c/tm_msgs/srv/detail/send_script__type_support.c.o[0m
[47.453s] [ 68%] [32mBuilding C object CMakeFiles/tm_msgs__rosidl_typesupport_introspection_c.dir/rosidl_typesupport_introspection_c/tm_msgs/srv/detail/set_event__type_support.c.o[0m
[47.581s] [ 69%] [32mBuilding C object CMakeFiles/tm_msgs__rosidl_typesupport_introspection_c.dir/rosidl_typesupport_introspection_c/tm_msgs/srv/detail/set_io__type_support.c.o[0m
[47.606s] [ 70%] [32mBuilding C object CMakeFiles/tm_msgs__rosidl_typesupport_introspection_c.dir/rosidl_typesupport_introspection_c/tm_msgs/srv/detail/set_positions__type_support.c.o[0m
[47.786s] [ 71%] [32mBuilding C object CMakeFiles/tm_msgs__rosidl_typesupport_introspection_c.dir/rosidl_typesupport_introspection_c/tm_msgs/srv/detail/ask_sta__type_support.c.o[0m
[47.805s] [ 71%] [32mBuilding C object CMakeFiles/tm_msgs__rosidl_typesupport_introspection_c.dir/rosidl_typesupport_introspection_c/tm_msgs/srv/detail/movement_request__type_support.c.o[0m
[47.952s] [ 72%] [32mBuilding C object CMakeFiles/tm_msgs__rosidl_typesupport_introspection_c.dir/rosidl_typesupport_introspection_c/tm_msgs/msg/detail/sta_response__type_support.c.o[0m
[48.038s] [ 72%] [32mBuilding C object CMakeFiles/tm_msgs__rosidl_typesupport_introspection_c.dir/rosidl_typesupport_introspection_c/tm_msgs/msg/detail/sct_response__type_support.c.o[0m
[48.167s] [ 73%] [32m[1mLinking C shared library libtm_msgs__rosidl_typesupport_introspection_c.so[0m
[48.302s] [ 73%] Built target tm_msgs__rosidl_typesupport_introspection_c
[51.628s] [ 74%] [32mBuilding CXX object CMakeFiles/tm_msgs__rosidl_typesupport_fastrtps_c.dir/rosidl_typesupport_fastrtps_c/tm_msgs/msg/detail/svr_response__type_support_c.cpp.o[0m
[51.629s] [ 74%] [32mBuilding CXX object CMakeFiles/tm_msgs__rosidl_typesupport_fastrtps_c.dir/rosidl_typesupport_fastrtps_c/tm_msgs/msg/detail/feedback_state__type_support_c.cpp.o[0m
[52.575s] [ 74%] [32mBuilding CXX object CMakeFiles/tm_msgs__rosidl_typesupport_fastrtps_c.dir/rosidl_typesupport_fastrtps_c/tm_msgs/srv/detail/write_item__type_support_c.cpp.o[0m
[52.714s] [ 75%] [32mBuilding CXX object CMakeFiles/tm_msgs__rosidl_typesupport_fastrtps_c.dir/rosidl_typesupport_fastrtps_c/tm_msgs/srv/detail/wireless_info__type_support_c.cpp.o[0m
[53.547s] [ 76%] [32mBuilding CXX object CMakeFiles/tm_msgs__rosidl_typesupport_fastrtps_c.dir/rosidl_typesupport_fastrtps_c/tm_msgs/srv/detail/ask_item__type_support_c.cpp.o[0m
[53.668s] [ 77%] [32mBuilding CXX object CMakeFiles/tm_msgs__rosidl_typesupport_fastrtps_c.dir/rosidl_typesupport_fastrtps_c/tm_msgs/srv/detail/send_script__type_support_c.cpp.o[0m
[54.544s] [ 77%] [32mBuilding CXX object CMakeFiles/tm_msgs__rosidl_typesupport_fastrtps_c.dir/rosidl_typesupport_fastrtps_c/tm_msgs/srv/detail/set_event__type_support_c.cpp.o[0m
[54.645s] [ 78%] [32mBuilding CXX object CMakeFiles/tm_msgs__rosidl_typesupport_fastrtps_c.dir/rosidl_typesupport_fastrtps_c/tm_msgs/srv/detail/set_io__type_support_c.cpp.o[0m
[54.673s] [ 79%] [32mBuilding CXX object CMakeFiles/tm_msgs__rosidl_typesupport_fastrtps_c.dir/rosidl_typesupport_fastrtps_c/tm_msgs/srv/detail/set_positions__type_support_c.cpp.o[0m
[55.531s] [ 80%] [32mBuilding CXX object CMakeFiles/tm_msgs__rosidl_typesupport_fastrtps_c.dir/rosidl_typesupport_fastrtps_c/tm_msgs/srv/detail/connect_tm__type_support_c.cpp.o[0m
[55.603s] [ 81%] [32mBuilding CXX object CMakeFiles/tm_msgs__rosidl_typesupport_fastrtps_c.dir/rosidl_typesupport_fastrtps_c/tm_msgs/srv/detail/ask_sta__type_support_c.cpp.o[0m
[55.690s] [ 81%] [32mBuilding CXX object CMakeFiles/tm_msgs__rosidl_typesupport_fastrtps_c.dir/rosidl_typesupport_fastrtps_c/tm_msgs/srv/detail/movement_request__type_support_c.cpp.o[0m
[56.541s] [ 82%] [32mBuilding CXX object CMakeFiles/tm_msgs__rosidl_typesupport_fastrtps_c.dir/rosidl_typesupport_fastrtps_c/tm_msgs/msg/detail/sta_response__type_support_c.cpp.o[0m
[56.604s] [ 83%] [32mBuilding CXX object CMakeFiles/tm_msgs__rosidl_typesupport_fastrtps_c.dir/rosidl_typesupport_fastrtps_c/tm_msgs/msg/detail/sct_response__type_support_c.cpp.o[0m
[57.529s] [ 84%] [32m[1mLinking CXX shared library libtm_msgs__rosidl_typesupport_fastrtps_c.so[0m
[57.758s] [ 84%] Built target tm_msgs__rosidl_typesupport_fastrtps_c
[57.815s] [ 84%] Built target tm_msgs
[57.874s] [ 85%] [34m[1mGenerating Python code for ROS interfaces[0m
[66.364s] [ 85%] Built target tm_msgs__py
[66.425s] [ 87%] [32mBuilding C object CMakeFiles/tm_msgs__rosidl_generator_py.dir/rosidl_generator_py/tm_msgs/msg/_svr_response_s.c.o[0m
[66.425s] [ 87%] [32mBuilding C object CMakeFiles/tm_msgs__rosidl_generator_py.dir/rosidl_generator_py/tm_msgs/msg/_feedback_state_s.c.o[0m
[66.426s] [ 87%] [32mBuilding C object CMakeFiles/tm_msgs__rosidl_generator_py.dir/rosidl_generator_py/tm_msgs/msg/_sct_response_s.c.o[0m
[66.759s] [ 89%] [32mBuilding C object CMakeFiles/tm_msgs__rosidl_generator_py.dir/rosidl_generator_py/tm_msgs/msg/_sta_response_s.c.o[0m
[66.759s] [ 89%] [32mBuilding C object CMakeFiles/tm_msgs__rosidl_generator_py.dir/rosidl_generator_py/tm_msgs/srv/_write_item_s.c.o[0m
[66.760s] [ 89%] [32mBuilding C object CMakeFiles/tm_msgs__rosidl_generator_py.dir/rosidl_generator_py/tm_msgs/srv/_connect_tm_s.c.o[0m
[67.089s] [ 90%] [32mBuilding C object CMakeFiles/tm_msgs__rosidl_generator_py.dir/rosidl_generator_py/tm_msgs/srv/_ask_item_s.c.o[0m
[67.101s] [ 91%] [32mBuilding C object CMakeFiles/tm_msgs__rosidl_generator_py.dir/rosidl_generator_py/tm_msgs/srv/_send_script_s.c.o[0m
[67.102s] [ 91%] [32mBuilding C object CMakeFiles/tm_msgs__rosidl_generator_py.dir/rosidl_generator_py/tm_msgs/srv/_set_event_s.c.o[0m
[67.148s] [ 92%] [32mBuilding C object CMakeFiles/tm_msgs__rosidl_generator_py.dir/rosidl_generator_py/tm_msgs/srv/_set_io_s.c.o[0m
[67.410s] [ 92%] [32mBuilding C object CMakeFiles/tm_msgs__rosidl_generator_py.dir/rosidl_generator_py/tm_msgs/srv/_ask_sta_s.c.o[0m
[67.427s] [ 93%] [32mBuilding C object CMakeFiles/tm_msgs__rosidl_generator_py.dir/rosidl_generator_py/tm_msgs/srv/_movement_request_s.c.o[0m
[67.458s] [ 94%] [32mBuilding C object CMakeFiles/tm_msgs__rosidl_generator_py.dir/rosidl_generator_py/tm_msgs/srv/_set_positions_s.c.o[0m
[67.734s] [ 95%] [32mBuilding C object CMakeFiles/tm_msgs__rosidl_generator_py.dir/rosidl_generator_py/tm_msgs/srv/_wireless_info_s.c.o[0m
[68.022s] [ 96%] [32m[1mLinking C shared library rosidl_generator_py/tm_msgs/libtm_msgs__rosidl_generator_py.so[0m
[68.141s] [ 96%] Built target tm_msgs__rosidl_generator_py
[68.198s] [ 97%] [32mBuilding C object CMakeFiles/tm_msgs__rosidl_typesupport_introspection_c__pyext.dir/rosidl_generator_py/tm_msgs/_tm_msgs_s.ep.rosidl_typesupport_introspection_c.c.o[0m
[68.198s] [ 98%] [32mBuilding C object CMakeFiles/tm_msgs__rosidl_typesupport_fastrtps_c__pyext.dir/rosidl_generator_py/tm_msgs/_tm_msgs_s.ep.rosidl_typesupport_fastrtps_c.c.o[0m
[68.680s] [ 99%] [32m[1mLinking C shared library rosidl_generator_py/tm_msgs/tm_msgs_s__rosidl_typesupport_fastrtps_c.cpython-310-aarch64-linux-gnu.so[0m
[68.680s] [ 99%] [32m[1mLinking C shared library rosidl_generator_py/tm_msgs/tm_msgs_s__rosidl_typesupport_introspection_c.cpython-310-aarch64-linux-gnu.so[0m
[68.800s] [ 99%] Built target tm_msgs__rosidl_typesupport_fastrtps_c__pyext
[68.800s] [ 99%] Built target tm_msgs__rosidl_typesupport_introspection_c__pyext
[68.859s] [100%] [32mBuilding C object CMakeFiles/tm_msgs__rosidl_typesupport_c__pyext.dir/rosidl_generator_py/tm_msgs/_tm_msgs_s.ep.rosidl_typesupport_c.c.o[0m
[69.293s] [100%] [32m[1mLinking C shared library rosidl_generator_py/tm_msgs/tm_msgs_s__rosidl_typesupport_c.cpython-310-aarch64-linux-gnu.so[0m
[69.399s] [100%] Built target tm_msgs__rosidl_typesupport_c__pyext
[69.439s] Invoked command in '/home/akhil/Downloads/omron_moma_ros2/build/tm_msgs' returned '0': CMAKE_PREFIX_PATH=/opt/ros/humble /usr/bin/cmake --build /home/akhil/Downloads/omron_moma_ros2/build/tm_msgs -- -j6 -l6
[69.451s] Invoking command in '/home/akhil/Downloads/omron_moma_ros2/build/tm_msgs': CMAKE_PREFIX_PATH=/opt/ros/humble /usr/bin/cmake --install /home/akhil/Downloads/omron_moma_ros2/build/tm_msgs
[69.473s] -- Install configuration: ""
[69.473s] -- Installing: /home/akhil/Downloads/omron_moma_ros2/install/tm_msgs/share/ament_index/resource_index/rosidl_interfaces/tm_msgs
[69.474s] -- Installing: /home/akhil/Downloads/omron_moma_ros2/install/tm_msgs/include/tm_msgs/tm_msgs
[69.474s] -- Installing: /home/akhil/Downloads/omron_moma_ros2/install/tm_msgs/include/tm_msgs/tm_msgs/msg
[69.474s] -- Installing: /home/akhil/Downloads/omron_moma_ros2/install/tm_msgs/include/tm_msgs/tm_msgs/msg/rosidl_generator_c__visibility_control.h
[69.474s] -- Installing: /home/akhil/Downloads/omron_moma_ros2/install/tm_msgs/include/tm_msgs/tm_msgs/msg/feedback_state.h
[69.475s] -- Installing: /home/akhil/Downloads/omron_moma_ros2/install/tm_msgs/include/tm_msgs/tm_msgs/msg/sct_response.h
[69.475s] -- Installing: /home/akhil/Downloads/omron_moma_ros2/install/tm_msgs/include/tm_msgs/tm_msgs/msg/detail
[69.475s] -- Installing: /home/akhil/Downloads/omron_moma_ros2/install/tm_msgs/include/tm_msgs/tm_msgs/msg/detail/sct_response__struct.h
[69.476s] -- Installing: /home/akhil/Downloads/omron_moma_ros2/install/tm_msgs/include/tm_msgs/tm_msgs/msg/detail/feedback_state__functions.h
[69.476s] -- Installing: /home/akhil/Downloads/omron_moma_ros2/install/tm_msgs/include/tm_msgs/tm_msgs/msg/detail/feedback_state__type_support.h
[69.476s] -- Installing: /home/akhil/Downloads/omron_moma_ros2/install/tm_msgs/include/tm_msgs/tm_msgs/msg/detail/sta_response__type_support.h
[69.476s] -- Installing: /home/akhil/Downloads/omron_moma_ros2/install/tm_msgs/include/tm_msgs/tm_msgs/msg/detail/svr_response__struct.h
[69.477s] -- Installing: /home/akhil/Downloads/omron_moma_ros2/install/tm_msgs/include/tm_msgs/tm_msgs/msg/detail/svr_response__functions.h
[69.477s] -- Installing: /home/akhil/Downloads/omron_moma_ros2/install/tm_msgs/include/tm_msgs/tm_msgs/msg/detail/svr_response__functions.c
[69.477s] -- Installing: /home/akhil/Downloads/omron_moma_ros2/install/tm_msgs/include/tm_msgs/tm_msgs/msg/detail/feedback_state__functions.c
[69.478s] -- Installing: /home/akhil/Downloads/omron_moma_ros2/install/tm_msgs/include/tm_msgs/tm_msgs/msg/detail/sta_response__struct.h
[69.478s] -- Installing: /home/akhil/Downloads/omron_moma_ros2/install/tm_msgs/include/tm_msgs/tm_msgs/msg/detail/sct_response__type_support.h
[69.478s] -- Installing: /home/akhil/Downloads/omron_moma_ros2/install/tm_msgs/include/tm_msgs/tm_msgs/msg/detail/sct_response__functions.h
[69.478s] -- Installing: /home/akhil/Downloads/omron_moma_ros2/install/tm_msgs/include/tm_msgs/tm_msgs/msg/detail/feedback_state__struct.h
[69.479s] -- Installing: /home/akhil/Downloads/omron_moma_ros2/install/tm_msgs/include/tm_msgs/tm_msgs/msg/detail/svr_response__type_support.h
[69.479s] -- Installing: /home/akhil/Downloads/omron_moma_ros2/install/tm_msgs/include/tm_msgs/tm_msgs/msg/detail/sta_response__functions.h
[69.480s] -- Installing: /home/akhil/Downloads/omron_moma_ros2/install/tm_msgs/include/tm_msgs/tm_msgs/msg/detail/sct_response__functions.c
[69.480s] -- Installing: /home/akhil/Downloads/omron_moma_ros2/install/tm_msgs/include/tm_msgs/tm_msgs/msg/detail/sta_response__functions.c
[69.480s] -- Installing: /home/akhil/Downloads/omron_moma_ros2/install/tm_msgs/include/tm_msgs/tm_msgs/msg/svr_response.h
[69.481s] -- Installing: /home/akhil/Downloads/omron_moma_ros2/install/tm_msgs/include/tm_msgs/tm_msgs/msg/sta_response.h
[69.481s] -- Installing: /home/akhil/Downloads/omron_moma_ros2/install/tm_msgs/include/tm_msgs/tm_msgs/srv
[69.481s] -- Installing: /home/akhil/Downloads/omron_moma_ros2/install/tm_msgs/include/tm_msgs/tm_msgs/srv/connect_tm.h
[69.481s] -- Installing: /home/akhil/Downloads/omron_moma_ros2/install/tm_msgs/include/tm_msgs/tm_msgs/srv/write_item.h
[69.482s] -- Installing: /home/akhil/Downloads/omron_moma_ros2/install/tm_msgs/include/tm_msgs/tm_msgs/srv/ask_sta.h
[69.482s] -- Installing: /home/akhil/Downloads/omron_moma_ros2/install/tm_msgs/include/tm_msgs/tm_msgs/srv/movement_request.h
[69.482s] -- Installing: /home/akhil/Downloads/omron_moma_ros2/install/tm_msgs/include/tm_msgs/tm_msgs/srv/wireless_info.h
[69.482s] -- Installing: /home/akhil/Downloads/omron_moma_ros2/install/tm_msgs/include/tm_msgs/tm_msgs/srv/detail
[69.483s] -- Installing: /home/akhil/Downloads/omron_moma_ros2/install/tm_msgs/include/tm_msgs/tm_msgs/srv/detail/write_item__functions.c
[69.483s] -- Installing: /home/akhil/Downloads/omron_moma_ros2/install/tm_msgs/include/tm_msgs/tm_msgs/srv/detail/write_item__functions.h
[69.483s] -- Installing: /home/akhil/Downloads/omron_moma_ros2/install/tm_msgs/include/tm_msgs/tm_msgs/srv/detail/connect_tm__struct.h
[69.484s] -- Installing: /home/akhil/Downloads/omron_moma_ros2/install/tm_msgs/include/tm_msgs/tm_msgs/srv/detail/movement_request__struct.h
[69.484s] -- Installing: /home/akhil/Downloads/omron_moma_ros2/install/tm_msgs/include/tm_msgs/tm_msgs/srv/detail/ask_sta__struct.h
[69.484s] -- Installing: /home/akhil/Downloads/omron_moma_ros2/install/tm_msgs/include/tm_msgs/tm_msgs/srv/detail/set_positions__struct.h
[69.484s] -- Installing: /home/akhil/Downloads/omron_moma_ros2/install/tm_msgs/include/tm_msgs/tm_msgs/srv/detail/ask_sta__functions.h
[69.485s] -- Installing: /home/akhil/Downloads/omron_moma_ros2/install/tm_msgs/include/tm_msgs/tm_msgs/srv/detail/set_positions__functions.h
[69.485s] -- Installing: /home/akhil/Downloads/omron_moma_ros2/install/tm_msgs/include/tm_msgs/tm_msgs/srv/detail/wireless_info__type_support.h
[69.485s] -- Installing: /home/akhil/Downloads/omron_moma_ros2/install/tm_msgs/include/tm_msgs/tm_msgs/srv/detail/wireless_info__struct.h
[69.486s] -- Installing: /home/akhil/Downloads/omron_moma_ros2/install/tm_msgs/include/tm_msgs/tm_msgs/srv/detail/ask_item__type_support.h
[69.486s] -- Installing: /home/akhil/Downloads/omron_moma_ros2/install/tm_msgs/include/tm_msgs/tm_msgs/srv/detail/connect_tm__functions.c
[69.486s] -- Installing: /home/akhil/Downloads/omron_moma_ros2/install/tm_msgs/include/tm_msgs/tm_msgs/srv/detail/send_script__struct.h
[69.487s] -- Installing: /home/akhil/Downloads/omron_moma_ros2/install/tm_msgs/include/tm_msgs/tm_msgs/srv/detail/send_script__functions.h
[69.487s] -- Installing: /home/akhil/Downloads/omron_moma_ros2/install/tm_msgs/include/tm_msgs/tm_msgs/srv/detail/set_io__type_support.h
[69.487s] -- Installing: /home/akhil/Downloads/omron_moma_ros2/install/tm_msgs/include/tm_msgs/tm_msgs/srv/detail/set_event__functions.c
[69.487s] -- Installing: /home/akhil/Downloads/omron_moma_ros2/install/tm_msgs/include/tm_msgs/tm_msgs/srv/detail/set_event__type_support.h
[69.488s] -- Installing: /home/akhil/Downloads/omron_moma_ros2/install/tm_msgs/include/tm_msgs/tm_msgs/srv/detail/ask_sta__type_support.h
[69.488s] -- Installing: /home/akhil/Downloads/omron_moma_ros2/install/tm_msgs/include/tm_msgs/tm_msgs/srv/detail/write_item__type_support.h
[69.488s] -- Installing: /home/akhil/Downloads/omron_moma_ros2/install/tm_msgs/include/tm_msgs/tm_msgs/srv/detail/send_script__type_support.h
[69.488s] -- Installing: /home/akhil/Downloads/omron_moma_ros2/install/tm_msgs/include/tm_msgs/tm_msgs/srv/detail/wireless_info__functions.h
[69.489s] -- Installing: /home/akhil/Downloads/omron_moma_ros2/install/tm_msgs/include/tm_msgs/tm_msgs/srv/detail/set_positions__type_support.h
[69.489s] -- Installing: /home/akhil/Downloads/omron_moma_ros2/install/tm_msgs/include/tm_msgs/tm_msgs/srv/detail/ask_item__struct.h
[69.489s] -- Installing: /home/akhil/Downloads/omron_moma_ros2/install/tm_msgs/include/tm_msgs/tm_msgs/srv/detail/set_positions__functions.c
[69.490s] -- Installing: /home/akhil/Downloads/omron_moma_ros2/install/tm_msgs/include/tm_msgs/tm_msgs/srv/detail/connect_tm__functions.h
[69.490s] -- Installing: /home/akhil/Downloads/omron_moma_ros2/install/tm_msgs/include/tm_msgs/tm_msgs/srv/detail/set_io__struct.h
[69.490s] -- Installing: /home/akhil/Downloads/omron_moma_ros2/install/tm_msgs/include/tm_msgs/tm_msgs/srv/detail/write_item__struct.h
[69.490s] -- Installing: /home/akhil/Downloads/omron_moma_ros2/install/tm_msgs/include/tm_msgs/tm_msgs/srv/detail/set_io__functions.c
[69.491s] -- Installing: /home/akhil/Downloads/omron_moma_ros2/install/tm_msgs/include/tm_msgs/tm_msgs/srv/detail/set_event__functions.h
[69.491s] -- Installing: /home/akhil/Downloads/omron_moma_ros2/install/tm_msgs/include/tm_msgs/tm_msgs/srv/detail/ask_sta__functions.c
[69.491s] -- Installing: /home/akhil/Downloads/omron_moma_ros2/install/tm_msgs/include/tm_msgs/tm_msgs/srv/detail/send_script__functions.c
[69.492s] -- Installing: /home/akhil/Downloads/omron_moma_ros2/install/tm_msgs/include/tm_msgs/tm_msgs/srv/detail/set_event__struct.h
[69.492s] -- Installing: /home/akhil/Downloads/omron_moma_ros2/install/tm_msgs/include/tm_msgs/tm_msgs/srv/detail/movement_request__functions.c
[69.493s] -- Installing: /home/akhil/Downloads/omron_moma_ros2/install/tm_msgs/include/tm_msgs/tm_msgs/srv/detail/ask_item__functions.h
[69.493s] -- Installing: /home/akhil/Downloads/omron_moma_ros2/install/tm_msgs/include/tm_msgs/tm_msgs/srv/detail/wireless_info__functions.c
[69.493s] -- Installing: /home/akhil/Downloads/omron_moma_ros2/install/tm_msgs/include/tm_msgs/tm_msgs/srv/detail/movement_request__functions.h
[69.493s] -- Installing: /home/akhil/Downloads/omron_moma_ros2/install/tm_msgs/include/tm_msgs/tm_msgs/srv/detail/connect_tm__type_support.h
[69.494s] -- Installing: /home/akhil/Downloads/omron_moma_ros2/install/tm_msgs/include/tm_msgs/tm_msgs/srv/detail/set_io__functions.h
[69.494s] -- Installing: /home/akhil/Downloads/omron_moma_ros2/install/tm_msgs/include/tm_msgs/tm_msgs/srv/detail/ask_item__functions.c
[69.494s] -- Installing: /home/akhil/Downloads/omron_moma_ros2/install/tm_msgs/include/tm_msgs/tm_msgs/srv/detail/movement_request__type_support.h
[69.495s] -- Installing: /home/akhil/Downloads/omron_moma_ros2/install/tm_msgs/include/tm_msgs/tm_msgs/srv/set_event.h
[69.495s] -- Installing: /home/akhil/Downloads/omron_moma_ros2/install/tm_msgs/include/tm_msgs/tm_msgs/srv/set_positions.h
[69.495s] -- Installing: /home/akhil/Downloads/omron_moma_ros2/install/tm_msgs/include/tm_msgs/tm_msgs/srv/ask_item.h
[69.495s] -- Installing: /home/akhil/Downloads/omron_moma_ros2/install/tm_msgs/include/tm_msgs/tm_msgs/srv/set_io.h
[69.496s] -- Installing: /home/akhil/Downloads/omron_moma_ros2/install/tm_msgs/include/tm_msgs/tm_msgs/srv/send_script.h
[69.496s] -- Installing: /home/akhil/Downloads/omron_moma_ros2/install/tm_msgs/share/tm_msgs/environment/library_path.sh
[69.497s] -- Installing: /home/akhil/Downloads/omron_moma_ros2/install/tm_msgs/share/tm_msgs/environment/library_path.dsv
[69.497s] -- Installing: /home/akhil/Downloads/omron_moma_ros2/install/tm_msgs/lib/libtm_msgs__rosidl_generator_c.so
[69.499s] -- Set runtime path of "/home/akhil/Downloads/omron_moma_ros2/install/tm_msgs/lib/libtm_msgs__rosidl_generator_c.so" to ""
[69.499s] -- Up-to-date: /home/akhil/Downloads/omron_moma_ros2/install/tm_msgs/include/tm_msgs/tm_msgs
[69.499s] -- Up-to-date: /home/akhil/Downloads/omron_moma_ros2/install/tm_msgs/include/tm_msgs/tm_msgs/msg
[69.499s] -- Up-to-date: /home/akhil/Downloads/omron_moma_ros2/install/tm_msgs/include/tm_msgs/tm_msgs/msg/detail
[69.499s] -- Installing: /home/akhil/Downloads/omron_moma_ros2/install/tm_msgs/include/tm_msgs/tm_msgs/msg/detail/sct_response__rosidl_typesupport_fastrtps_c.h
[69.499s] -- Installing: /home/akhil/Downloads/omron_moma_ros2/install/tm_msgs/include/tm_msgs/tm_msgs/msg/detail/sta_response__rosidl_typesupport_fastrtps_c.h
[69.500s] -- Installing: /home/akhil/Downloads/omron_moma_ros2/install/tm_msgs/include/tm_msgs/tm_msgs/msg/detail/svr_response__rosidl_typesupport_fastrtps_c.h
[69.500s] -- Installing: /home/akhil/Downloads/omron_moma_ros2/install/tm_msgs/include/tm_msgs/tm_msgs/msg/detail/feedback_state__rosidl_typesupport_fastrtps_c.h
[69.500s] -- Installing: /home/akhil/Downloads/omron_moma_ros2/install/tm_msgs/include/tm_msgs/tm_msgs/msg/rosidl_typesupport_fastrtps_c__visibility_control.h
[69.501s] -- Up-to-date: /home/akhil/Downloads/omron_moma_ros2/install/tm_msgs/include/tm_msgs/tm_msgs/srv
[69.501s] -- Up-to-date: /home/akhil/Downloads/omron_moma_ros2/install/tm_msgs/include/tm_msgs/tm_msgs/srv/detail
[69.501s] -- Installing: /home/akhil/Downloads/omron_moma_ros2/install/tm_msgs/include/tm_msgs/tm_msgs/srv/detail/send_script__rosidl_typesupport_fastrtps_c.h
[69.501s] -- Installing: /home/akhil/Downloads/omron_moma_ros2/install/tm_msgs/include/tm_msgs/tm_msgs/srv/detail/connect_tm__rosidl_typesupport_fastrtps_c.h
[69.501s] -- Installing: /home/akhil/Downloads/omron_moma_ros2/install/tm_msgs/include/tm_msgs/tm_msgs/srv/detail/movement_request__rosidl_typesupport_fastrtps_c.h
[69.502s] -- Installing: /home/akhil/Downloads/omron_moma_ros2/install/tm_msgs/include/tm_msgs/tm_msgs/srv/detail/set_io__rosidl_typesupport_fastrtps_c.h
[69.502s] -- Installing: /home/akhil/Downloads/omron_moma_ros2/install/tm_msgs/include/tm_msgs/tm_msgs/srv/detail/ask_item__rosidl_typesupport_fastrtps_c.h
[69.502s] -- Installing: /home/akhil/Downloads/omron_moma_ros2/install/tm_msgs/include/tm_msgs/tm_msgs/srv/detail/set_positions__rosidl_typesupport_fastrtps_c.h
[69.503s] -- Installing: /home/akhil/Downloads/omron_moma_ros2/install/tm_msgs/include/tm_msgs/tm_msgs/srv/detail/wireless_info__rosidl_typesupport_fastrtps_c.h
[69.503s] -- Installing: /home/akhil/Downloads/omron_moma_ros2/install/tm_msgs/include/tm_msgs/tm_msgs/srv/detail/set_event__rosidl_typesupport_fastrtps_c.h
[69.503s] -- Installing: /home/akhil/Downloads/omron_moma_ros2/install/tm_msgs/include/tm_msgs/tm_msgs/srv/detail/write_item__rosidl_typesupport_fastrtps_c.h
[69.503s] -- Installing: /home/akhil/Downloads/omron_moma_ros2/install/tm_msgs/include/tm_msgs/tm_msgs/srv/detail/ask_sta__rosidl_typesupport_fastrtps_c.h
[69.504s] -- Installing: /home/akhil/Downloads/omron_moma_ros2/install/tm_msgs/lib/libtm_msgs__rosidl_typesupport_fastrtps_c.so
[69.506s] -- Set runtime path of "/home/akhil/Downloads/omron_moma_ros2/install/tm_msgs/lib/libtm_msgs__rosidl_typesupport_fastrtps_c.so" to ""
[69.506s] -- Up-to-date: /home/akhil/Downloads/omron_moma_ros2/install/tm_msgs/include/tm_msgs/tm_msgs
[69.506s] -- Up-to-date: /home/akhil/Downloads/omron_moma_ros2/install/tm_msgs/include/tm_msgs/tm_msgs/msg
[69.507s] -- Installing: /home/akhil/Downloads/omron_moma_ros2/install/tm_msgs/include/tm_msgs/tm_msgs/msg/feedback_state.hpp
[69.507s] -- Installing: /home/akhil/Downloads/omron_moma_ros2/install/tm_msgs/include/tm_msgs/tm_msgs/msg/sct_response.hpp
[69.507s] -- Installing: /home/akhil/Downloads/omron_moma_ros2/install/tm_msgs/include/tm_msgs/tm_msgs/msg/sta_response.hpp
[69.507s] -- Installing: /home/akhil/Downloads/omron_moma_ros2/install/tm_msgs/include/tm_msgs/tm_msgs/msg/svr_response.hpp
[69.507s] -- Installing: /home/akhil/Downloads/omron_moma_ros2/install/tm_msgs/include/tm_msgs/tm_msgs/msg/rosidl_generator_cpp__visibility_control.hpp
[69.507s] -- Up-to-date: /home/akhil/Downloads/omron_moma_ros2/install/tm_msgs/include/tm_msgs/tm_msgs/msg/detail
[69.508s] -- Installing: /home/akhil/Downloads/omron_moma_ros2/install/tm_msgs/include/tm_msgs/tm_msgs/msg/detail/sct_response__type_support.hpp
[69.508s] -- Installing: /home/akhil/Downloads/omron_moma_ros2/install/tm_msgs/include/tm_msgs/tm_msgs/msg/detail/svr_response__builder.hpp
[69.508s] -- Installing: /home/akhil/Downloads/omron_moma_ros2/install/tm_msgs/include/tm_msgs/tm_msgs/msg/detail/feedback_state__struct.hpp
[69.508s] -- Installing: /home/akhil/Downloads/omron_moma_ros2/install/tm_msgs/include/tm_msgs/tm_msgs/msg/detail/feedback_state__traits.hpp
[69.508s] -- Installing: /home/akhil/Downloads/omron_moma_ros2/install/tm_msgs/include/tm_msgs/tm_msgs/msg/detail/svr_response__traits.hpp
[69.509s] -- Installing: /home/akhil/Downloads/omron_moma_ros2/install/tm_msgs/include/tm_msgs/tm_msgs/msg/detail/sct_response__builder.hpp
[69.509s] -- Installing: /home/akhil/Downloads/omron_moma_ros2/install/tm_msgs/include/tm_msgs/tm_msgs/msg/detail/sct_response__struct.hpp
[69.509s] -- Installing: /home/akhil/Downloads/omron_moma_ros2/install/tm_msgs/include/tm_msgs/tm_msgs/msg/detail/svr_response__struct.hpp
[69.509s] -- Installing: /home/akhil/Downloads/omron_moma_ros2/install/tm_msgs/include/tm_msgs/tm_msgs/msg/detail/sta_response__struct.hpp
[69.510s] -- Installing: /home/akhil/Downloads/omron_moma_ros2/install/tm_msgs/include/tm_msgs/tm_msgs/msg/detail/sta_response__traits.hpp
[69.510s] -- Installing: /home/akhil/Downloads/omron_moma_ros2/install/tm_msgs/include/tm_msgs/tm_msgs/msg/detail/sct_response__traits.hpp
[69.510s] -- Installing: /home/akhil/Downloads/omron_moma_ros2/install/tm_msgs/include/tm_msgs/tm_msgs/msg/detail/sta_response__builder.hpp
[69.510s] -- Installing: /home/akhil/Downloads/omron_moma_ros2/install/tm_msgs/include/tm_msgs/tm_msgs/msg/detail/feedback_state__builder.hpp
[69.511s] -- Installing: /home/akhil/Downloads/omron_moma_ros2/install/tm_msgs/include/tm_msgs/tm_msgs/msg/detail/svr_response__type_support.hpp
[69.511s] -- Installing: /home/akhil/Downloads/omron_moma_ros2/install/tm_msgs/include/tm_msgs/tm_msgs/msg/detail/sta_response__type_support.hpp
[69.511s] -- Installing: /home/akhil/Downloads/omron_moma_ros2/install/tm_msgs/include/tm_msgs/tm_msgs/msg/detail/feedback_state__type_support.hpp
[69.512s] -- Up-to-date: /home/akhil/Downloads/omron_moma_ros2/install/tm_msgs/include/tm_msgs/tm_msgs/srv
[69.512s] -- Installing: /home/akhil/Downloads/omron_moma_ros2/install/tm_msgs/include/tm_msgs/tm_msgs/srv/wireless_info.hpp
[69.512s] -- Installing: /home/akhil/Downloads/omron_moma_ros2/install/tm_msgs/include/tm_msgs/tm_msgs/srv/connect_tm.hpp
[69.512s] -- Installing: /home/akhil/Downloads/omron_moma_ros2/install/tm_msgs/include/tm_msgs/tm_msgs/srv/send_script.hpp
[69.512s] -- Installing: /home/akhil/Downloads/omron_moma_ros2/install/tm_msgs/include/tm_msgs/tm_msgs/srv/set_event.hpp
[69.513s] -- Up-to-date: /home/akhil/Downloads/omron_moma_ros2/install/tm_msgs/include/tm_msgs/tm_msgs/srv/detail
[69.513s] -- Installing: /home/akhil/Downloads/omron_moma_ros2/install/tm_msgs/include/tm_msgs/tm_msgs/srv/detail/ask_item__builder.hpp
[69.513s] -- Installing: /home/akhil/Downloads/omron_moma_ros2/install/tm_msgs/include/tm_msgs/tm_msgs/srv/detail/send_script__builder.hpp
[69.513s] -- Installing: /home/akhil/Downloads/omron_moma_ros2/install/tm_msgs/include/tm_msgs/tm_msgs/srv/detail/write_item__struct.hpp
[69.514s] -- Installing: /home/akhil/Downloads/omron_moma_ros2/install/tm_msgs/include/tm_msgs/tm_msgs/srv/detail/set_positions__builder.hpp
[69.514s] -- Installing: /home/akhil/Downloads/omron_moma_ros2/install/tm_msgs/include/tm_msgs/tm_msgs/srv/detail/ask_sta__struct.hpp
[69.514s] -- Installing: /home/akhil/Downloads/omron_moma_ros2/install/tm_msgs/include/tm_msgs/tm_msgs/srv/detail/ask_item__traits.hpp
[69.515s] -- Installing: /home/akhil/Downloads/omron_moma_ros2/install/tm_msgs/include/tm_msgs/tm_msgs/srv/detail/set_event__type_support.hpp
[69.515s] -- Installing: /home/akhil/Downloads/omron_moma_ros2/install/tm_msgs/include/tm_msgs/tm_msgs/srv/detail/write_item__traits.hpp
[69.515s] -- Installing: /home/akhil/Downloads/omron_moma_ros2/install/tm_msgs/include/tm_msgs/tm_msgs/srv/detail/movement_request__traits.hpp
[69.515s] -- Installing: /home/akhil/Downloads/omron_moma_ros2/install/tm_msgs/include/tm_msgs/tm_msgs/srv/detail/set_io__traits.hpp
[69.515s] -- Installing: /home/akhil/Downloads/omron_moma_ros2/install/tm_msgs/include/tm_msgs/tm_msgs/srv/detail/set_io__struct.hpp
[69.516s] -- Installing: /home/akhil/Downloads/omron_moma_ros2/install/tm_msgs/include/tm_msgs/tm_msgs/srv/detail/wireless_info__builder.hpp
[69.516s] -- Installing: /home/akhil/Downloads/omron_moma_ros2/install/tm_msgs/include/tm_msgs/tm_msgs/srv/detail/connect_tm__type_support.hpp
[69.516s] -- Installing: /home/akhil/Downloads/omron_moma_ros2/install/tm_msgs/include/tm_msgs/tm_msgs/srv/detail/set_io__type_support.hpp
[69.517s] -- Installing: /home/akhil/Downloads/omron_moma_ros2/install/tm_msgs/include/tm_msgs/tm_msgs/srv/detail/wireless_info__traits.hpp
[69.517s] -- Installing: /home/akhil/Downloads/omron_moma_ros2/install/tm_msgs/include/tm_msgs/tm_msgs/srv/detail/send_script__traits.hpp
[69.517s] -- Installing: /home/akhil/Downloads/omron_moma_ros2/install/tm_msgs/include/tm_msgs/tm_msgs/srv/detail/set_positions__traits.hpp
[69.518s] -- Installing: /home/akhil/Downloads/omron_moma_ros2/install/tm_msgs/include/tm_msgs/tm_msgs/srv/detail/connect_tm__builder.hpp
[69.518s] -- Installing: /home/akhil/Downloads/omron_moma_ros2/install/tm_msgs/include/tm_msgs/tm_msgs/srv/detail/connect_tm__struct.hpp
[69.518s] -- Installing: /home/akhil/Downloads/omron_moma_ros2/install/tm_msgs/include/tm_msgs/tm_msgs/srv/detail/ask_item__type_support.hpp
[69.518s] -- Installing: /home/akhil/Downloads/omron_moma_ros2/install/tm_msgs/include/tm_msgs/tm_msgs/srv/detail/set_positions__type_support.hpp
[69.519s] -- Installing: /home/akhil/Downloads/omron_moma_ros2/install/tm_msgs/include/tm_msgs/tm_msgs/srv/detail/set_event__builder.hpp
[69.519s] -- Installing: /home/akhil/Downloads/omron_moma_ros2/install/tm_msgs/include/tm_msgs/tm_msgs/srv/detail/write_item__type_support.hpp
[69.519s] -- Installing: /home/akhil/Downloads/omron_moma_ros2/install/tm_msgs/include/tm_msgs/tm_msgs/srv/detail/set_event__struct.hpp
[69.519s] -- Installing: /home/akhil/Downloads/omron_moma_ros2/install/tm_msgs/include/tm_msgs/tm_msgs/srv/detail/send_script__struct.hpp
[69.520s] -- Installing: /home/akhil/Downloads/omron_moma_ros2/install/tm_msgs/include/tm_msgs/tm_msgs/srv/detail/movement_request__builder.hpp
[69.520s] -- Installing: /home/akhil/Downloads/omron_moma_ros2/install/tm_msgs/include/tm_msgs/tm_msgs/srv/detail/write_item__builder.hpp
[69.520s] -- Installing: /home/akhil/Downloads/omron_moma_ros2/install/tm_msgs/include/tm_msgs/tm_msgs/srv/detail/send_script__type_support.hpp
[69.521s] -- Installing: /home/akhil/Downloads/omron_moma_ros2/install/tm_msgs/include/tm_msgs/tm_msgs/srv/detail/connect_tm__traits.hpp
[69.521s] -- Installing: /home/akhil/Downloads/omron_moma_ros2/install/tm_msgs/include/tm_msgs/tm_msgs/srv/detail/set_positions__struct.hpp
[69.521s] -- Installing: /home/akhil/Downloads/omron_moma_ros2/install/tm_msgs/include/tm_msgs/tm_msgs/srv/detail/set_io__builder.hpp
[69.521s] -- Installing: /home/akhil/Downloads/omron_moma_ros2/install/tm_msgs/include/tm_msgs/tm_msgs/srv/detail/set_event__traits.hpp
[69.522s] -- Installing: /home/akhil/Downloads/omron_moma_ros2/install/tm_msgs/include/tm_msgs/tm_msgs/srv/detail/wireless_info__struct.hpp
[69.522s] -- Installing: /home/akhil/Downloads/omron_moma_ros2/install/tm_msgs/include/tm_msgs/tm_msgs/srv/detail/movement_request__type_support.hpp
[69.522s] -- Installing: /home/akhil/Downloads/omron_moma_ros2/install/tm_msgs/include/tm_msgs/tm_msgs/srv/detail/ask_sta__builder.hpp
[69.523s] -- Installing: /home/akhil/Downloads/omron_moma_ros2/install/tm_msgs/include/tm_msgs/tm_msgs/srv/detail/ask_sta__type_support.hpp
[69.523s] -- Installing: /home/akhil/Downloads/omron_moma_ros2/install/tm_msgs/include/tm_msgs/tm_msgs/srv/detail/wireless_info__type_support.hpp
[69.523s] -- Installing: /home/akhil/Downloads/omron_moma_ros2/install/tm_msgs/include/tm_msgs/tm_msgs/srv/detail/ask_sta__traits.hpp
[69.523s] -- Installing: /home/akhil/Downloads/omron_moma_ros2/install/tm_msgs/include/tm_msgs/tm_msgs/srv/detail/ask_item__struct.hpp
[69.524s] -- Installing: /home/akhil/Downloads/omron_moma_ros2/install/tm_msgs/include/tm_msgs/tm_msgs/srv/detail/movement_request__struct.hpp
[69.524s] -- Installing: /home/akhil/Downloads/omron_moma_ros2/install/tm_msgs/include/tm_msgs/tm_msgs/srv/ask_item.hpp
[69.524s] -- Installing: /home/akhil/Downloads/omron_moma_ros2/install/tm_msgs/include/tm_msgs/tm_msgs/srv/write_item.hpp
[69.525s] -- Installing: /home/akhil/Downloads/omron_moma_ros2/install/tm_msgs/include/tm_msgs/tm_msgs/srv/set_positions.hpp
[69.525s] -- Installing: /home/akhil/Downloads/omron_moma_ros2/install/tm_msgs/include/tm_msgs/tm_msgs/srv/set_io.hpp
[69.525s] -- Installing: /home/akhil/Downloads/omron_moma_ros2/install/tm_msgs/include/tm_msgs/tm_msgs/srv/ask_sta.hpp
[69.525s] -- Installing: /home/akhil/Downloads/omron_moma_ros2/install/tm_msgs/include/tm_msgs/tm_msgs/srv/movement_request.hpp
[69.526s] -- Up-to-date: /home/akhil/Downloads/omron_moma_ros2/install/tm_msgs/include/tm_msgs/tm_msgs
[69.526s] -- Up-to-date: /home/akhil/Downloads/omron_moma_ros2/install/tm_msgs/include/tm_msgs/tm_msgs/msg
[69.526s] -- Up-to-date: /home/akhil/Downloads/omron_moma_ros2/install/tm_msgs/include/tm_msgs/tm_msgs/msg/detail
[69.526s] -- Installing: /home/akhil/Downloads/omron_moma_ros2/install/tm_msgs/include/tm_msgs/tm_msgs/msg/detail/dds_fastrtps
[69.526s] -- Installing: /home/akhil/Downloads/omron_moma_ros2/install/tm_msgs/include/tm_msgs/tm_msgs/msg/detail/sct_response__rosidl_typesupport_fastrtps_cpp.hpp
[69.527s] -- Installing: /home/akhil/Downloads/omron_moma_ros2/install/tm_msgs/include/tm_msgs/tm_msgs/msg/detail/sta_response__rosidl_typesupport_fastrtps_cpp.hpp
[69.527s] -- Installing: /home/akhil/Downloads/omron_moma_ros2/install/tm_msgs/include/tm_msgs/tm_msgs/msg/detail/feedback_state__rosidl_typesupport_fastrtps_cpp.hpp
[69.527s] -- Installing: /home/akhil/Downloads/omron_moma_ros2/install/tm_msgs/include/tm_msgs/tm_msgs/msg/detail/svr_response__rosidl_typesupport_fastrtps_cpp.hpp
[69.527s] -- Installing: /home/akhil/Downloads/omron_moma_ros2/install/tm_msgs/include/tm_msgs/tm_msgs/msg/rosidl_typesupport_fastrtps_cpp__visibility_control.h
[69.528s] -- Up-to-date: /home/akhil/Downloads/omron_moma_ros2/install/tm_msgs/include/tm_msgs/tm_msgs/srv
[69.528s] -- Up-to-date: /home/akhil/Downloads/omron_moma_ros2/install/tm_msgs/include/tm_msgs/tm_msgs/srv/detail
[69.528s] -- Installing: /home/akhil/Downloads/omron_moma_ros2/install/tm_msgs/include/tm_msgs/tm_msgs/srv/detail/dds_fastrtps
[69.528s] -- Installing: /home/akhil/Downloads/omron_moma_ros2/install/tm_msgs/include/tm_msgs/tm_msgs/srv/detail/set_io__rosidl_typesupport_fastrtps_cpp.hpp
[69.528s] -- Installing: /home/akhil/Downloads/omron_moma_ros2/install/tm_msgs/include/tm_msgs/tm_msgs/srv/detail/set_event__rosidl_typesupport_fastrtps_cpp.hpp
[69.529s] -- Installing: /home/akhil/Downloads/omron_moma_ros2/install/tm_msgs/include/tm_msgs/tm_msgs/srv/detail/set_positions__rosidl_typesupport_fastrtps_cpp.hpp
[69.529s] -- Installing: /home/akhil/Downloads/omron_moma_ros2/install/tm_msgs/include/tm_msgs/tm_msgs/srv/detail/ask_item__rosidl_typesupport_fastrtps_cpp.hpp
[69.529s] -- Installing: /home/akhil/Downloads/omron_moma_ros2/install/tm_msgs/include/tm_msgs/tm_msgs/srv/detail/ask_sta__rosidl_typesupport_fastrtps_cpp.hpp
[69.530s] -- Installing: /home/akhil/Downloads/omron_moma_ros2/install/tm_msgs/include/tm_msgs/tm_msgs/srv/detail/wireless_info__rosidl_typesupport_fastrtps_cpp.hpp
[69.530s] -- Installing: /home/akhil/Downloads/omron_moma_ros2/install/tm_msgs/include/tm_msgs/tm_msgs/srv/detail/send_script__rosidl_typesupport_fastrtps_cpp.hpp
[69.530s] -- Installing: /home/akhil/Downloads/omron_moma_ros2/install/tm_msgs/include/tm_msgs/tm_msgs/srv/detail/write_item__rosidl_typesupport_fastrtps_cpp.hpp
[69.530s] -- Installing: /home/akhil/Downloads/omron_moma_ros2/install/tm_msgs/include/tm_msgs/tm_msgs/srv/detail/connect_tm__rosidl_typesupport_fastrtps_cpp.hpp
[69.531s] -- Installing: /home/akhil/Downloads/omron_moma_ros2/install/tm_msgs/include/tm_msgs/tm_msgs/srv/detail/movement_request__rosidl_typesupport_fastrtps_cpp.hpp
[69.531s] -- Installing: /home/akhil/Downloads/omron_moma_ros2/install/tm_msgs/lib/libtm_msgs__rosidl_typesupport_fastrtps_cpp.so
[69.533s] -- Set runtime path of "/home/akhil/Downloads/omron_moma_ros2/install/tm_msgs/lib/libtm_msgs__rosidl_typesupport_fastrtps_cpp.so" to ""
[69.534s] -- Up-to-date: /home/akhil/Downloads/omron_moma_ros2/install/tm_msgs/include/tm_msgs/tm_msgs
[69.534s] -- Up-to-date: /home/akhil/Downloads/omron_moma_ros2/install/tm_msgs/include/tm_msgs/tm_msgs/msg
[69.534s] -- Up-to-date: /home/akhil/Downloads/omron_moma_ros2/install/tm_msgs/include/tm_msgs/tm_msgs/msg/detail
[69.534s] -- Installing: /home/akhil/Downloads/omron_moma_ros2/install/tm_msgs/include/tm_msgs/tm_msgs/msg/detail/sct_response__type_support.c
[69.534s] -- Installing: /home/akhil/Downloads/omron_moma_ros2/install/tm_msgs/include/tm_msgs/tm_msgs/msg/detail/svr_response__type_support.c
[69.534s] -- Installing: /home/akhil/Downloads/omron_moma_ros2/install/tm_msgs/include/tm_msgs/tm_msgs/msg/detail/feedback_state__rosidl_typesupport_introspection_c.h
[69.535s] -- Installing: /home/akhil/Downloads/omron_moma_ros2/install/tm_msgs/include/tm_msgs/tm_msgs/msg/detail/svr_response__rosidl_typesupport_introspection_c.h
[69.535s] -- Installing: /home/akhil/Downloads/omron_moma_ros2/install/tm_msgs/include/tm_msgs/tm_msgs/msg/detail/sta_response__type_support.c
[69.535s] -- Installing: /home/akhil/Downloads/omron_moma_ros2/install/tm_msgs/include/tm_msgs/tm_msgs/msg/detail/sct_response__rosidl_typesupport_introspection_c.h
[69.535s] -- Installing: /home/akhil/Downloads/omron_moma_ros2/install/tm_msgs/include/tm_msgs/tm_msgs/msg/detail/sta_response__rosidl_typesupport_introspection_c.h
[69.536s] -- Installing: /home/akhil/Downloads/omron_moma_ros2/install/tm_msgs/include/tm_msgs/tm_msgs/msg/detail/feedback_state__type_support.c
[69.536s] -- Installing: /home/akhil/Downloads/omron_moma_ros2/install/tm_msgs/include/tm_msgs/tm_msgs/msg/rosidl_typesupport_introspection_c__visibility_control.h
[69.537s] -- Up-to-date: /home/akhil/Downloads/omron_moma_ros2/install/tm_msgs/include/tm_msgs/tm_msgs/srv
[69.537s] -- Up-to-date: /home/akhil/Downloads/omron_moma_ros2/install/tm_msgs/include/tm_msgs/tm_msgs/srv/detail
[69.537s] -- Installing: /home/akhil/Downloads/omron_moma_ros2/install/tm_msgs/include/tm_msgs/tm_msgs/srv/detail/set_positions__rosidl_typesupport_introspection_c.h
[69.537s] -- Installing: /home/akhil/Downloads/omron_moma_ros2/install/tm_msgs/include/tm_msgs/tm_msgs/srv/detail/wireless_info__rosidl_typesupport_introspection_c.h
[69.537s] -- Installing: /home/akhil/Downloads/omron_moma_ros2/install/tm_msgs/include/tm_msgs/tm_msgs/srv/detail/set_event__type_support.c
[69.538s] -- Installing: /home/akhil/Downloads/omron_moma_ros2/install/tm_msgs/include/tm_msgs/tm_msgs/srv/detail/set_positions__type_support.c
[69.538s] -- Installing: /home/akhil/Downloads/omron_moma_ros2/install/tm_msgs/include/tm_msgs/tm_msgs/srv/detail/ask_sta__type_support.c
[69.538s] -- Installing: /home/akhil/Downloads/omron_moma_ros2/install/tm_msgs/include/tm_msgs/tm_msgs/srv/detail/movement_request__type_support.c
[69.538s] -- Installing: /home/akhil/Downloads/omron_moma_ros2/install/tm_msgs/include/tm_msgs/tm_msgs/srv/detail/set_io__type_support.c
[69.539s] -- Installing: /home/akhil/Downloads/omron_moma_ros2/install/tm_msgs/include/tm_msgs/tm_msgs/srv/detail/ask_item__rosidl_typesupport_introspection_c.h
[69.539s] -- Installing: /home/akhil/Downloads/omron_moma_ros2/install/tm_msgs/include/tm_msgs/tm_msgs/srv/detail/wireless_info__type_support.c
[69.539s] -- Installing: /home/akhil/Downloads/omron_moma_ros2/install/tm_msgs/include/tm_msgs/tm_msgs/srv/detail/movement_request__rosidl_typesupport_introspection_c.h
[69.540s] -- Installing: /home/akhil/Downloads/omron_moma_ros2/install/tm_msgs/include/tm_msgs/tm_msgs/srv/detail/write_item__rosidl_typesupport_introspection_c.h
[69.540s] -- Installing: /home/akhil/Downloads/omron_moma_ros2/install/tm_msgs/include/tm_msgs/tm_msgs/srv/detail/set_io__rosidl_typesupport_introspection_c.h
[69.540s] -- Installing: /home/akhil/Downloads/omron_moma_ros2/install/tm_msgs/include/tm_msgs/tm_msgs/srv/detail/ask_item__type_support.c
[69.541s] -- Installing: /home/akhil/Downloads/omron_moma_ros2/install/tm_msgs/include/tm_msgs/tm_msgs/srv/detail/send_script__type_support.c
[69.541s] -- Installing: /home/akhil/Downloads/omron_moma_ros2/install/tm_msgs/include/tm_msgs/tm_msgs/srv/detail/connect_tm__type_support.c
[69.541s] -- Installing: /home/akhil/Downloads/omron_moma_ros2/install/tm_msgs/include/tm_msgs/tm_msgs/srv/detail/ask_sta__rosidl_typesupport_introspection_c.h
[69.541s] -- Installing: /home/akhil/Downloads/omron_moma_ros2/install/tm_msgs/include/tm_msgs/tm_msgs/srv/detail/set_event__rosidl_typesupport_introspection_c.h
[69.542s] -- Installing: /home/akhil/Downloads/omron_moma_ros2/install/tm_msgs/include/tm_msgs/tm_msgs/srv/detail/write_item__type_support.c
[69.542s] -- Installing: /home/akhil/Downloads/omron_moma_ros2/install/tm_msgs/include/tm_msgs/tm_msgs/srv/detail/connect_tm__rosidl_typesupport_introspection_c.h
[69.542s] -- Installing: /home/akhil/Downloads/omron_moma_ros2/install/tm_msgs/include/tm_msgs/tm_msgs/srv/detail/send_script__rosidl_typesupport_introspection_c.h
[69.543s] -- Installing: /home/akhil/Downloads/omron_moma_ros2/install/tm_msgs/lib/libtm_msgs__rosidl_typesupport_introspection_c.so
[69.544s] -- Set runtime path of "/home/akhil/Downloads/omron_moma_ros2/install/tm_msgs/lib/libtm_msgs__rosidl_typesupport_introspection_c.so" to ""
[69.544s] -- Installing: /home/akhil/Downloads/omron_moma_ros2/install/tm_msgs/lib/libtm_msgs__rosidl_typesupport_c.so
[69.545s] -- Set runtime path of "/home/akhil/Downloads/omron_moma_ros2/install/tm_msgs/lib/libtm_msgs__rosidl_typesupport_c.so" to ""
[69.545s] -- Up-to-date: /home/akhil/Downloads/omron_moma_ros2/install/tm_msgs/include/tm_msgs/tm_msgs
[69.546s] -- Up-to-date: /home/akhil/Downloads/omron_moma_ros2/install/tm_msgs/include/tm_msgs/tm_msgs/msg
[69.546s] -- Up-to-date: /home/akhil/Downloads/omron_moma_ros2/install/tm_msgs/include/tm_msgs/tm_msgs/msg/detail
[69.546s] -- Installing: /home/akhil/Downloads/omron_moma_ros2/install/tm_msgs/include/tm_msgs/tm_msgs/msg/detail/svr_response__rosidl_typesupport_introspection_cpp.hpp
[69.546s] -- Installing: /home/akhil/Downloads/omron_moma_ros2/install/tm_msgs/include/tm_msgs/tm_msgs/msg/detail/sct_response__rosidl_typesupport_introspection_cpp.hpp
[69.546s] -- Installing: /home/akhil/Downloads/omron_moma_ros2/install/tm_msgs/include/tm_msgs/tm_msgs/msg/detail/sta_response__rosidl_typesupport_introspection_cpp.hpp
[69.547s] -- Installing: /home/akhil/Downloads/omron_moma_ros2/install/tm_msgs/include/tm_msgs/tm_msgs/msg/detail/feedback_state__rosidl_typesupport_introspection_cpp.hpp
[69.547s] -- Installing: /home/akhil/Downloads/omron_moma_ros2/install/tm_msgs/include/tm_msgs/tm_msgs/msg/detail/feedback_state__type_support.cpp
[69.547s] -- Installing: /home/akhil/Downloads/omron_moma_ros2/install/tm_msgs/include/tm_msgs/tm_msgs/msg/detail/svr_response__type_support.cpp
[69.547s] -- Installing: /home/akhil/Downloads/omron_moma_ros2/install/tm_msgs/include/tm_msgs/tm_msgs/msg/detail/sta_response__type_support.cpp
[69.548s] -- Installing: /home/akhil/Downloads/omron_moma_ros2/install/tm_msgs/include/tm_msgs/tm_msgs/msg/detail/sct_response__type_support.cpp
[69.549s] -- Up-to-date: /home/akhil/Downloads/omron_moma_ros2/install/tm_msgs/include/tm_msgs/tm_msgs/srv
[69.549s] -- Up-to-date: /home/akhil/Downloads/omron_moma_ros2/install/tm_msgs/include/tm_msgs/tm_msgs/srv/detail
[69.549s] -- Installing: /home/akhil/Downloads/omron_moma_ros2/install/tm_msgs/include/tm_msgs/tm_msgs/srv/detail/connect_tm__rosidl_typesupport_introspection_cpp.hpp
[69.549s] -- Installing: /home/akhil/Downloads/omron_moma_ros2/install/tm_msgs/include/tm_msgs/tm_msgs/srv/detail/set_positions__rosidl_typesupport_introspection_cpp.hpp
[69.549s] -- Installing: /home/akhil/Downloads/omron_moma_ros2/install/tm_msgs/include/tm_msgs/tm_msgs/srv/detail/set_event__type_support.cpp
[69.549s] -- Installing: /home/akhil/Downloads/omron_moma_ros2/install/tm_msgs/include/tm_msgs/tm_msgs/srv/detail/send_script__rosidl_typesupport_introspection_cpp.hpp
[69.550s] -- Installing: /home/akhil/Downloads/omron_moma_ros2/install/tm_msgs/include/tm_msgs/tm_msgs/srv/detail/movement_request__type_support.cpp
[69.550s] -- Installing: /home/akhil/Downloads/omron_moma_ros2/install/tm_msgs/include/tm_msgs/tm_msgs/srv/detail/ask_item__type_support.cpp
[69.550s] -- Installing: /home/akhil/Downloads/omron_moma_ros2/install/tm_msgs/include/tm_msgs/tm_msgs/srv/detail/set_io__type_support.cpp
[69.550s] -- Installing: /home/akhil/Downloads/omron_moma_ros2/install/tm_msgs/include/tm_msgs/tm_msgs/srv/detail/wireless_info__type_support.cpp
[69.551s] -- Installing: /home/akhil/Downloads/omron_moma_ros2/install/tm_msgs/include/tm_msgs/tm_msgs/srv/detail/set_io__rosidl_typesupport_introspection_cpp.hpp
[69.551s] -- Installing: /home/akhil/Downloads/omron_moma_ros2/install/tm_msgs/include/tm_msgs/tm_msgs/srv/detail/write_item__type_support.cpp
[69.551s] -- Installing: /home/akhil/Downloads/omron_moma_ros2/install/tm_msgs/include/tm_msgs/tm_msgs/srv/detail/wireless_info__rosidl_typesupport_introspection_cpp.hpp
[69.551s] -- Installing: /home/akhil/Downloads/omron_moma_ros2/install/tm_msgs/include/tm_msgs/tm_msgs/srv/detail/set_event__rosidl_typesupport_introspection_cpp.hpp
[69.551s] -- Installing: /home/akhil/Downloads/omron_moma_ros2/install/tm_msgs/include/tm_msgs/tm_msgs/srv/detail/ask_sta__rosidl_typesupport_introspection_cpp.hpp
[69.552s] -- Installing: /home/akhil/Downloads/omron_moma_ros2/install/tm_msgs/include/tm_msgs/tm_msgs/srv/detail/send_script__type_support.cpp
[69.552s] -- Installing: /home/akhil/Downloads/omron_moma_ros2/install/tm_msgs/include/tm_msgs/tm_msgs/srv/detail/movement_request__rosidl_typesupport_introspection_cpp.hpp
[69.552s] -- Installing: /home/akhil/Downloads/omron_moma_ros2/install/tm_msgs/include/tm_msgs/tm_msgs/srv/detail/ask_item__rosidl_typesupport_introspection_cpp.hpp
[69.552s] -- Installing: /home/akhil/Downloads/omron_moma_ros2/install/tm_msgs/include/tm_msgs/tm_msgs/srv/detail/write_item__rosidl_typesupport_introspection_cpp.hpp
[69.553s] -- Installing: /home/akhil/Downloads/omron_moma_ros2/install/tm_msgs/include/tm_msgs/tm_msgs/srv/detail/ask_sta__type_support.cpp
[69.553s] -- Installing: /home/akhil/Downloads/omron_moma_ros2/install/tm_msgs/include/tm_msgs/tm_msgs/srv/detail/connect_tm__type_support.cpp
[69.553s] -- Installing: /home/akhil/Downloads/omron_moma_ros2/install/tm_msgs/include/tm_msgs/tm_msgs/srv/detail/set_positions__type_support.cpp
[69.554s] -- Installing: /home/akhil/Downloads/omron_moma_ros2/install/tm_msgs/lib/libtm_msgs__rosidl_typesupport_introspection_cpp.so
[69.555s] -- Set runtime path of "/home/akhil/Downloads/omron_moma_ros2/install/tm_msgs/lib/libtm_msgs__rosidl_typesupport_introspection_cpp.so" to ""
[69.555s] -- Installing: /home/akhil/Downloads/omron_moma_ros2/install/tm_msgs/lib/libtm_msgs__rosidl_typesupport_cpp.so
[69.556s] -- Set runtime path of "/home/akhil/Downloads/omron_moma_ros2/install/tm_msgs/lib/libtm_msgs__rosidl_typesupport_cpp.so" to ""
[69.556s] -- Installing: /home/akhil/Downloads/omron_moma_ros2/install/tm_msgs/share/tm_msgs/environment/pythonpath.sh
[69.557s] -- Installing: /home/akhil/Downloads/omron_moma_ros2/install/tm_msgs/share/tm_msgs/environment/pythonpath.dsv
[69.557s] -- Installing: /home/akhil/Downloads/omron_moma_ros2/install/tm_msgs/local/lib/python3.10/dist-packages/tm_msgs-2.0.0-py3.10.egg-info
[69.557s] -- Installing: /home/akhil/Downloads/omron_moma_ros2/install/tm_msgs/local/lib/python3.10/dist-packages/tm_msgs-2.0.0-py3.10.egg-info/top_level.txt
[69.558s] -- Installing: /home/akhil/Downloads/omron_moma_ros2/install/tm_msgs/local/lib/python3.10/dist-packages/tm_msgs-2.0.0-py3.10.egg-info/SOURCES.txt
[69.558s] -- Installing: /home/akhil/Downloads/omron_moma_ros2/install/tm_msgs/local/lib/python3.10/dist-packages/tm_msgs-2.0.0-py3.10.egg-info/PKG-INFO
[69.558s] -- Installing: /home/akhil/Downloads/omron_moma_ros2/install/tm_msgs/local/lib/python3.10/dist-packages/tm_msgs-2.0.0-py3.10.egg-info/dependency_links.txt
[69.559s] -- Installing: /home/akhil/Downloads/omron_moma_ros2/install/tm_msgs/local/lib/python3.10/dist-packages/tm_msgs
[69.559s] -- Installing: /home/akhil/Downloads/omron_moma_ros2/install/tm_msgs/local/lib/python3.10/dist-packages/tm_msgs/tm_msgs_s__rosidl_typesupport_introspection_c.cpython-310-aarch64-linux-gnu.so
[69.559s] -- Installing: /home/akhil/Downloads/omron_moma_ros2/install/tm_msgs/local/lib/python3.10/dist-packages/tm_msgs/libtm_msgs__rosidl_generator_py.so
[69.560s] -- Installing: /home/akhil/Downloads/omron_moma_ros2/install/tm_msgs/local/lib/python3.10/dist-packages/tm_msgs/_tm_msgs_s.ep.rosidl_typesupport_c.c
[69.565s] -- Installing: /home/akhil/Downloads/omron_moma_ros2/install/tm_msgs/local/lib/python3.10/dist-packages/tm_msgs/_tm_msgs_s.ep.rosidl_typesupport_fastrtps_c.c
[69.565s] -- Installing: /home/akhil/Downloads/omron_moma_ros2/install/tm_msgs/local/lib/python3.10/dist-packages/tm_msgs/tm_msgs_s__rosidl_typesupport_c.cpython-310-aarch64-linux-gnu.so
[69.566s] -- Installing: /home/akhil/Downloads/omron_moma_ros2/install/tm_msgs/local/lib/python3.10/dist-packages/tm_msgs/msg
[69.566s] -- Installing: /home/akhil/Downloads/omron_moma_ros2/install/tm_msgs/local/lib/python3.10/dist-packages/tm_msgs/msg/_svr_response.py
[69.566s] -- Installing: /home/akhil/Downloads/omron_moma_ros2/install/tm_msgs/local/lib/python3.10/dist-packages/tm_msgs/msg/_feedback_state.py
[69.567s] -- Installing: /home/akhil/Downloads/omron_moma_ros2/install/tm_msgs/local/lib/python3.10/dist-packages/tm_msgs/msg/_sta_response_s.c
[69.567s] -- Installing: /home/akhil/Downloads/omron_moma_ros2/install/tm_msgs/local/lib/python3.10/dist-packages/tm_msgs/msg/_sct_response.py
[69.567s] -- Installing: /home/akhil/Downloads/omron_moma_ros2/install/tm_msgs/local/lib/python3.10/dist-packages/tm_msgs/msg/_sct_response_s.c
[69.568s] -- Installing: /home/akhil/Downloads/omron_moma_ros2/install/tm_msgs/local/lib/python3.10/dist-packages/tm_msgs/msg/_sta_response.py
[69.568s] -- Installing: /home/akhil/Downloads/omron_moma_ros2/install/tm_msgs/local/lib/python3.10/dist-packages/tm_msgs/msg/_feedback_state_s.c
[69.568s] -- Installing: /home/akhil/Downloads/omron_moma_ros2/install/tm_msgs/local/lib/python3.10/dist-packages/tm_msgs/msg/__init__.py
[69.569s] -- Installing: /home/akhil/Downloads/omron_moma_ros2/install/tm_msgs/local/lib/python3.10/dist-packages/tm_msgs/msg/_svr_response_s.c
[69.569s] -- Installing: /home/akhil/Downloads/omron_moma_ros2/install/tm_msgs/local/lib/python3.10/dist-packages/tm_msgs/_tm_msgs_s.ep.rosidl_typesupport_introspection_c.c
[69.569s] -- Installing: /home/akhil/Downloads/omron_moma_ros2/install/tm_msgs/local/lib/python3.10/dist-packages/tm_msgs/tm_msgs_s__rosidl_typesupport_fastrtps_c.cpython-310-aarch64-linux-gnu.so
[69.571s] -- Installing: /home/akhil/Downloads/omron_moma_ros2/install/tm_msgs/local/lib/python3.10/dist-packages/tm_msgs/srv
[69.571s] -- Installing: /home/akhil/Downloads/omron_moma_ros2/install/tm_msgs/local/lib/python3.10/dist-packages/tm_msgs/srv/_connect_tm_s.c
[69.572s] -- Installing: /home/akhil/Downloads/omron_moma_ros2/install/tm_msgs/local/lib/python3.10/dist-packages/tm_msgs/srv/_wireless_info.py
[69.572s] -- Installing: /home/akhil/Downloads/omron_moma_ros2/install/tm_msgs/local/lib/python3.10/dist-packages/tm_msgs/srv/_set_io_s.c
[69.572s] -- Installing: /home/akhil/Downloads/omron_moma_ros2/install/tm_msgs/local/lib/python3.10/dist-packages/tm_msgs/srv/_set_io.py
[69.572s] -- Installing: /home/akhil/Downloads/omron_moma_ros2/install/tm_msgs/local/lib/python3.10/dist-packages/tm_msgs/srv/_ask_sta.py
[69.572s] -- Installing: /home/akhil/Downloads/omron_moma_ros2/install/tm_msgs/local/lib/python3.10/dist-packages/tm_msgs/srv/_ask_item.py
[69.573s] -- Installing: /home/akhil/Downloads/omron_moma_ros2/install/tm_msgs/local/lib/python3.10/dist-packages/tm_msgs/srv/_set_event.py
[69.573s] -- Installing: /home/akhil/Downloads/omron_moma_ros2/install/tm_msgs/local/lib/python3.10/dist-packages/tm_msgs/srv/_set_event_s.c
[69.573s] -- Installing: /home/akhil/Downloads/omron_moma_ros2/install/tm_msgs/local/lib/python3.10/dist-packages/tm_msgs/srv/_movement_request.py
[69.573s] -- Installing: /home/akhil/Downloads/omron_moma_ros2/install/tm_msgs/local/lib/python3.10/dist-packages/tm_msgs/srv/_set_positions.py
[69.573s] -- Installing: /home/akhil/Downloads/omron_moma_ros2/install/tm_msgs/local/lib/python3.10/dist-packages/tm_msgs/srv/_send_script_s.c
[69.573s] -- Installing: /home/akhil/Downloads/omron_moma_ros2/install/tm_msgs/local/lib/python3.10/dist-packages/tm_msgs/srv/_ask_sta_s.c
[69.574s] -- Installing: /home/akhil/Downloads/omron_moma_ros2/install/tm_msgs/local/lib/python3.10/dist-packages/tm_msgs/srv/_set_positions_s.c
[69.574s] -- Installing: /home/akhil/Downloads/omron_moma_ros2/install/tm_msgs/local/lib/python3.10/dist-packages/tm_msgs/srv/_write_item.py
[69.574s] -- Installing: /home/akhil/Downloads/omron_moma_ros2/install/tm_msgs/local/lib/python3.10/dist-packages/tm_msgs/srv/_ask_item_s.c
[69.574s] -- Installing: /home/akhil/Downloads/omron_moma_ros2/install/tm_msgs/local/lib/python3.10/dist-packages/tm_msgs/srv/_movement_request_s.c
[69.575s] -- Installing: /home/akhil/Downloads/omron_moma_ros2/install/tm_msgs/local/lib/python3.10/dist-packages/tm_msgs/srv/_wireless_info_s.c
[69.575s] -- Installing: /home/akhil/Downloads/omron_moma_ros2/install/tm_msgs/local/lib/python3.10/dist-packages/tm_msgs/srv/_write_item_s.c
[69.575s] -- Installing: /home/akhil/Downloads/omron_moma_ros2/install/tm_msgs/local/lib/python3.10/dist-packages/tm_msgs/srv/_send_script.py
[69.576s] -- Installing: /home/akhil/Downloads/omron_moma_ros2/install/tm_msgs/local/lib/python3.10/dist-packages/tm_msgs/srv/__init__.py
[69.576s] -- Installing: /home/akhil/Downloads/omron_moma_ros2/install/tm_msgs/local/lib/python3.10/dist-packages/tm_msgs/srv/_connect_tm.py
[69.576s] -- Installing: /home/akhil/Downloads/omron_moma_ros2/install/tm_msgs/local/lib/python3.10/dist-packages/tm_msgs/__init__.py
[69.757s] Listing '/home/akhil/Downloads/omron_moma_ros2/install/tm_msgs/local/lib/python3.10/dist-packages/tm_msgs'...
[69.757s] Compiling '/home/akhil/Downloads/omron_moma_ros2/install/tm_msgs/local/lib/python3.10/dist-packages/tm_msgs/__init__.py'...
[69.757s] Listing '/home/akhil/Downloads/omron_moma_ros2/install/tm_msgs/local/lib/python3.10/dist-packages/tm_msgs/msg'...
[69.757s] Compiling '/home/akhil/Downloads/omron_moma_ros2/install/tm_msgs/local/lib/python3.10/dist-packages/tm_msgs/msg/__init__.py'...
[69.757s] Compiling '/home/akhil/Downloads/omron_moma_ros2/install/tm_msgs/local/lib/python3.10/dist-packages/tm_msgs/msg/_feedback_state.py'...
[69.758s] Compiling '/home/akhil/Downloads/omron_moma_ros2/install/tm_msgs/local/lib/python3.10/dist-packages/tm_msgs/msg/_sct_response.py'...
[69.758s] Compiling '/home/akhil/Downloads/omron_moma_ros2/install/tm_msgs/local/lib/python3.10/dist-packages/tm_msgs/msg/_sta_response.py'...
[69.758s] Compiling '/home/akhil/Downloads/omron_moma_ros2/install/tm_msgs/local/lib/python3.10/dist-packages/tm_msgs/msg/_svr_response.py'...
[69.758s] Listing '/home/akhil/Downloads/omron_moma_ros2/install/tm_msgs/local/lib/python3.10/dist-packages/tm_msgs/srv'...
[69.758s] Compiling '/home/akhil/Downloads/omron_moma_ros2/install/tm_msgs/local/lib/python3.10/dist-packages/tm_msgs/srv/__init__.py'...
[69.758s] Compiling '/home/akhil/Downloads/omron_moma_ros2/install/tm_msgs/local/lib/python3.10/dist-packages/tm_msgs/srv/_ask_item.py'...
[69.758s] Compiling '/home/akhil/Downloads/omron_moma_ros2/install/tm_msgs/local/lib/python3.10/dist-packages/tm_msgs/srv/_ask_sta.py'...
[69.758s] Compiling '/home/akhil/Downloads/omron_moma_ros2/install/tm_msgs/local/lib/python3.10/dist-packages/tm_msgs/srv/_connect_tm.py'...
[69.759s] Compiling '/home/akhil/Downloads/omron_moma_ros2/install/tm_msgs/local/lib/python3.10/dist-packages/tm_msgs/srv/_movement_request.py'...
[69.759s] Compiling '/home/akhil/Downloads/omron_moma_ros2/install/tm_msgs/local/lib/python3.10/dist-packages/tm_msgs/srv/_send_script.py'...
[69.759s] Compiling '/home/akhil/Downloads/omron_moma_ros2/install/tm_msgs/local/lib/python3.10/dist-packages/tm_msgs/srv/_set_event.py'...
[69.759s] Compiling '/home/akhil/Downloads/omron_moma_ros2/install/tm_msgs/local/lib/python3.10/dist-packages/tm_msgs/srv/_set_io.py'...
[69.759s] Compiling '/home/akhil/Downloads/omron_moma_ros2/install/tm_msgs/local/lib/python3.10/dist-packages/tm_msgs/srv/_set_positions.py'...
[69.759s] Compiling '/home/akhil/Downloads/omron_moma_ros2/install/tm_msgs/local/lib/python3.10/dist-packages/tm_msgs/srv/_wireless_info.py'...
[69.759s] Compiling '/home/akhil/Downloads/omron_moma_ros2/install/tm_msgs/local/lib/python3.10/dist-packages/tm_msgs/srv/_write_item.py'...
[69.778s] -- Installing: /home/akhil/Downloads/omron_moma_ros2/install/tm_msgs/local/lib/python3.10/dist-packages/tm_msgs/tm_msgs_s__rosidl_typesupport_fastrtps_c.cpython-310-aarch64-linux-gnu.so
[69.779s] -- Set runtime path of "/home/akhil/Downloads/omron_moma_ros2/install/tm_msgs/local/lib/python3.10/dist-packages/tm_msgs/tm_msgs_s__rosidl_typesupport_fastrtps_c.cpython-310-aarch64-linux-gnu.so" to ""
[69.779s] -- Installing: /home/akhil/Downloads/omron_moma_ros2/install/tm_msgs/local/lib/python3.10/dist-packages/tm_msgs/tm_msgs_s__rosidl_typesupport_introspection_c.cpython-310-aarch64-linux-gnu.so
[69.780s] -- Set runtime path of "/home/akhil/Downloads/omron_moma_ros2/install/tm_msgs/local/lib/python3.10/dist-packages/tm_msgs/tm_msgs_s__rosidl_typesupport_introspection_c.cpython-310-aarch64-linux-gnu.so" to ""
[69.781s] -- Installing: /home/akhil/Downloads/omron_moma_ros2/install/tm_msgs/local/lib/python3.10/dist-packages/tm_msgs/tm_msgs_s__rosidl_typesupport_c.cpython-310-aarch64-linux-gnu.so
[69.782s] -- Set runtime path of "/home/akhil/Downloads/omron_moma_ros2/install/tm_msgs/local/lib/python3.10/dist-packages/tm_msgs/tm_msgs_s__rosidl_typesupport_c.cpython-310-aarch64-linux-gnu.so" to ""
[69.782s] -- Installing: /home/akhil/Downloads/omron_moma_ros2/install/tm_msgs/lib/libtm_msgs__rosidl_generator_py.so
[69.783s] -- Set runtime path of "/home/akhil/Downloads/omron_moma_ros2/install/tm_msgs/lib/libtm_msgs__rosidl_generator_py.so" to ""
[69.783s] -- Installing: /home/akhil/Downloads/omron_moma_ros2/install/tm_msgs/share/tm_msgs/msg/FeedbackState.idl
[69.784s] -- Installing: /home/akhil/Downloads/omron_moma_ros2/install/tm_msgs/share/tm_msgs/msg/SvrResponse.idl
[69.784s] -- Installing: /home/akhil/Downloads/omron_moma_ros2/install/tm_msgs/share/tm_msgs/msg/SctResponse.idl
[69.784s] -- Installing: /home/akhil/Downloads/omron_moma_ros2/install/tm_msgs/share/tm_msgs/msg/StaResponse.idl
[69.785s] -- Installing: /home/akhil/Downloads/omron_moma_ros2/install/tm_msgs/share/tm_msgs/srv/ConnectTM.idl
[69.785s] -- Installing: /home/akhil/Downloads/omron_moma_ros2/install/tm_msgs/share/tm_msgs/srv/WriteItem.idl
[69.786s] -- Installing: /home/akhil/Downloads/omron_moma_ros2/install/tm_msgs/share/tm_msgs/srv/WirelessInfo.idl
[69.786s] -- Installing: /home/akhil/Downloads/omron_moma_ros2/install/tm_msgs/share/tm_msgs/srv/AskItem.idl
[69.786s] -- Installing: /home/akhil/Downloads/omron_moma_ros2/install/tm_msgs/share/tm_msgs/srv/SendScript.idl
[69.787s] -- Installing: /home/akhil/Downloads/omron_moma_ros2/install/tm_msgs/share/tm_msgs/srv/SetEvent.idl
[69.787s] -- Installing: /home/akhil/Downloads/omron_moma_ros2/install/tm_msgs/share/tm_msgs/srv/SetIO.idl
[69.787s] -- Installing: /home/akhil/Downloads/omron_moma_ros2/install/tm_msgs/share/tm_msgs/srv/SetPositions.idl
[69.788s] -- Installing: /home/akhil/Downloads/omron_moma_ros2/install/tm_msgs/share/tm_msgs/srv/AskSta.idl
[69.788s] -- Installing: /home/akhil/Downloads/omron_moma_ros2/install/tm_msgs/share/tm_msgs/srv/MovementRequest.idl
[69.788s] -- Installing: /home/akhil/Downloads/omron_moma_ros2/install/tm_msgs/share/tm_msgs/msg/FeedbackState.msg
[69.789s] -- Installing: /home/akhil/Downloads/omron_moma_ros2/install/tm_msgs/share/tm_msgs/msg/SvrResponse.msg
[69.789s] -- Installing: /home/akhil/Downloads/omron_moma_ros2/install/tm_msgs/share/tm_msgs/msg/SctResponse.msg
[69.789s] -- Installing: /home/akhil/Downloads/omron_moma_ros2/install/tm_msgs/share/tm_msgs/msg/StaResponse.msg
[69.790s] -- Installing: /home/akhil/Downloads/omron_moma_ros2/install/tm_msgs/share/tm_msgs/srv/ConnectTM.srv
[69.790s] -- Installing: /home/akhil/Downloads/omron_moma_ros2/install/tm_msgs/share/tm_msgs/srv/ConnectTM_Request.msg
[69.790s] -- Installing: /home/akhil/Downloads/omron_moma_ros2/install/tm_msgs/share/tm_msgs/srv/ConnectTM_Response.msg
[69.791s] -- Installing: /home/akhil/Downloads/omron_moma_ros2/install/tm_msgs/share/tm_msgs/srv/WriteItem.srv
[69.791s] -- Installing: /home/akhil/Downloads/omron_moma_ros2/install/tm_msgs/share/tm_msgs/srv/WriteItem_Request.msg
[69.792s] -- Installing: /home/akhil/Downloads/omron_moma_ros2/install/tm_msgs/share/tm_msgs/srv/WriteItem_Response.msg
[69.792s] -- Installing: /home/akhil/Downloads/omron_moma_ros2/install/tm_msgs/share/tm_msgs/srv/WirelessInfo.srv
[69.792s] -- Installing: /home/akhil/Downloads/omron_moma_ros2/install/tm_msgs/share/tm_msgs/srv/WirelessInfo_Request.msg
[69.793s] -- Installing: /home/akhil/Downloads/omron_moma_ros2/install/tm_msgs/share/tm_msgs/srv/WirelessInfo_Response.msg
[69.793s] -- Installing: /home/akhil/Downloads/omron_moma_ros2/install/tm_msgs/share/tm_msgs/srv/AskItem.srv
[69.793s] -- Installing: /home/akhil/Downloads/omron_moma_ros2/install/tm_msgs/share/tm_msgs/srv/AskItem_Request.msg
[69.794s] -- Installing: /home/akhil/Downloads/omron_moma_ros2/install/tm_msgs/share/tm_msgs/srv/AskItem_Response.msg
[69.794s] -- Installing: /home/akhil/Downloads/omron_moma_ros2/install/tm_msgs/share/tm_msgs/srv/SendScript.srv
[69.794s] -- Installing: /home/akhil/Downloads/omron_moma_ros2/install/tm_msgs/share/tm_msgs/srv/SendScript_Request.msg
[69.795s] -- Installing: /home/akhil/Downloads/omron_moma_ros2/install/tm_msgs/share/tm_msgs/srv/SendScript_Response.msg
[69.795s] -- Installing: /home/akhil/Downloads/omron_moma_ros2/install/tm_msgs/share/tm_msgs/srv/SetEvent.srv
[69.795s] -- Installing: /home/akhil/Downloads/omron_moma_ros2/install/tm_msgs/share/tm_msgs/srv/SetEvent_Request.msg
[69.796s] -- Installing: /home/akhil/Downloads/omron_moma_ros2/install/tm_msgs/share/tm_msgs/srv/SetEvent_Response.msg
[69.797s] -- Installing: /home/akhil/Downloads/omron_moma_ros2/install/tm_msgs/share/tm_msgs/srv/SetIO.srv
[69.797s] -- Installing: /home/akhil/Downloads/omron_moma_ros2/install/tm_msgs/share/tm_msgs/srv/SetIO_Request.msg
[69.797s] -- Installing: /home/akhil/Downloads/omron_moma_ros2/install/tm_msgs/share/tm_msgs/srv/SetIO_Response.msg
[69.797s] -- Installing: /home/akhil/Downloads/omron_moma_ros2/install/tm_msgs/share/tm_msgs/srv/SetPositions.srv
[69.797s] -- Installing: /home/akhil/Downloads/omron_moma_ros2/install/tm_msgs/share/tm_msgs/srv/SetPositions_Request.msg
[69.798s] -- Installing: /home/akhil/Downloads/omron_moma_ros2/install/tm_msgs/share/tm_msgs/srv/SetPositions_Response.msg
[69.798s] -- Installing: /home/akhil/Downloads/omron_moma_ros2/install/tm_msgs/share/tm_msgs/srv/AskSta.srv
[69.799s] -- Installing: /home/akhil/Downloads/omron_moma_ros2/install/tm_msgs/share/tm_msgs/srv/AskSta_Request.msg
[69.799s] -- Installing: /home/akhil/Downloads/omron_moma_ros2/install/tm_msgs/share/tm_msgs/srv/AskSta_Response.msg
[69.799s] -- Installing: /home/akhil/Downloads/omron_moma_ros2/install/tm_msgs/share/tm_msgs/srv/MovementRequest.srv
[69.800s] -- Installing: /home/akhil/Downloads/omron_moma_ros2/install/tm_msgs/share/tm_msgs/srv/MovementRequest_Request.msg
[69.800s] -- Installing: /home/akhil/Downloads/omron_moma_ros2/install/tm_msgs/share/tm_msgs/srv/MovementRequest_Response.msg
[69.801s] -- Installing: /home/akhil/Downloads/omron_moma_ros2/install/tm_msgs/share/ament_index/resource_index/package_run_dependencies/tm_msgs
[69.801s] -- Installing: /home/akhil/Downloads/omron_moma_ros2/install/tm_msgs/share/ament_index/resource_index/parent_prefix_path/tm_msgs
[69.801s] -- Installing: /home/akhil/Downloads/omron_moma_ros2/install/tm_msgs/share/tm_msgs/environment/ament_prefix_path.sh
[69.802s] -- Installing: /home/akhil/Downloads/omron_moma_ros2/install/tm_msgs/share/tm_msgs/environment/ament_prefix_path.dsv
[69.802s] -- Installing: /home/akhil/Downloads/omron_moma_ros2/install/tm_msgs/share/tm_msgs/environment/path.sh
[69.802s] -- Installing: /home/akhil/Downloads/omron_moma_ros2/install/tm_msgs/share/tm_msgs/environment/path.dsv
[69.803s] -- Installing: /home/akhil/Downloads/omron_moma_ros2/install/tm_msgs/share/tm_msgs/local_setup.bash
[69.803s] -- Installing: /home/akhil/Downloads/omron_moma_ros2/install/tm_msgs/share/tm_msgs/local_setup.sh
[69.803s] -- Installing: /home/akhil/Downloads/omron_moma_ros2/install/tm_msgs/share/tm_msgs/local_setup.zsh
[69.804s] -- Installing: /home/akhil/Downloads/omron_moma_ros2/install/tm_msgs/share/tm_msgs/local_setup.dsv
[69.804s] -- Installing: /home/akhil/Downloads/omron_moma_ros2/install/tm_msgs/share/tm_msgs/package.dsv
[69.805s] -- Installing: /home/akhil/Downloads/omron_moma_ros2/install/tm_msgs/share/ament_index/resource_index/packages/tm_msgs
[69.805s] -- Installing: /home/akhil/Downloads/omron_moma_ros2/install/tm_msgs/share/tm_msgs/cmake/export_tm_msgs__rosidl_generator_cExport.cmake
[69.806s] -- Installing: /home/akhil/Downloads/omron_moma_ros2/install/tm_msgs/share/tm_msgs/cmake/export_tm_msgs__rosidl_generator_cExport-noconfig.cmake
[69.806s] -- Installing: /home/akhil/Downloads/omron_moma_ros2/install/tm_msgs/share/tm_msgs/cmake/export_tm_msgs__rosidl_typesupport_fastrtps_cExport.cmake
[69.807s] -- Installing: /home/akhil/Downloads/omron_moma_ros2/install/tm_msgs/share/tm_msgs/cmake/export_tm_msgs__rosidl_typesupport_fastrtps_cExport-noconfig.cmake
[69.808s] -- Installing: /home/akhil/Downloads/omron_moma_ros2/install/tm_msgs/share/tm_msgs/cmake/export_tm_msgs__rosidl_generator_cppExport.cmake
[69.808s] -- Installing: /home/akhil/Downloads/omron_moma_ros2/install/tm_msgs/share/tm_msgs/cmake/export_tm_msgs__rosidl_typesupport_fastrtps_cppExport.cmake
[69.808s] -- Installing: /home/akhil/Downloads/omron_moma_ros2/install/tm_msgs/share/tm_msgs/cmake/export_tm_msgs__rosidl_typesupport_fastrtps_cppExport-noconfig.cmake
[69.808s] -- Installing: /home/akhil/Downloads/omron_moma_ros2/install/tm_msgs/share/tm_msgs/cmake/tm_msgs__rosidl_typesupport_introspection_cExport.cmake
[69.809s] -- Installing: /home/akhil/Downloads/omron_moma_ros2/install/tm_msgs/share/tm_msgs/cmake/tm_msgs__rosidl_typesupport_introspection_cExport-noconfig.cmake
[69.809s] -- Installing: /home/akhil/Downloads/omron_moma_ros2/install/tm_msgs/share/tm_msgs/cmake/tm_msgs__rosidl_typesupport_cExport.cmake
[69.810s] -- Installing: /home/akhil/Downloads/omron_moma_ros2/install/tm_msgs/share/tm_msgs/cmake/tm_msgs__rosidl_typesupport_cExport-noconfig.cmake
[69.810s] -- Installing: /home/akhil/Downloads/omron_moma_ros2/install/tm_msgs/share/tm_msgs/cmake/tm_msgs__rosidl_typesupport_introspection_cppExport.cmake
[69.810s] -- Installing: /home/akhil/Downloads/omron_moma_ros2/install/tm_msgs/share/tm_msgs/cmake/tm_msgs__rosidl_typesupport_introspection_cppExport-noconfig.cmake
[69.811s] -- Installing: /home/akhil/Downloads/omron_moma_ros2/install/tm_msgs/share/tm_msgs/cmake/tm_msgs__rosidl_typesupport_cppExport.cmake
[69.811s] -- Installing: /home/akhil/Downloads/omron_moma_ros2/install/tm_msgs/share/tm_msgs/cmake/tm_msgs__rosidl_typesupport_cppExport-noconfig.cmake
[69.812s] -- Installing: /home/akhil/Downloads/omron_moma_ros2/install/tm_msgs/share/tm_msgs/cmake/export_tm_msgs__rosidl_generator_pyExport.cmake
[69.812s] -- Installing: /home/akhil/Downloads/omron_moma_ros2/install/tm_msgs/share/tm_msgs/cmake/export_tm_msgs__rosidl_generator_pyExport-noconfig.cmake
[69.813s] -- Installing: /home/akhil/Downloads/omron_moma_ros2/install/tm_msgs/share/tm_msgs/cmake/rosidl_cmake-extras.cmake
[69.813s] -- Installing: /home/akhil/Downloads/omron_moma_ros2/install/tm_msgs/share/tm_msgs/cmake/ament_cmake_export_dependencies-extras.cmake
[69.813s] -- Installing: /home/akhil/Downloads/omron_moma_ros2/install/tm_msgs/share/tm_msgs/cmake/ament_cmake_export_include_directories-extras.cmake
[69.814s] -- Installing: /home/akhil/Downloads/omron_moma_ros2/install/tm_msgs/share/tm_msgs/cmake/ament_cmake_export_libraries-extras.cmake
[69.814s] -- Installing: /home/akhil/Downloads/omron_moma_ros2/install/tm_msgs/share/tm_msgs/cmake/ament_cmake_export_targets-extras.cmake
[69.814s] -- Installing: /home/akhil/Downloads/omron_moma_ros2/install/tm_msgs/share/tm_msgs/cmake/rosidl_cmake_export_typesupport_targets-extras.cmake
[69.815s] -- Installing: /home/akhil/Downloads/omron_moma_ros2/install/tm_msgs/share/tm_msgs/cmake/rosidl_cmake_export_typesupport_libraries-extras.cmake
[69.815s] -- Installing: /home/akhil/Downloads/omron_moma_ros2/install/tm_msgs/share/tm_msgs/cmake/tm_msgsConfig.cmake
[69.815s] -- Installing: /home/akhil/Downloads/omron_moma_ros2/install/tm_msgs/share/tm_msgs/cmake/tm_msgsConfig-version.cmake
[69.816s] -- Installing: /home/akhil/Downloads/omron_moma_ros2/install/tm_msgs/share/tm_msgs/package.xml
[69.826s] Invoked command in '/home/akhil/Downloads/omron_moma_ros2/build/tm_msgs' returned '0': CMAKE_PREFIX_PATH=/opt/ros/humble /usr/bin/cmake --install /home/akhil/Downloads/omron_moma_ros2/build/tm_msgs
