-- The C compiler identification is GNU 11.4.0
-- The CXX compiler identification is GNU 11.4.0
-- Detecting C compiler ABI info
-- Detecting C compiler ABI info - done
-- Check for working C compiler: /usr/bin/cc - skipped
-- Detecting C compile features
-- Detecting C compile features - done
-- Detecting CXX compiler ABI info
-- Detecting CXX compiler ABI info - done
-- Check for working CXX compiler: /usr/bin/c++ - skipped
-- Detecting CXX compile features
-- Detecting CXX compile features - done
-- Found ament_cmake: 1.3.12 (/opt/ros/humble/share/ament_cmake/cmake)
-- Found Python3: /usr/bin/python3 (found version "3.10.12") found components: Interpreter 
-- Found rclcpp: 16.0.15 (/opt/ros/humble/share/rclcpp/cmake)
-- Found rosidl_generator_c: 3.1.7 (/opt/ros/humble/share/rosidl_generator_c/cmake)
-- Found rosidl_adapter: 3.1.7 (/opt/ros/humble/share/rosidl_adapter/cmake)
-- Found rosidl_generator_cpp: 3.1.7 (/opt/ros/humble/share/rosidl_generator_cpp/cmake)
-- Using all available rosidl_typesupport_c: rosidl_typesupport_fastrtps_c;rosidl_typesupport_introspection_c
-- Using all available rosidl_typesupport_cpp: rosidl_typesupport_fastrtps_cpp;rosidl_typesupport_introspection_cpp
-- Found rmw_implementation_cmake: 6.1.2 (/opt/ros/humble/share/rmw_implementation_cmake/cmake)
-- Found rmw_cyclonedds_cpp: 1.3.4 (/opt/ros/humble/share/rmw_cyclonedds_cpp/cmake)
-- Using RMW implementation 'rmw_cyclonedds_cpp' as default
-- Looking for pthread.h
-- Looking for pthread.h - found
-- Performing Test CMAKE_HAVE_LIBC_PTHREAD
-- Performing Test CMAKE_HAVE_LIBC_PTHREAD - Success
-- Found Threads: TRUE  
-- Found rclcpp_components: 16.0.15 (/opt/ros/humble/share/rclcpp_components/cmake)
-- Found sensor_msgs: 4.9.0 (/opt/ros/humble/share/sensor_msgs/cmake)
-- Found OpenCV: /usr (found version "4.8.0") 
-- Found ament_lint_auto: 0.12.14 (/opt/ros/humble/share/ament_lint_auto/cmake)
-- Added test 'copyright' to check source files copyright and LICENSE
-- Added test 'cppcheck' to perform static code analysis on C / C++ code
-- Configured cppcheck include dirs: 
-- Configured cppcheck exclude dirs and/or files: 
-- Added test 'cpplint' to check C / C++ code against the Google style
-- Configured cpplint exclude dirs and/or files: 
-- Added test 'lint_cmake' to check CMake code style
-- Added test 'uncrustify' to check C / C++ code style
-- Configured uncrustify additional arguments: 
-- Added test 'xmllint' to check XML markup files
-- Configuring done
-- Generating done
-- Build files have been written to: /home/akhil/Downloads/omron_moma_ros2/build/image_sub
[ 50%] [32mBuilding CXX object CMakeFiles/sub_img.dir/src/sub_img.cpp.o[0m
[100%] [32m[1mLinking CXX executable sub_img[0m
[100%] Built target sub_img
-- Install configuration: ""
-- Installing: /home/akhil/Downloads/omron_moma_ros2/install/image_sub/lib/image_sub/sub_img
-- Set runtime path of "/home/akhil/Downloads/omron_moma_ros2/install/image_sub/lib/image_sub/sub_img" to ""
-- Installing: /home/akhil/Downloads/omron_moma_ros2/install/image_sub/share/image_sub/image
-- Installing: /home/akhil/Downloads/omron_moma_ros2/install/image_sub/share/image_sub/image/techman_robot.jpg
-- Installing: /home/akhil/Downloads/omron_moma_ros2/install/image_sub/share/ament_index/resource_index/package_run_dependencies/image_sub
-- Installing: /home/akhil/Downloads/omron_moma_ros2/install/image_sub/share/ament_index/resource_index/parent_prefix_path/image_sub
-- Installing: /home/akhil/Downloads/omron_moma_ros2/install/image_sub/share/image_sub/environment/ament_prefix_path.sh
-- Installing: /home/akhil/Downloads/omron_moma_ros2/install/image_sub/share/image_sub/environment/ament_prefix_path.dsv
-- Installing: /home/akhil/Downloads/omron_moma_ros2/install/image_sub/share/image_sub/environment/path.sh
-- Installing: /home/akhil/Downloads/omron_moma_ros2/install/image_sub/share/image_sub/environment/path.dsv
-- Installing: /home/akhil/Downloads/omron_moma_ros2/install/image_sub/share/image_sub/local_setup.bash
-- Installing: /home/akhil/Downloads/omron_moma_ros2/install/image_sub/share/image_sub/local_setup.sh
-- Installing: /home/akhil/Downloads/omron_moma_ros2/install/image_sub/share/image_sub/local_setup.zsh
-- Installing: /home/akhil/Downloads/omron_moma_ros2/install/image_sub/share/image_sub/local_setup.dsv
-- Installing: /home/akhil/Downloads/omron_moma_ros2/install/image_sub/share/image_sub/package.dsv
-- Installing: /home/akhil/Downloads/omron_moma_ros2/install/image_sub/share/ament_index/resource_index/packages/image_sub
-- Installing: /home/akhil/Downloads/omron_moma_ros2/install/image_sub/share/image_sub/cmake/image_subConfig.cmake
-- Installing: /home/akhil/Downloads/omron_moma_ros2/install/image_sub/share/image_sub/cmake/image_subConfig-version.cmake
-- Installing: /home/akhil/Downloads/omron_moma_ros2/install/image_sub/share/image_sub/package.xml
