[0.054s] Invoking command in '/home/akhil/Downloads/omron_moma_ros2/build/image_sub': CMAKE_PREFIX_PATH=/opt/ros/humble /usr/bin/cmake /home/akhil/Downloads/omron_moma_ros2/MOMA_project/src/image_sub -DCMAKE_INSTALL_PREFIX=/home/akhil/Downloads/omron_moma_ros2/install/image_sub
[0.220s] -- The C compiler identification is GNU 11.4.0
[0.383s] -- The CXX compiler identification is GNU 11.4.0
[0.415s] -- Detecting C compiler ABI info
[0.630s] -- Detecting C compiler ABI info - done
[0.646s] -- Check for working C compiler: /usr/bin/cc - skipped
[0.664s] -- Detecting C compile features
[0.665s] -- Detecting C compile features - done
[0.671s] -- Detecting CXX compiler ABI info
[0.918s] -- Detecting CXX compiler ABI info - done
[0.947s] -- Check for working CXX compiler: /usr/bin/c++ - skipped
[0.949s] -- Detecting CXX compile features
[0.950s] -- Detecting CXX compile features - done
[0.973s] -- Found ament_cmake: 1.3.12 (/opt/ros/humble/share/ament_cmake/cmake)
[1.483s] -- Found Python3: /usr/bin/python3 (found version "3.10.12") found components: Interpreter 
[1.746s] -- Found rclcpp: 16.0.15 (/opt/ros/humble/share/rclcpp/cmake)
[1.850s] -- Found rosidl_generator_c: 3.1.7 (/opt/ros/humble/share/rosidl_generator_c/cmake)
[1.861s] -- Found rosidl_adapter: 3.1.7 (/opt/ros/humble/share/rosidl_adapter/cmake)
[1.884s] -- Found rosidl_generator_cpp: 3.1.7 (/opt/ros/humble/share/rosidl_generator_cpp/cmake)
[1.918s] -- Using all available rosidl_typesupport_c: rosidl_typesupport_fastrtps_c;rosidl_typesupport_introspection_c
[1.957s] -- Using all available rosidl_typesupport_cpp: rosidl_typesupport_fastrtps_cpp;rosidl_typesupport_introspection_cpp
[2.074s] -- Found rmw_implementation_cmake: 6.1.2 (/opt/ros/humble/share/rmw_implementation_cmake/cmake)
[2.075s] -- Found rmw_cyclonedds_cpp: 1.3.4 (/opt/ros/humble/share/rmw_cyclonedds_cpp/cmake)
[2.137s] -- Using RMW implementation 'rmw_cyclonedds_cpp' as default
[2.169s] -- Looking for pthread.h
[2.402s] -- Looking for pthread.h - found
[2.402s] -- Performing Test CMAKE_HAVE_LIBC_PTHREAD
[2.651s] -- Performing Test CMAKE_HAVE_LIBC_PTHREAD - Success
[2.653s] -- Found Threads: TRUE  
[2.787s] -- Found rclcpp_components: 16.0.15 (/opt/ros/humble/share/rclcpp_components/cmake)
[2.850s] -- Found sensor_msgs: 4.9.0 (/opt/ros/humble/share/sensor_msgs/cmake)
[2.983s] -- Found OpenCV: /usr (found version "4.8.0") 
[2.989s] -- Found ament_lint_auto: 0.12.14 (/opt/ros/humble/share/ament_lint_auto/cmake)
[3.284s] -- Added test 'copyright' to check source files copyright and LICENSE
[3.298s] -- Added test 'cppcheck' to perform static code analysis on C / C++ code
[3.299s] -- Configured cppcheck include dirs: 
[3.299s] -- Configured cppcheck exclude dirs and/or files: 
[3.336s] -- Added test 'cpplint' to check C / C++ code against the Google style
[3.336s] -- Configured cpplint exclude dirs and/or files: 
[3.340s] -- Added test 'lint_cmake' to check CMake code style
[3.343s] -- Added test 'uncrustify' to check C / C++ code style
[3.343s] -- Configured uncrustify additional arguments: 
[3.344s] -- Added test 'xmllint' to check XML markup files
[3.348s] -- Configuring done
[3.385s] -- Generating done
[3.397s] -- Build files have been written to: /home/akhil/Downloads/omron_moma_ros2/build/image_sub
[3.464s] Invoked command in '/home/akhil/Downloads/omron_moma_ros2/build/image_sub' returned '0': CMAKE_PREFIX_PATH=/opt/ros/humble /usr/bin/cmake /home/akhil/Downloads/omron_moma_ros2/MOMA_project/src/image_sub -DCMAKE_INSTALL_PREFIX=/home/akhil/Downloads/omron_moma_ros2/install/image_sub
[3.466s] Invoking command in '/home/akhil/Downloads/omron_moma_ros2/build/image_sub': CMAKE_PREFIX_PATH=/opt/ros/humble /usr/bin/cmake --build /home/akhil/Downloads/omron_moma_ros2/build/image_sub -- -j6 -l6
[3.628s] [ 50%] [32mBuilding CXX object CMakeFiles/sub_img.dir/src/sub_img.cpp.o[0m
[47.501s] [100%] [32m[1mLinking CXX executable sub_img[0m
[49.583s] [100%] Built target sub_img
[49.625s] Invoked command in '/home/akhil/Downloads/omron_moma_ros2/build/image_sub' returned '0': CMAKE_PREFIX_PATH=/opt/ros/humble /usr/bin/cmake --build /home/akhil/Downloads/omron_moma_ros2/build/image_sub -- -j6 -l6
[49.626s] Invoking command in '/home/akhil/Downloads/omron_moma_ros2/build/image_sub': CMAKE_PREFIX_PATH=/opt/ros/humble /usr/bin/cmake --install /home/akhil/Downloads/omron_moma_ros2/build/image_sub
[49.646s] -- Install configuration: ""
[49.646s] -- Installing: /home/akhil/Downloads/omron_moma_ros2/install/image_sub/lib/image_sub/sub_img
[49.657s] -- Set runtime path of "/home/akhil/Downloads/omron_moma_ros2/install/image_sub/lib/image_sub/sub_img" to ""
[49.657s] -- Installing: /home/akhil/Downloads/omron_moma_ros2/install/image_sub/share/image_sub/image
[49.657s] -- Installing: /home/akhil/Downloads/omron_moma_ros2/install/image_sub/share/image_sub/image/techman_robot.jpg
[49.668s] -- Installing: /home/akhil/Downloads/omron_moma_ros2/install/image_sub/share/ament_index/resource_index/package_run_dependencies/image_sub
[49.669s] -- Installing: /home/akhil/Downloads/omron_moma_ros2/install/image_sub/share/ament_index/resource_index/parent_prefix_path/image_sub
[49.670s] -- Installing: /home/akhil/Downloads/omron_moma_ros2/install/image_sub/share/image_sub/environment/ament_prefix_path.sh
[49.671s] -- Installing: /home/akhil/Downloads/omron_moma_ros2/install/image_sub/share/image_sub/environment/ament_prefix_path.dsv
[49.672s] -- Installing: /home/akhil/Downloads/omron_moma_ros2/install/image_sub/share/image_sub/environment/path.sh
[49.673s] -- Installing: /home/akhil/Downloads/omron_moma_ros2/install/image_sub/share/image_sub/environment/path.dsv
[49.673s] -- Installing: /home/akhil/Downloads/omron_moma_ros2/install/image_sub/share/image_sub/local_setup.bash
[49.674s] -- Installing: /home/akhil/Downloads/omron_moma_ros2/install/image_sub/share/image_sub/local_setup.sh
[49.675s] -- Installing: /home/akhil/Downloads/omron_moma_ros2/install/image_sub/share/image_sub/local_setup.zsh
[49.676s] -- Installing: /home/akhil/Downloads/omron_moma_ros2/install/image_sub/share/image_sub/local_setup.dsv
[49.677s] -- Installing: /home/akhil/Downloads/omron_moma_ros2/install/image_sub/share/image_sub/package.dsv
[49.677s] -- Installing: /home/akhil/Downloads/omron_moma_ros2/install/image_sub/share/ament_index/resource_index/packages/image_sub
[49.678s] -- Installing: /home/akhil/Downloads/omron_moma_ros2/install/image_sub/share/image_sub/cmake/image_subConfig.cmake
[49.679s] -- Installing: /home/akhil/Downloads/omron_moma_ros2/install/image_sub/share/image_sub/cmake/image_subConfig-version.cmake
[49.680s] -- Installing: /home/akhil/Downloads/omron_moma_ros2/install/image_sub/share/image_sub/package.xml
[49.695s] Invoked command in '/home/akhil/Downloads/omron_moma_ros2/build/image_sub' returned '0': CMAKE_PREFIX_PATH=/opt/ros/humble /usr/bin/cmake --install /home/akhil/Downloads/omron_moma_ros2/build/image_sub
