-- The C compiler identification is GNU 11.4.0
-- The CXX compiler identification is GNU 11.4.0
-- Detecting C compiler ABI info
-- Detecting C compiler ABI info - done
-- Check for working C compiler: /usr/bin/cc - skipped
-- Detecting C compile features
-- Detecting C compile features - done
-- Detecting CXX compiler ABI info
-- Detecting CXX compiler ABI info - done
-- Check for working CXX compiler: /usr/bin/c++ - skipped
-- Detecting CXX compile features
-- Detecting CXX compile features - done
-- Found ament_cmake: 1.3.12 (/opt/ros/humble/share/ament_cmake/cmake)
-- Found Python3: /usr/bin/python3 (found version "3.10.12") found components: Interpreter 
-- Configuring done
-- Generating done
-- Build files have been written to: /home/akhil/Downloads/omron_moma_ros2/MOMA_project/src/build/tm_description
-- Install configuration: ""
-- Installing: /home/akhil/Downloads/omron_moma_ros2/MOMA_project/src/install/tm_description/share/tm_description/launch
-- Installing: /home/akhil/Downloads/omron_moma_ros2/MOMA_project/src/install/tm_description/share/tm_description/launch/view_robot.launch.py
-- Installing: /home/akhil/Downloads/omron_moma_ros2/MOMA_project/src/install/tm_description/share/tm_description/meshes
-- Installing: /home/akhil/Downloads/omron_moma_ros2/MOMA_project/src/install/tm_description/share/tm_description/meshes/tm14s
-- Installing: /home/akhil/Downloads/omron_moma_ros2/MOMA_project/src/install/tm_description/share/tm_description/meshes/tm14s/collision
-- Installing: /home/akhil/Downloads/omron_moma_ros2/MOMA_project/src/install/tm_description/share/tm_description/meshes/tm14s/collision/tm14s-base_c.stl
-- Installing: /home/akhil/Downloads/omron_moma_ros2/MOMA_project/src/install/tm_description/share/tm_description/meshes/tm14s/collision/tm14s-j5_c.stl
-- Installing: /home/akhil/Downloads/omron_moma_ros2/MOMA_project/src/install/tm_description/share/tm_description/meshes/tm14s/collision/tm14s-j6_c.stl
-- Installing: /home/akhil/Downloads/omron_moma_ros2/MOMA_project/src/install/tm_description/share/tm_description/meshes/tm14s/collision/tm14s-a1_c.stl
-- Installing: /home/akhil/Downloads/omron_moma_ros2/MOMA_project/src/install/tm_description/share/tm_description/meshes/tm14s/collision/tm14s-a2_c.stl
-- Installing: /home/akhil/Downloads/omron_moma_ros2/MOMA_project/src/install/tm_description/share/tm_description/meshes/tm14s/collision/tm14s-j1_c.stl
-- Installing: /home/akhil/Downloads/omron_moma_ros2/MOMA_project/src/install/tm_description/share/tm_description/meshes/tm14s/visual
-- Installing: /home/akhil/Downloads/omron_moma_ros2/MOMA_project/src/install/tm_description/share/tm_description/meshes/tm14s/visual/tm14s-a1.mtl
-- Installing: /home/akhil/Downloads/omron_moma_ros2/MOMA_project/src/install/tm_description/share/tm_description/meshes/tm14s/visual/tm14s-j5.obj
-- Installing: /home/akhil/Downloads/omron_moma_ros2/MOMA_project/src/install/tm_description/share/tm_description/meshes/tm14s/visual/tm14s-j1.mtl
-- Installing: /home/akhil/Downloads/omron_moma_ros2/MOMA_project/src/install/tm_description/share/tm_description/meshes/tm14s/visual/tm14s-a2.obj
-- Installing: /home/akhil/Downloads/omron_moma_ros2/MOMA_project/src/install/tm_description/share/tm_description/meshes/tm14s/visual/tm14s-j1.obj
-- Installing: /home/akhil/Downloads/omron_moma_ros2/MOMA_project/src/install/tm_description/share/tm_description/meshes/tm14s/visual/tm14s-a1.obj
-- Installing: /home/akhil/Downloads/omron_moma_ros2/MOMA_project/src/install/tm_description/share/tm_description/meshes/tm14s/visual/tm14s-j6.mtl
-- Installing: /home/akhil/Downloads/omron_moma_ros2/MOMA_project/src/install/tm_description/share/tm_description/meshes/tm14s/visual/tm14s-j5.mtl
-- Installing: /home/akhil/Downloads/omron_moma_ros2/MOMA_project/src/install/tm_description/share/tm_description/meshes/tm14s/visual/tm14s-base.mtl
-- Installing: /home/akhil/Downloads/omron_moma_ros2/MOMA_project/src/install/tm_description/share/tm_description/meshes/tm14s/visual/tm14s-j6.obj
-- Installing: /home/akhil/Downloads/omron_moma_ros2/MOMA_project/src/install/tm_description/share/tm_description/meshes/tm14s/visual/tm14s-a2.mtl
-- Installing: /home/akhil/Downloads/omron_moma_ros2/MOMA_project/src/install/tm_description/share/tm_description/meshes/tm14s/visual/tm14s-base.obj
-- Installing: /home/akhil/Downloads/omron_moma_ros2/MOMA_project/src/install/tm_description/share/tm_description/meshes/tm5s
-- Installing: /home/akhil/Downloads/omron_moma_ros2/MOMA_project/src/install/tm_description/share/tm_description/meshes/tm5s/collision
-- Installing: /home/akhil/Downloads/omron_moma_ros2/MOMA_project/src/install/tm_description/share/tm_description/meshes/tm5s/collision/tm5s-a1_c.stl
-- Installing: /home/akhil/Downloads/omron_moma_ros2/MOMA_project/src/install/tm_description/share/tm_description/meshes/tm5s/collision/tm5s-j5_c.stl
-- Installing: /home/akhil/Downloads/omron_moma_ros2/MOMA_project/src/install/tm_description/share/tm_description/meshes/tm5s/collision/tm5s-io_c.stl
-- Installing: /home/akhil/Downloads/omron_moma_ros2/MOMA_project/src/install/tm_description/share/tm_description/meshes/tm5s/collision/tm5s-a2_c.stl
-- Installing: /home/akhil/Downloads/omron_moma_ros2/MOMA_project/src/install/tm_description/share/tm_description/meshes/tm5s/collision/tm5s-base_c.stl
-- Installing: /home/akhil/Downloads/omron_moma_ros2/MOMA_project/src/install/tm_description/share/tm_description/meshes/tm5s/collision/tm5s-iox_c.stl
-- Installing: /home/akhil/Downloads/omron_moma_ros2/MOMA_project/src/install/tm_description/share/tm_description/meshes/tm5s/collision/tm5s-j6_c.stl
-- Installing: /home/akhil/Downloads/omron_moma_ros2/MOMA_project/src/install/tm_description/share/tm_description/meshes/tm5s/collision/tm5s-j1_c.stl
-- Installing: /home/akhil/Downloads/omron_moma_ros2/MOMA_project/src/install/tm_description/share/tm_description/meshes/tm5s/visual
-- Installing: /home/akhil/Downloads/omron_moma_ros2/MOMA_project/src/install/tm_description/share/tm_description/meshes/tm5s/visual/tm5s-io.obj
-- Installing: /home/akhil/Downloads/omron_moma_ros2/MOMA_project/src/install/tm_description/share/tm_description/meshes/tm5s/visual/tm5s-j5.mtl
-- Installing: /home/akhil/Downloads/omron_moma_ros2/MOMA_project/src/install/tm_description/share/tm_description/meshes/tm5s/visual/tm5s-j1.obj
-- Installing: /home/akhil/Downloads/omron_moma_ros2/MOMA_project/src/install/tm_description/share/tm_description/meshes/tm5s/visual/tm5s-a1.obj
-- Installing: /home/akhil/Downloads/omron_moma_ros2/MOMA_project/src/install/tm_description/share/tm_description/meshes/tm5s/visual/tm5s-io.mtl
-- Installing: /home/akhil/Downloads/omron_moma_ros2/MOMA_project/src/install/tm_description/share/tm_description/meshes/tm5s/visual/tm5s-j5.obj
-- Installing: /home/akhil/Downloads/omron_moma_ros2/MOMA_project/src/install/tm_description/share/tm_description/meshes/tm5s/visual/tm5s-base.mtl
-- Installing: /home/akhil/Downloads/omron_moma_ros2/MOMA_project/src/install/tm_description/share/tm_description/meshes/tm5s/visual/tm5s-a1.mtl
-- Installing: /home/akhil/Downloads/omron_moma_ros2/MOMA_project/src/install/tm_description/share/tm_description/meshes/tm5s/visual/tm5s-j6.mtl
-- Installing: /home/akhil/Downloads/omron_moma_ros2/MOMA_project/src/install/tm_description/share/tm_description/meshes/tm5s/visual/tm5s-a2.mtl
-- Installing: /home/akhil/Downloads/omron_moma_ros2/MOMA_project/src/install/tm_description/share/tm_description/meshes/tm5s/visual/tm5s-j1.mtl
-- Installing: /home/akhil/Downloads/omron_moma_ros2/MOMA_project/src/install/tm_description/share/tm_description/meshes/tm5s/visual/tm5s-iox.obj
-- Installing: /home/akhil/Downloads/omron_moma_ros2/MOMA_project/src/install/tm_description/share/tm_description/meshes/tm5s/visual/tm5s-a2.obj
-- Installing: /home/akhil/Downloads/omron_moma_ros2/MOMA_project/src/install/tm_description/share/tm_description/meshes/tm5s/visual/tm5s-base.obj
-- Installing: /home/akhil/Downloads/omron_moma_ros2/MOMA_project/src/install/tm_description/share/tm_description/meshes/tm5s/visual/tm5s-iox.mtl
-- Installing: /home/akhil/Downloads/omron_moma_ros2/MOMA_project/src/install/tm_description/share/tm_description/meshes/tm5s/visual/tm5s-j6.obj
-- Installing: /home/akhil/Downloads/omron_moma_ros2/MOMA_project/src/install/tm_description/share/tm_description/meshes/tm25s
-- Installing: /home/akhil/Downloads/omron_moma_ros2/MOMA_project/src/install/tm_description/share/tm_description/meshes/tm25s/collision
-- Installing: /home/akhil/Downloads/omron_moma_ros2/MOMA_project/src/install/tm_description/share/tm_description/meshes/tm25s/collision/tm25s-a1_c.stl
-- Installing: /home/akhil/Downloads/omron_moma_ros2/MOMA_project/src/install/tm_description/share/tm_description/meshes/tm25s/collision/tm25s-base_c.stl
-- Installing: /home/akhil/Downloads/omron_moma_ros2/MOMA_project/src/install/tm_description/share/tm_description/meshes/tm25s/collision/tm25s-io_c.stl
-- Installing: /home/akhil/Downloads/omron_moma_ros2/MOMA_project/src/install/tm_description/share/tm_description/meshes/tm25s/collision/tm25s-a2_c.stl
-- Installing: /home/akhil/Downloads/omron_moma_ros2/MOMA_project/src/install/tm_description/share/tm_description/meshes/tm25s/collision/tm25s-j4_c.stl
-- Installing: /home/akhil/Downloads/omron_moma_ros2/MOMA_project/src/install/tm_description/share/tm_description/meshes/tm25s/collision/tm25s-j6_c.stl
-- Installing: /home/akhil/Downloads/omron_moma_ros2/MOMA_project/src/install/tm_description/share/tm_description/meshes/tm25s/collision/tm25s-j1_c.stl
-- Installing: /home/akhil/Downloads/omron_moma_ros2/MOMA_project/src/install/tm_description/share/tm_description/meshes/tm25s/visual
-- Installing: /home/akhil/Downloads/omron_moma_ros2/MOMA_project/src/install/tm_description/share/tm_description/meshes/tm25s/visual/tm25s-a1.obj
-- Installing: /home/akhil/Downloads/omron_moma_ros2/MOMA_project/src/install/tm_description/share/tm_description/meshes/tm25s/visual/tm25s-j4.obj
-- Installing: /home/akhil/Downloads/omron_moma_ros2/MOMA_project/src/install/tm_description/share/tm_description/meshes/tm25s/visual/tm25s-base.mtl
-- Installing: /home/akhil/Downloads/omron_moma_ros2/MOMA_project/src/install/tm_description/share/tm_description/meshes/tm25s/visual/tm25s-j1.mtl
-- Installing: /home/akhil/Downloads/omron_moma_ros2/MOMA_project/src/install/tm_description/share/tm_description/meshes/tm25s/visual/tm25s-j6.mtl
-- Installing: /home/akhil/Downloads/omron_moma_ros2/MOMA_project/src/install/tm_description/share/tm_description/meshes/tm25s/visual/tm25s-io.mtl
-- Installing: /home/akhil/Downloads/omron_moma_ros2/MOMA_project/src/install/tm_description/share/tm_description/meshes/tm25s/visual/tm25s-a2.mtl
-- Installing: /home/akhil/Downloads/omron_moma_ros2/MOMA_project/src/install/tm_description/share/tm_description/meshes/tm25s/visual/tm25s-a2.obj
-- Installing: /home/akhil/Downloads/omron_moma_ros2/MOMA_project/src/install/tm_description/share/tm_description/meshes/tm25s/visual/tm25s-j1.obj
-- Installing: /home/akhil/Downloads/omron_moma_ros2/MOMA_project/src/install/tm_description/share/tm_description/meshes/tm25s/visual/tm25s-a1.mtl
-- Installing: /home/akhil/Downloads/omron_moma_ros2/MOMA_project/src/install/tm_description/share/tm_description/meshes/tm25s/visual/tm25s-io.obj
-- Installing: /home/akhil/Downloads/omron_moma_ros2/MOMA_project/src/install/tm_description/share/tm_description/meshes/tm25s/visual/tm25s-base.obj
-- Installing: /home/akhil/Downloads/omron_moma_ros2/MOMA_project/src/install/tm_description/share/tm_description/meshes/tm25s/visual/tm25s-j6.obj
-- Installing: /home/akhil/Downloads/omron_moma_ros2/MOMA_project/src/install/tm_description/share/tm_description/meshes/tm25s/visual/tm25s-j4.mtl
-- Installing: /home/akhil/Downloads/omron_moma_ros2/MOMA_project/src/install/tm_description/share/tm_description/meshes/tm7s
-- Installing: /home/akhil/Downloads/omron_moma_ros2/MOMA_project/src/install/tm_description/share/tm_description/meshes/tm7s/collision
-- Installing: /home/akhil/Downloads/omron_moma_ros2/MOMA_project/src/install/tm_description/share/tm_description/meshes/tm7s/collision/tm7s-io_c.stl
-- Installing: /home/akhil/Downloads/omron_moma_ros2/MOMA_project/src/install/tm_description/share/tm_description/meshes/tm7s/collision/tm7s-j1_c.stl
-- Installing: /home/akhil/Downloads/omron_moma_ros2/MOMA_project/src/install/tm_description/share/tm_description/meshes/tm7s/collision/tm7s-base_c.stl
-- Installing: /home/akhil/Downloads/omron_moma_ros2/MOMA_project/src/install/tm_description/share/tm_description/meshes/tm7s/collision/tm7s-a1_c.stl
-- Installing: /home/akhil/Downloads/omron_moma_ros2/MOMA_project/src/install/tm_description/share/tm_description/meshes/tm7s/collision/tm7s-j6_c.stl
-- Installing: /home/akhil/Downloads/omron_moma_ros2/MOMA_project/src/install/tm_description/share/tm_description/meshes/tm7s/collision/tm7s-j5_c.stl
-- Installing: /home/akhil/Downloads/omron_moma_ros2/MOMA_project/src/install/tm_description/share/tm_description/meshes/tm7s/collision/tm7s-a2_c.stl
-- Installing: /home/akhil/Downloads/omron_moma_ros2/MOMA_project/src/install/tm_description/share/tm_description/meshes/tm7s/visual
-- Installing: /home/akhil/Downloads/omron_moma_ros2/MOMA_project/src/install/tm_description/share/tm_description/meshes/tm7s/visual/tm7s-j5.obj
-- Installing: /home/akhil/Downloads/omron_moma_ros2/MOMA_project/src/install/tm_description/share/tm_description/meshes/tm7s/visual/tm7s-io.mtl
-- Installing: /home/akhil/Downloads/omron_moma_ros2/MOMA_project/src/install/tm_description/share/tm_description/meshes/tm7s/visual/tm7s-base.mtl
-- Installing: /home/akhil/Downloads/omron_moma_ros2/MOMA_project/src/install/tm_description/share/tm_description/meshes/tm7s/visual/tm7s-j5.mtl
-- Installing: /home/akhil/Downloads/omron_moma_ros2/MOMA_project/src/install/tm_description/share/tm_description/meshes/tm7s/visual/tm7s-j1.obj
-- Installing: /home/akhil/Downloads/omron_moma_ros2/MOMA_project/src/install/tm_description/share/tm_description/meshes/tm7s/visual/tm7s-a2.obj
-- Installing: /home/akhil/Downloads/omron_moma_ros2/MOMA_project/src/install/tm_description/share/tm_description/meshes/tm7s/visual/tm7s-j1.mtl
-- Installing: /home/akhil/Downloads/omron_moma_ros2/MOMA_project/src/install/tm_description/share/tm_description/meshes/tm7s/visual/tm7s-base.obj
-- Installing: /home/akhil/Downloads/omron_moma_ros2/MOMA_project/src/install/tm_description/share/tm_description/meshes/tm7s/visual/tm7s-a1.obj
-- Installing: /home/akhil/Downloads/omron_moma_ros2/MOMA_project/src/install/tm_description/share/tm_description/meshes/tm7s/visual/tm7s-a1.mtl
-- Installing: /home/akhil/Downloads/omron_moma_ros2/MOMA_project/src/install/tm_description/share/tm_description/meshes/tm7s/visual/tm7s-a2.mtl
-- Installing: /home/akhil/Downloads/omron_moma_ros2/MOMA_project/src/install/tm_description/share/tm_description/meshes/tm7s/visual/tm7s-j6.obj
-- Installing: /home/akhil/Downloads/omron_moma_ros2/MOMA_project/src/install/tm_description/share/tm_description/meshes/tm7s/visual/tm7s-j6.mtl
-- Installing: /home/akhil/Downloads/omron_moma_ros2/MOMA_project/src/install/tm_description/share/tm_description/meshes/tm7s/visual/tm7s-io.obj
-- Installing: /home/akhil/Downloads/omron_moma_ros2/MOMA_project/src/install/tm_description/share/tm_description/meshes/tm12s
-- Installing: /home/akhil/Downloads/omron_moma_ros2/MOMA_project/src/install/tm_description/share/tm_description/meshes/tm12s/collision
-- Installing: /home/akhil/Downloads/omron_moma_ros2/MOMA_project/src/install/tm_description/share/tm_description/meshes/tm12s/collision/tm12s-a2_c.stl
-- Installing: /home/akhil/Downloads/omron_moma_ros2/MOMA_project/src/install/tm_description/share/tm_description/meshes/tm12s/collision/tm12s-j1-a_c.stl
-- Installing: /home/akhil/Downloads/omron_moma_ros2/MOMA_project/src/install/tm_description/share/tm_description/meshes/tm12s/collision/tm12s-io_c.stl
-- Installing: /home/akhil/Downloads/omron_moma_ros2/MOMA_project/src/install/tm_description/share/tm_description/meshes/tm12s/collision/tm12s-a1_c.stl
-- Installing: /home/akhil/Downloads/omron_moma_ros2/MOMA_project/src/install/tm_description/share/tm_description/meshes/tm12s/collision/tm12s-j6_c.stl
-- Installing: /home/akhil/Downloads/omron_moma_ros2/MOMA_project/src/install/tm_description/share/tm_description/meshes/tm12s/collision/tm12s-tbb_a_c.stl
-- Installing: /home/akhil/Downloads/omron_moma_ros2/MOMA_project/src/install/tm_description/share/tm_description/meshes/tm12s/collision/tm12s-j5_c.stl
-- Installing: /home/akhil/Downloads/omron_moma_ros2/MOMA_project/src/install/tm_description/share/tm_description/meshes/tm12s/visual
-- Installing: /home/akhil/Downloads/omron_moma_ros2/MOMA_project/src/install/tm_description/share/tm_description/meshes/tm12s/visual/tm12s-tbb_a.mtl
-- Installing: /home/akhil/Downloads/omron_moma_ros2/MOMA_project/src/install/tm_description/share/tm_description/meshes/tm12s/visual/tm12s-j6.obj
-- Installing: /home/akhil/Downloads/omron_moma_ros2/MOMA_project/src/install/tm_description/share/tm_description/meshes/tm12s/visual/tm12s-j5.mtl
-- Installing: /home/akhil/Downloads/omron_moma_ros2/MOMA_project/src/install/tm_description/share/tm_description/meshes/tm12s/visual/tm12s-j1-a.obj
-- Installing: /home/akhil/Downloads/omron_moma_ros2/MOMA_project/src/install/tm_description/share/tm_description/meshes/tm12s/visual/tm12s-a1.obj
-- Installing: /home/akhil/Downloads/omron_moma_ros2/MOMA_project/src/install/tm_description/share/tm_description/meshes/tm12s/visual/tm12s-j6.mtl
-- Installing: /home/akhil/Downloads/omron_moma_ros2/MOMA_project/src/install/tm_description/share/tm_description/meshes/tm12s/visual/tm12s-a2.obj
-- Installing: /home/akhil/Downloads/omron_moma_ros2/MOMA_project/src/install/tm_description/share/tm_description/meshes/tm12s/visual/tm12s-a1.mtl
-- Installing: /home/akhil/Downloads/omron_moma_ros2/MOMA_project/src/install/tm_description/share/tm_description/meshes/tm12s/visual/tm12s-tbb_a.obj
-- Installing: /home/akhil/Downloads/omron_moma_ros2/MOMA_project/src/install/tm_description/share/tm_description/meshes/tm12s/visual/tm12s-io.obj
-- Installing: /home/akhil/Downloads/omron_moma_ros2/MOMA_project/src/install/tm_description/share/tm_description/meshes/tm12s/visual/tm12s-j1-a.mtl
-- Installing: /home/akhil/Downloads/omron_moma_ros2/MOMA_project/src/install/tm_description/share/tm_description/meshes/tm12s/visual/tm12s-io.mtl
-- Installing: /home/akhil/Downloads/omron_moma_ros2/MOMA_project/src/install/tm_description/share/tm_description/meshes/tm12s/visual/tm12s-a2.mtl
-- Installing: /home/akhil/Downloads/omron_moma_ros2/MOMA_project/src/install/tm_description/share/tm_description/meshes/tm12s/visual/tm12s-j5.obj
-- Installing: /home/akhil/Downloads/omron_moma_ros2/MOMA_project/src/install/tm_description/share/tm_description/meshes/tm30s
-- Installing: /home/akhil/Downloads/omron_moma_ros2/MOMA_project/src/install/tm_description/share/tm_description/meshes/tm30s/collision
-- Installing: /home/akhil/Downloads/omron_moma_ros2/MOMA_project/src/install/tm_description/share/tm_description/meshes/tm30s/collision/tm30s-arm2_c.stl
-- Installing: /home/akhil/Downloads/omron_moma_ros2/MOMA_project/src/install/tm_description/share/tm_description/meshes/tm30s/collision/tm30s-arm1_c.stl
-- Installing: /home/akhil/Downloads/omron_moma_ros2/MOMA_project/src/install/tm_description/share/tm_description/meshes/tm30s/visual
-- Installing: /home/akhil/Downloads/omron_moma_ros2/MOMA_project/src/install/tm_description/share/tm_description/meshes/tm30s/visual/tm30s-arm2.mtl
-- Installing: /home/akhil/Downloads/omron_moma_ros2/MOMA_project/src/install/tm_description/share/tm_description/meshes/tm30s/visual/tm30s-arm1.obj
-- Installing: /home/akhil/Downloads/omron_moma_ros2/MOMA_project/src/install/tm_description/share/tm_description/meshes/tm30s/visual/tm30s-arm1.mtl
-- Installing: /home/akhil/Downloads/omron_moma_ros2/MOMA_project/src/install/tm_description/share/tm_description/meshes/tm30s/visual/tm30s-arm2.stl
-- Installing: /home/akhil/Downloads/omron_moma_ros2/MOMA_project/src/install/tm_description/share/tm_description/meshes/tm30s/visual/tm30s-arm1.stl
-- Installing: /home/akhil/Downloads/omron_moma_ros2/MOMA_project/src/install/tm_description/share/tm_description/meshes/tm30s/visual/tm30s-arm2.obj
-- Installing: /home/akhil/Downloads/omron_moma_ros2/MOMA_project/src/install/tm_description/share/tm_description/rviz
-- Installing: /home/akhil/Downloads/omron_moma_ros2/MOMA_project/src/install/tm_description/share/tm_description/rviz/view_robot.rviz
-- Installing: /home/akhil/Downloads/omron_moma_ros2/MOMA_project/src/install/tm_description/share/tm_description/xacro
-- Installing: /home/akhil/Downloads/omron_moma_ros2/MOMA_project/src/install/tm_description/share/tm_description/xacro/tm12sx.urdf.xacro
-- Installing: /home/akhil/Downloads/omron_moma_ros2/MOMA_project/src/install/tm_description/share/tm_description/xacro/tm14sx.urdf.xacro
-- Installing: /home/akhil/Downloads/omron_moma_ros2/MOMA_project/src/install/tm_description/share/tm_description/xacro/tm5s.urdf.xacro
-- Installing: /home/akhil/Downloads/omron_moma_ros2/MOMA_project/src/install/tm_description/share/tm_description/xacro/macro.materials.xacro
-- Installing: /home/akhil/Downloads/omron_moma_ros2/MOMA_project/src/install/tm_description/share/tm_description/xacro/macro.tm25s-nominal.urdf.xacro
-- Installing: /home/akhil/Downloads/omron_moma_ros2/MOMA_project/src/install/tm_description/share/tm_description/xacro/macro.transmission.xacro
-- Installing: /home/akhil/Downloads/omron_moma_ros2/MOMA_project/src/install/tm_description/share/tm_description/xacro/macro.tm14sx-nominal.urdf.xacro
-- Installing: /home/akhil/Downloads/omron_moma_ros2/MOMA_project/src/install/tm_description/share/tm_description/xacro/macro.tm5s-nominal.urdf.xacro
-- Installing: /home/akhil/Downloads/omron_moma_ros2/MOMA_project/src/install/tm_description/share/tm_description/xacro/macro.inertial.xacro
-- Installing: /home/akhil/Downloads/omron_moma_ros2/MOMA_project/src/install/tm_description/share/tm_description/xacro/tm25s.urdf.xacro
-- Installing: /home/akhil/Downloads/omron_moma_ros2/MOMA_project/src/install/tm_description/share/tm_description/xacro/macro.tm5sx-nominal.urdf.xacro
-- Installing: /home/akhil/Downloads/omron_moma_ros2/MOMA_project/src/install/tm_description/share/tm_description/xacro/tm7s.urdf.xacro
-- Installing: /home/akhil/Downloads/omron_moma_ros2/MOMA_project/src/install/tm_description/share/tm_description/xacro/tm12s.urdf.xacro
-- Installing: /home/akhil/Downloads/omron_moma_ros2/MOMA_project/src/install/tm_description/share/tm_description/xacro/macro.tm12sx-nominal.urdf.xacro
-- Installing: /home/akhil/Downloads/omron_moma_ros2/MOMA_project/src/install/tm_description/share/tm_description/xacro/macro.tm7s-nominal.urdf.xacro
-- Installing: /home/akhil/Downloads/omron_moma_ros2/MOMA_project/src/install/tm_description/share/tm_description/xacro/tm14s.urdf.xacro
-- Installing: /home/akhil/Downloads/omron_moma_ros2/MOMA_project/src/install/tm_description/share/tm_description/xacro/macro.tm7sx-nominal.urdf.xacro
-- Installing: /home/akhil/Downloads/omron_moma_ros2/MOMA_project/src/install/tm_description/share/tm_description/xacro/macro.tm30s-nominal.urdf.xacro
-- Installing: /home/akhil/Downloads/omron_moma_ros2/MOMA_project/src/install/tm_description/share/tm_description/xacro/tm7sx.urdf.xacro
-- Installing: /home/akhil/Downloads/omron_moma_ros2/MOMA_project/src/install/tm_description/share/tm_description/xacro/macro.gazebo.xacro
-- Installing: /home/akhil/Downloads/omron_moma_ros2/MOMA_project/src/install/tm_description/share/tm_description/xacro/tm30s.urdf.xacro
-- Installing: /home/akhil/Downloads/omron_moma_ros2/MOMA_project/src/install/tm_description/share/tm_description/xacro/tm5sx.urdf.xacro
-- Installing: /home/akhil/Downloads/omron_moma_ros2/MOMA_project/src/install/tm_description/share/tm_description/xacro/macro.tm14s-nominal.urdf.xacro
-- Installing: /home/akhil/Downloads/omron_moma_ros2/MOMA_project/src/install/tm_description/share/tm_description/xacro/macro.tm12s-nominal.urdf.xacro
-- Installing: /home/akhil/Downloads/omron_moma_ros2/MOMA_project/src/install/tm_description/share/ament_index/resource_index/package_run_dependencies/tm_description
-- Installing: /home/akhil/Downloads/omron_moma_ros2/MOMA_project/src/install/tm_description/share/ament_index/resource_index/parent_prefix_path/tm_description
-- Installing: /home/akhil/Downloads/omron_moma_ros2/MOMA_project/src/install/tm_description/share/tm_description/environment/ament_prefix_path.sh
-- Installing: /home/akhil/Downloads/omron_moma_ros2/MOMA_project/src/install/tm_description/share/tm_description/environment/ament_prefix_path.dsv
-- Installing: /home/akhil/Downloads/omron_moma_ros2/MOMA_project/src/install/tm_description/share/tm_description/environment/path.sh
-- Installing: /home/akhil/Downloads/omron_moma_ros2/MOMA_project/src/install/tm_description/share/tm_description/environment/path.dsv
-- Installing: /home/akhil/Downloads/omron_moma_ros2/MOMA_project/src/install/tm_description/share/tm_description/local_setup.bash
-- Installing: /home/akhil/Downloads/omron_moma_ros2/MOMA_project/src/install/tm_description/share/tm_description/local_setup.sh
-- Installing: /home/akhil/Downloads/omron_moma_ros2/MOMA_project/src/install/tm_description/share/tm_description/local_setup.zsh
-- Installing: /home/akhil/Downloads/omron_moma_ros2/MOMA_project/src/install/tm_description/share/tm_description/local_setup.dsv
-- Installing: /home/akhil/Downloads/omron_moma_ros2/MOMA_project/src/install/tm_description/share/tm_description/package.dsv
-- Installing: /home/akhil/Downloads/omron_moma_ros2/MOMA_project/src/install/tm_description/share/ament_index/resource_index/packages/tm_description
-- Installing: /home/akhil/Downloads/omron_moma_ros2/MOMA_project/src/install/tm_description/share/tm_description/cmake/tm_descriptionConfig.cmake
-- Installing: /home/akhil/Downloads/omron_moma_ros2/MOMA_project/src/install/tm_description/share/tm_description/cmake/tm_descriptionConfig-version.cmake
-- Installing: /home/akhil/Downloads/omron_moma_ros2/MOMA_project/src/install/tm_description/share/tm_description/package.xml
