[3.344s] Invoking command in '/home/akhil/Downloads/omron_moma_ros2/MOMA_project/src/tm_mod_urdf': PYTHONPATH=/home/akhil/Downloads/omron_moma_ros2/MOMA_project/src/build/tm_mod_urdf/prefix_override:/usr/lib/python3/dist-packages/colcon_core/task/python/colcon_distutils_commands:/home/akhil/Downloads/omron_moma_ros2/MOMA_project/src/install/tm_mod_urdf/lib/python3.10/site-packages:${PYTHONPATH} /usr/bin/python3 -W ignore:setup.py install is deprecated -W ignore:easy_install command is deprecated setup.py egg_info --egg-base ../build/tm_mod_urdf build --build-base /home/akhil/Downloads/omron_moma_ros2/MOMA_project/src/build/tm_mod_urdf/build install --record /home/akhil/Downloads/omron_moma_ros2/MOMA_project/src/build/tm_mod_urdf/install.log --single-version-externally-managed install_data
[6.586s] running egg_info
[6.586s] creating ../build/tm_mod_urdf/tm_mod_urdf.egg-info
[6.587s] writing ../build/tm_mod_urdf/tm_mod_urdf.egg-info/PKG-INFO
[6.587s] writing dependency_links to ../build/tm_mod_urdf/tm_mod_urdf.egg-info/dependency_links.txt
[6.587s] writing entry points to ../build/tm_mod_urdf/tm_mod_urdf.egg-info/entry_points.txt
[6.587s] writing requirements to ../build/tm_mod_urdf/tm_mod_urdf.egg-info/requires.txt
[6.587s] writing top-level names to ../build/tm_mod_urdf/tm_mod_urdf.egg-info/top_level.txt
[6.587s] writing manifest file '../build/tm_mod_urdf/tm_mod_urdf.egg-info/SOURCES.txt'
[6.587s] reading manifest file '../build/tm_mod_urdf/tm_mod_urdf.egg-info/SOURCES.txt'
[6.588s] writing manifest file '../build/tm_mod_urdf/tm_mod_urdf.egg-info/SOURCES.txt'
[6.588s] running build
[6.588s] running build_py
[6.588s] creating /home/akhil/Downloads/omron_moma_ros2/MOMA_project/src/build/tm_mod_urdf/build
[6.588s] creating /home/akhil/Downloads/omron_moma_ros2/MOMA_project/src/build/tm_mod_urdf/build/lib
[6.588s] creating /home/akhil/Downloads/omron_moma_ros2/MOMA_project/src/build/tm_mod_urdf/build/lib/tm_mod_urdf
[6.588s] copying tm_mod_urdf/modify_urdf.py -> /home/akhil/Downloads/omron_moma_ros2/MOMA_project/src/build/tm_mod_urdf/build/lib/tm_mod_urdf
[6.588s] copying tm_mod_urdf/modify_xacro.py -> /home/akhil/Downloads/omron_moma_ros2/MOMA_project/src/build/tm_mod_urdf/build/lib/tm_mod_urdf
[6.589s] copying tm_mod_urdf/_modify_urdf.py -> /home/akhil/Downloads/omron_moma_ros2/MOMA_project/src/build/tm_mod_urdf/build/lib/tm_mod_urdf
[6.589s] copying tm_mod_urdf/__init__.py -> /home/akhil/Downloads/omron_moma_ros2/MOMA_project/src/build/tm_mod_urdf/build/lib/tm_mod_urdf
[6.589s] running install
[6.589s] running install_lib
[6.589s] creating /home/akhil/Downloads/omron_moma_ros2/MOMA_project/src/install/tm_mod_urdf/lib/python3.10/site-packages/tm_mod_urdf
[6.589s] copying /home/akhil/Downloads/omron_moma_ros2/MOMA_project/src/build/tm_mod_urdf/build/lib/tm_mod_urdf/modify_urdf.py -> /home/akhil/Downloads/omron_moma_ros2/MOMA_project/src/install/tm_mod_urdf/lib/python3.10/site-packages/tm_mod_urdf
[6.589s] copying /home/akhil/Downloads/omron_moma_ros2/MOMA_project/src/build/tm_mod_urdf/build/lib/tm_mod_urdf/modify_xacro.py -> /home/akhil/Downloads/omron_moma_ros2/MOMA_project/src/install/tm_mod_urdf/lib/python3.10/site-packages/tm_mod_urdf
[6.590s] copying /home/akhil/Downloads/omron_moma_ros2/MOMA_project/src/build/tm_mod_urdf/build/lib/tm_mod_urdf/_modify_urdf.py -> /home/akhil/Downloads/omron_moma_ros2/MOMA_project/src/install/tm_mod_urdf/lib/python3.10/site-packages/tm_mod_urdf
[6.590s] copying /home/akhil/Downloads/omron_moma_ros2/MOMA_project/src/build/tm_mod_urdf/build/lib/tm_mod_urdf/__init__.py -> /home/akhil/Downloads/omron_moma_ros2/MOMA_project/src/install/tm_mod_urdf/lib/python3.10/site-packages/tm_mod_urdf
[6.590s] byte-compiling /home/akhil/Downloads/omron_moma_ros2/MOMA_project/src/install/tm_mod_urdf/lib/python3.10/site-packages/tm_mod_urdf/modify_urdf.py to modify_urdf.cpython-310.pyc
[6.591s] byte-compiling /home/akhil/Downloads/omron_moma_ros2/MOMA_project/src/install/tm_mod_urdf/lib/python3.10/site-packages/tm_mod_urdf/modify_xacro.py to modify_xacro.cpython-310.pyc
[6.603s] byte-compiling /home/akhil/Downloads/omron_moma_ros2/MOMA_project/src/install/tm_mod_urdf/lib/python3.10/site-packages/tm_mod_urdf/_modify_urdf.py to _modify_urdf.cpython-310.pyc
[6.603s] byte-compiling /home/akhil/Downloads/omron_moma_ros2/MOMA_project/src/install/tm_mod_urdf/lib/python3.10/site-packages/tm_mod_urdf/__init__.py to __init__.cpython-310.pyc
[6.603s] running install_data
[6.603s] creating /home/akhil/Downloads/omron_moma_ros2/MOMA_project/src/install/tm_mod_urdf/share/ament_index
[6.603s] creating /home/akhil/Downloads/omron_moma_ros2/MOMA_project/src/install/tm_mod_urdf/share/ament_index/resource_index
[6.604s] creating /home/akhil/Downloads/omron_moma_ros2/MOMA_project/src/install/tm_mod_urdf/share/ament_index/resource_index/packages
[6.604s] copying resource/tm_mod_urdf -> /home/akhil/Downloads/omron_moma_ros2/MOMA_project/src/install/tm_mod_urdf/share/ament_index/resource_index/packages
[6.604s] copying package.xml -> /home/akhil/Downloads/omron_moma_ros2/MOMA_project/src/install/tm_mod_urdf/share/tm_mod_urdf
[6.604s] running install_egg_info
[6.604s] Copying ../build/tm_mod_urdf/tm_mod_urdf.egg-info to /home/akhil/Downloads/omron_moma_ros2/MOMA_project/src/install/tm_mod_urdf/lib/python3.10/site-packages/tm_mod_urdf-2.0.0-py3.10.egg-info
[6.604s] running install_scripts
[6.604s] Installing modify_urdf script to /home/akhil/Downloads/omron_moma_ros2/MOMA_project/src/install/tm_mod_urdf/lib/tm_mod_urdf
[6.605s] Installing modify_xacro script to /home/akhil/Downloads/omron_moma_ros2/MOMA_project/src/install/tm_mod_urdf/lib/tm_mod_urdf
[6.605s] writing list of installed files to '/home/akhil/Downloads/omron_moma_ros2/MOMA_project/src/build/tm_mod_urdf/install.log'
[6.784s] Invoked command in '/home/akhil/Downloads/omron_moma_ros2/MOMA_project/src/tm_mod_urdf' returned '0': PYTHONPATH=/home/akhil/Downloads/omron_moma_ros2/MOMA_project/src/build/tm_mod_urdf/prefix_override:/usr/lib/python3/dist-packages/colcon_core/task/python/colcon_distutils_commands:/home/akhil/Downloads/omron_moma_ros2/MOMA_project/src/install/tm_mod_urdf/lib/python3.10/site-packages:${PYTHONPATH} /usr/bin/python3 -W ignore:setup.py install is deprecated -W ignore:easy_install command is deprecated setup.py egg_info --egg-base ../build/tm_mod_urdf build --build-base /home/akhil/Downloads/omron_moma_ros2/MOMA_project/src/build/tm_mod_urdf/build install --record /home/akhil/Downloads/omron_moma_ros2/MOMA_project/src/build/tm_mod_urdf/install.log --single-version-externally-managed install_data
