-- The C compiler identification is GNU 11.4.0
-- The CXX compiler identification is GNU 11.4.0
-- Detecting C compiler ABI info
-- Detecting C compiler ABI info - done
-- Check for working C compiler: /usr/bin/cc - skipped
-- Detecting C compile features
-- Detecting C compile features - done
-- Detecting CXX compiler ABI info
-- Detecting CXX compiler ABI info - done
-- Check for working CXX compiler: /usr/bin/c++ - skipped
-- Detecting CXX compile features
-- Detecting CXX compile features - done
-- Found ament_cmake: 1.3.12 (/opt/ros/humble/share/ament_cmake/cmake)
-- Found Python3: /usr/bin/python3 (found version "3.10.12") found components: Interpreter 
-- Found rclcpp: 16.0.15 (/opt/ros/humble/share/rclcpp/cmake)
-- Found rosidl_generator_c: 3.1.7 (/opt/ros/humble/share/rosidl_generator_c/cmake)
-- Found rosidl_adapter: 3.1.7 (/opt/ros/humble/share/rosidl_adapter/cmake)
-- Found rosidl_generator_cpp: 3.1.7 (/opt/ros/humble/share/rosidl_generator_cpp/cmake)
-- Using all available rosidl_typesupport_c: rosidl_typesupport_fastrtps_c;rosidl_typesupport_introspection_c
-- Using all available rosidl_typesupport_cpp: rosidl_typesupport_fastrtps_cpp;rosidl_typesupport_introspection_cpp
-- Found rmw_implementation_cmake: 6.1.2 (/opt/ros/humble/share/rmw_implementation_cmake/cmake)
-- Found rmw_cyclonedds_cpp: 1.3.4 (/opt/ros/humble/share/rmw_cyclonedds_cpp/cmake)
-- Using RMW implementation 'rmw_cyclonedds_cpp' as default
-- Looking for pthread.h
-- Looking for pthread.h - found
-- Performing Test CMAKE_HAVE_LIBC_PTHREAD
-- Performing Test CMAKE_HAVE_LIBC_PTHREAD - Success
-- Found Threads: TRUE  
-- Found sensor_msgs: 4.9.0 (/opt/ros/humble/share/sensor_msgs/cmake)
-- Found control_msgs: 4.8.0 (/opt/ros/humble/share/control_msgs/cmake)
-- Found visualization_msgs: 4.9.0 (/opt/ros/humble/share/visualization_msgs/cmake)
-- Found tf2_ros: 0.25.16 (/opt/ros/humble/share/tf2_ros/cmake)
-- Found om_aiv_msg: 0.0.0 (/home/akhil/Downloads/omron_moma_ros2/install/om_aiv_msg/share/om_aiv_msg/cmake)
-- Found nav_msgs: 4.9.0 (/opt/ros/humble/share/nav_msgs/cmake)
-- Found ament_lint_auto: 0.12.14 (/opt/ros/humble/share/ament_lint_auto/cmake)
-- Added test 'copyright' to check source files copyright and LICENSE
-- Added test 'cppcheck' to perform static code analysis on C / C++ code
-- Configured cppcheck include dirs: /home/akhil/Downloads/omron_moma_ros2/MOMA_project/src/amr_visualisation/include
-- Configured cppcheck exclude dirs and/or files: 
-- Added test 'cpplint' to check C / C++ code against the Google style
-- Configured cpplint exclude dirs and/or files: 
-- Added test 'flake8' to check Python code syntax and style conventions
-- Added test 'lint_cmake' to check CMake code style
-- Added test 'pep257' to check Python code against some of the docstring style conventions in PEP 257
-- Added test 'uncrustify' to check C / C++ code style
-- Configured uncrustify additional arguments: 
-- Added test 'xmllint' to check XML markup files
-- Configuring done
-- Generating done
-- Build files have been written to: /home/akhil/Downloads/omron_moma_ros2/build/amr_visualisation
[ 25%] [32mBuilding CXX object CMakeFiles/joints_publisher.dir/src/joints_publisher.cpp.o[0m
[ 25%] [32mBuilding CXX object CMakeFiles/goals_marker.dir/src/goals_marker.cpp.o[0m
[ 37%] [32m[1mLinking CXX executable joints_publisher[0m
[ 50%] [32m[1mLinking CXX executable goals_marker[0m
[ 50%] Built target joints_publisher
[ 62%] [32mBuilding CXX object CMakeFiles/laser_scans.dir/src/laser_scans.cpp.o[0m
[ 62%] Built target goals_marker
[ 75%] [32mBuilding CXX object CMakeFiles/data_points_marker.dir/src/data_points_marker.cpp.o[0m
[ 87%] [32m[1mLinking CXX executable data_points_marker[0m
[ 87%] Built target data_points_marker
[100%] [32m[1mLinking CXX executable laser_scans[0m
[100%] Built target laser_scans
-- Install configuration: ""
-- Installing: /home/akhil/Downloads/omron_moma_ros2/install/amr_visualisation/lib/amr_visualisation/joints_publisher
-- Set runtime path of "/home/akhil/Downloads/omron_moma_ros2/install/amr_visualisation/lib/amr_visualisation/joints_publisher" to ""
-- Installing: /home/akhil/Downloads/omron_moma_ros2/install/amr_visualisation/lib/amr_visualisation/data_points_marker
-- Set runtime path of "/home/akhil/Downloads/omron_moma_ros2/install/amr_visualisation/lib/amr_visualisation/data_points_marker" to ""
-- Installing: /home/akhil/Downloads/omron_moma_ros2/install/amr_visualisation/lib/amr_visualisation/goals_marker
-- Set runtime path of "/home/akhil/Downloads/omron_moma_ros2/install/amr_visualisation/lib/amr_visualisation/goals_marker" to ""
-- Installing: /home/akhil/Downloads/omron_moma_ros2/install/amr_visualisation/lib/amr_visualisation/laser_scans
-- Set runtime path of "/home/akhil/Downloads/omron_moma_ros2/install/amr_visualisation/lib/amr_visualisation/laser_scans" to ""
-- Installing: /home/akhil/Downloads/omron_moma_ros2/install/amr_visualisation/share/amr_visualisation/launch
-- Installing: /home/akhil/Downloads/omron_moma_ros2/install/amr_visualisation/share/amr_visualisation/launch/display.launch.py
-- Installing: /home/akhil/Downloads/omron_moma_ros2/install/amr_visualisation/share/amr_visualisation/config
-- Installing: /home/akhil/Downloads/omron_moma_ros2/install/amr_visualisation/share/amr_visualisation/config/amr_rviz.rviz
-- Installing: /home/akhil/Downloads/omron_moma_ros2/install/amr_visualisation/share/amr_visualisation/map
-- Installing: /home/akhil/Downloads/omron_moma_ros2/install/amr_visualisation/share/amr_visualisation/map/data.map
-- Installing: /home/akhil/Downloads/omron_moma_ros2/install/amr_visualisation/share/amr_visualisation/meshes
-- Installing: /home/akhil/Downloads/omron_moma_ros2/install/amr_visualisation/share/amr_visualisation/meshes/AMR_Platform.STL
-- Installing: /home/akhil/Downloads/omron_moma_ros2/install/amr_visualisation/share/amr_visualisation/meshes/LD250.obj
-- Installing: /home/akhil/Downloads/omron_moma_ros2/install/amr_visualisation/share/amr_visualisation/meshes/LD250.mtl
-- Installing: /home/akhil/Downloads/omron_moma_ros2/install/amr_visualisation/share/amr_visualisation/meshes/LD90.obj
-- Installing: /home/akhil/Downloads/omron_moma_ros2/install/amr_visualisation/share/amr_visualisation/meshes/LD90.mtl
-- Installing: /home/akhil/Downloads/omron_moma_ros2/install/amr_visualisation/share/amr_visualisation/param
-- Installing: /home/akhil/Downloads/omron_moma_ros2/install/amr_visualisation/share/amr_visualisation/param/vis_param.yaml
-- Installing: /home/akhil/Downloads/omron_moma_ros2/install/amr_visualisation/share/amr_visualisation/urdf
-- Installing: /home/akhil/Downloads/omron_moma_ros2/install/amr_visualisation/share/amr_visualisation/urdf/AMR_Platform.urdf
-- Installing: /home/akhil/Downloads/omron_moma_ros2/install/amr_visualisation/share/amr_visualisation/urdf/LD90.urdf
-- Installing: /home/akhil/Downloads/omron_moma_ros2/install/amr_visualisation/share/amr_visualisation/urdf/LD250.urdf
-- Installing: /home/akhil/Downloads/omron_moma_ros2/install/amr_visualisation/share/ament_index/resource_index/package_run_dependencies/amr_visualisation
-- Installing: /home/akhil/Downloads/omron_moma_ros2/install/amr_visualisation/share/ament_index/resource_index/parent_prefix_path/amr_visualisation
-- Installing: /home/akhil/Downloads/omron_moma_ros2/install/amr_visualisation/share/amr_visualisation/environment/ament_prefix_path.sh
-- Installing: /home/akhil/Downloads/omron_moma_ros2/install/amr_visualisation/share/amr_visualisation/environment/ament_prefix_path.dsv
-- Installing: /home/akhil/Downloads/omron_moma_ros2/install/amr_visualisation/share/amr_visualisation/environment/path.sh
-- Installing: /home/akhil/Downloads/omron_moma_ros2/install/amr_visualisation/share/amr_visualisation/environment/path.dsv
-- Installing: /home/akhil/Downloads/omron_moma_ros2/install/amr_visualisation/share/amr_visualisation/local_setup.bash
-- Installing: /home/akhil/Downloads/omron_moma_ros2/install/amr_visualisation/share/amr_visualisation/local_setup.sh
-- Installing: /home/akhil/Downloads/omron_moma_ros2/install/amr_visualisation/share/amr_visualisation/local_setup.zsh
-- Installing: /home/akhil/Downloads/omron_moma_ros2/install/amr_visualisation/share/amr_visualisation/local_setup.dsv
-- Installing: /home/akhil/Downloads/omron_moma_ros2/install/amr_visualisation/share/amr_visualisation/package.dsv
-- Installing: /home/akhil/Downloads/omron_moma_ros2/install/amr_visualisation/share/ament_index/resource_index/packages/amr_visualisation
-- Installing: /home/akhil/Downloads/omron_moma_ros2/install/amr_visualisation/share/amr_visualisation/cmake/amr_visualisationConfig.cmake
-- Installing: /home/akhil/Downloads/omron_moma_ros2/install/amr_visualisation/share/amr_visualisation/cmake/amr_visualisationConfig-version.cmake
-- Installing: /home/akhil/Downloads/omron_moma_ros2/install/amr_visualisation/share/amr_visualisation/package.xml
