[0.881s] Invoking command in '/home/akhil/Downloads/omron_moma_ros2/build/amr_visualisation': AMENT_PREFIX_PATH=/home/akhil/Downloads/omron_moma_ros2/install/om_aiv_msg:${AMENT_PREFIX_PATH} CMAKE_PREFIX_PATH=/home/akhil/Downloads/omron_moma_ros2/install/om_aiv_msg:/opt/ros/humble LD_LIBRARY_PATH=/home/akhil/Downloads/omron_moma_ros2/install/om_aiv_msg/lib:${LD_LIBRARY_PATH} PYTHONPATH=/home/akhil/Downloads/omron_moma_ros2/install/om_aiv_msg/local/lib/python3.10/dist-packages:${PYTHONPATH} /usr/bin/cmake /home/akhil/Downloads/omron_moma_ros2/MOMA_project/src/amr_visualisation -DCMAKE_INSTALL_PREFIX=/home/akhil/Downloads/omron_moma_ros2/install/amr_visualisation
[1.068s] -- The C compiler identification is GNU 11.4.0
[1.241s] -- The CXX compiler identification is GNU 11.4.0
[1.266s] -- Detecting C compiler ABI info
[1.498s] -- Detecting C compiler ABI info - done
[1.514s] -- Check for working C compiler: /usr/bin/cc - skipped
[1.516s] -- Detecting C compile features
[1.517s] -- Detecting C compile features - done
[1.526s] -- Detecting CXX compiler ABI info
[1.767s] -- Detecting CXX compiler ABI info - done
[1.784s] -- Check for working CXX compiler: /usr/bin/c++ - skipped
[1.784s] -- Detecting CXX compile features
[1.785s] -- Detecting CXX compile features - done
[1.793s] -- Found ament_cmake: 1.3.12 (/opt/ros/humble/share/ament_cmake/cmake)
[2.258s] -- Found Python3: /usr/bin/python3 (found version "3.10.12") found components: Interpreter 
[2.518s] -- Found rclcpp: 16.0.15 (/opt/ros/humble/share/rclcpp/cmake)
[2.628s] -- Found rosidl_generator_c: 3.1.7 (/opt/ros/humble/share/rosidl_generator_c/cmake)
[2.640s] -- Found rosidl_adapter: 3.1.7 (/opt/ros/humble/share/rosidl_adapter/cmake)
[2.661s] -- Found rosidl_generator_cpp: 3.1.7 (/opt/ros/humble/share/rosidl_generator_cpp/cmake)
[2.691s] -- Using all available rosidl_typesupport_c: rosidl_typesupport_fastrtps_c;rosidl_typesupport_introspection_c
[2.731s] -- Using all available rosidl_typesupport_cpp: rosidl_typesupport_fastrtps_cpp;rosidl_typesupport_introspection_cpp
[2.839s] -- Found rmw_implementation_cmake: 6.1.2 (/opt/ros/humble/share/rmw_implementation_cmake/cmake)
[2.847s] -- Found rmw_cyclonedds_cpp: 1.3.4 (/opt/ros/humble/share/rmw_cyclonedds_cpp/cmake)
[2.902s] -- Using RMW implementation 'rmw_cyclonedds_cpp' as default
[2.923s] -- Looking for pthread.h
[3.453s] -- Looking for pthread.h - found
[3.453s] -- Performing Test CMAKE_HAVE_LIBC_PTHREAD
[3.911s] -- Performing Test CMAKE_HAVE_LIBC_PTHREAD - Success
[3.912s] -- Found Threads: TRUE  
[4.035s] -- Found sensor_msgs: 4.9.0 (/opt/ros/humble/share/sensor_msgs/cmake)
[4.120s] -- Found control_msgs: 4.8.0 (/opt/ros/humble/share/control_msgs/cmake)
[4.469s] -- Found visualization_msgs: 4.9.0 (/opt/ros/humble/share/visualization_msgs/cmake)
[4.572s] -- Found tf2_ros: 0.25.16 (/opt/ros/humble/share/tf2_ros/cmake)
[4.720s] -- Found om_aiv_msg: 0.0.0 (/home/akhil/Downloads/omron_moma_ros2/install/om_aiv_msg/share/om_aiv_msg/cmake)
[4.825s] -- Found nav_msgs: 4.9.0 (/opt/ros/humble/share/nav_msgs/cmake)
[5.173s] -- Found ament_lint_auto: 0.12.14 (/opt/ros/humble/share/ament_lint_auto/cmake)
[5.463s] -- Added test 'copyright' to check source files copyright and LICENSE
[5.957s] -- Added test 'cppcheck' to perform static code analysis on C / C++ code
[5.960s] -- Configured cppcheck include dirs: /home/akhil/Downloads/omron_moma_ros2/MOMA_project/src/amr_visualisation/include
[5.960s] -- Configured cppcheck exclude dirs and/or files: 
[5.965s] -- Added test 'cpplint' to check C / C++ code against the Google style
[5.966s] -- Configured cpplint exclude dirs and/or files: 
[5.967s] -- Added test 'flake8' to check Python code syntax and style conventions
[5.969s] -- Added test 'lint_cmake' to check CMake code style
[5.970s] -- Added test 'pep257' to check Python code against some of the docstring style conventions in PEP 257
[5.974s] -- Added test 'uncrustify' to check C / C++ code style
[5.974s] -- Configured uncrustify additional arguments: 
[5.975s] -- Added test 'xmllint' to check XML markup files
[5.979s] -- Configuring done
[6.064s] -- Generating done
[6.095s] -- Build files have been written to: /home/akhil/Downloads/omron_moma_ros2/build/amr_visualisation
[6.168s] Invoked command in '/home/akhil/Downloads/omron_moma_ros2/build/amr_visualisation' returned '0': AMENT_PREFIX_PATH=/home/akhil/Downloads/omron_moma_ros2/install/om_aiv_msg:${AMENT_PREFIX_PATH} CMAKE_PREFIX_PATH=/home/akhil/Downloads/omron_moma_ros2/install/om_aiv_msg:/opt/ros/humble LD_LIBRARY_PATH=/home/akhil/Downloads/omron_moma_ros2/install/om_aiv_msg/lib:${LD_LIBRARY_PATH} PYTHONPATH=/home/akhil/Downloads/omron_moma_ros2/install/om_aiv_msg/local/lib/python3.10/dist-packages:${PYTHONPATH} /usr/bin/cmake /home/akhil/Downloads/omron_moma_ros2/MOMA_project/src/amr_visualisation -DCMAKE_INSTALL_PREFIX=/home/akhil/Downloads/omron_moma_ros2/install/amr_visualisation
[6.174s] Invoking command in '/home/akhil/Downloads/omron_moma_ros2/build/amr_visualisation': AMENT_PREFIX_PATH=/home/akhil/Downloads/omron_moma_ros2/install/om_aiv_msg:${AMENT_PREFIX_PATH} CMAKE_PREFIX_PATH=/home/akhil/Downloads/omron_moma_ros2/install/om_aiv_msg:/opt/ros/humble LD_LIBRARY_PATH=/home/akhil/Downloads/omron_moma_ros2/install/om_aiv_msg/lib:${LD_LIBRARY_PATH} PYTHONPATH=/home/akhil/Downloads/omron_moma_ros2/install/om_aiv_msg/local/lib/python3.10/dist-packages:${PYTHONPATH} /usr/bin/cmake --build /home/akhil/Downloads/omron_moma_ros2/build/amr_visualisation -- -j6 -l6
[6.412s] [ 25%] [32mBuilding CXX object CMakeFiles/joints_publisher.dir/src/joints_publisher.cpp.o[0m
[6.412s] [ 25%] [32mBuilding CXX object CMakeFiles/goals_marker.dir/src/goals_marker.cpp.o[0m
[35.556s] [ 37%] [32m[1mLinking CXX executable joints_publisher[0m
[37.759s] [ 50%] [32m[1mLinking CXX executable goals_marker[0m
[38.714s] [ 50%] Built target joints_publisher
[38.786s] [ 62%] [32mBuilding CXX object CMakeFiles/laser_scans.dir/src/laser_scans.cpp.o[0m
[39.889s] [ 62%] Built target goals_marker
[40.076s] [ 75%] [32mBuilding CXX object CMakeFiles/data_points_marker.dir/src/data_points_marker.cpp.o[0m
[63.630s] [ 87%] [32m[1mLinking CXX executable data_points_marker[0m
[64.773s] [ 87%] Built target data_points_marker
[76.116s] [100%] [32m[1mLinking CXX executable laser_scans[0m
[77.977s] [100%] Built target laser_scans
[78.022s] Invoked command in '/home/akhil/Downloads/omron_moma_ros2/build/amr_visualisation' returned '0': AMENT_PREFIX_PATH=/home/akhil/Downloads/omron_moma_ros2/install/om_aiv_msg:${AMENT_PREFIX_PATH} CMAKE_PREFIX_PATH=/home/akhil/Downloads/omron_moma_ros2/install/om_aiv_msg:/opt/ros/humble LD_LIBRARY_PATH=/home/akhil/Downloads/omron_moma_ros2/install/om_aiv_msg/lib:${LD_LIBRARY_PATH} PYTHONPATH=/home/akhil/Downloads/omron_moma_ros2/install/om_aiv_msg/local/lib/python3.10/dist-packages:${PYTHONPATH} /usr/bin/cmake --build /home/akhil/Downloads/omron_moma_ros2/build/amr_visualisation -- -j6 -l6
[78.028s] Invoking command in '/home/akhil/Downloads/omron_moma_ros2/build/amr_visualisation': AMENT_PREFIX_PATH=/home/akhil/Downloads/omron_moma_ros2/install/om_aiv_msg:${AMENT_PREFIX_PATH} CMAKE_PREFIX_PATH=/home/akhil/Downloads/omron_moma_ros2/install/om_aiv_msg:/opt/ros/humble LD_LIBRARY_PATH=/home/akhil/Downloads/omron_moma_ros2/install/om_aiv_msg/lib:${LD_LIBRARY_PATH} PYTHONPATH=/home/akhil/Downloads/omron_moma_ros2/install/om_aiv_msg/local/lib/python3.10/dist-packages:${PYTHONPATH} /usr/bin/cmake --install /home/akhil/Downloads/omron_moma_ros2/build/amr_visualisation
[78.052s] -- Install configuration: ""
[78.053s] -- Installing: /home/akhil/Downloads/omron_moma_ros2/install/amr_visualisation/lib/amr_visualisation/joints_publisher
[78.068s] -- Set runtime path of "/home/akhil/Downloads/omron_moma_ros2/install/amr_visualisation/lib/amr_visualisation/joints_publisher" to ""
[78.068s] -- Installing: /home/akhil/Downloads/omron_moma_ros2/install/amr_visualisation/lib/amr_visualisation/data_points_marker
[78.073s] -- Set runtime path of "/home/akhil/Downloads/omron_moma_ros2/install/amr_visualisation/lib/amr_visualisation/data_points_marker" to ""
[78.074s] -- Installing: /home/akhil/Downloads/omron_moma_ros2/install/amr_visualisation/lib/amr_visualisation/goals_marker
[78.088s] -- Set runtime path of "/home/akhil/Downloads/omron_moma_ros2/install/amr_visualisation/lib/amr_visualisation/goals_marker" to ""
[78.088s] -- Installing: /home/akhil/Downloads/omron_moma_ros2/install/amr_visualisation/lib/amr_visualisation/laser_scans
[78.100s] -- Set runtime path of "/home/akhil/Downloads/omron_moma_ros2/install/amr_visualisation/lib/amr_visualisation/laser_scans" to ""
[78.101s] -- Installing: /home/akhil/Downloads/omron_moma_ros2/install/amr_visualisation/share/amr_visualisation/launch
[78.101s] -- Installing: /home/akhil/Downloads/omron_moma_ros2/install/amr_visualisation/share/amr_visualisation/launch/display.launch.py
[78.103s] -- Installing: /home/akhil/Downloads/omron_moma_ros2/install/amr_visualisation/share/amr_visualisation/config
[78.104s] -- Installing: /home/akhil/Downloads/omron_moma_ros2/install/amr_visualisation/share/amr_visualisation/config/amr_rviz.rviz
[78.106s] -- Installing: /home/akhil/Downloads/omron_moma_ros2/install/amr_visualisation/share/amr_visualisation/map
[78.106s] -- Installing: /home/akhil/Downloads/omron_moma_ros2/install/amr_visualisation/share/amr_visualisation/map/data.map
[78.116s] -- Installing: /home/akhil/Downloads/omron_moma_ros2/install/amr_visualisation/share/amr_visualisation/meshes
[78.117s] -- Installing: /home/akhil/Downloads/omron_moma_ros2/install/amr_visualisation/share/amr_visualisation/meshes/AMR_Platform.STL
[78.245s] -- Installing: /home/akhil/Downloads/omron_moma_ros2/install/amr_visualisation/share/amr_visualisation/meshes/LD250.obj
[78.601s] -- Installing: /home/akhil/Downloads/omron_moma_ros2/install/amr_visualisation/share/amr_visualisation/meshes/LD250.mtl
[78.604s] -- Installing: /home/akhil/Downloads/omron_moma_ros2/install/amr_visualisation/share/amr_visualisation/meshes/LD90.obj
[79.007s] -- Installing: /home/akhil/Downloads/omron_moma_ros2/install/amr_visualisation/share/amr_visualisation/meshes/LD90.mtl
[79.014s] -- Installing: /home/akhil/Downloads/omron_moma_ros2/install/amr_visualisation/share/amr_visualisation/param
[79.014s] -- Installing: /home/akhil/Downloads/omron_moma_ros2/install/amr_visualisation/share/amr_visualisation/param/vis_param.yaml
[79.015s] -- Installing: /home/akhil/Downloads/omron_moma_ros2/install/amr_visualisation/share/amr_visualisation/urdf
[79.015s] -- Installing: /home/akhil/Downloads/omron_moma_ros2/install/amr_visualisation/share/amr_visualisation/urdf/AMR_Platform.urdf
[79.018s] -- Installing: /home/akhil/Downloads/omron_moma_ros2/install/amr_visualisation/share/amr_visualisation/urdf/LD90.urdf
[79.019s] -- Installing: /home/akhil/Downloads/omron_moma_ros2/install/amr_visualisation/share/amr_visualisation/urdf/LD250.urdf
[79.021s] -- Installing: /home/akhil/Downloads/omron_moma_ros2/install/amr_visualisation/share/ament_index/resource_index/package_run_dependencies/amr_visualisation
[79.023s] -- Installing: /home/akhil/Downloads/omron_moma_ros2/install/amr_visualisation/share/ament_index/resource_index/parent_prefix_path/amr_visualisation
[79.026s] -- Installing: /home/akhil/Downloads/omron_moma_ros2/install/amr_visualisation/share/amr_visualisation/environment/ament_prefix_path.sh
[79.030s] -- Installing: /home/akhil/Downloads/omron_moma_ros2/install/amr_visualisation/share/amr_visualisation/environment/ament_prefix_path.dsv
[79.034s] -- Installing: /home/akhil/Downloads/omron_moma_ros2/install/amr_visualisation/share/amr_visualisation/environment/path.sh
[79.035s] -- Installing: /home/akhil/Downloads/omron_moma_ros2/install/amr_visualisation/share/amr_visualisation/environment/path.dsv
[79.038s] -- Installing: /home/akhil/Downloads/omron_moma_ros2/install/amr_visualisation/share/amr_visualisation/local_setup.bash
[79.040s] -- Installing: /home/akhil/Downloads/omron_moma_ros2/install/amr_visualisation/share/amr_visualisation/local_setup.sh
[79.043s] -- Installing: /home/akhil/Downloads/omron_moma_ros2/install/amr_visualisation/share/amr_visualisation/local_setup.zsh
[79.044s] -- Installing: /home/akhil/Downloads/omron_moma_ros2/install/amr_visualisation/share/amr_visualisation/local_setup.dsv
[79.045s] -- Installing: /home/akhil/Downloads/omron_moma_ros2/install/amr_visualisation/share/amr_visualisation/package.dsv
[79.046s] -- Installing: /home/akhil/Downloads/omron_moma_ros2/install/amr_visualisation/share/ament_index/resource_index/packages/amr_visualisation
[79.046s] -- Installing: /home/akhil/Downloads/omron_moma_ros2/install/amr_visualisation/share/amr_visualisation/cmake/amr_visualisationConfig.cmake
[79.047s] -- Installing: /home/akhil/Downloads/omron_moma_ros2/install/amr_visualisation/share/amr_visualisation/cmake/amr_visualisationConfig-version.cmake
[79.048s] -- Installing: /home/akhil/Downloads/omron_moma_ros2/install/amr_visualisation/share/amr_visualisation/package.xml
[79.058s] Invoked command in '/home/akhil/Downloads/omron_moma_ros2/build/amr_visualisation' returned '0': AMENT_PREFIX_PATH=/home/akhil/Downloads/omron_moma_ros2/install/om_aiv_msg:${AMENT_PREFIX_PATH} CMAKE_PREFIX_PATH=/home/akhil/Downloads/omron_moma_ros2/install/om_aiv_msg:/opt/ros/humble LD_LIBRARY_PATH=/home/akhil/Downloads/omron_moma_ros2/install/om_aiv_msg/lib:${LD_LIBRARY_PATH} PYTHONPATH=/home/akhil/Downloads/omron_moma_ros2/install/om_aiv_msg/local/lib/python3.10/dist-packages:${PYTHONPATH} /usr/bin/cmake --install /home/akhil/Downloads/omron_moma_ros2/build/amr_visualisation
