[0.070s] Invoking command in '/home/akhil/Downloads/omron_moma_ros2/build/moma': CMAKE_PREFIX_PATH=/opt/ros/humble /usr/bin/cmake /home/akhil/Downloads/omron_moma_ros2/MOMA_project/src/moma -DCMAKE_INSTALL_PREFIX=/home/akhil/Downloads/omron_moma_ros2/install/moma
[2.055s] -- The C compiler identification is GNU 11.4.0
[2.055s] -- The CXX compiler identification is GNU 11.4.0
[2.056s] -- Detecting C compiler ABI info
[2.057s] -- Detecting C compiler ABI info - done
[2.060s] -- Check for working C compiler: /usr/bin/cc - skipped
[2.062s] -- Detecting C compile features
[2.062s] -- Detecting C compile features - done
[2.062s] -- Detecting CXX compiler ABI info
[2.062s] -- Detecting CXX compiler ABI info - done
[2.062s] -- Check for working CXX compiler: /usr/bin/c++ - skipped
[2.063s] -- Detecting CXX compile features
[2.063s] -- Detecting CXX compile features - done
[2.063s] -- Found ament_cmake: 1.3.12 (/opt/ros/humble/share/ament_cmake/cmake)
[2.063s] -- Found Python3: /usr/bin/python3 (found version "3.10.12") found components: Interpreter 
[2.063s] -- Found ament_lint_auto: 0.12.14 (/opt/ros/humble/share/ament_lint_auto/cmake)
[2.063s] -- Added test 'flake8' to check Python code syntax and style conventions
[2.064s] -- Added test 'lint_cmake' to check CMake code style
[2.064s] -- Added test 'pep257' to check Python code against some of the docstring style conventions in PEP 257
[2.064s] -- Added test 'xmllint' to check XML markup files
[2.064s] -- Configuring done
[2.064s] -- Generating done
[2.064s] -- Build files have been written to: /home/akhil/Downloads/omron_moma_ros2/build/moma
[2.073s] Invoked command in '/home/akhil/Downloads/omron_moma_ros2/build/moma' returned '0': CMAKE_PREFIX_PATH=/opt/ros/humble /usr/bin/cmake /home/akhil/Downloads/omron_moma_ros2/MOMA_project/src/moma -DCMAKE_INSTALL_PREFIX=/home/akhil/Downloads/omron_moma_ros2/install/moma
[2.075s] Invoking command in '/home/akhil/Downloads/omron_moma_ros2/build/moma': CMAKE_PREFIX_PATH=/opt/ros/humble /usr/bin/cmake --build /home/akhil/Downloads/omron_moma_ros2/build/moma -- -j6 -l6
[2.213s] Invoked command in '/home/akhil/Downloads/omron_moma_ros2/build/moma' returned '0': CMAKE_PREFIX_PATH=/opt/ros/humble /usr/bin/cmake --build /home/akhil/Downloads/omron_moma_ros2/build/moma -- -j6 -l6
[2.216s] Invoking command in '/home/akhil/Downloads/omron_moma_ros2/build/moma': CMAKE_PREFIX_PATH=/opt/ros/humble /usr/bin/cmake --install /home/akhil/Downloads/omron_moma_ros2/build/moma
[3.430s] -- Install configuration: ""
[3.434s] -- Installing: /home/akhil/Downloads/omron_moma_ros2/install/moma/share/moma/launch
[3.434s] -- Installing: /home/akhil/Downloads/omron_moma_ros2/install/moma/share/moma/launch/__pycache__
[3.434s] -- Installing: /home/akhil/Downloads/omron_moma_ros2/install/moma/share/moma/launch/__pycache__/moma_comms.launch.cpython-310.pyc
[3.435s] -- Installing: /home/akhil/Downloads/omron_moma_ros2/install/moma/share/moma/launch/moma_comms.launch.py
[3.437s] -- Installing: /home/akhil/Downloads/omron_moma_ros2/install/moma/share/ament_index/resource_index/package_run_dependencies/moma
[3.441s] -- Installing: /home/akhil/Downloads/omron_moma_ros2/install/moma/share/ament_index/resource_index/parent_prefix_path/moma
[3.441s] -- Installing: /home/akhil/Downloads/omron_moma_ros2/install/moma/share/moma/environment/ament_prefix_path.sh
[3.442s] -- Installing: /home/akhil/Downloads/omron_moma_ros2/install/moma/share/moma/environment/ament_prefix_path.dsv
[3.443s] -- Installing: /home/akhil/Downloads/omron_moma_ros2/install/moma/share/moma/environment/path.sh
[3.443s] -- Installing: /home/akhil/Downloads/omron_moma_ros2/install/moma/share/moma/environment/path.dsv
[3.443s] -- Installing: /home/akhil/Downloads/omron_moma_ros2/install/moma/share/moma/local_setup.bash
[3.446s] -- Installing: /home/akhil/Downloads/omron_moma_ros2/install/moma/share/moma/local_setup.sh
[3.449s] -- Installing: /home/akhil/Downloads/omron_moma_ros2/install/moma/share/moma/local_setup.zsh
[3.449s] -- Installing: /home/akhil/Downloads/omron_moma_ros2/install/moma/share/moma/local_setup.dsv
[3.454s] -- Installing: /home/akhil/Downloads/omron_moma_ros2/install/moma/share/moma/package.dsv
[3.455s] -- Installing: /home/akhil/Downloads/omron_moma_ros2/install/moma/share/ament_index/resource_index/packages/moma
[3.455s] -- Installing: /home/akhil/Downloads/omron_moma_ros2/install/moma/share/moma/cmake/momaConfig.cmake
[3.455s] -- Installing: /home/akhil/Downloads/omron_moma_ros2/install/moma/share/moma/cmake/momaConfig-version.cmake
[3.456s] -- Installing: /home/akhil/Downloads/omron_moma_ros2/install/moma/share/moma/package.xml
[3.459s] Invoked command in '/home/akhil/Downloads/omron_moma_ros2/build/moma' returned '0': CMAKE_PREFIX_PATH=/opt/ros/humble /usr/bin/cmake --install /home/akhil/Downloads/omron_moma_ros2/build/moma
