[4.572s] Invoking command in '/home/akhil/Downloads/omron_moma_ros2/MOMA_project/src/demo_package': AMENT_PREFIX_PATH=/home/akhil/Downloads/omron_moma_ros2/MOMA_project/src/install/om_aiv_msg:${AMENT_PREFIX_PATH} CMAKE_PREFIX_PATH=/home/akhil/Downloads/omron_moma_ros2/MOMA_project/src/install/om_aiv_msg LD_LIBRARY_PATH=/home/akhil/Downloads/omron_moma_ros2/MOMA_project/src/install/om_aiv_msg/lib:${LD_LIBRARY_PATH} PYTHONPATH=/home/akhil/Downloads/omron_moma_ros2/MOMA_project/src/build/demo_package/prefix_override:/usr/lib/python3/dist-packages/colcon_core/task/python/colcon_distutils_commands:/home/akhil/Downloads/omron_moma_ros2/MOMA_project/src/install/demo_package/lib/python3.10/site-packages:/home/akhil/Downloads/omron_moma_ros2/MOMA_project/src/install/om_aiv_msg/local/lib/python3.10/dist-packages:${PYTHONPATH} /usr/bin/python3 -W ignore:setup.py install is deprecated -W ignore:easy_install command is deprecated setup.py egg_info --egg-base ../build/demo_package build --build-base /home/akhil/Downloads/omron_moma_ros2/MOMA_project/src/build/demo_package/build install --record /home/akhil/Downloads/omron_moma_ros2/MOMA_project/src/build/demo_package/install.log --single-version-externally-managed install_data
[5.375s] running egg_info
[5.378s] creating ../build/demo_package/demo_package.egg-info
[5.378s] writing ../build/demo_package/demo_package.egg-info/PKG-INFO
[5.379s] writing dependency_links to ../build/demo_package/demo_package.egg-info/dependency_links.txt
[5.379s] writing entry points to ../build/demo_package/demo_package.egg-info/entry_points.txt
[5.380s] writing requirements to ../build/demo_package/demo_package.egg-info/requires.txt
[5.380s] writing top-level names to ../build/demo_package/demo_package.egg-info/top_level.txt
[5.381s] writing manifest file '../build/demo_package/demo_package.egg-info/SOURCES.txt'
[5.388s] reading manifest file '../build/demo_package/demo_package.egg-info/SOURCES.txt'
[5.390s] writing manifest file '../build/demo_package/demo_package.egg-info/SOURCES.txt'
[5.390s] running build
[5.391s] running build_py
[5.391s] creating /home/akhil/Downloads/omron_moma_ros2/MOMA_project/src/build/demo_package/build
[5.391s] creating /home/akhil/Downloads/omron_moma_ros2/MOMA_project/src/build/demo_package/build/lib
[5.392s] creating /home/akhil/Downloads/omron_moma_ros2/MOMA_project/src/build/demo_package/build/lib/demo_package
[5.392s] copying demo_package/demo_routine.py -> /home/akhil/Downloads/omron_moma_ros2/MOMA_project/src/build/demo_package/build/lib/demo_package
[5.406s] copying demo_package/__init__.py -> /home/akhil/Downloads/omron_moma_ros2/MOMA_project/src/build/demo_package/build/lib/demo_package
[5.406s] running install
[5.408s] running install_lib
[5.412s] creating /home/akhil/Downloads/omron_moma_ros2/MOMA_project/src/install/demo_package/lib/python3.10/site-packages/demo_package
[5.412s] copying /home/akhil/Downloads/omron_moma_ros2/MOMA_project/src/build/demo_package/build/lib/demo_package/demo_routine.py -> /home/akhil/Downloads/omron_moma_ros2/MOMA_project/src/install/demo_package/lib/python3.10/site-packages/demo_package
[5.412s] copying /home/akhil/Downloads/omron_moma_ros2/MOMA_project/src/build/demo_package/build/lib/demo_package/__init__.py -> /home/akhil/Downloads/omron_moma_ros2/MOMA_project/src/install/demo_package/lib/python3.10/site-packages/demo_package
[5.414s] byte-compiling /home/akhil/Downloads/omron_moma_ros2/MOMA_project/src/install/demo_package/lib/python3.10/site-packages/demo_package/demo_routine.py to demo_routine.cpython-310.pyc
[5.419s] byte-compiling /home/akhil/Downloads/omron_moma_ros2/MOMA_project/src/install/demo_package/lib/python3.10/site-packages/demo_package/__init__.py to __init__.cpython-310.pyc
[5.419s] running install_data
[5.420s] creating /home/akhil/Downloads/omron_moma_ros2/MOMA_project/src/install/demo_package/share/ament_index
[5.420s] creating /home/akhil/Downloads/omron_moma_ros2/MOMA_project/src/install/demo_package/share/ament_index/resource_index
[5.420s] creating /home/akhil/Downloads/omron_moma_ros2/MOMA_project/src/install/demo_package/share/ament_index/resource_index/packages
[5.421s] copying resource/demo_package -> /home/akhil/Downloads/omron_moma_ros2/MOMA_project/src/install/demo_package/share/ament_index/resource_index/packages
[5.421s] copying package.xml -> /home/akhil/Downloads/omron_moma_ros2/MOMA_project/src/install/demo_package/share/demo_package
[5.421s] running install_egg_info
[5.454s] Copying ../build/demo_package/demo_package.egg-info to /home/akhil/Downloads/omron_moma_ros2/MOMA_project/src/install/demo_package/lib/python3.10/site-packages/demo_package-0.0.0-py3.10.egg-info
[5.457s] running install_scripts
[5.584s] Installing demo_routine script to /home/akhil/Downloads/omron_moma_ros2/MOMA_project/src/install/demo_package/lib/demo_package
[5.585s] writing list of installed files to '/home/akhil/Downloads/omron_moma_ros2/MOMA_project/src/build/demo_package/install.log'
[6.024s] Invoked command in '/home/akhil/Downloads/omron_moma_ros2/MOMA_project/src/demo_package' returned '0': AMENT_PREFIX_PATH=/home/akhil/Downloads/omron_moma_ros2/MOMA_project/src/install/om_aiv_msg:${AMENT_PREFIX_PATH} CMAKE_PREFIX_PATH=/home/akhil/Downloads/omron_moma_ros2/MOMA_project/src/install/om_aiv_msg LD_LIBRARY_PATH=/home/akhil/Downloads/omron_moma_ros2/MOMA_project/src/install/om_aiv_msg/lib:${LD_LIBRARY_PATH} PYTHONPATH=/home/akhil/Downloads/omron_moma_ros2/MOMA_project/src/build/demo_package/prefix_override:/usr/lib/python3/dist-packages/colcon_core/task/python/colcon_distutils_commands:/home/akhil/Downloads/omron_moma_ros2/MOMA_project/src/install/demo_package/lib/python3.10/site-packages:/home/akhil/Downloads/omron_moma_ros2/MOMA_project/src/install/om_aiv_msg/local/lib/python3.10/dist-packages:${PYTHONPATH} /usr/bin/python3 -W ignore:setup.py install is deprecated -W ignore:easy_install command is deprecated setup.py egg_info --egg-base ../build/demo_package build --build-base /home/akhil/Downloads/omron_moma_ros2/MOMA_project/src/build/demo_package/build install --record /home/akhil/Downloads/omron_moma_ros2/MOMA_project/src/build/demo_package/install.log --single-version-externally-managed install_data
