[0.056s] Invoking command in '/home/akhil/Downloads/omron_moma_ros2/build/camera_interface': CMAKE_PREFIX_PATH=/opt/ros/humble /usr/bin/cmake /home/akhil/Downloads/omron_moma_ros2/MOMA_project/src/camera_interface -DCMAKE_INSTALL_PREFIX=/home/akhil/Downloads/omron_moma_ros2/install/camera_interface
[0.230s] -- The C compiler identification is GNU 11.4.0
[0.398s] -- The CXX compiler identification is GNU 11.4.0
[0.433s] -- Detecting C compiler ABI info
[0.665s] -- Detecting C compiler ABI info - done
[0.692s] -- Check for working C compiler: /usr/bin/cc - skipped
[0.692s] -- Detecting C compile features
[0.694s] -- Detecting C compile features - done
[0.707s] -- Detecting CXX compiler ABI info
[0.947s] -- Detecting CXX compiler ABI info - done
[0.964s] -- Check for working CXX compiler: /usr/bin/c++ - skipped
[0.965s] -- Detecting CXX compile features
[0.967s] -- Detecting CXX compile features - done
[0.988s] -- Found ament_cmake: 1.3.12 (/opt/ros/humble/share/ament_cmake/cmake)
[1.527s] -- Found Python3: /usr/bin/python3 (found version "3.10.12") found components: Interpreter 
[1.812s] -- Found geometry_msgs: 4.9.0 (/opt/ros/humble/share/geometry_msgs/cmake)
[1.891s] -- Found rosidl_generator_c: 3.1.7 (/opt/ros/humble/share/rosidl_generator_c/cmake)
[1.905s] -- Found rosidl_adapter: 3.1.7 (/opt/ros/humble/share/rosidl_adapter/cmake)
[1.925s] -- Found rosidl_generator_cpp: 3.1.7 (/opt/ros/humble/share/rosidl_generator_cpp/cmake)
[1.952s] -- Using all available rosidl_typesupport_c: rosidl_typesupport_fastrtps_c;rosidl_typesupport_introspection_c
[1.989s] -- Using all available rosidl_typesupport_cpp: rosidl_typesupport_fastrtps_cpp;rosidl_typesupport_introspection_cpp
[2.101s] -- Found rosidl_default_generators: 1.2.0 (/opt/ros/humble/share/rosidl_default_generators/cmake)
[2.956s] -- Found ament_cmake_ros: 0.10.0 (/opt/ros/humble/share/ament_cmake_ros/cmake)
[4.080s] -- Using all available rosidl_typesupport_c: rosidl_typesupport_fastrtps_c;rosidl_typesupport_introspection_c
[4.547s] -- Using all available rosidl_typesupport_cpp: rosidl_typesupport_fastrtps_cpp;rosidl_typesupport_introspection_cpp
[4.612s] -- Found PythonInterp: /usr/bin/python3 (found suitable version "3.10.12", minimum required is "3.6") 
[4.615s] -- Found python_cmake_module: 0.10.0 (/opt/ros/humble/share/python_cmake_module/cmake)
[4.693s] -- Found PythonLibs: /usr/lib/aarch64-linux-gnu/libpython3.10.so (found suitable version "3.10.12", minimum required is "3.5") 
[4.693s] -- Using PYTHON_EXECUTABLE: /usr/bin/python3
[4.693s] -- Using PYTHON_INCLUDE_DIRS: /usr/include/python3.10
[4.693s] -- Using PYTHON_LIBRARIES: /usr/lib/aarch64-linux-gnu/libpython3.10.so
[4.752s] -- Found PythonExtra: .so  
[4.914s] -- Configuring done
[5.003s] -- Generating done
[5.033s] -- Build files have been written to: /home/akhil/Downloads/omron_moma_ros2/build/camera_interface
[5.096s] Invoked command in '/home/akhil/Downloads/omron_moma_ros2/build/camera_interface' returned '0': CMAKE_PREFIX_PATH=/opt/ros/humble /usr/bin/cmake /home/akhil/Downloads/omron_moma_ros2/MOMA_project/src/camera_interface -DCMAKE_INSTALL_PREFIX=/home/akhil/Downloads/omron_moma_ros2/install/camera_interface
[5.099s] Invoking command in '/home/akhil/Downloads/omron_moma_ros2/build/camera_interface': CMAKE_PREFIX_PATH=/opt/ros/humble /usr/bin/cmake --build /home/akhil/Downloads/omron_moma_ros2/build/camera_interface -- -j6 -l6
[5.351s] [  3%] [34m[1mGenerating C code for ROS interfaces[0m
[5.422s] [  6%] [34m[1mGenerating C++ code for ROS interfaces[0m
[5.526s] [  6%] Built target ament_cmake_python_copy_camera_interface
[7.085s] running egg_info
[7.086s] creating camera_interface.egg-info
[7.088s] writing camera_interface.egg-info/PKG-INFO
[7.089s] writing dependency_links to camera_interface.egg-info/dependency_links.txt
[7.100s] writing top-level names to camera_interface.egg-info/top_level.txt
[7.101s] writing manifest file 'camera_interface.egg-info/SOURCES.txt'
[7.120s] reading manifest file 'camera_interface.egg-info/SOURCES.txt'
[7.122s] writing manifest file 'camera_interface.egg-info/SOURCES.txt'
[7.178s] [  9%] [32mBuilding C object CMakeFiles/camera_interface__rosidl_generator_c.dir/rosidl_generator_c/camera_interface/srv/detail/camera_srv__functions.c.o[0m
[7.300s] [  9%] Built target camera_interface__cpp
[7.314s] [  9%] Built target ament_cmake_python_build_camera_interface_egg
[7.352s] [ 12%] [34m[1mGenerating C++ type support dispatch for ROS interfaces[0m
[7.374s] [ 16%] [34m[1mGenerating C++ type support for eProsima Fast-RTPS[0m
[7.378s] [ 19%] [34m[1mGenerating C++ introspection for ROS interfaces[0m
[7.585s] [ 22%] [32m[1mLinking C shared library libcamera_interface__rosidl_generator_c.so[0m
[7.888s] [ 22%] Built target camera_interface__rosidl_generator_c
[7.998s] [ 25%] [34m[1mGenerating C type support dispatch for ROS interfaces[0m
[8.012s] [ 29%] [34m[1mGenerating C type support for eProsima Fast-RTPS[0m
[8.033s] [ 32%] [34m[1mGenerating C introspection for ROS interfaces[0m
[9.169s] [ 35%] [32mBuilding CXX object CMakeFiles/camera_interface__rosidl_typesupport_cpp.dir/rosidl_typesupport_cpp/camera_interface/srv/camera_srv__type_support.cpp.o[0m
[9.485s] [ 38%] [32mBuilding CXX object CMakeFiles/camera_interface__rosidl_typesupport_introspection_cpp.dir/rosidl_typesupport_introspection_cpp/camera_interface/srv/detail/camera_srv__type_support.cpp.o[0m
[9.523s] [ 41%] [32mBuilding CXX object CMakeFiles/camera_interface__rosidl_typesupport_fastrtps_cpp.dir/rosidl_typesupport_fastrtps_cpp/camera_interface/srv/detail/dds_fastrtps/camera_srv__type_support.cpp.o[0m
[9.633s] [ 45%] [32mBuilding CXX object CMakeFiles/camera_interface__rosidl_typesupport_c.dir/rosidl_typesupport_c/camera_interface/srv/camera_srv__type_support.cpp.o[0m
[10.073s] [ 48%] [32m[1mLinking CXX shared library libcamera_interface__rosidl_typesupport_c.so[0m
[10.166s] [ 51%] [32mBuilding C object CMakeFiles/camera_interface__rosidl_typesupport_introspection_c.dir/rosidl_typesupport_introspection_c/camera_interface/srv/detail/camera_srv__type_support.c.o[0m
[10.313s] [ 54%] [32mBuilding CXX object CMakeFiles/camera_interface__rosidl_typesupport_fastrtps_c.dir/rosidl_typesupport_fastrtps_c/camera_interface/srv/detail/camera_srv__type_support_c.cpp.o[0m
[10.374s] [ 54%] Built target camera_interface__rosidl_typesupport_c
[10.554s] [ 58%] [32m[1mLinking C shared library libcamera_interface__rosidl_typesupport_introspection_c.so[0m
[10.856s] [ 58%] Built target camera_interface__rosidl_typesupport_introspection_c
[11.827s] [ 61%] [32m[1mLinking CXX shared library libcamera_interface__rosidl_typesupport_cpp.so[0m
[12.039s] [ 61%] Built target camera_interface__rosidl_typesupport_cpp
[13.046s] [ 64%] [32m[1mLinking CXX shared library libcamera_interface__rosidl_typesupport_introspection_cpp.so[0m
[13.260s] [ 67%] [32m[1mLinking CXX shared library libcamera_interface__rosidl_typesupport_fastrtps_c.so[0m
[13.490s] [ 70%] [32m[1mLinking CXX shared library libcamera_interface__rosidl_typesupport_fastrtps_cpp.so[0m
[13.737s] [ 70%] Built target camera_interface__rosidl_typesupport_introspection_cpp
[13.957s] [ 70%] Built target camera_interface__rosidl_typesupport_fastrtps_c
[14.130s] [ 70%] Built target camera_interface__rosidl_typesupport_fastrtps_cpp
[14.335s] [ 70%] Built target camera_interface
[14.529s] [ 74%] [34m[1mGenerating Python code for ROS interfaces[0m
[16.800s] [ 74%] Built target camera_interface__py
[17.065s] [ 77%] [32mBuilding C object CMakeFiles/camera_interface__rosidl_generator_py.dir/rosidl_generator_py/camera_interface/srv/_camera_srv_s.c.o[0m
[18.978s] [ 80%] [32m[1mLinking C shared library rosidl_generator_py/camera_interface/libcamera_interface__rosidl_generator_py.so[0m
[20.248s] [ 80%] Built target camera_interface__rosidl_generator_py
[20.471s] [ 83%] [32mBuilding C object CMakeFiles/camera_interface__rosidl_typesupport_introspection_c__pyext.dir/rosidl_generator_py/camera_interface/_camera_interface_s.ep.rosidl_typesupport_introspection_c.c.o[0m
[20.521s] [ 87%] [32mBuilding C object CMakeFiles/camera_interface__rosidl_typesupport_fastrtps_c__pyext.dir/rosidl_generator_py/camera_interface/_camera_interface_s.ep.rosidl_typesupport_fastrtps_c.c.o[0m
[20.528s] [ 90%] [32mBuilding C object CMakeFiles/camera_interface__rosidl_typesupport_c__pyext.dir/rosidl_generator_py/camera_interface/_camera_interface_s.ep.rosidl_typesupport_c.c.o[0m
[22.010s] [ 93%] [32m[1mLinking C shared library rosidl_generator_py/camera_interface/camera_interface_s__rosidl_typesupport_introspection_c.cpython-310-aarch64-linux-gnu.so[0m
[22.015s] [ 96%] [32m[1mLinking C shared library rosidl_generator_py/camera_interface/camera_interface_s__rosidl_typesupport_c.cpython-310-aarch64-linux-gnu.so[0m
[22.026s] [100%] [32m[1mLinking C shared library rosidl_generator_py/camera_interface/camera_interface_s__rosidl_typesupport_fastrtps_c.cpython-310-aarch64-linux-gnu.so[0m
[22.306s] [100%] Built target camera_interface__rosidl_typesupport_fastrtps_c__pyext
[22.403s] [100%] Built target camera_interface__rosidl_typesupport_introspection_c__pyext
[22.440s] [100%] Built target camera_interface__rosidl_typesupport_c__pyext
[22.611s] Invoked command in '/home/akhil/Downloads/omron_moma_ros2/build/camera_interface' returned '0': CMAKE_PREFIX_PATH=/opt/ros/humble /usr/bin/cmake --build /home/akhil/Downloads/omron_moma_ros2/build/camera_interface -- -j6 -l6
[22.612s] Invoking command in '/home/akhil/Downloads/omron_moma_ros2/build/camera_interface': CMAKE_PREFIX_PATH=/opt/ros/humble /usr/bin/cmake --install /home/akhil/Downloads/omron_moma_ros2/build/camera_interface
[22.811s] -- Install configuration: ""
[22.811s] -- Installing: /home/akhil/Downloads/omron_moma_ros2/install/camera_interface/share/ament_index/resource_index/rosidl_interfaces/camera_interface
[22.814s] -- Installing: /home/akhil/Downloads/omron_moma_ros2/install/camera_interface/include/camera_interface/camera_interface
[22.814s] -- Installing: /home/akhil/Downloads/omron_moma_ros2/install/camera_interface/include/camera_interface/camera_interface/msg
[22.814s] -- Installing: /home/akhil/Downloads/omron_moma_ros2/install/camera_interface/include/camera_interface/camera_interface/msg/rosidl_generator_c__visibility_control.h
[22.815s] -- Installing: /home/akhil/Downloads/omron_moma_ros2/install/camera_interface/include/camera_interface/camera_interface/srv
[22.815s] -- Installing: /home/akhil/Downloads/omron_moma_ros2/install/camera_interface/include/camera_interface/camera_interface/srv/camera_srv.h
[22.815s] -- Installing: /home/akhil/Downloads/omron_moma_ros2/install/camera_interface/include/camera_interface/camera_interface/srv/detail
[22.815s] -- Installing: /home/akhil/Downloads/omron_moma_ros2/install/camera_interface/include/camera_interface/camera_interface/srv/detail/camera_srv__functions.c
[22.815s] -- Installing: /home/akhil/Downloads/omron_moma_ros2/install/camera_interface/include/camera_interface/camera_interface/srv/detail/camera_srv__struct.h
[22.815s] -- Installing: /home/akhil/Downloads/omron_moma_ros2/install/camera_interface/include/camera_interface/camera_interface/srv/detail/camera_srv__functions.h
[22.816s] -- Installing: /home/akhil/Downloads/omron_moma_ros2/install/camera_interface/include/camera_interface/camera_interface/srv/detail/camera_srv__type_support.h
[22.816s] -- Installing: /home/akhil/Downloads/omron_moma_ros2/install/camera_interface/share/camera_interface/environment/library_path.sh
[22.816s] -- Installing: /home/akhil/Downloads/omron_moma_ros2/install/camera_interface/share/camera_interface/environment/library_path.dsv
[22.816s] -- Installing: /home/akhil/Downloads/omron_moma_ros2/install/camera_interface/lib/libcamera_interface__rosidl_generator_c.so
[22.816s] -- Set runtime path of "/home/akhil/Downloads/omron_moma_ros2/install/camera_interface/lib/libcamera_interface__rosidl_generator_c.so" to ""
[22.816s] -- Up-to-date: /home/akhil/Downloads/omron_moma_ros2/install/camera_interface/include/camera_interface/camera_interface
[22.816s] -- Up-to-date: /home/akhil/Downloads/omron_moma_ros2/install/camera_interface/include/camera_interface/camera_interface/msg
[22.817s] -- Installing: /home/akhil/Downloads/omron_moma_ros2/install/camera_interface/include/camera_interface/camera_interface/msg/rosidl_typesupport_fastrtps_c__visibility_control.h
[22.817s] -- Up-to-date: /home/akhil/Downloads/omron_moma_ros2/install/camera_interface/include/camera_interface/camera_interface/srv
[22.817s] -- Up-to-date: /home/akhil/Downloads/omron_moma_ros2/install/camera_interface/include/camera_interface/camera_interface/srv/detail
[22.817s] -- Installing: /home/akhil/Downloads/omron_moma_ros2/install/camera_interface/include/camera_interface/camera_interface/srv/detail/camera_srv__rosidl_typesupport_fastrtps_c.h
[22.817s] -- Installing: /home/akhil/Downloads/omron_moma_ros2/install/camera_interface/lib/libcamera_interface__rosidl_typesupport_fastrtps_c.so
[22.817s] -- Set runtime path of "/home/akhil/Downloads/omron_moma_ros2/install/camera_interface/lib/libcamera_interface__rosidl_typesupport_fastrtps_c.so" to ""
[22.817s] -- Up-to-date: /home/akhil/Downloads/omron_moma_ros2/install/camera_interface/include/camera_interface/camera_interface
[22.817s] -- Up-to-date: /home/akhil/Downloads/omron_moma_ros2/install/camera_interface/include/camera_interface/camera_interface/msg
[22.818s] -- Installing: /home/akhil/Downloads/omron_moma_ros2/install/camera_interface/include/camera_interface/camera_interface/msg/rosidl_generator_cpp__visibility_control.hpp
[22.818s] -- Up-to-date: /home/akhil/Downloads/omron_moma_ros2/install/camera_interface/include/camera_interface/camera_interface/srv
[22.818s] -- Up-to-date: /home/akhil/Downloads/omron_moma_ros2/install/camera_interface/include/camera_interface/camera_interface/srv/detail
[22.833s] -- Installing: /home/akhil/Downloads/omron_moma_ros2/install/camera_interface/include/camera_interface/camera_interface/srv/detail/camera_srv__struct.hpp
[22.833s] -- Installing: /home/akhil/Downloads/omron_moma_ros2/install/camera_interface/include/camera_interface/camera_interface/srv/detail/camera_srv__builder.hpp
[22.834s] -- Installing: /home/akhil/Downloads/omron_moma_ros2/install/camera_interface/include/camera_interface/camera_interface/srv/detail/camera_srv__type_support.hpp
[22.834s] -- Installing: /home/akhil/Downloads/omron_moma_ros2/install/camera_interface/include/camera_interface/camera_interface/srv/detail/camera_srv__traits.hpp
[22.834s] -- Installing: /home/akhil/Downloads/omron_moma_ros2/install/camera_interface/include/camera_interface/camera_interface/srv/camera_srv.hpp
[22.834s] -- Up-to-date: /home/akhil/Downloads/omron_moma_ros2/install/camera_interface/include/camera_interface/camera_interface
[22.834s] -- Up-to-date: /home/akhil/Downloads/omron_moma_ros2/install/camera_interface/include/camera_interface/camera_interface/msg
[22.835s] -- Installing: /home/akhil/Downloads/omron_moma_ros2/install/camera_interface/include/camera_interface/camera_interface/msg/rosidl_typesupport_fastrtps_cpp__visibility_control.h
[22.835s] -- Up-to-date: /home/akhil/Downloads/omron_moma_ros2/install/camera_interface/include/camera_interface/camera_interface/srv
[22.835s] -- Up-to-date: /home/akhil/Downloads/omron_moma_ros2/install/camera_interface/include/camera_interface/camera_interface/srv/detail
[22.835s] -- Installing: /home/akhil/Downloads/omron_moma_ros2/install/camera_interface/include/camera_interface/camera_interface/srv/detail/dds_fastrtps
[22.835s] -- Installing: /home/akhil/Downloads/omron_moma_ros2/install/camera_interface/include/camera_interface/camera_interface/srv/detail/camera_srv__rosidl_typesupport_fastrtps_cpp.hpp
[22.835s] -- Installing: /home/akhil/Downloads/omron_moma_ros2/install/camera_interface/lib/libcamera_interface__rosidl_typesupport_fastrtps_cpp.so
[22.835s] -- Set runtime path of "/home/akhil/Downloads/omron_moma_ros2/install/camera_interface/lib/libcamera_interface__rosidl_typesupport_fastrtps_cpp.so" to ""
[22.835s] -- Up-to-date: /home/akhil/Downloads/omron_moma_ros2/install/camera_interface/include/camera_interface/camera_interface
[22.836s] -- Up-to-date: /home/akhil/Downloads/omron_moma_ros2/install/camera_interface/include/camera_interface/camera_interface/msg
[22.836s] -- Installing: /home/akhil/Downloads/omron_moma_ros2/install/camera_interface/include/camera_interface/camera_interface/msg/rosidl_typesupport_introspection_c__visibility_control.h
[22.836s] -- Up-to-date: /home/akhil/Downloads/omron_moma_ros2/install/camera_interface/include/camera_interface/camera_interface/srv
[22.836s] -- Up-to-date: /home/akhil/Downloads/omron_moma_ros2/install/camera_interface/include/camera_interface/camera_interface/srv/detail
[22.836s] -- Installing: /home/akhil/Downloads/omron_moma_ros2/install/camera_interface/include/camera_interface/camera_interface/srv/detail/camera_srv__type_support.c
[22.836s] -- Installing: /home/akhil/Downloads/omron_moma_ros2/install/camera_interface/include/camera_interface/camera_interface/srv/detail/camera_srv__rosidl_typesupport_introspection_c.h
[22.836s] -- Installing: /home/akhil/Downloads/omron_moma_ros2/install/camera_interface/lib/libcamera_interface__rosidl_typesupport_introspection_c.so
[22.836s] -- Set runtime path of "/home/akhil/Downloads/omron_moma_ros2/install/camera_interface/lib/libcamera_interface__rosidl_typesupport_introspection_c.so" to ""
[22.837s] -- Installing: /home/akhil/Downloads/omron_moma_ros2/install/camera_interface/lib/libcamera_interface__rosidl_typesupport_c.so
[22.837s] -- Set runtime path of "/home/akhil/Downloads/omron_moma_ros2/install/camera_interface/lib/libcamera_interface__rosidl_typesupport_c.so" to ""
[22.837s] -- Up-to-date: /home/akhil/Downloads/omron_moma_ros2/install/camera_interface/include/camera_interface/camera_interface
[22.837s] -- Up-to-date: /home/akhil/Downloads/omron_moma_ros2/install/camera_interface/include/camera_interface/camera_interface/srv
[22.837s] -- Up-to-date: /home/akhil/Downloads/omron_moma_ros2/install/camera_interface/include/camera_interface/camera_interface/srv/detail
[22.837s] -- Installing: /home/akhil/Downloads/omron_moma_ros2/install/camera_interface/include/camera_interface/camera_interface/srv/detail/camera_srv__rosidl_typesupport_introspection_cpp.hpp
[22.837s] -- Installing: /home/akhil/Downloads/omron_moma_ros2/install/camera_interface/include/camera_interface/camera_interface/srv/detail/camera_srv__type_support.cpp
[22.837s] -- Installing: /home/akhil/Downloads/omron_moma_ros2/install/camera_interface/lib/libcamera_interface__rosidl_typesupport_introspection_cpp.so
[22.838s] -- Set runtime path of "/home/akhil/Downloads/omron_moma_ros2/install/camera_interface/lib/libcamera_interface__rosidl_typesupport_introspection_cpp.so" to ""
[22.838s] -- Installing: /home/akhil/Downloads/omron_moma_ros2/install/camera_interface/lib/libcamera_interface__rosidl_typesupport_cpp.so
[22.838s] -- Set runtime path of "/home/akhil/Downloads/omron_moma_ros2/install/camera_interface/lib/libcamera_interface__rosidl_typesupport_cpp.so" to ""
[22.838s] -- Installing: /home/akhil/Downloads/omron_moma_ros2/install/camera_interface/share/camera_interface/environment/pythonpath.sh
[22.838s] -- Installing: /home/akhil/Downloads/omron_moma_ros2/install/camera_interface/share/camera_interface/environment/pythonpath.dsv
[22.871s] -- Installing: /home/akhil/Downloads/omron_moma_ros2/install/camera_interface/local/lib/python3.10/dist-packages/camera_interface-0.0.0-py3.10.egg-info
[22.874s] -- Installing: /home/akhil/Downloads/omron_moma_ros2/install/camera_interface/local/lib/python3.10/dist-packages/camera_interface-0.0.0-py3.10.egg-info/top_level.txt
[22.874s] -- Installing: /home/akhil/Downloads/omron_moma_ros2/install/camera_interface/local/lib/python3.10/dist-packages/camera_interface-0.0.0-py3.10.egg-info/SOURCES.txt
[22.875s] -- Installing: /home/akhil/Downloads/omron_moma_ros2/install/camera_interface/local/lib/python3.10/dist-packages/camera_interface-0.0.0-py3.10.egg-info/PKG-INFO
[22.875s] -- Installing: /home/akhil/Downloads/omron_moma_ros2/install/camera_interface/local/lib/python3.10/dist-packages/camera_interface-0.0.0-py3.10.egg-info/dependency_links.txt
[22.875s] -- Installing: /home/akhil/Downloads/omron_moma_ros2/install/camera_interface/local/lib/python3.10/dist-packages/camera_interface
[22.875s] -- Installing: /home/akhil/Downloads/omron_moma_ros2/install/camera_interface/local/lib/python3.10/dist-packages/camera_interface/camera_interface_s__rosidl_typesupport_fastrtps_c.cpython-310-aarch64-linux-gnu.so
[22.875s] -- Installing: /home/akhil/Downloads/omron_moma_ros2/install/camera_interface/local/lib/python3.10/dist-packages/camera_interface/libcamera_interface__rosidl_generator_py.so
[22.875s] -- Installing: /home/akhil/Downloads/omron_moma_ros2/install/camera_interface/local/lib/python3.10/dist-packages/camera_interface/camera_interface_s__rosidl_typesupport_c.cpython-310-aarch64-linux-gnu.so
[22.876s] -- Installing: /home/akhil/Downloads/omron_moma_ros2/install/camera_interface/local/lib/python3.10/dist-packages/camera_interface/_camera_interface_s.ep.rosidl_typesupport_c.c
[22.876s] -- Installing: /home/akhil/Downloads/omron_moma_ros2/install/camera_interface/local/lib/python3.10/dist-packages/camera_interface/_camera_interface_s.ep.rosidl_typesupport_fastrtps_c.c
[22.876s] -- Installing: /home/akhil/Downloads/omron_moma_ros2/install/camera_interface/local/lib/python3.10/dist-packages/camera_interface/_camera_interface_s.ep.rosidl_typesupport_introspection_c.c
[22.876s] -- Installing: /home/akhil/Downloads/omron_moma_ros2/install/camera_interface/local/lib/python3.10/dist-packages/camera_interface/camera_interface_s__rosidl_typesupport_introspection_c.cpython-310-aarch64-linux-gnu.so
[22.876s] -- Installing: /home/akhil/Downloads/omron_moma_ros2/install/camera_interface/local/lib/python3.10/dist-packages/camera_interface/srv
[22.876s] -- Installing: /home/akhil/Downloads/omron_moma_ros2/install/camera_interface/local/lib/python3.10/dist-packages/camera_interface/srv/_camera_srv_s.c
[22.876s] -- Installing: /home/akhil/Downloads/omron_moma_ros2/install/camera_interface/local/lib/python3.10/dist-packages/camera_interface/srv/_camera_srv.py
[22.876s] -- Installing: /home/akhil/Downloads/omron_moma_ros2/install/camera_interface/local/lib/python3.10/dist-packages/camera_interface/srv/__init__.py
[22.877s] -- Installing: /home/akhil/Downloads/omron_moma_ros2/install/camera_interface/local/lib/python3.10/dist-packages/camera_interface/__init__.py
[23.141s] Listing '/home/akhil/Downloads/omron_moma_ros2/install/camera_interface/local/lib/python3.10/dist-packages/camera_interface'...
[23.142s] Compiling '/home/akhil/Downloads/omron_moma_ros2/install/camera_interface/local/lib/python3.10/dist-packages/camera_interface/__init__.py'...
[23.142s] Listing '/home/akhil/Downloads/omron_moma_ros2/install/camera_interface/local/lib/python3.10/dist-packages/camera_interface/srv'...
[23.142s] Compiling '/home/akhil/Downloads/omron_moma_ros2/install/camera_interface/local/lib/python3.10/dist-packages/camera_interface/srv/__init__.py'...
[23.142s] Compiling '/home/akhil/Downloads/omron_moma_ros2/install/camera_interface/local/lib/python3.10/dist-packages/camera_interface/srv/_camera_srv.py'...
[23.222s] -- Installing: /home/akhil/Downloads/omron_moma_ros2/install/camera_interface/local/lib/python3.10/dist-packages/camera_interface/camera_interface_s__rosidl_typesupport_fastrtps_c.cpython-310-aarch64-linux-gnu.so
[23.223s] -- Set runtime path of "/home/akhil/Downloads/omron_moma_ros2/install/camera_interface/local/lib/python3.10/dist-packages/camera_interface/camera_interface_s__rosidl_typesupport_fastrtps_c.cpython-310-aarch64-linux-gnu.so" to ""
[23.223s] -- Installing: /home/akhil/Downloads/omron_moma_ros2/install/camera_interface/local/lib/python3.10/dist-packages/camera_interface/camera_interface_s__rosidl_typesupport_introspection_c.cpython-310-aarch64-linux-gnu.so
[23.223s] -- Set runtime path of "/home/akhil/Downloads/omron_moma_ros2/install/camera_interface/local/lib/python3.10/dist-packages/camera_interface/camera_interface_s__rosidl_typesupport_introspection_c.cpython-310-aarch64-linux-gnu.so" to ""
[23.224s] -- Installing: /home/akhil/Downloads/omron_moma_ros2/install/camera_interface/local/lib/python3.10/dist-packages/camera_interface/camera_interface_s__rosidl_typesupport_c.cpython-310-aarch64-linux-gnu.so
[23.225s] -- Set runtime path of "/home/akhil/Downloads/omron_moma_ros2/install/camera_interface/local/lib/python3.10/dist-packages/camera_interface/camera_interface_s__rosidl_typesupport_c.cpython-310-aarch64-linux-gnu.so" to ""
[23.225s] -- Installing: /home/akhil/Downloads/omron_moma_ros2/install/camera_interface/lib/libcamera_interface__rosidl_generator_py.so
[23.225s] -- Set runtime path of "/home/akhil/Downloads/omron_moma_ros2/install/camera_interface/lib/libcamera_interface__rosidl_generator_py.so" to ""
[23.226s] -- Installing: /home/akhil/Downloads/omron_moma_ros2/install/camera_interface/share/camera_interface/srv/CameraSrv.idl
[23.227s] -- Installing: /home/akhil/Downloads/omron_moma_ros2/install/camera_interface/share/camera_interface/srv/CameraSrv.srv
[23.227s] -- Installing: /home/akhil/Downloads/omron_moma_ros2/install/camera_interface/share/camera_interface/srv/CameraSrv_Request.msg
[23.227s] -- Installing: /home/akhil/Downloads/omron_moma_ros2/install/camera_interface/share/camera_interface/srv/CameraSrv_Response.msg
[23.228s] -- Installing: /home/akhil/Downloads/omron_moma_ros2/install/camera_interface/share/ament_index/resource_index/package_run_dependencies/camera_interface
[23.229s] -- Installing: /home/akhil/Downloads/omron_moma_ros2/install/camera_interface/share/ament_index/resource_index/parent_prefix_path/camera_interface
[23.229s] -- Installing: /home/akhil/Downloads/omron_moma_ros2/install/camera_interface/share/camera_interface/environment/ament_prefix_path.sh
[23.230s] -- Installing: /home/akhil/Downloads/omron_moma_ros2/install/camera_interface/share/camera_interface/environment/ament_prefix_path.dsv
[23.230s] -- Installing: /home/akhil/Downloads/omron_moma_ros2/install/camera_interface/share/camera_interface/environment/path.sh
[23.230s] -- Installing: /home/akhil/Downloads/omron_moma_ros2/install/camera_interface/share/camera_interface/environment/path.dsv
[23.231s] -- Installing: /home/akhil/Downloads/omron_moma_ros2/install/camera_interface/share/camera_interface/local_setup.bash
[23.231s] -- Installing: /home/akhil/Downloads/omron_moma_ros2/install/camera_interface/share/camera_interface/local_setup.sh
[23.231s] -- Installing: /home/akhil/Downloads/omron_moma_ros2/install/camera_interface/share/camera_interface/local_setup.zsh
[23.232s] -- Installing: /home/akhil/Downloads/omron_moma_ros2/install/camera_interface/share/camera_interface/local_setup.dsv
[23.232s] -- Installing: /home/akhil/Downloads/omron_moma_ros2/install/camera_interface/share/camera_interface/package.dsv
[23.232s] -- Installing: /home/akhil/Downloads/omron_moma_ros2/install/camera_interface/share/ament_index/resource_index/packages/camera_interface
[23.233s] -- Installing: /home/akhil/Downloads/omron_moma_ros2/install/camera_interface/share/camera_interface/cmake/export_camera_interface__rosidl_generator_cExport.cmake
[23.233s] -- Installing: /home/akhil/Downloads/omron_moma_ros2/install/camera_interface/share/camera_interface/cmake/export_camera_interface__rosidl_generator_cExport-noconfig.cmake
[23.234s] -- Installing: /home/akhil/Downloads/omron_moma_ros2/install/camera_interface/share/camera_interface/cmake/export_camera_interface__rosidl_typesupport_fastrtps_cExport.cmake
[23.234s] -- Installing: /home/akhil/Downloads/omron_moma_ros2/install/camera_interface/share/camera_interface/cmake/export_camera_interface__rosidl_typesupport_fastrtps_cExport-noconfig.cmake
[23.234s] -- Installing: /home/akhil/Downloads/omron_moma_ros2/install/camera_interface/share/camera_interface/cmake/export_camera_interface__rosidl_generator_cppExport.cmake
[23.257s] -- Installing: /home/akhil/Downloads/omron_moma_ros2/install/camera_interface/share/camera_interface/cmake/export_camera_interface__rosidl_typesupport_fastrtps_cppExport.cmake
[23.257s] -- Installing: /home/akhil/Downloads/omron_moma_ros2/install/camera_interface/share/camera_interface/cmake/export_camera_interface__rosidl_typesupport_fastrtps_cppExport-noconfig.cmake
[23.258s] -- Installing: /home/akhil/Downloads/omron_moma_ros2/install/camera_interface/share/camera_interface/cmake/camera_interface__rosidl_typesupport_introspection_cExport.cmake
[23.258s] -- Installing: /home/akhil/Downloads/omron_moma_ros2/install/camera_interface/share/camera_interface/cmake/camera_interface__rosidl_typesupport_introspection_cExport-noconfig.cmake
[23.264s] -- Installing: /home/akhil/Downloads/omron_moma_ros2/install/camera_interface/share/camera_interface/cmake/camera_interface__rosidl_typesupport_cExport.cmake
[23.264s] -- Installing: /home/akhil/Downloads/omron_moma_ros2/install/camera_interface/share/camera_interface/cmake/camera_interface__rosidl_typesupport_cExport-noconfig.cmake
[23.265s] -- Installing: /home/akhil/Downloads/omron_moma_ros2/install/camera_interface/share/camera_interface/cmake/camera_interface__rosidl_typesupport_introspection_cppExport.cmake
[23.266s] -- Installing: /home/akhil/Downloads/omron_moma_ros2/install/camera_interface/share/camera_interface/cmake/camera_interface__rosidl_typesupport_introspection_cppExport-noconfig.cmake
[23.266s] -- Installing: /home/akhil/Downloads/omron_moma_ros2/install/camera_interface/share/camera_interface/cmake/camera_interface__rosidl_typesupport_cppExport.cmake
[23.267s] -- Installing: /home/akhil/Downloads/omron_moma_ros2/install/camera_interface/share/camera_interface/cmake/camera_interface__rosidl_typesupport_cppExport-noconfig.cmake
[23.267s] -- Installing: /home/akhil/Downloads/omron_moma_ros2/install/camera_interface/share/camera_interface/cmake/export_camera_interface__rosidl_generator_pyExport.cmake
[23.270s] -- Installing: /home/akhil/Downloads/omron_moma_ros2/install/camera_interface/share/camera_interface/cmake/export_camera_interface__rosidl_generator_pyExport-noconfig.cmake
[23.277s] -- Installing: /home/akhil/Downloads/omron_moma_ros2/install/camera_interface/share/camera_interface/cmake/rosidl_cmake-extras.cmake
[23.279s] -- Installing: /home/akhil/Downloads/omron_moma_ros2/install/camera_interface/share/camera_interface/cmake/ament_cmake_export_dependencies-extras.cmake
[23.281s] -- Installing: /home/akhil/Downloads/omron_moma_ros2/install/camera_interface/share/camera_interface/cmake/ament_cmake_export_include_directories-extras.cmake
[23.283s] -- Installing: /home/akhil/Downloads/omron_moma_ros2/install/camera_interface/share/camera_interface/cmake/ament_cmake_export_libraries-extras.cmake
[23.297s] -- Installing: /home/akhil/Downloads/omron_moma_ros2/install/camera_interface/share/camera_interface/cmake/ament_cmake_export_targets-extras.cmake
[23.297s] -- Installing: /home/akhil/Downloads/omron_moma_ros2/install/camera_interface/share/camera_interface/cmake/rosidl_cmake_export_typesupport_targets-extras.cmake
[23.297s] -- Installing: /home/akhil/Downloads/omron_moma_ros2/install/camera_interface/share/camera_interface/cmake/rosidl_cmake_export_typesupport_libraries-extras.cmake
[23.298s] -- Installing: /home/akhil/Downloads/omron_moma_ros2/install/camera_interface/share/camera_interface/cmake/camera_interfaceConfig.cmake
[23.298s] -- Installing: /home/akhil/Downloads/omron_moma_ros2/install/camera_interface/share/camera_interface/cmake/camera_interfaceConfig-version.cmake
[23.304s] -- Installing: /home/akhil/Downloads/omron_moma_ros2/install/camera_interface/share/camera_interface/package.xml
[23.331s] Invoked command in '/home/akhil/Downloads/omron_moma_ros2/build/camera_interface' returned '0': CMAKE_PREFIX_PATH=/opt/ros/humble /usr/bin/cmake --install /home/akhil/Downloads/omron_moma_ros2/build/camera_interface
