[1.893s] Invoking command in '/home/akhil/Downloads/omron_moma_ros2/MOMA_project/src/polaris_udp_bridge': PYTHONPATH=/home/akhil/Downloads/omron_moma_ros2/MOMA_project/src/build/polaris_udp_bridge/prefix_override:/usr/lib/python3/dist-packages/colcon_core/task/python/colcon_distutils_commands:/home/akhil/Downloads/omron_moma_ros2/MOMA_project/src/install/polaris_udp_bridge/lib/python3.10/site-packages:${PYTHONPATH} /usr/bin/python3 -W ignore:setup.py install is deprecated -W ignore:easy_install command is deprecated setup.py egg_info --egg-base ../build/polaris_udp_bridge build --build-base /home/akhil/Downloads/omron_moma_ros2/MOMA_project/src/build/polaris_udp_bridge/build install --record /home/akhil/Downloads/omron_moma_ros2/MOMA_project/src/build/polaris_udp_bridge/install.log --single-version-externally-managed install_data
[2.584s] running egg_info
[2.585s] writing ../build/polaris_udp_bridge/polaris_udp_bridge.egg-info/PKG-INFO
[2.586s] writing dependency_links to ../build/polaris_udp_bridge/polaris_udp_bridge.egg-info/dependency_links.txt
[2.587s] writing entry points to ../build/polaris_udp_bridge/polaris_udp_bridge.egg-info/entry_points.txt
[2.588s] writing requirements to ../build/polaris_udp_bridge/polaris_udp_bridge.egg-info/requires.txt
[2.588s] writing top-level names to ../build/polaris_udp_bridge/polaris_udp_bridge.egg-info/top_level.txt
[2.594s] reading manifest file '../build/polaris_udp_bridge/polaris_udp_bridge.egg-info/SOURCES.txt'
[2.596s] writing manifest file '../build/polaris_udp_bridge/polaris_udp_bridge.egg-info/SOURCES.txt'
[2.596s] running build
[2.597s] running build_py
[2.597s] copying polaris_udp_bridge/bridge_node.py -> /home/akhil/Downloads/omron_moma_ros2/MOMA_project/src/build/polaris_udp_bridge/build/lib/polaris_udp_bridge
[2.598s] running install
[2.599s] running install_lib
[2.600s] copying /home/akhil/Downloads/omron_moma_ros2/MOMA_project/src/build/polaris_udp_bridge/build/lib/polaris_udp_bridge/bridge_node.py -> /home/akhil/Downloads/omron_moma_ros2/MOMA_project/src/install/polaris_udp_bridge/lib/python3.10/site-packages/polaris_udp_bridge
[2.603s] byte-compiling /home/akhil/Downloads/omron_moma_ros2/MOMA_project/src/install/polaris_udp_bridge/lib/python3.10/site-packages/polaris_udp_bridge/bridge_node.py to bridge_node.cpython-310.pyc
[2.606s] running install_data
[2.606s] running install_egg_info
[2.612s] removing '/home/akhil/Downloads/omron_moma_ros2/MOMA_project/src/install/polaris_udp_bridge/lib/python3.10/site-packages/polaris_udp_bridge-0.0.0-py3.10.egg-info' (and everything under it)
[2.613s] Copying ../build/polaris_udp_bridge/polaris_udp_bridge.egg-info to /home/akhil/Downloads/omron_moma_ros2/MOMA_project/src/install/polaris_udp_bridge/lib/python3.10/site-packages/polaris_udp_bridge-0.0.0-py3.10.egg-info
[2.615s] running install_scripts
[2.680s] Installing bridge script to /home/akhil/Downloads/omron_moma_ros2/MOMA_project/src/install/polaris_udp_bridge/lib/polaris_udp_bridge
[2.681s] writing list of installed files to '/home/akhil/Downloads/omron_moma_ros2/MOMA_project/src/build/polaris_udp_bridge/install.log'
[2.791s] Invoked command in '/home/akhil/Downloads/omron_moma_ros2/MOMA_project/src/polaris_udp_bridge' returned '0': PYTHONPATH=/home/akhil/Downloads/omron_moma_ros2/MOMA_project/src/build/polaris_udp_bridge/prefix_override:/usr/lib/python3/dist-packages/colcon_core/task/python/colcon_distutils_commands:/home/akhil/Downloads/omron_moma_ros2/MOMA_project/src/install/polaris_udp_bridge/lib/python3.10/site-packages:${PYTHONPATH} /usr/bin/python3 -W ignore:setup.py install is deprecated -W ignore:easy_install command is deprecated setup.py egg_info --egg-base ../build/polaris_udp_bridge build --build-base /home/akhil/Downloads/omron_moma_ros2/MOMA_project/src/build/polaris_udp_bridge/build install --record /home/akhil/Downloads/omron_moma_ros2/MOMA_project/src/build/polaris_udp_bridge/install.log --single-version-externally-managed install_data
