[0.050s] Invoking command in '/home/akhil/Downloads/omron_moma_ros2/build/tm_inspect': AMENT_PREFIX_PATH=/home/akhil/Downloads/omron_moma_ros2/install/tm_msgs:${AMENT_PREFIX_PATH} CMAKE_PREFIX_PATH=/home/akhil/Downloads/omron_moma_ros2/install/tm_msgs:/opt/ros/humble LD_LIBRARY_PATH=/home/akhil/Downloads/omron_moma_ros2/install/tm_msgs/lib:${LD_LIBRARY_PATH} PYTHONPATH=/home/akhil/Downloads/omron_moma_ros2/install/tm_msgs/local/lib/python3.10/dist-packages:${PYTHONPATH} /usr/bin/cmake /home/akhil/Downloads/omron_moma_ros2/MOMA_project/src/tm_inspect -DCMAKE_INSTALL_PREFIX=/home/akhil/Downloads/omron_moma_ros2/install/tm_inspect
[0.229s] -- The C compiler identification is GNU 11.4.0
[0.418s] -- The CXX compiler identification is GNU 11.4.0
[0.437s] -- Detecting C compiler ABI info
[0.666s] -- Detecting C compiler ABI info - done
[0.682s] -- Check for working C compiler: /usr/bin/cc - skipped
[0.682s] -- Detecting C compile features
[0.683s] -- Detecting C compile features - done
[0.698s] -- Detecting CXX compiler ABI info
[0.963s] -- Detecting CXX compiler ABI info - done
[0.991s] -- Check for working CXX compiler: /usr/bin/c++ - skipped
[0.992s] -- Detecting CXX compile features
[0.998s] -- Detecting CXX compile features - done
[1.022s] -- Found ament_cmake: 1.3.12 (/opt/ros/humble/share/ament_cmake/cmake)
[1.497s] -- Found Python3: /usr/bin/python3 (found version "3.10.12") found components: Interpreter 
[1.803s] -- Found rclcpp: 16.0.15 (/opt/ros/humble/share/rclcpp/cmake)
[1.945s] -- Found rosidl_generator_c: 3.1.7 (/opt/ros/humble/share/rosidl_generator_c/cmake)
[1.956s] -- Found rosidl_adapter: 3.1.7 (/opt/ros/humble/share/rosidl_adapter/cmake)
[2.073s] -- Found rosidl_generator_cpp: 3.1.7 (/opt/ros/humble/share/rosidl_generator_cpp/cmake)
[2.102s] -- Using all available rosidl_typesupport_c: rosidl_typesupport_fastrtps_c;rosidl_typesupport_introspection_c
[2.150s] -- Using all available rosidl_typesupport_cpp: rosidl_typesupport_fastrtps_cpp;rosidl_typesupport_introspection_cpp
[2.277s] -- Found rmw_implementation_cmake: 6.1.2 (/opt/ros/humble/share/rmw_implementation_cmake/cmake)
[2.283s] -- Found rmw_cyclonedds_cpp: 1.3.4 (/opt/ros/humble/share/rmw_cyclonedds_cpp/cmake)
[2.335s] -- Using RMW implementation 'rmw_cyclonedds_cpp' as default
[2.362s] -- Looking for pthread.h
[2.638s] -- Looking for pthread.h - found
[2.638s] -- Performing Test CMAKE_HAVE_LIBC_PTHREAD
[2.916s] -- Performing Test CMAKE_HAVE_LIBC_PTHREAD - Success
[2.919s] -- Found Threads: TRUE  
[3.062s] -- Found rclcpp_action: 16.0.15 (/opt/ros/humble/share/rclcpp_action/cmake)
[3.143s] -- Found tm_msgs: 2.0.0 (/home/akhil/Downloads/omron_moma_ros2/install/tm_msgs/share/tm_msgs/cmake)
[3.855s] -- Found ament_lint_auto: 0.12.14 (/opt/ros/humble/share/ament_lint_auto/cmake)
[4.178s] -- Added test 'copyright' to check source files copyright and LICENSE
[4.181s] -- Added test 'cppcheck' to perform static code analysis on C / C++ code
[4.184s] -- Configured cppcheck include dirs: 
[4.184s] -- Configured cppcheck exclude dirs and/or files: 
[4.186s] -- Added test 'cpplint' to check C / C++ code against the Google style
[4.187s] -- Configured cpplint exclude dirs and/or files: 
[4.188s] -- Added test 'flake8' to check Python code syntax and style conventions
[4.189s] -- Added test 'lint_cmake' to check CMake code style
[4.190s] -- Added test 'pep257' to check Python code against some of the docstring style conventions in PEP 257
[4.192s] -- Added test 'uncrustify' to check C / C++ code style
[4.192s] -- Configured uncrustify additional arguments: 
[4.193s] -- Added test 'xmllint' to check XML markup files
[4.196s] -- Configuring done
[4.422s] -- Generating done
[4.436s] -- Build files have been written to: /home/akhil/Downloads/omron_moma_ros2/build/tm_inspect
[4.479s] Invoked command in '/home/akhil/Downloads/omron_moma_ros2/build/tm_inspect' returned '0': AMENT_PREFIX_PATH=/home/akhil/Downloads/omron_moma_ros2/install/tm_msgs:${AMENT_PREFIX_PATH} CMAKE_PREFIX_PATH=/home/akhil/Downloads/omron_moma_ros2/install/tm_msgs:/opt/ros/humble LD_LIBRARY_PATH=/home/akhil/Downloads/omron_moma_ros2/install/tm_msgs/lib:${LD_LIBRARY_PATH} PYTHONPATH=/home/akhil/Downloads/omron_moma_ros2/install/tm_msgs/local/lib/python3.10/dist-packages:${PYTHONPATH} /usr/bin/cmake /home/akhil/Downloads/omron_moma_ros2/MOMA_project/src/tm_inspect -DCMAKE_INSTALL_PREFIX=/home/akhil/Downloads/omron_moma_ros2/install/tm_inspect
[4.483s] Invoking command in '/home/akhil/Downloads/omron_moma_ros2/build/tm_inspect': AMENT_PREFIX_PATH=/home/akhil/Downloads/omron_moma_ros2/install/tm_msgs:${AMENT_PREFIX_PATH} CMAKE_PREFIX_PATH=/home/akhil/Downloads/omron_moma_ros2/install/tm_msgs:/opt/ros/humble LD_LIBRARY_PATH=/home/akhil/Downloads/omron_moma_ros2/install/tm_msgs/lib:${LD_LIBRARY_PATH} PYTHONPATH=/home/akhil/Downloads/omron_moma_ros2/install/tm_msgs/local/lib/python3.10/dist-packages:${PYTHONPATH} /usr/bin/cmake --build /home/akhil/Downloads/omron_moma_ros2/build/tm_inspect -- -j6 -l6
[5.282s] [ 14%] [34m[1mAutomatic MOC and UIC for target robot_ui[0m
[6.317s] [ 14%] Built target robot_ui_autogen
[6.352s] [ 28%] [34m[1mGenerating ui_tm_ros_driver_windows.h[0m
[6.438s] [ 57%] [32mBuilding CXX object CMakeFiles/robot_ui.dir/robot_ui_autogen/mocs_compilation.cpp.o[0m
[6.440s] [ 57%] [32mBuilding CXX object CMakeFiles/robot_ui.dir/src/main.cpp.o[0m
[27.677s] [ 71%] [32mBuilding CXX object CMakeFiles/robot_ui.dir/src/tm_ros_driver_windows.cpp.o[0m
[46.434s] [ 85%] [32mBuilding CXX object CMakeFiles/robot_ui.dir/src/ros_page.cpp.o[0m
[104.825s] [100%] [32m[1mLinking CXX executable robot_ui[0m
[110.797s] [100%] Built target robot_ui
[110.830s] Invoked command in '/home/akhil/Downloads/omron_moma_ros2/build/tm_inspect' returned '0': AMENT_PREFIX_PATH=/home/akhil/Downloads/omron_moma_ros2/install/tm_msgs:${AMENT_PREFIX_PATH} CMAKE_PREFIX_PATH=/home/akhil/Downloads/omron_moma_ros2/install/tm_msgs:/opt/ros/humble LD_LIBRARY_PATH=/home/akhil/Downloads/omron_moma_ros2/install/tm_msgs/lib:${LD_LIBRARY_PATH} PYTHONPATH=/home/akhil/Downloads/omron_moma_ros2/install/tm_msgs/local/lib/python3.10/dist-packages:${PYTHONPATH} /usr/bin/cmake --build /home/akhil/Downloads/omron_moma_ros2/build/tm_inspect -- -j6 -l6
[110.835s] Invoking command in '/home/akhil/Downloads/omron_moma_ros2/build/tm_inspect': AMENT_PREFIX_PATH=/home/akhil/Downloads/omron_moma_ros2/install/tm_msgs:${AMENT_PREFIX_PATH} CMAKE_PREFIX_PATH=/home/akhil/Downloads/omron_moma_ros2/install/tm_msgs:/opt/ros/humble LD_LIBRARY_PATH=/home/akhil/Downloads/omron_moma_ros2/install/tm_msgs/lib:${LD_LIBRARY_PATH} PYTHONPATH=/home/akhil/Downloads/omron_moma_ros2/install/tm_msgs/local/lib/python3.10/dist-packages:${PYTHONPATH} /usr/bin/cmake --install /home/akhil/Downloads/omron_moma_ros2/build/tm_inspect
[110.856s] -- Install configuration: ""
[110.856s] -- Installing: /home/akhil/Downloads/omron_moma_ros2/install/tm_inspect/lib/tm_inspect/robot_ui
[110.883s] -- Set runtime path of "/home/akhil/Downloads/omron_moma_ros2/install/tm_inspect/lib/tm_inspect/robot_ui" to ""
[110.883s] -- Installing: /home/akhil/Downloads/omron_moma_ros2/install/tm_inspect/share/tm_inspect/launch
[110.883s] -- Installing: /home/akhil/Downloads/omron_moma_ros2/install/tm_inspect/share/tm_inspect/launch/tm_gui.launch.py
[110.890s] -- Installing: /home/akhil/Downloads/omron_moma_ros2/install/tm_inspect/share/ament_index/resource_index/package_run_dependencies/tm_inspect
[110.890s] -- Installing: /home/akhil/Downloads/omron_moma_ros2/install/tm_inspect/share/ament_index/resource_index/parent_prefix_path/tm_inspect
[110.891s] -- Installing: /home/akhil/Downloads/omron_moma_ros2/install/tm_inspect/share/tm_inspect/environment/ament_prefix_path.sh
[110.891s] -- Installing: /home/akhil/Downloads/omron_moma_ros2/install/tm_inspect/share/tm_inspect/environment/ament_prefix_path.dsv
[110.891s] -- Installing: /home/akhil/Downloads/omron_moma_ros2/install/tm_inspect/share/tm_inspect/environment/path.sh
[110.892s] -- Installing: /home/akhil/Downloads/omron_moma_ros2/install/tm_inspect/share/tm_inspect/environment/path.dsv
[110.892s] -- Installing: /home/akhil/Downloads/omron_moma_ros2/install/tm_inspect/share/tm_inspect/local_setup.bash
[110.892s] -- Installing: /home/akhil/Downloads/omron_moma_ros2/install/tm_inspect/share/tm_inspect/local_setup.sh
[110.893s] -- Installing: /home/akhil/Downloads/omron_moma_ros2/install/tm_inspect/share/tm_inspect/local_setup.zsh
[110.893s] -- Installing: /home/akhil/Downloads/omron_moma_ros2/install/tm_inspect/share/tm_inspect/local_setup.dsv
[110.893s] -- Installing: /home/akhil/Downloads/omron_moma_ros2/install/tm_inspect/share/tm_inspect/package.dsv
[110.894s] -- Installing: /home/akhil/Downloads/omron_moma_ros2/install/tm_inspect/share/ament_index/resource_index/packages/tm_inspect
[110.894s] -- Installing: /home/akhil/Downloads/omron_moma_ros2/install/tm_inspect/share/tm_inspect/cmake/tm_inspectConfig.cmake
[110.894s] -- Installing: /home/akhil/Downloads/omron_moma_ros2/install/tm_inspect/share/tm_inspect/cmake/tm_inspectConfig-version.cmake
[110.894s] -- Installing: /home/akhil/Downloads/omron_moma_ros2/install/tm_inspect/share/tm_inspect/package.xml
[110.903s] Invoked command in '/home/akhil/Downloads/omron_moma_ros2/build/tm_inspect' returned '0': AMENT_PREFIX_PATH=/home/akhil/Downloads/omron_moma_ros2/install/tm_msgs:${AMENT_PREFIX_PATH} CMAKE_PREFIX_PATH=/home/akhil/Downloads/omron_moma_ros2/install/tm_msgs:/opt/ros/humble LD_LIBRARY_PATH=/home/akhil/Downloads/omron_moma_ros2/install/tm_msgs/lib:${LD_LIBRARY_PATH} PYTHONPATH=/home/akhil/Downloads/omron_moma_ros2/install/tm_msgs/local/lib/python3.10/dist-packages:${PYTHONPATH} /usr/bin/cmake --install /home/akhil/Downloads/omron_moma_ros2/build/tm_inspect
