[3.498s] Invoking command in '/home/akhil/Downloads/omron_moma_ros2/MOMA_project/src/om_aiv_navigation': PYTHONPATH=/home/akhil/Downloads/omron_moma_ros2/MOMA_project/src/build/om_aiv_navigation/prefix_override:/usr/lib/python3/dist-packages/colcon_core/task/python/colcon_distutils_commands:/home/akhil/Downloads/omron_moma_ros2/MOMA_project/src/install/om_aiv_navigation/lib/python3.10/site-packages:${PYTHONPATH} /usr/bin/python3 -W ignore:setup.py install is deprecated -W ignore:easy_install command is deprecated setup.py egg_info --egg-base ../build/om_aiv_navigation build --build-base /home/akhil/Downloads/omron_moma_ros2/MOMA_project/src/build/om_aiv_navigation/build install --record /home/akhil/Downloads/omron_moma_ros2/MOMA_project/src/build/om_aiv_navigation/install.log --single-version-externally-managed install_data
[4.807s] running egg_info
[4.822s] creating ../build/om_aiv_navigation/om_aiv_navigation.egg-info
[4.824s] writing ../build/om_aiv_navigation/om_aiv_navigation.egg-info/PKG-INFO
[4.824s] writing dependency_links to ../build/om_aiv_navigation/om_aiv_navigation.egg-info/dependency_links.txt
[4.838s] writing entry points to ../build/om_aiv_navigation/om_aiv_navigation.egg-info/entry_points.txt
[4.839s] writing requirements to ../build/om_aiv_navigation/om_aiv_navigation.egg-info/requires.txt
[4.839s] writing top-level names to ../build/om_aiv_navigation/om_aiv_navigation.egg-info/top_level.txt
[4.839s] writing manifest file '../build/om_aiv_navigation/om_aiv_navigation.egg-info/SOURCES.txt'
[4.849s] reading manifest file '../build/om_aiv_navigation/om_aiv_navigation.egg-info/SOURCES.txt'
[4.858s] writing manifest file '../build/om_aiv_navigation/om_aiv_navigation.egg-info/SOURCES.txt'
[4.866s] running build
[4.867s] running build_py
[4.867s] creating /home/akhil/Downloads/omron_moma_ros2/MOMA_project/src/build/om_aiv_navigation/build
[4.867s] creating /home/akhil/Downloads/omron_moma_ros2/MOMA_project/src/build/om_aiv_navigation/build/lib
[4.868s] creating /home/akhil/Downloads/omron_moma_ros2/MOMA_project/src/build/om_aiv_navigation/build/lib/om_aiv_navigation
[4.868s] copying om_aiv_navigation/point_add_server.py -> /home/akhil/Downloads/omron_moma_ros2/MOMA_project/src/build/om_aiv_navigation/build/lib/om_aiv_navigation
[4.873s] copying om_aiv_navigation/dock.py -> /home/akhil/Downloads/omron_moma_ros2/MOMA_project/src/build/om_aiv_navigation/build/lib/om_aiv_navigation
[4.873s] copying om_aiv_navigation/goto_goal.py -> /home/akhil/Downloads/omron_moma_ros2/MOMA_project/src/build/om_aiv_navigation/build/lib/om_aiv_navigation
[4.874s] copying om_aiv_navigation/localize_at_point.py -> /home/akhil/Downloads/omron_moma_ros2/MOMA_project/src/build/om_aiv_navigation/build/lib/om_aiv_navigation
[4.875s] copying om_aiv_navigation/execute_macro.py -> /home/akhil/Downloads/omron_moma_ros2/MOMA_project/src/build/om_aiv_navigation/build/lib/om_aiv_navigation
[4.876s] copying om_aiv_navigation/goto_goal_demo.py -> /home/akhil/Downloads/omron_moma_ros2/MOMA_project/src/build/om_aiv_navigation/build/lib/om_aiv_navigation
[4.877s] copying om_aiv_navigation/action_server.py -> /home/akhil/Downloads/omron_moma_ros2/MOMA_project/src/build/om_aiv_navigation/build/lib/om_aiv_navigation
[4.878s] copying om_aiv_navigation/goto_point.py -> /home/akhil/Downloads/omron_moma_ros2/MOMA_project/src/build/om_aiv_navigation/build/lib/om_aiv_navigation
[4.879s] copying om_aiv_navigation/__init__.py -> /home/akhil/Downloads/omron_moma_ros2/MOMA_project/src/build/om_aiv_navigation/build/lib/om_aiv_navigation
[4.880s] running install
[4.881s] running install_lib
[4.899s] creating /home/akhil/Downloads/omron_moma_ros2/MOMA_project/src/install/om_aiv_navigation/lib/python3.10/site-packages/om_aiv_navigation
[4.900s] copying /home/akhil/Downloads/omron_moma_ros2/MOMA_project/src/build/om_aiv_navigation/build/lib/om_aiv_navigation/point_add_server.py -> /home/akhil/Downloads/omron_moma_ros2/MOMA_project/src/install/om_aiv_navigation/lib/python3.10/site-packages/om_aiv_navigation
[4.900s] copying /home/akhil/Downloads/omron_moma_ros2/MOMA_project/src/build/om_aiv_navigation/build/lib/om_aiv_navigation/dock.py -> /home/akhil/Downloads/omron_moma_ros2/MOMA_project/src/install/om_aiv_navigation/lib/python3.10/site-packages/om_aiv_navigation
[4.901s] copying /home/akhil/Downloads/omron_moma_ros2/MOMA_project/src/build/om_aiv_navigation/build/lib/om_aiv_navigation/goto_goal.py -> /home/akhil/Downloads/omron_moma_ros2/MOMA_project/src/install/om_aiv_navigation/lib/python3.10/site-packages/om_aiv_navigation
[4.901s] copying /home/akhil/Downloads/omron_moma_ros2/MOMA_project/src/build/om_aiv_navigation/build/lib/om_aiv_navigation/localize_at_point.py -> /home/akhil/Downloads/omron_moma_ros2/MOMA_project/src/install/om_aiv_navigation/lib/python3.10/site-packages/om_aiv_navigation
[4.901s] copying /home/akhil/Downloads/omron_moma_ros2/MOMA_project/src/build/om_aiv_navigation/build/lib/om_aiv_navigation/execute_macro.py -> /home/akhil/Downloads/omron_moma_ros2/MOMA_project/src/install/om_aiv_navigation/lib/python3.10/site-packages/om_aiv_navigation
[4.901s] copying /home/akhil/Downloads/omron_moma_ros2/MOMA_project/src/build/om_aiv_navigation/build/lib/om_aiv_navigation/goto_goal_demo.py -> /home/akhil/Downloads/omron_moma_ros2/MOMA_project/src/install/om_aiv_navigation/lib/python3.10/site-packages/om_aiv_navigation
[4.902s] copying /home/akhil/Downloads/omron_moma_ros2/MOMA_project/src/build/om_aiv_navigation/build/lib/om_aiv_navigation/action_server.py -> /home/akhil/Downloads/omron_moma_ros2/MOMA_project/src/install/om_aiv_navigation/lib/python3.10/site-packages/om_aiv_navigation
[4.902s] copying /home/akhil/Downloads/omron_moma_ros2/MOMA_project/src/build/om_aiv_navigation/build/lib/om_aiv_navigation/goto_point.py -> /home/akhil/Downloads/omron_moma_ros2/MOMA_project/src/install/om_aiv_navigation/lib/python3.10/site-packages/om_aiv_navigation
[4.902s] copying /home/akhil/Downloads/omron_moma_ros2/MOMA_project/src/build/om_aiv_navigation/build/lib/om_aiv_navigation/__init__.py -> /home/akhil/Downloads/omron_moma_ros2/MOMA_project/src/install/om_aiv_navigation/lib/python3.10/site-packages/om_aiv_navigation
[4.904s] byte-compiling /home/akhil/Downloads/omron_moma_ros2/MOMA_project/src/install/om_aiv_navigation/lib/python3.10/site-packages/om_aiv_navigation/point_add_server.py to point_add_server.cpython-310.pyc
[4.906s] byte-compiling /home/akhil/Downloads/omron_moma_ros2/MOMA_project/src/install/om_aiv_navigation/lib/python3.10/site-packages/om_aiv_navigation/dock.py to dock.cpython-310.pyc
[4.907s] byte-compiling /home/akhil/Downloads/omron_moma_ros2/MOMA_project/src/install/om_aiv_navigation/lib/python3.10/site-packages/om_aiv_navigation/goto_goal.py to goto_goal.cpython-310.pyc
[4.908s] byte-compiling /home/akhil/Downloads/omron_moma_ros2/MOMA_project/src/install/om_aiv_navigation/lib/python3.10/site-packages/om_aiv_navigation/localize_at_point.py to localize_at_point.cpython-310.pyc
[4.910s] byte-compiling /home/akhil/Downloads/omron_moma_ros2/MOMA_project/src/install/om_aiv_navigation/lib/python3.10/site-packages/om_aiv_navigation/execute_macro.py to execute_macro.cpython-310.pyc
[4.911s] byte-compiling /home/akhil/Downloads/omron_moma_ros2/MOMA_project/src/install/om_aiv_navigation/lib/python3.10/site-packages/om_aiv_navigation/goto_goal_demo.py to goto_goal_demo.cpython-310.pyc
[4.912s] byte-compiling /home/akhil/Downloads/omron_moma_ros2/MOMA_project/src/install/om_aiv_navigation/lib/python3.10/site-packages/om_aiv_navigation/action_server.py to action_server.cpython-310.pyc
[4.914s] byte-compiling /home/akhil/Downloads/omron_moma_ros2/MOMA_project/src/install/om_aiv_navigation/lib/python3.10/site-packages/om_aiv_navigation/goto_point.py to goto_point.cpython-310.pyc
[4.931s] byte-compiling /home/akhil/Downloads/omron_moma_ros2/MOMA_project/src/install/om_aiv_navigation/lib/python3.10/site-packages/om_aiv_navigation/__init__.py to __init__.cpython-310.pyc
[4.945s] running install_data
[4.946s] creating /home/akhil/Downloads/omron_moma_ros2/MOMA_project/src/install/om_aiv_navigation/share/ament_index
[4.946s] creating /home/akhil/Downloads/omron_moma_ros2/MOMA_project/src/install/om_aiv_navigation/share/ament_index/resource_index
[4.946s] creating /home/akhil/Downloads/omron_moma_ros2/MOMA_project/src/install/om_aiv_navigation/share/ament_index/resource_index/packages
[4.947s] copying resource/om_aiv_navigation -> /home/akhil/Downloads/omron_moma_ros2/MOMA_project/src/install/om_aiv_navigation/share/ament_index/resource_index/packages
[4.947s] copying package.xml -> /home/akhil/Downloads/omron_moma_ros2/MOMA_project/src/install/om_aiv_navigation/share/om_aiv_navigation
[4.948s] running install_egg_info
[4.957s] Copying ../build/om_aiv_navigation/om_aiv_navigation.egg-info to /home/akhil/Downloads/omron_moma_ros2/MOMA_project/src/install/om_aiv_navigation/lib/python3.10/site-packages/om_aiv_navigation-0.0.0-py3.10.egg-info
[4.979s] running install_scripts
[5.202s] Installing action_server script to /home/akhil/Downloads/omron_moma_ros2/MOMA_project/src/install/om_aiv_navigation/lib/om_aiv_navigation
[5.212s] Installing dock script to /home/akhil/Downloads/omron_moma_ros2/MOMA_project/src/install/om_aiv_navigation/lib/om_aiv_navigation
[5.215s] Installing execute_macro script to /home/akhil/Downloads/omron_moma_ros2/MOMA_project/src/install/om_aiv_navigation/lib/om_aiv_navigation
[5.215s] Installing goto_goal script to /home/akhil/Downloads/omron_moma_ros2/MOMA_project/src/install/om_aiv_navigation/lib/om_aiv_navigation
[5.219s] Installing goto_goal_demo script to /home/akhil/Downloads/omron_moma_ros2/MOMA_project/src/install/om_aiv_navigation/lib/om_aiv_navigation
[5.220s] Installing goto_point script to /home/akhil/Downloads/omron_moma_ros2/MOMA_project/src/install/om_aiv_navigation/lib/om_aiv_navigation
[5.221s] Installing localize_at_point script to /home/akhil/Downloads/omron_moma_ros2/MOMA_project/src/install/om_aiv_navigation/lib/om_aiv_navigation
[5.223s] writing list of installed files to '/home/akhil/Downloads/omron_moma_ros2/MOMA_project/src/build/om_aiv_navigation/install.log'
[5.855s] Invoked command in '/home/akhil/Downloads/omron_moma_ros2/MOMA_project/src/om_aiv_navigation' returned '0': PYTHONPATH=/home/akhil/Downloads/omron_moma_ros2/MOMA_project/src/build/om_aiv_navigation/prefix_override:/usr/lib/python3/dist-packages/colcon_core/task/python/colcon_distutils_commands:/home/akhil/Downloads/omron_moma_ros2/MOMA_project/src/install/om_aiv_navigation/lib/python3.10/site-packages:${PYTHONPATH} /usr/bin/python3 -W ignore:setup.py install is deprecated -W ignore:easy_install command is deprecated setup.py egg_info --egg-base ../build/om_aiv_navigation build --build-base /home/akhil/Downloads/omron_moma_ros2/MOMA_project/src/build/om_aiv_navigation/build install --record /home/akhil/Downloads/omron_moma_ros2/MOMA_project/src/build/om_aiv_navigation/install.log --single-version-externally-managed install_data
