[0.056s] Invoking command in '/home/akhil/Downloads/omron_moma_ros2/build/tm_description': CMAKE_PREFIX_PATH=/opt/ros/humble /usr/bin/cmake /home/akhil/Downloads/omron_moma_ros2/MOMA_project/src/tm_description -DCMAKE_INSTALL_PREFIX=/home/akhil/Downloads/omron_moma_ros2/install/tm_description
[0.217s] -- The C compiler identification is GNU 11.4.0
[0.409s] -- The CXX compiler identification is GNU 11.4.0
[0.436s] -- Detecting C compiler ABI info
[0.675s] -- Detecting C compiler ABI info - done
[0.698s] -- Check for working C compiler: /usr/bin/cc - skipped
[0.699s] -- Detecting C compile features
[0.700s] -- Detecting C compile features - done
[0.711s] -- Detecting CXX compiler ABI info
[0.968s] -- Detecting CXX compiler ABI info - done
[0.998s] -- Check for working CXX compiler: /usr/bin/c++ - skipped
[0.999s] -- Detecting CXX compile features
[1.001s] -- Detecting CXX compile features - done
[1.014s] -- Found ament_cmake: 1.3.12 (/opt/ros/humble/share/ament_cmake/cmake)
[1.512s] -- Found Python3: /usr/bin/python3 (found version "3.10.12") found components: Interpreter 
[2.036s] -- Configuring done
[2.046s] -- Generating done
[2.052s] -- Build files have been written to: /home/akhil/Downloads/omron_moma_ros2/build/tm_description
[2.081s] Invoked command in '/home/akhil/Downloads/omron_moma_ros2/build/tm_description' returned '0': CMAKE_PREFIX_PATH=/opt/ros/humble /usr/bin/cmake /home/akhil/Downloads/omron_moma_ros2/MOMA_project/src/tm_description -DCMAKE_INSTALL_PREFIX=/home/akhil/Downloads/omron_moma_ros2/install/tm_description
[2.082s] Invoking command in '/home/akhil/Downloads/omron_moma_ros2/build/tm_description': CMAKE_PREFIX_PATH=/opt/ros/humble /usr/bin/cmake --build /home/akhil/Downloads/omron_moma_ros2/build/tm_description -- -j6 -l6
[2.201s] Invoked command in '/home/akhil/Downloads/omron_moma_ros2/build/tm_description' returned '0': CMAKE_PREFIX_PATH=/opt/ros/humble /usr/bin/cmake --build /home/akhil/Downloads/omron_moma_ros2/build/tm_description -- -j6 -l6
[2.224s] Invoking command in '/home/akhil/Downloads/omron_moma_ros2/build/tm_description': CMAKE_PREFIX_PATH=/opt/ros/humble /usr/bin/cmake --install /home/akhil/Downloads/omron_moma_ros2/build/tm_description
[2.247s] -- Install configuration: ""
[2.247s] -- Installing: /home/akhil/Downloads/omron_moma_ros2/install/tm_description/share/tm_description/launch
[2.254s] -- Installing: /home/akhil/Downloads/omron_moma_ros2/install/tm_description/share/tm_description/launch/view_robot.launch.py
[2.256s] -- Installing: /home/akhil/Downloads/omron_moma_ros2/install/tm_description/share/tm_description/meshes
[2.257s] -- Installing: /home/akhil/Downloads/omron_moma_ros2/install/tm_description/share/tm_description/meshes/tm14s
[2.258s] -- Installing: /home/akhil/Downloads/omron_moma_ros2/install/tm_description/share/tm_description/meshes/tm14s/collision
[2.258s] -- Installing: /home/akhil/Downloads/omron_moma_ros2/install/tm_description/share/tm_description/meshes/tm14s/collision/tm14s-base_c.stl
[2.261s] -- Installing: /home/akhil/Downloads/omron_moma_ros2/install/tm_description/share/tm_description/meshes/tm14s/collision/tm14s-j5_c.stl
[2.269s] -- Installing: /home/akhil/Downloads/omron_moma_ros2/install/tm_description/share/tm_description/meshes/tm14s/collision/tm14s-j6_c.stl
[2.278s] -- Installing: /home/akhil/Downloads/omron_moma_ros2/install/tm_description/share/tm_description/meshes/tm14s/collision/tm14s-a1_c.stl
[2.282s] -- Installing: /home/akhil/Downloads/omron_moma_ros2/install/tm_description/share/tm_description/meshes/tm14s/collision/tm14s-a2_c.stl
[2.286s] -- Installing: /home/akhil/Downloads/omron_moma_ros2/install/tm_description/share/tm_description/meshes/tm14s/collision/tm14s-j1_c.stl
[2.292s] -- Installing: /home/akhil/Downloads/omron_moma_ros2/install/tm_description/share/tm_description/meshes/tm14s/visual
[2.293s] -- Installing: /home/akhil/Downloads/omron_moma_ros2/install/tm_description/share/tm_description/meshes/tm14s/visual/tm14s-a1.mtl
[2.293s] -- Installing: /home/akhil/Downloads/omron_moma_ros2/install/tm_description/share/tm_description/meshes/tm14s/visual/tm14s-j5.obj
[2.354s] -- Installing: /home/akhil/Downloads/omron_moma_ros2/install/tm_description/share/tm_description/meshes/tm14s/visual/tm14s-j1.mtl
[2.354s] -- Installing: /home/akhil/Downloads/omron_moma_ros2/install/tm_description/share/tm_description/meshes/tm14s/visual/tm14s-a2.obj
[2.410s] -- Installing: /home/akhil/Downloads/omron_moma_ros2/install/tm_description/share/tm_description/meshes/tm14s/visual/tm14s-j1.obj
[2.478s] -- Installing: /home/akhil/Downloads/omron_moma_ros2/install/tm_description/share/tm_description/meshes/tm14s/visual/tm14s-a1.obj
[2.557s] -- Installing: /home/akhil/Downloads/omron_moma_ros2/install/tm_description/share/tm_description/meshes/tm14s/visual/tm14s-j6.mtl
[2.558s] -- Installing: /home/akhil/Downloads/omron_moma_ros2/install/tm_description/share/tm_description/meshes/tm14s/visual/tm14s-j5.mtl
[2.558s] -- Installing: /home/akhil/Downloads/omron_moma_ros2/install/tm_description/share/tm_description/meshes/tm14s/visual/tm14s-base.mtl
[2.560s] -- Installing: /home/akhil/Downloads/omron_moma_ros2/install/tm_description/share/tm_description/meshes/tm14s/visual/tm14s-j6.obj
[2.620s] -- Installing: /home/akhil/Downloads/omron_moma_ros2/install/tm_description/share/tm_description/meshes/tm14s/visual/tm14s-a2.mtl
[2.621s] -- Installing: /home/akhil/Downloads/omron_moma_ros2/install/tm_description/share/tm_description/meshes/tm14s/visual/tm14s-base.obj
[2.650s] -- Installing: /home/akhil/Downloads/omron_moma_ros2/install/tm_description/share/tm_description/meshes/tm5s
[2.654s] -- Installing: /home/akhil/Downloads/omron_moma_ros2/install/tm_description/share/tm_description/meshes/tm5s/collision
[2.662s] -- Installing: /home/akhil/Downloads/omron_moma_ros2/install/tm_description/share/tm_description/meshes/tm5s/collision/tm5s-a1_c.stl
[2.677s] -- Installing: /home/akhil/Downloads/omron_moma_ros2/install/tm_description/share/tm_description/meshes/tm5s/collision/tm5s-j5_c.stl
[2.690s] -- Installing: /home/akhil/Downloads/omron_moma_ros2/install/tm_description/share/tm_description/meshes/tm5s/collision/tm5s-io_c.stl
[2.698s] -- Installing: /home/akhil/Downloads/omron_moma_ros2/install/tm_description/share/tm_description/meshes/tm5s/collision/tm5s-a2_c.stl
[2.704s] -- Installing: /home/akhil/Downloads/omron_moma_ros2/install/tm_description/share/tm_description/meshes/tm5s/collision/tm5s-base_c.stl
[2.707s] -- Installing: /home/akhil/Downloads/omron_moma_ros2/install/tm_description/share/tm_description/meshes/tm5s/collision/tm5s-iox_c.stl
[2.712s] -- Installing: /home/akhil/Downloads/omron_moma_ros2/install/tm_description/share/tm_description/meshes/tm5s/collision/tm5s-j6_c.stl
[2.717s] -- Installing: /home/akhil/Downloads/omron_moma_ros2/install/tm_description/share/tm_description/meshes/tm5s/collision/tm5s-j1_c.stl
[2.723s] -- Installing: /home/akhil/Downloads/omron_moma_ros2/install/tm_description/share/tm_description/meshes/tm5s/visual
[2.724s] -- Installing: /home/akhil/Downloads/omron_moma_ros2/install/tm_description/share/tm_description/meshes/tm5s/visual/tm5s-io.obj
[2.851s] -- Installing: /home/akhil/Downloads/omron_moma_ros2/install/tm_description/share/tm_description/meshes/tm5s/visual/tm5s-j5.mtl
[2.852s] -- Installing: /home/akhil/Downloads/omron_moma_ros2/install/tm_description/share/tm_description/meshes/tm5s/visual/tm5s-j1.obj
[2.908s] -- Installing: /home/akhil/Downloads/omron_moma_ros2/install/tm_description/share/tm_description/meshes/tm5s/visual/tm5s-a1.obj
[2.989s] -- Installing: /home/akhil/Downloads/omron_moma_ros2/install/tm_description/share/tm_description/meshes/tm5s/visual/tm5s-io.mtl
[2.990s] -- Installing: /home/akhil/Downloads/omron_moma_ros2/install/tm_description/share/tm_description/meshes/tm5s/visual/tm5s-j5.obj
[3.046s] -- Installing: /home/akhil/Downloads/omron_moma_ros2/install/tm_description/share/tm_description/meshes/tm5s/visual/tm5s-base.mtl
[3.052s] -- Installing: /home/akhil/Downloads/omron_moma_ros2/install/tm_description/share/tm_description/meshes/tm5s/visual/tm5s-a1.mtl
[3.053s] -- Installing: /home/akhil/Downloads/omron_moma_ros2/install/tm_description/share/tm_description/meshes/tm5s/visual/tm5s-j6.mtl
[3.054s] -- Installing: /home/akhil/Downloads/omron_moma_ros2/install/tm_description/share/tm_description/meshes/tm5s/visual/tm5s-a2.mtl
[3.054s] -- Installing: /home/akhil/Downloads/omron_moma_ros2/install/tm_description/share/tm_description/meshes/tm5s/visual/tm5s-j1.mtl
[3.055s] -- Installing: /home/akhil/Downloads/omron_moma_ros2/install/tm_description/share/tm_description/meshes/tm5s/visual/tm5s-iox.obj
[3.124s] -- Installing: /home/akhil/Downloads/omron_moma_ros2/install/tm_description/share/tm_description/meshes/tm5s/visual/tm5s-a2.obj
[3.179s] -- Installing: /home/akhil/Downloads/omron_moma_ros2/install/tm_description/share/tm_description/meshes/tm5s/visual/tm5s-base.obj
[3.201s] -- Installing: /home/akhil/Downloads/omron_moma_ros2/install/tm_description/share/tm_description/meshes/tm5s/visual/tm5s-iox.mtl
[3.202s] -- Installing: /home/akhil/Downloads/omron_moma_ros2/install/tm_description/share/tm_description/meshes/tm5s/visual/tm5s-j6.obj
[3.258s] -- Installing: /home/akhil/Downloads/omron_moma_ros2/install/tm_description/share/tm_description/meshes/tm25s
[3.258s] -- Installing: /home/akhil/Downloads/omron_moma_ros2/install/tm_description/share/tm_description/meshes/tm25s/collision
[3.260s] -- Installing: /home/akhil/Downloads/omron_moma_ros2/install/tm_description/share/tm_description/meshes/tm25s/collision/tm25s-a1_c.stl
[3.264s] -- Installing: /home/akhil/Downloads/omron_moma_ros2/install/tm_description/share/tm_description/meshes/tm25s/collision/tm25s-base_c.stl
[3.266s] -- Installing: /home/akhil/Downloads/omron_moma_ros2/install/tm_description/share/tm_description/meshes/tm25s/collision/tm25s-io_c.stl
[3.272s] -- Installing: /home/akhil/Downloads/omron_moma_ros2/install/tm_description/share/tm_description/meshes/tm25s/collision/tm25s-a2_c.stl
[3.274s] -- Installing: /home/akhil/Downloads/omron_moma_ros2/install/tm_description/share/tm_description/meshes/tm25s/collision/tm25s-j4_c.stl
[3.279s] -- Installing: /home/akhil/Downloads/omron_moma_ros2/install/tm_description/share/tm_description/meshes/tm25s/collision/tm25s-j6_c.stl
[3.283s] -- Installing: /home/akhil/Downloads/omron_moma_ros2/install/tm_description/share/tm_description/meshes/tm25s/collision/tm25s-j1_c.stl
[3.290s] -- Installing: /home/akhil/Downloads/omron_moma_ros2/install/tm_description/share/tm_description/meshes/tm25s/visual
[3.292s] -- Installing: /home/akhil/Downloads/omron_moma_ros2/install/tm_description/share/tm_description/meshes/tm25s/visual/tm25s-a1.obj
[3.372s] -- Installing: /home/akhil/Downloads/omron_moma_ros2/install/tm_description/share/tm_description/meshes/tm25s/visual/tm25s-j4.obj
[3.439s] -- Installing: /home/akhil/Downloads/omron_moma_ros2/install/tm_description/share/tm_description/meshes/tm25s/visual/tm25s-base.mtl
[3.440s] -- Installing: /home/akhil/Downloads/omron_moma_ros2/install/tm_description/share/tm_description/meshes/tm25s/visual/tm25s-j1.mtl
[3.440s] -- Installing: /home/akhil/Downloads/omron_moma_ros2/install/tm_description/share/tm_description/meshes/tm25s/visual/tm25s-j6.mtl
[3.441s] -- Installing: /home/akhil/Downloads/omron_moma_ros2/install/tm_description/share/tm_description/meshes/tm25s/visual/tm25s-io.mtl
[3.444s] -- Installing: /home/akhil/Downloads/omron_moma_ros2/install/tm_description/share/tm_description/meshes/tm25s/visual/tm25s-a2.mtl
[3.445s] -- Installing: /home/akhil/Downloads/omron_moma_ros2/install/tm_description/share/tm_description/meshes/tm25s/visual/tm25s-a2.obj
[3.483s] -- Installing: /home/akhil/Downloads/omron_moma_ros2/install/tm_description/share/tm_description/meshes/tm25s/visual/tm25s-j1.obj
[3.545s] -- Installing: /home/akhil/Downloads/omron_moma_ros2/install/tm_description/share/tm_description/meshes/tm25s/visual/tm25s-a1.mtl
[3.552s] -- Installing: /home/akhil/Downloads/omron_moma_ros2/install/tm_description/share/tm_description/meshes/tm25s/visual/tm25s-io.obj
[3.672s] -- Installing: /home/akhil/Downloads/omron_moma_ros2/install/tm_description/share/tm_description/meshes/tm25s/visual/tm25s-base.obj
[3.701s] -- Installing: /home/akhil/Downloads/omron_moma_ros2/install/tm_description/share/tm_description/meshes/tm25s/visual/tm25s-j6.obj
[3.772s] -- Installing: /home/akhil/Downloads/omron_moma_ros2/install/tm_description/share/tm_description/meshes/tm25s/visual/tm25s-j4.mtl
[3.772s] -- Installing: /home/akhil/Downloads/omron_moma_ros2/install/tm_description/share/tm_description/meshes/tm7s
[3.773s] -- Installing: /home/akhil/Downloads/omron_moma_ros2/install/tm_description/share/tm_description/meshes/tm7s/collision
[3.774s] -- Installing: /home/akhil/Downloads/omron_moma_ros2/install/tm_description/share/tm_description/meshes/tm7s/collision/tm7s-io_c.stl
[3.780s] -- Installing: /home/akhil/Downloads/omron_moma_ros2/install/tm_description/share/tm_description/meshes/tm7s/collision/tm7s-j1_c.stl
[3.785s] -- Installing: /home/akhil/Downloads/omron_moma_ros2/install/tm_description/share/tm_description/meshes/tm7s/collision/tm7s-base_c.stl
[3.787s] -- Installing: /home/akhil/Downloads/omron_moma_ros2/install/tm_description/share/tm_description/meshes/tm7s/collision/tm7s-a1_c.stl
[3.791s] -- Installing: /home/akhil/Downloads/omron_moma_ros2/install/tm_description/share/tm_description/meshes/tm7s/collision/tm7s-j6_c.stl
[3.795s] -- Installing: /home/akhil/Downloads/omron_moma_ros2/install/tm_description/share/tm_description/meshes/tm7s/collision/tm7s-j5_c.stl
[3.800s] -- Installing: /home/akhil/Downloads/omron_moma_ros2/install/tm_description/share/tm_description/meshes/tm7s/collision/tm7s-a2_c.stl
[3.807s] -- Installing: /home/akhil/Downloads/omron_moma_ros2/install/tm_description/share/tm_description/meshes/tm7s/visual
[3.808s] -- Installing: /home/akhil/Downloads/omron_moma_ros2/install/tm_description/share/tm_description/meshes/tm7s/visual/tm7s-j5.obj
[3.875s] -- Installing: /home/akhil/Downloads/omron_moma_ros2/install/tm_description/share/tm_description/meshes/tm7s/visual/tm7s-io.mtl
[3.881s] -- Installing: /home/akhil/Downloads/omron_moma_ros2/install/tm_description/share/tm_description/meshes/tm7s/visual/tm7s-base.mtl
[3.882s] -- Installing: /home/akhil/Downloads/omron_moma_ros2/install/tm_description/share/tm_description/meshes/tm7s/visual/tm7s-j5.mtl
[3.882s] -- Installing: /home/akhil/Downloads/omron_moma_ros2/install/tm_description/share/tm_description/meshes/tm7s/visual/tm7s-j1.obj
[3.944s] -- Installing: /home/akhil/Downloads/omron_moma_ros2/install/tm_description/share/tm_description/meshes/tm7s/visual/tm7s-a2.obj
[4.012s] -- Installing: /home/akhil/Downloads/omron_moma_ros2/install/tm_description/share/tm_description/meshes/tm7s/visual/tm7s-j1.mtl
[4.013s] -- Installing: /home/akhil/Downloads/omron_moma_ros2/install/tm_description/share/tm_description/meshes/tm7s/visual/tm7s-base.obj
[4.038s] -- Installing: /home/akhil/Downloads/omron_moma_ros2/install/tm_description/share/tm_description/meshes/tm7s/visual/tm7s-a1.obj
[4.129s] -- Installing: /home/akhil/Downloads/omron_moma_ros2/install/tm_description/share/tm_description/meshes/tm7s/visual/tm7s-a1.mtl
[4.130s] -- Installing: /home/akhil/Downloads/omron_moma_ros2/install/tm_description/share/tm_description/meshes/tm7s/visual/tm7s-a2.mtl
[4.143s] -- Installing: /home/akhil/Downloads/omron_moma_ros2/install/tm_description/share/tm_description/meshes/tm7s/visual/tm7s-j6.obj
[4.235s] -- Installing: /home/akhil/Downloads/omron_moma_ros2/install/tm_description/share/tm_description/meshes/tm7s/visual/tm7s-j6.mtl
[4.294s] -- Installing: /home/akhil/Downloads/omron_moma_ros2/install/tm_description/share/tm_description/meshes/tm7s/visual/tm7s-io.obj
[4.421s] -- Installing: /home/akhil/Downloads/omron_moma_ros2/install/tm_description/share/tm_description/meshes/tm12s
[4.421s] -- Installing: /home/akhil/Downloads/omron_moma_ros2/install/tm_description/share/tm_description/meshes/tm12s/collision
[4.422s] -- Installing: /home/akhil/Downloads/omron_moma_ros2/install/tm_description/share/tm_description/meshes/tm12s/collision/tm12s-a2_c.stl
[4.427s] -- Installing: /home/akhil/Downloads/omron_moma_ros2/install/tm_description/share/tm_description/meshes/tm12s/collision/tm12s-j1-a_c.stl
[4.432s] -- Installing: /home/akhil/Downloads/omron_moma_ros2/install/tm_description/share/tm_description/meshes/tm12s/collision/tm12s-io_c.stl
[4.436s] -- Installing: /home/akhil/Downloads/omron_moma_ros2/install/tm_description/share/tm_description/meshes/tm12s/collision/tm12s-a1_c.stl
[4.441s] -- Installing: /home/akhil/Downloads/omron_moma_ros2/install/tm_description/share/tm_description/meshes/tm12s/collision/tm12s-j6_c.stl
[4.449s] -- Installing: /home/akhil/Downloads/omron_moma_ros2/install/tm_description/share/tm_description/meshes/tm12s/collision/tm12s-tbb_a_c.stl
[4.450s] -- Installing: /home/akhil/Downloads/omron_moma_ros2/install/tm_description/share/tm_description/meshes/tm12s/collision/tm12s-j5_c.stl
[4.454s] -- Installing: /home/akhil/Downloads/omron_moma_ros2/install/tm_description/share/tm_description/meshes/tm12s/visual
[4.454s] -- Installing: /home/akhil/Downloads/omron_moma_ros2/install/tm_description/share/tm_description/meshes/tm12s/visual/tm12s-tbb_a.mtl
[4.455s] -- Installing: /home/akhil/Downloads/omron_moma_ros2/install/tm_description/share/tm_description/meshes/tm12s/visual/tm12s-j6.obj
[4.508s] -- Installing: /home/akhil/Downloads/omron_moma_ros2/install/tm_description/share/tm_description/meshes/tm12s/visual/tm12s-j5.mtl
[4.514s] -- Installing: /home/akhil/Downloads/omron_moma_ros2/install/tm_description/share/tm_description/meshes/tm12s/visual/tm12s-j1-a.obj
[4.569s] -- Installing: /home/akhil/Downloads/omron_moma_ros2/install/tm_description/share/tm_description/meshes/tm12s/visual/tm12s-a1.obj
[4.651s] -- Installing: /home/akhil/Downloads/omron_moma_ros2/install/tm_description/share/tm_description/meshes/tm12s/visual/tm12s-j6.mtl
[4.652s] -- Installing: /home/akhil/Downloads/omron_moma_ros2/install/tm_description/share/tm_description/meshes/tm12s/visual/tm12s-a2.obj
[4.711s] -- Installing: /home/akhil/Downloads/omron_moma_ros2/install/tm_description/share/tm_description/meshes/tm12s/visual/tm12s-a1.mtl
[4.712s] -- Installing: /home/akhil/Downloads/omron_moma_ros2/install/tm_description/share/tm_description/meshes/tm12s/visual/tm12s-tbb_a.obj
[4.747s] -- Installing: /home/akhil/Downloads/omron_moma_ros2/install/tm_description/share/tm_description/meshes/tm12s/visual/tm12s-io.obj
[4.840s] -- Installing: /home/akhil/Downloads/omron_moma_ros2/install/tm_description/share/tm_description/meshes/tm12s/visual/tm12s-j1-a.mtl
[4.841s] -- Installing: /home/akhil/Downloads/omron_moma_ros2/install/tm_description/share/tm_description/meshes/tm12s/visual/tm12s-io.mtl
[4.841s] -- Installing: /home/akhil/Downloads/omron_moma_ros2/install/tm_description/share/tm_description/meshes/tm12s/visual/tm12s-a2.mtl
[4.842s] -- Installing: /home/akhil/Downloads/omron_moma_ros2/install/tm_description/share/tm_description/meshes/tm12s/visual/tm12s-j5.obj
[4.879s] -- Installing: /home/akhil/Downloads/omron_moma_ros2/install/tm_description/share/tm_description/meshes/tm30s
[4.879s] -- Installing: /home/akhil/Downloads/omron_moma_ros2/install/tm_description/share/tm_description/meshes/tm30s/collision
[4.880s] -- Installing: /home/akhil/Downloads/omron_moma_ros2/install/tm_description/share/tm_description/meshes/tm30s/collision/tm30s-arm2_c.stl
[4.883s] -- Installing: /home/akhil/Downloads/omron_moma_ros2/install/tm_description/share/tm_description/meshes/tm30s/collision/tm30s-arm1_c.stl
[4.886s] -- Installing: /home/akhil/Downloads/omron_moma_ros2/install/tm_description/share/tm_description/meshes/tm30s/visual
[4.887s] -- Installing: /home/akhil/Downloads/omron_moma_ros2/install/tm_description/share/tm_description/meshes/tm30s/visual/tm30s-arm2.mtl
[4.888s] -- Installing: /home/akhil/Downloads/omron_moma_ros2/install/tm_description/share/tm_description/meshes/tm30s/visual/tm30s-arm1.obj
[4.964s] -- Installing: /home/akhil/Downloads/omron_moma_ros2/install/tm_description/share/tm_description/meshes/tm30s/visual/tm30s-arm1.mtl
[4.965s] -- Installing: /home/akhil/Downloads/omron_moma_ros2/install/tm_description/share/tm_description/meshes/tm30s/visual/tm30s-arm2.stl
[4.983s] -- Installing: /home/akhil/Downloads/omron_moma_ros2/install/tm_description/share/tm_description/meshes/tm30s/visual/tm30s-arm1.stl
[5.012s] -- Installing: /home/akhil/Downloads/omron_moma_ros2/install/tm_description/share/tm_description/meshes/tm30s/visual/tm30s-arm2.obj
[5.055s] -- Installing: /home/akhil/Downloads/omron_moma_ros2/install/tm_description/share/tm_description/rviz
[5.055s] -- Installing: /home/akhil/Downloads/omron_moma_ros2/install/tm_description/share/tm_description/rviz/view_robot.rviz
[5.056s] -- Installing: /home/akhil/Downloads/omron_moma_ros2/install/tm_description/share/tm_description/xacro
[5.057s] -- Installing: /home/akhil/Downloads/omron_moma_ros2/install/tm_description/share/tm_description/xacro/tm12sx.urdf.xacro
[5.057s] -- Installing: /home/akhil/Downloads/omron_moma_ros2/install/tm_description/share/tm_description/xacro/tm14sx.urdf.xacro
[5.058s] -- Installing: /home/akhil/Downloads/omron_moma_ros2/install/tm_description/share/tm_description/xacro/tm5s.urdf.xacro
[5.059s] -- Installing: /home/akhil/Downloads/omron_moma_ros2/install/tm_description/share/tm_description/xacro/macro.materials.xacro
[5.060s] -- Installing: /home/akhil/Downloads/omron_moma_ros2/install/tm_description/share/tm_description/xacro/macro.tm25s-nominal.urdf.xacro
[5.061s] -- Installing: /home/akhil/Downloads/omron_moma_ros2/install/tm_description/share/tm_description/xacro/macro.transmission.xacro
[5.062s] -- Installing: /home/akhil/Downloads/omron_moma_ros2/install/tm_description/share/tm_description/xacro/macro.tm14sx-nominal.urdf.xacro
[5.063s] -- Installing: /home/akhil/Downloads/omron_moma_ros2/install/tm_description/share/tm_description/xacro/macro.tm5s-nominal.urdf.xacro
[5.064s] -- Installing: /home/akhil/Downloads/omron_moma_ros2/install/tm_description/share/tm_description/xacro/macro.inertial.xacro
[5.064s] -- Installing: /home/akhil/Downloads/omron_moma_ros2/install/tm_description/share/tm_description/xacro/tm25s.urdf.xacro
[5.065s] -- Installing: /home/akhil/Downloads/omron_moma_ros2/install/tm_description/share/tm_description/xacro/macro.tm5sx-nominal.urdf.xacro
[5.067s] -- Installing: /home/akhil/Downloads/omron_moma_ros2/install/tm_description/share/tm_description/xacro/tm7s.urdf.xacro
[5.068s] -- Installing: /home/akhil/Downloads/omron_moma_ros2/install/tm_description/share/tm_description/xacro/tm12s.urdf.xacro
[5.069s] -- Installing: /home/akhil/Downloads/omron_moma_ros2/install/tm_description/share/tm_description/xacro/macro.tm12sx-nominal.urdf.xacro
[5.070s] -- Installing: /home/akhil/Downloads/omron_moma_ros2/install/tm_description/share/tm_description/xacro/macro.tm7s-nominal.urdf.xacro
[5.071s] -- Installing: /home/akhil/Downloads/omron_moma_ros2/install/tm_description/share/tm_description/xacro/tm14s.urdf.xacro
[5.072s] -- Installing: /home/akhil/Downloads/omron_moma_ros2/install/tm_description/share/tm_description/xacro/macro.tm7sx-nominal.urdf.xacro
[5.073s] -- Installing: /home/akhil/Downloads/omron_moma_ros2/install/tm_description/share/tm_description/xacro/macro.tm30s-nominal.urdf.xacro
[5.075s] -- Installing: /home/akhil/Downloads/omron_moma_ros2/install/tm_description/share/tm_description/xacro/tm7sx.urdf.xacro
[5.075s] -- Installing: /home/akhil/Downloads/omron_moma_ros2/install/tm_description/share/tm_description/xacro/macro.gazebo.xacro
[5.076s] -- Installing: /home/akhil/Downloads/omron_moma_ros2/install/tm_description/share/tm_description/xacro/tm30s.urdf.xacro
[5.077s] -- Installing: /home/akhil/Downloads/omron_moma_ros2/install/tm_description/share/tm_description/xacro/tm5sx.urdf.xacro
[5.093s] -- Installing: /home/akhil/Downloads/omron_moma_ros2/install/tm_description/share/tm_description/xacro/macro.tm14s-nominal.urdf.xacro
[5.093s] -- Installing: /home/akhil/Downloads/omron_moma_ros2/install/tm_description/share/tm_description/xacro/macro.tm12s-nominal.urdf.xacro
[5.093s] -- Installing: /home/akhil/Downloads/omron_moma_ros2/install/tm_description/share/ament_index/resource_index/package_run_dependencies/tm_description
[5.093s] -- Installing: /home/akhil/Downloads/omron_moma_ros2/install/tm_description/share/ament_index/resource_index/parent_prefix_path/tm_description
[5.093s] -- Installing: /home/akhil/Downloads/omron_moma_ros2/install/tm_description/share/tm_description/environment/ament_prefix_path.sh
[5.094s] -- Installing: /home/akhil/Downloads/omron_moma_ros2/install/tm_description/share/tm_description/environment/ament_prefix_path.dsv
[5.094s] -- Installing: /home/akhil/Downloads/omron_moma_ros2/install/tm_description/share/tm_description/environment/path.sh
[5.094s] -- Installing: /home/akhil/Downloads/omron_moma_ros2/install/tm_description/share/tm_description/environment/path.dsv
[5.094s] -- Installing: /home/akhil/Downloads/omron_moma_ros2/install/tm_description/share/tm_description/local_setup.bash
[5.094s] -- Installing: /home/akhil/Downloads/omron_moma_ros2/install/tm_description/share/tm_description/local_setup.sh
[5.095s] -- Installing: /home/akhil/Downloads/omron_moma_ros2/install/tm_description/share/tm_description/local_setup.zsh
[5.095s] -- Installing: /home/akhil/Downloads/omron_moma_ros2/install/tm_description/share/tm_description/local_setup.dsv
[5.095s] -- Installing: /home/akhil/Downloads/omron_moma_ros2/install/tm_description/share/tm_description/package.dsv
[5.095s] -- Installing: /home/akhil/Downloads/omron_moma_ros2/install/tm_description/share/ament_index/resource_index/packages/tm_description
[5.095s] -- Installing: /home/akhil/Downloads/omron_moma_ros2/install/tm_description/share/tm_description/cmake/tm_descriptionConfig.cmake
[5.095s] -- Installing: /home/akhil/Downloads/omron_moma_ros2/install/tm_description/share/tm_description/cmake/tm_descriptionConfig-version.cmake
[5.096s] -- Installing: /home/akhil/Downloads/omron_moma_ros2/install/tm_description/share/tm_description/package.xml
[5.116s] Invoked command in '/home/akhil/Downloads/omron_moma_ros2/build/tm_description' returned '0': CMAKE_PREFIX_PATH=/opt/ros/humble /usr/bin/cmake --install /home/akhil/Downloads/omron_moma_ros2/build/tm_description
