[0.052s] Invoking command in '/home/akhil/Downloads/omron_moma_ros2/build/tm_driver': AMENT_PREFIX_PATH=/home/akhil/Downloads/omron_moma_ros2/install/tm_msgs:${AMENT_PREFIX_PATH} CMAKE_PREFIX_PATH=/home/akhil/Downloads/omron_moma_ros2/install/tm_msgs:/opt/ros/humble LD_LIBRARY_PATH=/home/akhil/Downloads/omron_moma_ros2/install/tm_msgs/lib:${LD_LIBRARY_PATH} PYTHONPATH=/home/akhil/Downloads/omron_moma_ros2/install/tm_msgs/local/lib/python3.10/dist-packages:${PYTHONPATH} /usr/bin/cmake /home/akhil/Downloads/omron_moma_ros2/MOMA_project/src/tm_driver -DCMAKE_INSTALL_PREFIX=/home/akhil/Downloads/omron_moma_ros2/install/tm_driver
[0.218s] -- The C compiler identification is GNU 11.4.0
[0.410s] -- The CXX compiler identification is GNU 11.4.0
[0.440s] -- Detecting C compiler ABI info
[0.691s] -- Detecting C compiler ABI info - done
[0.710s] -- Check for working C compiler: /usr/bin/cc - skipped
[0.712s] -- Detecting C compile features
[0.714s] -- Detecting C compile features - done
[0.724s] -- Detecting CXX compiler ABI info
[1.014s] -- Detecting CXX compiler ABI info - done
[1.033s] -- Check for working CXX compiler: /usr/bin/c++ - skipped
[1.033s] -- Detecting CXX compile features
[1.034s] -- Detecting CXX compile features - done
[1.047s] -- Found ament_cmake: 1.3.12 (/opt/ros/humble/share/ament_cmake/cmake)
[1.576s] -- Found Python3: /usr/bin/python3 (found version "3.10.12") found components: Interpreter 
[1.864s] -- Found rclcpp: 16.0.15 (/opt/ros/humble/share/rclcpp/cmake)
[1.968s] -- Found rosidl_generator_c: 3.1.7 (/opt/ros/humble/share/rosidl_generator_c/cmake)
[1.979s] -- Found rosidl_adapter: 3.1.7 (/opt/ros/humble/share/rosidl_adapter/cmake)
[2.082s] -- Found rosidl_generator_cpp: 3.1.7 (/opt/ros/humble/share/rosidl_generator_cpp/cmake)
[2.118s] -- Using all available rosidl_typesupport_c: rosidl_typesupport_fastrtps_c;rosidl_typesupport_introspection_c
[2.166s] -- Using all available rosidl_typesupport_cpp: rosidl_typesupport_fastrtps_cpp;rosidl_typesupport_introspection_cpp
[2.294s] -- Found rmw_implementation_cmake: 6.1.2 (/opt/ros/humble/share/rmw_implementation_cmake/cmake)
[2.302s] -- Found rmw_cyclonedds_cpp: 1.3.4 (/opt/ros/humble/share/rmw_cyclonedds_cpp/cmake)
[2.364s] -- Using RMW implementation 'rmw_cyclonedds_cpp' as default
[2.389s] -- Looking for pthread.h
[2.660s] -- Looking for pthread.h - found
[2.662s] -- Performing Test CMAKE_HAVE_LIBC_PTHREAD
[2.955s] -- Performing Test CMAKE_HAVE_LIBC_PTHREAD - Success
[2.960s] -- Found Threads: TRUE  
[3.118s] -- Found sensor_msgs: 4.9.0 (/opt/ros/humble/share/sensor_msgs/cmake)
[3.197s] -- Found tm_msgs: 2.0.0 (/home/akhil/Downloads/omron_moma_ros2/install/tm_msgs/share/tm_msgs/cmake)
[3.721s] -- Found tf2_geometry_msgs: 0.25.16 (/opt/ros/humble/share/tf2_geometry_msgs/cmake)
[3.797s] -- Found eigen3_cmake_module: 0.1.1 (/opt/ros/humble/share/eigen3_cmake_module/cmake)
[3.801s] -- Found Eigen3: TRUE (found version "3.4.0") 
[3.802s] -- Ensuring Eigen3 include directory is part of orocos-kdl CMake target
[4.135s] -- Found Boost: /usr/lib/aarch64-linux-gnu/cmake/Boost-1.74.0/BoostConfig.cmake (found version "1.74.0") found components: date_time filesystem program_options system thread 
[5.239s] -- Found Boost: /usr/lib/aarch64-linux-gnu/cmake/Boost-1.74.0/BoostConfig.cmake (found version "1.74.0") found components: chrono date_time filesystem iostreams program_options regex serialization system thread 
[5.370s] -- Found parameter_traits: 0.5.0 (/opt/ros/humble/share/parameter_traits/cmake)
[5.405s] -- Found rclcpp_lifecycle: 16.0.15 (/opt/ros/humble/share/rclcpp_lifecycle/cmake)
[5.484s] -- Found Boost: /usr/lib/aarch64-linux-gnu/cmake/Boost-1.74.0/BoostConfig.cmake (found version "1.74.0") found components: filesystem 
[5.800s] -- library: /usr/lib/aarch64-linux-gnu/libcurl.so
[6.086s] -- Found Boost: /usr/lib/aarch64-linux-gnu/cmake/Boost-1.74.0/BoostConfig.cmake (found version "1.74.0") found components: system filesystem date_time program_options thread chrono 
[6.174s] -- Found Boost: /usr/lib/aarch64-linux-gnu/cmake/Boost-1.74.0/BoostConfig.cmake (found version "1.74.0") found components: thread system filesystem regex date_time program_options 
[6.433s] -- Found Boost: /usr/lib/aarch64-linux-gnu/cmake/Boost-1.74.0/BoostConfig.cmake (found version "1.74.0") found components: system filesystem date_time program_options thread 
[6.527s] -- Found control_msgs: 4.8.0 (/opt/ros/humble/share/control_msgs/cmake)
[6.589s] -- Found ament_lint_auto: 0.12.14 (/opt/ros/humble/share/ament_lint_auto/cmake)
[6.874s] -- Added test 'copyright' to check source files copyright and LICENSE
[6.883s] -- Added test 'cppcheck' to perform static code analysis on C / C++ code
[6.885s] -- Configured cppcheck include dirs: /home/akhil/Downloads/omron_moma_ros2/MOMA_project/src/tm_driver/include
[6.886s] -- Configured cppcheck exclude dirs and/or files: 
[6.891s] -- Added test 'cpplint' to check C / C++ code against the Google style
[6.892s] -- Configured cpplint exclude dirs and/or files: 
[6.895s] -- Added test 'flake8' to check Python code syntax and style conventions
[6.898s] -- Added test 'lint_cmake' to check CMake code style
[6.901s] -- Added test 'pep257' to check Python code against some of the docstring style conventions in PEP 257
[6.907s] -- Added test 'uncrustify' to check C / C++ code style
[6.907s] -- Configured uncrustify additional arguments: 
[6.911s] -- Added test 'xmllint' to check XML markup files
[6.917s] -- Configuring done
[6.995s] -- Generating done
[7.013s] -- Build files have been written to: /home/akhil/Downloads/omron_moma_ros2/build/tm_driver
[7.093s] Invoked command in '/home/akhil/Downloads/omron_moma_ros2/build/tm_driver' returned '0': AMENT_PREFIX_PATH=/home/akhil/Downloads/omron_moma_ros2/install/tm_msgs:${AMENT_PREFIX_PATH} CMAKE_PREFIX_PATH=/home/akhil/Downloads/omron_moma_ros2/install/tm_msgs:/opt/ros/humble LD_LIBRARY_PATH=/home/akhil/Downloads/omron_moma_ros2/install/tm_msgs/lib:${LD_LIBRARY_PATH} PYTHONPATH=/home/akhil/Downloads/omron_moma_ros2/install/tm_msgs/local/lib/python3.10/dist-packages:${PYTHONPATH} /usr/bin/cmake /home/akhil/Downloads/omron_moma_ros2/MOMA_project/src/tm_driver -DCMAKE_INSTALL_PREFIX=/home/akhil/Downloads/omron_moma_ros2/install/tm_driver
[7.098s] Invoking command in '/home/akhil/Downloads/omron_moma_ros2/build/tm_driver': AMENT_PREFIX_PATH=/home/akhil/Downloads/omron_moma_ros2/install/tm_msgs:${AMENT_PREFIX_PATH} CMAKE_PREFIX_PATH=/home/akhil/Downloads/omron_moma_ros2/install/tm_msgs:/opt/ros/humble LD_LIBRARY_PATH=/home/akhil/Downloads/omron_moma_ros2/install/tm_msgs/lib:${LD_LIBRARY_PATH} PYTHONPATH=/home/akhil/Downloads/omron_moma_ros2/install/tm_msgs/local/lib/python3.10/dist-packages:${PYTHONPATH} /usr/bin/cmake --build /home/akhil/Downloads/omron_moma_ros2/build/tm_driver -- -j6 -l6
[7.255s] [  6%] [32mBuilding CXX object CMakeFiles/tm_driver.dir/src/tm_ros2_sct.cpp.o[0m
[7.256s] [ 12%] [32mBuilding CXX object CMakeFiles/tm_driver.dir/src/tm_ros2_composition_moveit.cpp.o[0m
[9.323s] [ 18%] [32mBuilding CXX object CMakeFiles/tm_driver.dir/src/tm_sct_communication.cpp.o[0m
[11.439s] [ 25%] [32mBuilding CXX object CMakeFiles/tm_driver.dir/src/tm_command.cpp.o[0m
[45.269s] [ 31%] [32mBuilding CXX object CMakeFiles/tm_driver.dir/src/tm_robot_state.cpp.o[0m
[56.475s] [ 37%] [32mBuilding CXX object CMakeFiles/tm_driver.dir/src/tm_packet.cpp.o[0m
[66.006s] [ 43%] [32mBuilding CXX object CMakeFiles/tm_driver.dir/src/tm_print.cpp.o[0m
[68.035s] [ 56%] [32mBuilding CXX object CMakeFiles/tm_driver.dir/src/tm_communication.cpp.o[0m
[68.035s] [ 56%] [32mBuilding CXX object CMakeFiles/tm_driver.dir/src/tm_driver_utilities.cpp.o[0m
[69.065s] [ 62%] [32mBuilding CXX object CMakeFiles/tm_driver.dir/src/tm_svr_communication.cpp.o[0m
[70.133s] [ 68%] [32mBuilding CXX object CMakeFiles/tm_driver.dir/src/tm_driver.cpp.o[0m
[70.140s] [ 75%] [32mBuilding CXX object CMakeFiles/tm_driver.dir/src/tm_ros2_svr.cpp.o[0m
[71.229s] [ 81%] [32mBuilding CXX object CMakeFiles/tm_driver.dir/src/tm_listen_node_connect.cpp.o[0m
[76.590s] [ 87%] [32mBuilding CXX object CMakeFiles/tm_driver.dir/src/tm_ethernet_slave_connect.cpp.o[0m
[96.917s] [ 93%] [32mBuilding CXX object CMakeFiles/tm_driver.dir/src/tm_ros2_movit_sct.cpp.o[0m
[111.884s] [100%] [32m[1mLinking CXX executable tm_driver[0m
[114.610s] [100%] Built target tm_driver
[114.646s] Invoked command in '/home/akhil/Downloads/omron_moma_ros2/build/tm_driver' returned '0': AMENT_PREFIX_PATH=/home/akhil/Downloads/omron_moma_ros2/install/tm_msgs:${AMENT_PREFIX_PATH} CMAKE_PREFIX_PATH=/home/akhil/Downloads/omron_moma_ros2/install/tm_msgs:/opt/ros/humble LD_LIBRARY_PATH=/home/akhil/Downloads/omron_moma_ros2/install/tm_msgs/lib:${LD_LIBRARY_PATH} PYTHONPATH=/home/akhil/Downloads/omron_moma_ros2/install/tm_msgs/local/lib/python3.10/dist-packages:${PYTHONPATH} /usr/bin/cmake --build /home/akhil/Downloads/omron_moma_ros2/build/tm_driver -- -j6 -l6
[114.652s] Invoking command in '/home/akhil/Downloads/omron_moma_ros2/build/tm_driver': AMENT_PREFIX_PATH=/home/akhil/Downloads/omron_moma_ros2/install/tm_msgs:${AMENT_PREFIX_PATH} CMAKE_PREFIX_PATH=/home/akhil/Downloads/omron_moma_ros2/install/tm_msgs:/opt/ros/humble LD_LIBRARY_PATH=/home/akhil/Downloads/omron_moma_ros2/install/tm_msgs/lib:${LD_LIBRARY_PATH} PYTHONPATH=/home/akhil/Downloads/omron_moma_ros2/install/tm_msgs/local/lib/python3.10/dist-packages:${PYTHONPATH} /usr/bin/cmake --install /home/akhil/Downloads/omron_moma_ros2/build/tm_driver
[114.675s] -- Install configuration: ""
[114.675s] -- Installing: /home/akhil/Downloads/omron_moma_ros2/install/tm_driver/lib/tm_driver/tm_driver
[114.695s] -- Set runtime path of "/home/akhil/Downloads/omron_moma_ros2/install/tm_driver/lib/tm_driver/tm_driver" to ""
[114.695s] -- Installing: /home/akhil/Downloads/omron_moma_ros2/install/tm_driver/share/tm_driver/launch
[114.695s] -- Installing: /home/akhil/Downloads/omron_moma_ros2/install/tm_driver/share/tm_driver/launch/tm_bringup.launch.py
[114.701s] -- Installing: /home/akhil/Downloads/omron_moma_ros2/install/tm_driver/share/ament_index/resource_index/package_run_dependencies/tm_driver
[114.702s] -- Installing: /home/akhil/Downloads/omron_moma_ros2/install/tm_driver/share/ament_index/resource_index/parent_prefix_path/tm_driver
[114.702s] -- Installing: /home/akhil/Downloads/omron_moma_ros2/install/tm_driver/share/tm_driver/environment/ament_prefix_path.sh
[114.703s] -- Installing: /home/akhil/Downloads/omron_moma_ros2/install/tm_driver/share/tm_driver/environment/ament_prefix_path.dsv
[114.703s] -- Installing: /home/akhil/Downloads/omron_moma_ros2/install/tm_driver/share/tm_driver/environment/path.sh
[114.703s] -- Installing: /home/akhil/Downloads/omron_moma_ros2/install/tm_driver/share/tm_driver/environment/path.dsv
[114.704s] -- Installing: /home/akhil/Downloads/omron_moma_ros2/install/tm_driver/share/tm_driver/local_setup.bash
[114.704s] -- Installing: /home/akhil/Downloads/omron_moma_ros2/install/tm_driver/share/tm_driver/local_setup.sh
[114.704s] -- Installing: /home/akhil/Downloads/omron_moma_ros2/install/tm_driver/share/tm_driver/local_setup.zsh
[114.704s] -- Installing: /home/akhil/Downloads/omron_moma_ros2/install/tm_driver/share/tm_driver/local_setup.dsv
[114.705s] -- Installing: /home/akhil/Downloads/omron_moma_ros2/install/tm_driver/share/tm_driver/package.dsv
[114.705s] -- Installing: /home/akhil/Downloads/omron_moma_ros2/install/tm_driver/share/ament_index/resource_index/packages/tm_driver
[114.705s] -- Installing: /home/akhil/Downloads/omron_moma_ros2/install/tm_driver/share/tm_driver/cmake/tm_driverConfig.cmake
[114.706s] -- Installing: /home/akhil/Downloads/omron_moma_ros2/install/tm_driver/share/tm_driver/cmake/tm_driverConfig-version.cmake
[114.706s] -- Installing: /home/akhil/Downloads/omron_moma_ros2/install/tm_driver/share/tm_driver/package.xml
[114.715s] Invoked command in '/home/akhil/Downloads/omron_moma_ros2/build/tm_driver' returned '0': AMENT_PREFIX_PATH=/home/akhil/Downloads/omron_moma_ros2/install/tm_msgs:${AMENT_PREFIX_PATH} CMAKE_PREFIX_PATH=/home/akhil/Downloads/omron_moma_ros2/install/tm_msgs:/opt/ros/humble LD_LIBRARY_PATH=/home/akhil/Downloads/omron_moma_ros2/install/tm_msgs/lib:${LD_LIBRARY_PATH} PYTHONPATH=/home/akhil/Downloads/omron_moma_ros2/install/tm_msgs/local/lib/python3.10/dist-packages:${PYTHONPATH} /usr/bin/cmake --install /home/akhil/Downloads/omron_moma_ros2/build/tm_driver
