running egg_info
creating ../../../build/tm_image/tm_image.egg-info
writing ../../../build/tm_image/tm_image.egg-info/PKG-INFO
writing dependency_links to ../../../build/tm_image/tm_image.egg-info/dependency_links.txt
writing entry points to ../../../build/tm_image/tm_image.egg-info/entry_points.txt
writing requirements to ../../../build/tm_image/tm_image.egg-info/requires.txt
writing top-level names to ../../../build/tm_image/tm_image.egg-info/top_level.txt
writing manifest file '../../../build/tm_image/tm_image.egg-info/SOURCES.txt'
reading manifest file '../../../build/tm_image/tm_image.egg-info/SOURCES.txt'
writing manifest file '../../../build/tm_image/tm_image.egg-info/SOURCES.txt'
running build
running build_py
creating /home/akhil/Downloads/omron_moma_ros2/build/tm_image/build
creating /home/akhil/Downloads/omron_moma_ros2/build/tm_image/build/lib
creating /home/akhil/Downloads/omron_moma_ros2/build/tm_image/build/lib/tm_image
copying tm_image/get_status.py -> /home/akhil/Downloads/omron_moma_ros2/build/tm_image/build/lib/tm_image
copying tm_image/translate_jason_to_list.py -> /home/akhil/Downloads/omron_moma_ros2/build/tm_image/build/lib/tm_image
copying tm_image/image_pub.py -> /home/akhil/Downloads/omron_moma_ros2/build/tm_image/build/lib/tm_image
copying tm_image/__init__.py -> /home/akhil/Downloads/omron_moma_ros2/build/tm_image/build/lib/tm_image
running install
running install_lib
creating /home/akhil/Downloads/omron_moma_ros2/install/tm_image/lib/python3.10/site-packages/tm_image
copying /home/akhil/Downloads/omron_moma_ros2/build/tm_image/build/lib/tm_image/get_status.py -> /home/akhil/Downloads/omron_moma_ros2/install/tm_image/lib/python3.10/site-packages/tm_image
copying /home/akhil/Downloads/omron_moma_ros2/build/tm_image/build/lib/tm_image/translate_jason_to_list.py -> /home/akhil/Downloads/omron_moma_ros2/install/tm_image/lib/python3.10/site-packages/tm_image
copying /home/akhil/Downloads/omron_moma_ros2/build/tm_image/build/lib/tm_image/image_pub.py -> /home/akhil/Downloads/omron_moma_ros2/install/tm_image/lib/python3.10/site-packages/tm_image
copying /home/akhil/Downloads/omron_moma_ros2/build/tm_image/build/lib/tm_image/__init__.py -> /home/akhil/Downloads/omron_moma_ros2/install/tm_image/lib/python3.10/site-packages/tm_image
byte-compiling /home/akhil/Downloads/omron_moma_ros2/install/tm_image/lib/python3.10/site-packages/tm_image/get_status.py to get_status.cpython-310.pyc
byte-compiling /home/akhil/Downloads/omron_moma_ros2/install/tm_image/lib/python3.10/site-packages/tm_image/translate_jason_to_list.py to translate_jason_to_list.cpython-310.pyc
byte-compiling /home/akhil/Downloads/omron_moma_ros2/install/tm_image/lib/python3.10/site-packages/tm_image/image_pub.py to image_pub.cpython-310.pyc
byte-compiling /home/akhil/Downloads/omron_moma_ros2/install/tm_image/lib/python3.10/site-packages/tm_image/__init__.py to __init__.cpython-310.pyc
running install_data
creating /home/akhil/Downloads/omron_moma_ros2/install/tm_image/share/ament_index
creating /home/akhil/Downloads/omron_moma_ros2/install/tm_image/share/ament_index/resource_index
creating /home/akhil/Downloads/omron_moma_ros2/install/tm_image/share/ament_index/resource_index/packages
copying resource/tm_image -> /home/akhil/Downloads/omron_moma_ros2/install/tm_image/share/ament_index/resource_index/packages
copying package.xml -> /home/akhil/Downloads/omron_moma_ros2/install/tm_image/share/tm_image
running install_egg_info
Copying ../../../build/tm_image/tm_image.egg-info to /home/akhil/Downloads/omron_moma_ros2/install/tm_image/lib/python3.10/site-packages/tm_image-2.0.0-py3.10.egg-info
running install_scripts
Installing image_talker script to /home/akhil/Downloads/omron_moma_ros2/install/tm_image/lib/tm_image
Installing status_talker script to /home/akhil/Downloads/omron_moma_ros2/install/tm_image/lib/tm_image
writing list of installed files to '/home/akhil/Downloads/omron_moma_ros2/build/tm_image/install.log'
