[0.061s] Invoking command in '/home/akhil/Downloads/omron_moma_ros2/MOMA_project/src/build/moma': CMAKE_PREFIX_PATH=/opt/ros/humble /usr/bin/cmake /home/akhil/Downloads/omron_moma_ros2/MOMA_project/src/moma -DCMAKE_INSTALL_PREFIX=/home/akhil/Downloads/omron_moma_ros2/MOMA_project/src/install/moma
[2.280s] -- The C compiler identification is GNU 11.4.0
[2.281s] -- The CXX compiler identification is GNU 11.4.0
[2.281s] -- Detecting C compiler ABI info
[2.281s] -- Detecting C compiler ABI info - done
[2.281s] -- Check for working C compiler: /usr/bin/cc - skipped
[2.281s] -- Detecting C compile features
[2.282s] -- Detecting C compile features - done
[2.282s] -- Detecting CXX compiler ABI info
[2.282s] -- Detecting CXX compiler ABI info - done
[2.282s] -- Check for working CXX compiler: /usr/bin/c++ - skipped
[2.282s] -- Detecting CXX compile features
[2.282s] -- Detecting CXX compile features - done
[2.282s] -- Found ament_cmake: 1.3.12 (/opt/ros/humble/share/ament_cmake/cmake)
[2.282s] -- Found Python3: /usr/bin/python3 (found version "3.10.12") found components: Interpreter 
[2.283s] -- Found ament_lint_auto: 0.12.14 (/opt/ros/humble/share/ament_lint_auto/cmake)
[2.400s] -- Added test 'flake8' to check Python code syntax and style conventions
[2.404s] -- Added test 'lint_cmake' to check CMake code style
[2.406s] -- Added test 'pep257' to check Python code against some of the docstring style conventions in PEP 257
[2.410s] -- Added test 'xmllint' to check XML markup files
[2.423s] -- Configuring done
[2.452s] -- Generating done
[2.467s] -- Build files have been written to: /home/akhil/Downloads/omron_moma_ros2/MOMA_project/src/build/moma
[2.501s] Invoked command in '/home/akhil/Downloads/omron_moma_ros2/MOMA_project/src/build/moma' returned '0': CMAKE_PREFIX_PATH=/opt/ros/humble /usr/bin/cmake /home/akhil/Downloads/omron_moma_ros2/MOMA_project/src/moma -DCMAKE_INSTALL_PREFIX=/home/akhil/Downloads/omron_moma_ros2/MOMA_project/src/install/moma
[2.517s] Invoking command in '/home/akhil/Downloads/omron_moma_ros2/MOMA_project/src/build/moma': CMAKE_PREFIX_PATH=/opt/ros/humble /usr/bin/cmake --build /home/akhil/Downloads/omron_moma_ros2/MOMA_project/src/build/moma -- -j6 -l6
[2.712s] Invoked command in '/home/akhil/Downloads/omron_moma_ros2/MOMA_project/src/build/moma' returned '0': CMAKE_PREFIX_PATH=/opt/ros/humble /usr/bin/cmake --build /home/akhil/Downloads/omron_moma_ros2/MOMA_project/src/build/moma -- -j6 -l6
[2.717s] Invoking command in '/home/akhil/Downloads/omron_moma_ros2/MOMA_project/src/build/moma': CMAKE_PREFIX_PATH=/opt/ros/humble /usr/bin/cmake --install /home/akhil/Downloads/omron_moma_ros2/MOMA_project/src/build/moma
[4.263s] -- Install configuration: ""
[4.264s] -- Installing: /home/akhil/Downloads/omron_moma_ros2/MOMA_project/src/install/moma/share/moma/launch
[4.264s] -- Installing: /home/akhil/Downloads/omron_moma_ros2/MOMA_project/src/install/moma/share/moma/launch/__pycache__
[4.264s] -- Installing: /home/akhil/Downloads/omron_moma_ros2/MOMA_project/src/install/moma/share/moma/launch/__pycache__/moma_comms.launch.cpython-310.pyc
[4.264s] -- Installing: /home/akhil/Downloads/omron_moma_ros2/MOMA_project/src/install/moma/share/moma/launch/moma_comms.launch.py
[4.264s] -- Installing: /home/akhil/Downloads/omron_moma_ros2/MOMA_project/src/install/moma/share/ament_index/resource_index/package_run_dependencies/moma
[4.264s] -- Installing: /home/akhil/Downloads/omron_moma_ros2/MOMA_project/src/install/moma/share/ament_index/resource_index/parent_prefix_path/moma
[4.265s] -- Installing: /home/akhil/Downloads/omron_moma_ros2/MOMA_project/src/install/moma/share/moma/environment/ament_prefix_path.sh
[4.265s] -- Installing: /home/akhil/Downloads/omron_moma_ros2/MOMA_project/src/install/moma/share/moma/environment/ament_prefix_path.dsv
[4.265s] -- Installing: /home/akhil/Downloads/omron_moma_ros2/MOMA_project/src/install/moma/share/moma/environment/path.sh
[4.272s] -- Installing: /home/akhil/Downloads/omron_moma_ros2/MOMA_project/src/install/moma/share/moma/environment/path.dsv
[4.272s] -- Installing: /home/akhil/Downloads/omron_moma_ros2/MOMA_project/src/install/moma/share/moma/local_setup.bash
[4.273s] -- Installing: /home/akhil/Downloads/omron_moma_ros2/MOMA_project/src/install/moma/share/moma/local_setup.sh
[4.273s] -- Installing: /home/akhil/Downloads/omron_moma_ros2/MOMA_project/src/install/moma/share/moma/local_setup.zsh
[4.273s] -- Installing: /home/akhil/Downloads/omron_moma_ros2/MOMA_project/src/install/moma/share/moma/local_setup.dsv
[4.273s] -- Installing: /home/akhil/Downloads/omron_moma_ros2/MOMA_project/src/install/moma/share/moma/package.dsv
[4.273s] -- Installing: /home/akhil/Downloads/omron_moma_ros2/MOMA_project/src/install/moma/share/ament_index/resource_index/packages/moma
[4.273s] -- Installing: /home/akhil/Downloads/omron_moma_ros2/MOMA_project/src/install/moma/share/moma/cmake/momaConfig.cmake
[4.274s] -- Installing: /home/akhil/Downloads/omron_moma_ros2/MOMA_project/src/install/moma/share/moma/cmake/momaConfig-version.cmake
[4.274s] -- Installing: /home/akhil/Downloads/omron_moma_ros2/MOMA_project/src/install/moma/share/moma/package.xml
[4.274s] Invoked command in '/home/akhil/Downloads/omron_moma_ros2/MOMA_project/src/build/moma' returned '0': CMAKE_PREFIX_PATH=/opt/ros/humble /usr/bin/cmake --install /home/akhil/Downloads/omron_moma_ros2/MOMA_project/src/build/moma
