[0.050s] Invoking command in '/home/akhil/Downloads/omron_moma_ros2/MOMA_project/src/build/tm_inspect': AMENT_PREFIX_PATH=/home/akhil/Downloads/omron_moma_ros2/MOMA_project/src/install/tm_msgs:${AMENT_PREFIX_PATH} CMAKE_PREFIX_PATH=/home/akhil/Downloads/omron_moma_ros2/MOMA_project/src/install/tm_msgs:/opt/ros/humble LD_LIBRARY_PATH=/home/akhil/Downloads/omron_moma_ros2/MOMA_project/src/install/tm_msgs/lib:${LD_LIBRARY_PATH} PYTHONPATH=/home/akhil/Downloads/omron_moma_ros2/MOMA_project/src/install/tm_msgs/local/lib/python3.10/dist-packages:${PYTHONPATH} /usr/bin/cmake /home/akhil/Downloads/omron_moma_ros2/MOMA_project/src/tm_inspect -DCMAKE_INSTALL_PREFIX=/home/akhil/Downloads/omron_moma_ros2/MOMA_project/src/install/tm_inspect
[0.214s] -- The C compiler identification is GNU 11.4.0
[0.387s] -- The CXX compiler identification is GNU 11.4.0
[0.405s] -- Detecting C compiler ABI info
[0.616s] -- Detecting C compiler ABI info - done
[0.634s] -- Check for working C compiler: /usr/bin/cc - skipped
[0.635s] -- Detecting C compile features
[0.635s] -- Detecting C compile features - done
[0.643s] -- Detecting CXX compiler ABI info
[0.891s] -- Detecting CXX compiler ABI info - done
[0.909s] -- Check for working CXX compiler: /usr/bin/c++ - skipped
[0.909s] -- Detecting CXX compile features
[0.910s] -- Detecting CXX compile features - done
[0.919s] -- Found ament_cmake: 1.3.12 (/opt/ros/humble/share/ament_cmake/cmake)
[1.393s] -- Found Python3: /usr/bin/python3 (found version "3.10.12") found components: Interpreter 
[1.663s] -- Found rclcpp: 16.0.15 (/opt/ros/humble/share/rclcpp/cmake)
[1.760s] -- Found rosidl_generator_c: 3.1.7 (/opt/ros/humble/share/rosidl_generator_c/cmake)
[1.772s] -- Found rosidl_adapter: 3.1.7 (/opt/ros/humble/share/rosidl_adapter/cmake)
[1.796s] -- Found rosidl_generator_cpp: 3.1.7 (/opt/ros/humble/share/rosidl_generator_cpp/cmake)
[1.830s] -- Using all available rosidl_typesupport_c: rosidl_typesupport_fastrtps_c;rosidl_typesupport_introspection_c
[1.871s] -- Using all available rosidl_typesupport_cpp: rosidl_typesupport_fastrtps_cpp;rosidl_typesupport_introspection_cpp
[1.985s] -- Found rmw_implementation_cmake: 6.1.2 (/opt/ros/humble/share/rmw_implementation_cmake/cmake)
[1.993s] -- Found rmw_fastrtps_cpp: 6.2.9 (/opt/ros/humble/share/rmw_fastrtps_cpp/cmake)
[2.205s] -- Found OpenSSL: /usr/lib/aarch64-linux-gnu/libcrypto.so (found version "3.0.2")  
[2.279s] -- Found FastRTPS: /opt/ros/humble/include  
[2.386s] -- Using RMW implementation 'rmw_fastrtps_cpp' as default
[2.408s] -- Looking for pthread.h
[2.626s] -- Looking for pthread.h - found
[2.627s] -- Performing Test CMAKE_HAVE_LIBC_PTHREAD
[2.839s] -- Performing Test CMAKE_HAVE_LIBC_PTHREAD - Success
[2.841s] -- Found Threads: TRUE  
[2.982s] -- Found rclcpp_action: 16.0.15 (/opt/ros/humble/share/rclcpp_action/cmake)
[3.062s] -- Found tm_msgs: 2.0.0 (/home/akhil/Downloads/omron_moma_ros2/MOMA_project/src/install/tm_msgs/share/tm_msgs/cmake)
[3.139s] -- Found ament_lint_auto: 0.12.14 (/opt/ros/humble/share/ament_lint_auto/cmake)
[3.374s] -- Added test 'copyright' to check source files copyright and LICENSE
[3.377s] -- Added test 'cppcheck' to perform static code analysis on C / C++ code
[3.379s] -- Configured cppcheck include dirs: 
[3.379s] -- Configured cppcheck exclude dirs and/or files: 
[3.382s] -- Added test 'cpplint' to check C / C++ code against the Google style
[3.382s] -- Configured cpplint exclude dirs and/or files: 
[3.383s] -- Added test 'flake8' to check Python code syntax and style conventions
[3.384s] -- Added test 'lint_cmake' to check CMake code style
[3.386s] -- Added test 'pep257' to check Python code against some of the docstring style conventions in PEP 257
[3.388s] -- Added test 'uncrustify' to check C / C++ code style
[3.388s] -- Configured uncrustify additional arguments: 
[3.389s] -- Added test 'xmllint' to check XML markup files
[3.394s] -- Configuring done
[3.479s] -- Generating done
[3.492s] -- Build files have been written to: /home/akhil/Downloads/omron_moma_ros2/MOMA_project/src/build/tm_inspect
[3.546s] Invoked command in '/home/akhil/Downloads/omron_moma_ros2/MOMA_project/src/build/tm_inspect' returned '0': AMENT_PREFIX_PATH=/home/akhil/Downloads/omron_moma_ros2/MOMA_project/src/install/tm_msgs:${AMENT_PREFIX_PATH} CMAKE_PREFIX_PATH=/home/akhil/Downloads/omron_moma_ros2/MOMA_project/src/install/tm_msgs:/opt/ros/humble LD_LIBRARY_PATH=/home/akhil/Downloads/omron_moma_ros2/MOMA_project/src/install/tm_msgs/lib:${LD_LIBRARY_PATH} PYTHONPATH=/home/akhil/Downloads/omron_moma_ros2/MOMA_project/src/install/tm_msgs/local/lib/python3.10/dist-packages:${PYTHONPATH} /usr/bin/cmake /home/akhil/Downloads/omron_moma_ros2/MOMA_project/src/tm_inspect -DCMAKE_INSTALL_PREFIX=/home/akhil/Downloads/omron_moma_ros2/MOMA_project/src/install/tm_inspect
[3.550s] Invoking command in '/home/akhil/Downloads/omron_moma_ros2/MOMA_project/src/build/tm_inspect': AMENT_PREFIX_PATH=/home/akhil/Downloads/omron_moma_ros2/MOMA_project/src/install/tm_msgs:${AMENT_PREFIX_PATH} CMAKE_PREFIX_PATH=/home/akhil/Downloads/omron_moma_ros2/MOMA_project/src/install/tm_msgs:/opt/ros/humble LD_LIBRARY_PATH=/home/akhil/Downloads/omron_moma_ros2/MOMA_project/src/install/tm_msgs/lib:${LD_LIBRARY_PATH} PYTHONPATH=/home/akhil/Downloads/omron_moma_ros2/MOMA_project/src/install/tm_msgs/local/lib/python3.10/dist-packages:${PYTHONPATH} /usr/bin/cmake --build /home/akhil/Downloads/omron_moma_ros2/MOMA_project/src/build/tm_inspect -- -j6 -l6
[3.693s] [ 14%] [34m[1mAutomatic MOC and UIC for target robot_ui[0m
[4.430s] [ 14%] Built target robot_ui_autogen
[4.460s] [ 28%] [34m[1mGenerating ui_tm_ros_driver_windows.h[0m
[4.547s] [ 71%] [32mBuilding CXX object CMakeFiles/robot_ui.dir/robot_ui_autogen/mocs_compilation.cpp.o[0m
[4.547s] [ 71%] [32mBuilding CXX object CMakeFiles/robot_ui.dir/src/main.cpp.o[0m
[4.547s] [ 71%] [32mBuilding CXX object CMakeFiles/robot_ui.dir/src/ros_page.cpp.o[0m
[76.801s] [ 85%] [32mBuilding CXX object CMakeFiles/robot_ui.dir/src/tm_ros_driver_windows.cpp.o[0m
[94.087s] [100%] [32m[1mLinking CXX executable robot_ui[0m
[100.598s] [100%] Built target robot_ui
[100.639s] Invoked command in '/home/akhil/Downloads/omron_moma_ros2/MOMA_project/src/build/tm_inspect' returned '0': AMENT_PREFIX_PATH=/home/akhil/Downloads/omron_moma_ros2/MOMA_project/src/install/tm_msgs:${AMENT_PREFIX_PATH} CMAKE_PREFIX_PATH=/home/akhil/Downloads/omron_moma_ros2/MOMA_project/src/install/tm_msgs:/opt/ros/humble LD_LIBRARY_PATH=/home/akhil/Downloads/omron_moma_ros2/MOMA_project/src/install/tm_msgs/lib:${LD_LIBRARY_PATH} PYTHONPATH=/home/akhil/Downloads/omron_moma_ros2/MOMA_project/src/install/tm_msgs/local/lib/python3.10/dist-packages:${PYTHONPATH} /usr/bin/cmake --build /home/akhil/Downloads/omron_moma_ros2/MOMA_project/src/build/tm_inspect -- -j6 -l6
[100.646s] Invoking command in '/home/akhil/Downloads/omron_moma_ros2/MOMA_project/src/build/tm_inspect': AMENT_PREFIX_PATH=/home/akhil/Downloads/omron_moma_ros2/MOMA_project/src/install/tm_msgs:${AMENT_PREFIX_PATH} CMAKE_PREFIX_PATH=/home/akhil/Downloads/omron_moma_ros2/MOMA_project/src/install/tm_msgs:/opt/ros/humble LD_LIBRARY_PATH=/home/akhil/Downloads/omron_moma_ros2/MOMA_project/src/install/tm_msgs/lib:${LD_LIBRARY_PATH} PYTHONPATH=/home/akhil/Downloads/omron_moma_ros2/MOMA_project/src/install/tm_msgs/local/lib/python3.10/dist-packages:${PYTHONPATH} /usr/bin/cmake --install /home/akhil/Downloads/omron_moma_ros2/MOMA_project/src/build/tm_inspect
[100.673s] -- Install configuration: ""
[100.674s] -- Installing: /home/akhil/Downloads/omron_moma_ros2/MOMA_project/src/install/tm_inspect/lib/tm_inspect/robot_ui
[100.704s] -- Set runtime path of "/home/akhil/Downloads/omron_moma_ros2/MOMA_project/src/install/tm_inspect/lib/tm_inspect/robot_ui" to ""
[100.704s] -- Installing: /home/akhil/Downloads/omron_moma_ros2/MOMA_project/src/install/tm_inspect/share/tm_inspect/launch
[100.704s] -- Installing: /home/akhil/Downloads/omron_moma_ros2/MOMA_project/src/install/tm_inspect/share/tm_inspect/launch/tm_gui.launch.py
[100.712s] -- Installing: /home/akhil/Downloads/omron_moma_ros2/MOMA_project/src/install/tm_inspect/share/ament_index/resource_index/package_run_dependencies/tm_inspect
[100.713s] -- Installing: /home/akhil/Downloads/omron_moma_ros2/MOMA_project/src/install/tm_inspect/share/ament_index/resource_index/parent_prefix_path/tm_inspect
[100.714s] -- Installing: /home/akhil/Downloads/omron_moma_ros2/MOMA_project/src/install/tm_inspect/share/tm_inspect/environment/ament_prefix_path.sh
[100.714s] -- Installing: /home/akhil/Downloads/omron_moma_ros2/MOMA_project/src/install/tm_inspect/share/tm_inspect/environment/ament_prefix_path.dsv
[100.715s] -- Installing: /home/akhil/Downloads/omron_moma_ros2/MOMA_project/src/install/tm_inspect/share/tm_inspect/environment/path.sh
[100.715s] -- Installing: /home/akhil/Downloads/omron_moma_ros2/MOMA_project/src/install/tm_inspect/share/tm_inspect/environment/path.dsv
[100.716s] -- Installing: /home/akhil/Downloads/omron_moma_ros2/MOMA_project/src/install/tm_inspect/share/tm_inspect/local_setup.bash
[100.717s] -- Installing: /home/akhil/Downloads/omron_moma_ros2/MOMA_project/src/install/tm_inspect/share/tm_inspect/local_setup.sh
[100.717s] -- Installing: /home/akhil/Downloads/omron_moma_ros2/MOMA_project/src/install/tm_inspect/share/tm_inspect/local_setup.zsh
[100.718s] -- Installing: /home/akhil/Downloads/omron_moma_ros2/MOMA_project/src/install/tm_inspect/share/tm_inspect/local_setup.dsv
[100.719s] -- Installing: /home/akhil/Downloads/omron_moma_ros2/MOMA_project/src/install/tm_inspect/share/tm_inspect/package.dsv
[100.719s] -- Installing: /home/akhil/Downloads/omron_moma_ros2/MOMA_project/src/install/tm_inspect/share/ament_index/resource_index/packages/tm_inspect
[100.720s] -- Installing: /home/akhil/Downloads/omron_moma_ros2/MOMA_project/src/install/tm_inspect/share/tm_inspect/cmake/tm_inspectConfig.cmake
[100.721s] -- Installing: /home/akhil/Downloads/omron_moma_ros2/MOMA_project/src/install/tm_inspect/share/tm_inspect/cmake/tm_inspectConfig-version.cmake
[100.721s] -- Installing: /home/akhil/Downloads/omron_moma_ros2/MOMA_project/src/install/tm_inspect/share/tm_inspect/package.xml
[100.731s] Invoked command in '/home/akhil/Downloads/omron_moma_ros2/MOMA_project/src/build/tm_inspect' returned '0': AMENT_PREFIX_PATH=/home/akhil/Downloads/omron_moma_ros2/MOMA_project/src/install/tm_msgs:${AMENT_PREFIX_PATH} CMAKE_PREFIX_PATH=/home/akhil/Downloads/omron_moma_ros2/MOMA_project/src/install/tm_msgs:/opt/ros/humble LD_LIBRARY_PATH=/home/akhil/Downloads/omron_moma_ros2/MOMA_project/src/install/tm_msgs/lib:${LD_LIBRARY_PATH} PYTHONPATH=/home/akhil/Downloads/omron_moma_ros2/MOMA_project/src/install/tm_msgs/local/lib/python3.10/dist-packages:${PYTHONPATH} /usr/bin/cmake --install /home/akhil/Downloads/omron_moma_ros2/MOMA_project/src/build/tm_inspect
