running egg_info
creating ../../../../build/wireless/wireless.egg-info
writing ../../../../build/wireless/wireless.egg-info/PKG-INFO
writing dependency_links to ../../../../build/wireless/wireless.egg-info/dependency_links.txt
writing entry points to ../../../../build/wireless/wireless.egg-info/entry_points.txt
writing requirements to ../../../../build/wireless/wireless.egg-info/requires.txt
writing top-level names to ../../../../build/wireless/wireless.egg-info/top_level.txt
writing manifest file '../../../../build/wireless/wireless.egg-info/SOURCES.txt'
reading manifest file '../../../../build/wireless/wireless.egg-info/SOURCES.txt'
writing manifest file '../../../../build/wireless/wireless.egg-info/SOURCES.txt'
running build
running build_py
creating /home/akhil/Downloads/omron_moma_ros2/build/wireless/build
creating /home/akhil/Downloads/omron_moma_ros2/build/wireless/build/lib
creating /home/akhil/Downloads/omron_moma_ros2/build/wireless/build/lib/wireless
copying wireless/server.py -> /home/akhil/Downloads/omron_moma_ros2/build/wireless/build/lib/wireless
copying wireless/__init__.py -> /home/akhil/Downloads/omron_moma_ros2/build/wireless/build/lib/wireless
copying wireless/client.py -> /home/akhil/Downloads/omron_moma_ros2/build/wireless/build/lib/wireless
running install
running install_lib
creating /home/akhil/Downloads/omron_moma_ros2/install/wireless/lib/python3.10/site-packages/wireless
copying /home/akhil/Downloads/omron_moma_ros2/build/wireless/build/lib/wireless/server.py -> /home/akhil/Downloads/omron_moma_ros2/install/wireless/lib/python3.10/site-packages/wireless
copying /home/akhil/Downloads/omron_moma_ros2/build/wireless/build/lib/wireless/__init__.py -> /home/akhil/Downloads/omron_moma_ros2/install/wireless/lib/python3.10/site-packages/wireless
copying /home/akhil/Downloads/omron_moma_ros2/build/wireless/build/lib/wireless/client.py -> /home/akhil/Downloads/omron_moma_ros2/install/wireless/lib/python3.10/site-packages/wireless
byte-compiling /home/akhil/Downloads/omron_moma_ros2/install/wireless/lib/python3.10/site-packages/wireless/server.py to server.cpython-310.pyc
byte-compiling /home/akhil/Downloads/omron_moma_ros2/install/wireless/lib/python3.10/site-packages/wireless/__init__.py to __init__.cpython-310.pyc
byte-compiling /home/akhil/Downloads/omron_moma_ros2/install/wireless/lib/python3.10/site-packages/wireless/client.py to client.cpython-310.pyc
running install_data
creating /home/akhil/Downloads/omron_moma_ros2/install/wireless/share/ament_index
creating /home/akhil/Downloads/omron_moma_ros2/install/wireless/share/ament_index/resource_index
creating /home/akhil/Downloads/omron_moma_ros2/install/wireless/share/ament_index/resource_index/packages
copying resource/wireless -> /home/akhil/Downloads/omron_moma_ros2/install/wireless/share/ament_index/resource_index/packages
copying package.xml -> /home/akhil/Downloads/omron_moma_ros2/install/wireless/share/wireless
running install_egg_info
Copying ../../../../build/wireless/wireless.egg-info to /home/akhil/Downloads/omron_moma_ros2/install/wireless/lib/python3.10/site-packages/wireless-0.0.0-py3.10.egg-info
running install_scripts
Installing client script to /home/akhil/Downloads/omron_moma_ros2/install/wireless/lib/wireless
Installing server script to /home/akhil/Downloads/omron_moma_ros2/install/wireless/lib/wireless
writing list of installed files to '/home/akhil/Downloads/omron_moma_ros2/build/wireless/install.log'
