[2.447s] Invoking command in '/home/akhil/Downloads/omron_moma_ros2/MOMA_project/src/wireless/src': AMENT_PREFIX_PATH=/home/akhil/Downloads/omron_moma_ros2/install/tm_msgs:${AMENT_PREFIX_PATH} CMAKE_PREFIX_PATH=/home/akhil/Downloads/omron_moma_ros2/install/tm_msgs LD_LIBRARY_PATH=/home/akhil/Downloads/omron_moma_ros2/install/tm_msgs/lib:${LD_LIBRARY_PATH} PYTHONPATH=/home/akhil/Downloads/omron_moma_ros2/build/wireless/prefix_override:/usr/lib/python3/dist-packages/colcon_core/task/python/colcon_distutils_commands:/home/akhil/Downloads/omron_moma_ros2/install/wireless/lib/python3.10/site-packages:/home/akhil/Downloads/omron_moma_ros2/install/tm_msgs/local/lib/python3.10/dist-packages:${PYTHONPATH} /usr/bin/python3 -W ignore:setup.py install is deprecated -W ignore:easy_install command is deprecated setup.py egg_info --egg-base ../../../../build/wireless build --build-base /home/akhil/Downloads/omron_moma_ros2/build/wireless/build install --record /home/akhil/Downloads/omron_moma_ros2/build/wireless/install.log --single-version-externally-managed install_data
[3.192s] running egg_info
[3.194s] creating ../../../../build/wireless/wireless.egg-info
[3.195s] writing ../../../../build/wireless/wireless.egg-info/PKG-INFO
[3.196s] writing dependency_links to ../../../../build/wireless/wireless.egg-info/dependency_links.txt
[3.196s] writing entry points to ../../../../build/wireless/wireless.egg-info/entry_points.txt
[3.197s] writing requirements to ../../../../build/wireless/wireless.egg-info/requires.txt
[3.197s] writing top-level names to ../../../../build/wireless/wireless.egg-info/top_level.txt
[3.198s] writing manifest file '../../../../build/wireless/wireless.egg-info/SOURCES.txt'
[3.206s] reading manifest file '../../../../build/wireless/wireless.egg-info/SOURCES.txt'
[3.208s] writing manifest file '../../../../build/wireless/wireless.egg-info/SOURCES.txt'
[3.209s] running build
[3.209s] running build_py
[3.209s] creating /home/akhil/Downloads/omron_moma_ros2/build/wireless/build
[3.210s] creating /home/akhil/Downloads/omron_moma_ros2/build/wireless/build/lib
[3.210s] creating /home/akhil/Downloads/omron_moma_ros2/build/wireless/build/lib/wireless
[3.210s] copying wireless/server.py -> /home/akhil/Downloads/omron_moma_ros2/build/wireless/build/lib/wireless
[3.696s] copying wireless/__init__.py -> /home/akhil/Downloads/omron_moma_ros2/build/wireless/build/lib/wireless
[3.698s] copying wireless/client.py -> /home/akhil/Downloads/omron_moma_ros2/build/wireless/build/lib/wireless
[3.700s] running install
[3.702s] running install_lib
[3.707s] creating /home/akhil/Downloads/omron_moma_ros2/install/wireless/lib/python3.10/site-packages/wireless
[3.708s] copying /home/akhil/Downloads/omron_moma_ros2/build/wireless/build/lib/wireless/server.py -> /home/akhil/Downloads/omron_moma_ros2/install/wireless/lib/python3.10/site-packages/wireless
[3.708s] copying /home/akhil/Downloads/omron_moma_ros2/build/wireless/build/lib/wireless/__init__.py -> /home/akhil/Downloads/omron_moma_ros2/install/wireless/lib/python3.10/site-packages/wireless
[3.708s] copying /home/akhil/Downloads/omron_moma_ros2/build/wireless/build/lib/wireless/client.py -> /home/akhil/Downloads/omron_moma_ros2/install/wireless/lib/python3.10/site-packages/wireless
[3.710s] byte-compiling /home/akhil/Downloads/omron_moma_ros2/install/wireless/lib/python3.10/site-packages/wireless/server.py to server.cpython-310.pyc
[3.720s] byte-compiling /home/akhil/Downloads/omron_moma_ros2/install/wireless/lib/python3.10/site-packages/wireless/__init__.py to __init__.cpython-310.pyc
[3.720s] byte-compiling /home/akhil/Downloads/omron_moma_ros2/install/wireless/lib/python3.10/site-packages/wireless/client.py to client.cpython-310.pyc
[3.723s] running install_data
[3.723s] creating /home/akhil/Downloads/omron_moma_ros2/install/wireless/share/ament_index
[3.723s] creating /home/akhil/Downloads/omron_moma_ros2/install/wireless/share/ament_index/resource_index
[3.723s] creating /home/akhil/Downloads/omron_moma_ros2/install/wireless/share/ament_index/resource_index/packages
[3.723s] copying resource/wireless -> /home/akhil/Downloads/omron_moma_ros2/install/wireless/share/ament_index/resource_index/packages
[3.724s] copying package.xml -> /home/akhil/Downloads/omron_moma_ros2/install/wireless/share/wireless
[3.726s] running install_egg_info
[3.740s] Copying ../../../../build/wireless/wireless.egg-info to /home/akhil/Downloads/omron_moma_ros2/install/wireless/lib/python3.10/site-packages/wireless-0.0.0-py3.10.egg-info
[3.752s] running install_scripts
[3.822s] Installing client script to /home/akhil/Downloads/omron_moma_ros2/install/wireless/lib/wireless
[3.823s] Installing server script to /home/akhil/Downloads/omron_moma_ros2/install/wireless/lib/wireless
[3.825s] writing list of installed files to '/home/akhil/Downloads/omron_moma_ros2/build/wireless/install.log'
[3.981s] Invoked command in '/home/akhil/Downloads/omron_moma_ros2/MOMA_project/src/wireless/src' returned '0': AMENT_PREFIX_PATH=/home/akhil/Downloads/omron_moma_ros2/install/tm_msgs:${AMENT_PREFIX_PATH} CMAKE_PREFIX_PATH=/home/akhil/Downloads/omron_moma_ros2/install/tm_msgs LD_LIBRARY_PATH=/home/akhil/Downloads/omron_moma_ros2/install/tm_msgs/lib:${LD_LIBRARY_PATH} PYTHONPATH=/home/akhil/Downloads/omron_moma_ros2/build/wireless/prefix_override:/usr/lib/python3/dist-packages/colcon_core/task/python/colcon_distutils_commands:/home/akhil/Downloads/omron_moma_ros2/install/wireless/lib/python3.10/site-packages:/home/akhil/Downloads/omron_moma_ros2/install/tm_msgs/local/lib/python3.10/dist-packages:${PYTHONPATH} /usr/bin/python3 -W ignore:setup.py install is deprecated -W ignore:easy_install command is deprecated setup.py egg_info --egg-base ../../../../build/wireless build --build-base /home/akhil/Downloads/omron_moma_ros2/build/wireless/build install --record /home/akhil/Downloads/omron_moma_ros2/build/wireless/install.log --single-version-externally-managed install_data
