[0.062s] Invoking command in '/home/akhil/Downloads/omron_moma_ros2/MOMA_project/src/build/camera_interface': CMAKE_PREFIX_PATH=/opt/ros/humble /usr/bin/cmake /home/akhil/Downloads/omron_moma_ros2/MOMA_project/src/camera_interface -DCMAKE_INSTALL_PREFIX=/home/akhil/Downloads/omron_moma_ros2/MOMA_project/src/install/camera_interface
[0.289s] -- The C compiler identification is GNU 11.4.0
[0.468s] -- The CXX compiler identification is GNU 11.4.0
[0.507s] -- Detecting C compiler ABI info
[0.766s] -- Detecting C compiler ABI info - done
[0.818s] -- Check for working C compiler: /usr/bin/cc - skipped
[0.820s] -- Detecting C compile features
[0.822s] -- Detecting C compile features - done
[0.831s] -- Detecting CXX compiler ABI info
[1.130s] -- Detecting CXX compiler ABI info - done
[1.145s] -- Check for working CXX compiler: /usr/bin/c++ - skipped
[1.147s] -- Detecting CXX compile features
[1.149s] -- Detecting CXX compile features - done
[1.156s] -- Found ament_cmake: 1.3.12 (/opt/ros/humble/share/ament_cmake/cmake)
[1.765s] -- Found Python3: /usr/bin/python3 (found version "3.10.12") found components: Interpreter 
[2.020s] -- Found geometry_msgs: 4.9.0 (/opt/ros/humble/share/geometry_msgs/cmake)
[2.135s] -- Found rosidl_generator_c: 3.1.7 (/opt/ros/humble/share/rosidl_generator_c/cmake)
[2.153s] -- Found rosidl_adapter: 3.1.7 (/opt/ros/humble/share/rosidl_adapter/cmake)
[2.173s] -- Found rosidl_generator_cpp: 3.1.7 (/opt/ros/humble/share/rosidl_generator_cpp/cmake)
[2.227s] -- Using all available rosidl_typesupport_c: rosidl_typesupport_fastrtps_c;rosidl_typesupport_introspection_c
[2.269s] -- Using all available rosidl_typesupport_cpp: rosidl_typesupport_fastrtps_cpp;rosidl_typesupport_introspection_cpp
[2.357s] -- Found rosidl_default_generators: 1.2.0 (/opt/ros/humble/share/rosidl_default_generators/cmake)
[3.204s] -- Found ament_cmake_ros: 0.10.0 (/opt/ros/humble/share/ament_cmake_ros/cmake)
[4.403s] -- Using all available rosidl_typesupport_c: rosidl_typesupport_fastrtps_c;rosidl_typesupport_introspection_c
[4.911s] -- Using all available rosidl_typesupport_cpp: rosidl_typesupport_fastrtps_cpp;rosidl_typesupport_introspection_cpp
[4.980s] -- Found PythonInterp: /usr/bin/python3 (found suitable version "3.10.12", minimum required is "3.6") 
[4.984s] -- Found python_cmake_module: 0.10.0 (/opt/ros/humble/share/python_cmake_module/cmake)
[5.067s] -- Found PythonLibs: /usr/lib/aarch64-linux-gnu/libpython3.10.so (found suitable version "3.10.12", minimum required is "3.5") 
[5.068s] -- Using PYTHON_EXECUTABLE: /usr/bin/python3
[5.068s] -- Using PYTHON_INCLUDE_DIRS: /usr/include/python3.10
[5.069s] -- Using PYTHON_LIBRARIES: /usr/lib/aarch64-linux-gnu/libpython3.10.so
[5.131s] -- Found PythonExtra: .so  
[5.294s] -- Configuring done
[5.459s] -- Generating done
[5.496s] -- Build files have been written to: /home/akhil/Downloads/omron_moma_ros2/MOMA_project/src/build/camera_interface
[5.556s] Invoked command in '/home/akhil/Downloads/omron_moma_ros2/MOMA_project/src/build/camera_interface' returned '0': CMAKE_PREFIX_PATH=/opt/ros/humble /usr/bin/cmake /home/akhil/Downloads/omron_moma_ros2/MOMA_project/src/camera_interface -DCMAKE_INSTALL_PREFIX=/home/akhil/Downloads/omron_moma_ros2/MOMA_project/src/install/camera_interface
[5.575s] Invoking command in '/home/akhil/Downloads/omron_moma_ros2/MOMA_project/src/build/camera_interface': CMAKE_PREFIX_PATH=/opt/ros/humble /usr/bin/cmake --build /home/akhil/Downloads/omron_moma_ros2/MOMA_project/src/build/camera_interface -- -j6 -l6
[5.828s] [  3%] [34m[1mGenerating C code for ROS interfaces[0m
[5.915s] [  6%] [34m[1mGenerating C++ code for ROS interfaces[0m
[5.991s] [  6%] Built target ament_cmake_python_copy_camera_interface
[7.349s] running egg_info
[7.351s] creating camera_interface.egg-info
[7.352s] writing camera_interface.egg-info/PKG-INFO
[7.353s] writing dependency_links to camera_interface.egg-info/dependency_links.txt
[7.353s] writing top-level names to camera_interface.egg-info/top_level.txt
[7.354s] writing manifest file 'camera_interface.egg-info/SOURCES.txt'
[7.374s] reading manifest file 'camera_interface.egg-info/SOURCES.txt'
[7.376s] writing manifest file 'camera_interface.egg-info/SOURCES.txt'
[7.467s] [  9%] [32mBuilding C object CMakeFiles/camera_interface__rosidl_generator_c.dir/rosidl_generator_c/camera_interface/srv/detail/camera_srv__functions.c.o[0m
[7.872s] [  9%] Built target ament_cmake_python_build_camera_interface_egg
[7.907s] [ 12%] [32m[1mLinking C shared library libcamera_interface__rosidl_generator_c.so[0m
[8.235s] [ 12%] Built target camera_interface__cpp
[8.247s] [ 12%] Built target camera_interface__rosidl_generator_c
[8.323s] [ 16%] [34m[1mGenerating C++ type support for eProsima Fast-RTPS[0m
[8.332s] [ 19%] [34m[1mGenerating C++ type support dispatch for ROS interfaces[0m
[8.338s] [ 22%] [34m[1mGenerating C++ introspection for ROS interfaces[0m
[9.968s] [ 25%] [32mBuilding CXX object CMakeFiles/camera_interface__rosidl_typesupport_cpp.dir/rosidl_typesupport_cpp/camera_interface/srv/camera_srv__type_support.cpp.o[0m
[10.238s] [ 29%] [32mBuilding CXX object CMakeFiles/camera_interface__rosidl_typesupport_introspection_cpp.dir/rosidl_typesupport_introspection_cpp/camera_interface/srv/detail/camera_srv__type_support.cpp.o[0m
[10.359s] [ 32%] [32mBuilding CXX object CMakeFiles/camera_interface__rosidl_typesupport_fastrtps_cpp.dir/rosidl_typesupport_fastrtps_cpp/camera_interface/srv/detail/dds_fastrtps/camera_srv__type_support.cpp.o[0m
[12.688s] [ 35%] [32m[1mLinking CXX shared library libcamera_interface__rosidl_typesupport_cpp.so[0m
[13.049s] [ 35%] Built target camera_interface__rosidl_typesupport_cpp
[13.637s] [ 41%] [34m[1mGenerating C introspection for ROS interfaces[0m
[13.637s] [ 41%] [34m[1mGenerating C type support dispatch for ROS interfaces[0m
[13.650s] [ 45%] [34m[1mGenerating C type support for eProsima Fast-RTPS[0m
[13.712s] [ 48%] [32m[1mLinking CXX shared library libcamera_interface__rosidl_typesupport_introspection_cpp.so[0m
[14.888s] [ 51%] [32m[1mLinking CXX shared library libcamera_interface__rosidl_typesupport_fastrtps_cpp.so[0m
[15.340s] [ 51%] Built target camera_interface__rosidl_typesupport_introspection_cpp
[15.642s] [ 51%] Built target camera_interface__rosidl_typesupport_fastrtps_cpp
[15.662s] [ 54%] [32mBuilding C object CMakeFiles/camera_interface__rosidl_typesupport_introspection_c.dir/rosidl_typesupport_introspection_c/camera_interface/srv/detail/camera_srv__type_support.c.o[0m
[15.889s] [ 58%] [32mBuilding CXX object CMakeFiles/camera_interface__rosidl_typesupport_fastrtps_c.dir/rosidl_typesupport_fastrtps_c/camera_interface/srv/detail/camera_srv__type_support_c.cpp.o[0m
[16.177s] [ 61%] [32mBuilding CXX object CMakeFiles/camera_interface__rosidl_typesupport_c.dir/rosidl_typesupport_c/camera_interface/srv/camera_srv__type_support.cpp.o[0m
[16.825s] [ 64%] [32m[1mLinking C shared library libcamera_interface__rosidl_typesupport_introspection_c.so[0m
[17.078s] [ 67%] [32m[1mLinking CXX shared library libcamera_interface__rosidl_typesupport_c.so[0m
[17.588s] [ 67%] Built target camera_interface__rosidl_typesupport_introspection_c
[17.594s] [ 67%] Built target camera_interface__rosidl_typesupport_c
[17.810s] [ 70%] [32m[1mLinking CXX shared library libcamera_interface__rosidl_typesupport_fastrtps_c.so[0m
[18.833s] [ 70%] Built target camera_interface__rosidl_typesupport_fastrtps_c
[19.098s] [ 70%] Built target camera_interface
[19.293s] [ 74%] [34m[1mGenerating Python code for ROS interfaces[0m
[23.033s] [ 74%] Built target camera_interface__py
[23.275s] [ 77%] [32mBuilding C object CMakeFiles/camera_interface__rosidl_generator_py.dir/rosidl_generator_py/camera_interface/srv/_camera_srv_s.c.o[0m
[24.161s] [ 80%] [32m[1mLinking C shared library rosidl_generator_py/camera_interface/libcamera_interface__rosidl_generator_py.so[0m
[24.348s] [ 80%] Built target camera_interface__rosidl_generator_py
[24.585s] [ 87%] [32mBuilding C object CMakeFiles/camera_interface__rosidl_typesupport_introspection_c__pyext.dir/rosidl_generator_py/camera_interface/_camera_interface_s.ep.rosidl_typesupport_introspection_c.c.o[0m
[24.585s] [ 87%] [32mBuilding C object CMakeFiles/camera_interface__rosidl_typesupport_c__pyext.dir/rosidl_generator_py/camera_interface/_camera_interface_s.ep.rosidl_typesupport_c.c.o[0m
[24.601s] [ 90%] [32mBuilding C object CMakeFiles/camera_interface__rosidl_typesupport_fastrtps_c__pyext.dir/rosidl_generator_py/camera_interface/_camera_interface_s.ep.rosidl_typesupport_fastrtps_c.c.o[0m
[25.266s] [ 93%] [32m[1mLinking C shared library rosidl_generator_py/camera_interface/camera_interface_s__rosidl_typesupport_c.cpython-310-aarch64-linux-gnu.so[0m
[25.554s] [ 96%] [32m[1mLinking C shared library rosidl_generator_py/camera_interface/camera_interface_s__rosidl_typesupport_introspection_c.cpython-310-aarch64-linux-gnu.so[0m
[25.596s] [ 96%] Built target camera_interface__rosidl_typesupport_c__pyext
[25.769s] [100%] [32m[1mLinking C shared library rosidl_generator_py/camera_interface/camera_interface_s__rosidl_typesupport_fastrtps_c.cpython-310-aarch64-linux-gnu.so[0m
[25.910s] [100%] Built target camera_interface__rosidl_typesupport_introspection_c__pyext
[26.176s] [100%] Built target camera_interface__rosidl_typesupport_fastrtps_c__pyext
[26.322s] Invoked command in '/home/akhil/Downloads/omron_moma_ros2/MOMA_project/src/build/camera_interface' returned '0': CMAKE_PREFIX_PATH=/opt/ros/humble /usr/bin/cmake --build /home/akhil/Downloads/omron_moma_ros2/MOMA_project/src/build/camera_interface -- -j6 -l6
[26.325s] Invoking command in '/home/akhil/Downloads/omron_moma_ros2/MOMA_project/src/build/camera_interface': CMAKE_PREFIX_PATH=/opt/ros/humble /usr/bin/cmake --install /home/akhil/Downloads/omron_moma_ros2/MOMA_project/src/build/camera_interface
[26.374s] -- Install configuration: ""
[26.388s] -- Installing: /home/akhil/Downloads/omron_moma_ros2/MOMA_project/src/install/camera_interface/share/ament_index/resource_index/rosidl_interfaces/camera_interface
[26.392s] -- Installing: /home/akhil/Downloads/omron_moma_ros2/MOMA_project/src/install/camera_interface/include/camera_interface/camera_interface
[26.393s] -- Installing: /home/akhil/Downloads/omron_moma_ros2/MOMA_project/src/install/camera_interface/include/camera_interface/camera_interface/msg
[26.394s] -- Installing: /home/akhil/Downloads/omron_moma_ros2/MOMA_project/src/install/camera_interface/include/camera_interface/camera_interface/msg/rosidl_generator_c__visibility_control.h
[26.397s] -- Installing: /home/akhil/Downloads/omron_moma_ros2/MOMA_project/src/install/camera_interface/include/camera_interface/camera_interface/srv
[26.398s] -- Installing: /home/akhil/Downloads/omron_moma_ros2/MOMA_project/src/install/camera_interface/include/camera_interface/camera_interface/srv/camera_srv.h
[26.400s] -- Installing: /home/akhil/Downloads/omron_moma_ros2/MOMA_project/src/install/camera_interface/include/camera_interface/camera_interface/srv/detail
[26.400s] -- Installing: /home/akhil/Downloads/omron_moma_ros2/MOMA_project/src/install/camera_interface/include/camera_interface/camera_interface/srv/detail/camera_srv__functions.c
[26.404s] -- Installing: /home/akhil/Downloads/omron_moma_ros2/MOMA_project/src/install/camera_interface/include/camera_interface/camera_interface/srv/detail/camera_srv__struct.h
[26.406s] -- Installing: /home/akhil/Downloads/omron_moma_ros2/MOMA_project/src/install/camera_interface/include/camera_interface/camera_interface/srv/detail/camera_srv__functions.h
[26.409s] -- Installing: /home/akhil/Downloads/omron_moma_ros2/MOMA_project/src/install/camera_interface/include/camera_interface/camera_interface/srv/detail/camera_srv__type_support.h
[26.411s] -- Installing: /home/akhil/Downloads/omron_moma_ros2/MOMA_project/src/install/camera_interface/share/camera_interface/environment/library_path.sh
[26.412s] -- Installing: /home/akhil/Downloads/omron_moma_ros2/MOMA_project/src/install/camera_interface/share/camera_interface/environment/library_path.dsv
[26.413s] -- Installing: /home/akhil/Downloads/omron_moma_ros2/MOMA_project/src/install/camera_interface/lib/libcamera_interface__rosidl_generator_c.so
[26.414s] -- Set runtime path of "/home/akhil/Downloads/omron_moma_ros2/MOMA_project/src/install/camera_interface/lib/libcamera_interface__rosidl_generator_c.so" to ""
[26.414s] -- Up-to-date: /home/akhil/Downloads/omron_moma_ros2/MOMA_project/src/install/camera_interface/include/camera_interface/camera_interface
[26.414s] -- Up-to-date: /home/akhil/Downloads/omron_moma_ros2/MOMA_project/src/install/camera_interface/include/camera_interface/camera_interface/msg
[26.414s] -- Installing: /home/akhil/Downloads/omron_moma_ros2/MOMA_project/src/install/camera_interface/include/camera_interface/camera_interface/msg/rosidl_typesupport_fastrtps_c__visibility_control.h
[26.415s] -- Up-to-date: /home/akhil/Downloads/omron_moma_ros2/MOMA_project/src/install/camera_interface/include/camera_interface/camera_interface/srv
[26.415s] -- Up-to-date: /home/akhil/Downloads/omron_moma_ros2/MOMA_project/src/install/camera_interface/include/camera_interface/camera_interface/srv/detail
[26.415s] -- Installing: /home/akhil/Downloads/omron_moma_ros2/MOMA_project/src/install/camera_interface/include/camera_interface/camera_interface/srv/detail/camera_srv__rosidl_typesupport_fastrtps_c.h
[26.415s] -- Installing: /home/akhil/Downloads/omron_moma_ros2/MOMA_project/src/install/camera_interface/lib/libcamera_interface__rosidl_typesupport_fastrtps_c.so
[26.416s] -- Set runtime path of "/home/akhil/Downloads/omron_moma_ros2/MOMA_project/src/install/camera_interface/lib/libcamera_interface__rosidl_typesupport_fastrtps_c.so" to ""
[26.417s] -- Up-to-date: /home/akhil/Downloads/omron_moma_ros2/MOMA_project/src/install/camera_interface/include/camera_interface/camera_interface
[26.417s] -- Up-to-date: /home/akhil/Downloads/omron_moma_ros2/MOMA_project/src/install/camera_interface/include/camera_interface/camera_interface/msg
[26.417s] -- Installing: /home/akhil/Downloads/omron_moma_ros2/MOMA_project/src/install/camera_interface/include/camera_interface/camera_interface/msg/rosidl_generator_cpp__visibility_control.hpp
[26.417s] -- Up-to-date: /home/akhil/Downloads/omron_moma_ros2/MOMA_project/src/install/camera_interface/include/camera_interface/camera_interface/srv
[26.417s] -- Up-to-date: /home/akhil/Downloads/omron_moma_ros2/MOMA_project/src/install/camera_interface/include/camera_interface/camera_interface/srv/detail
[26.418s] -- Installing: /home/akhil/Downloads/omron_moma_ros2/MOMA_project/src/install/camera_interface/include/camera_interface/camera_interface/srv/detail/camera_srv__struct.hpp
[26.431s] -- Installing: /home/akhil/Downloads/omron_moma_ros2/MOMA_project/src/install/camera_interface/include/camera_interface/camera_interface/srv/detail/camera_srv__builder.hpp
[26.434s] -- Installing: /home/akhil/Downloads/omron_moma_ros2/MOMA_project/src/install/camera_interface/include/camera_interface/camera_interface/srv/detail/camera_srv__type_support.hpp
[26.437s] -- Installing: /home/akhil/Downloads/omron_moma_ros2/MOMA_project/src/install/camera_interface/include/camera_interface/camera_interface/srv/detail/camera_srv__traits.hpp
[26.438s] -- Installing: /home/akhil/Downloads/omron_moma_ros2/MOMA_project/src/install/camera_interface/include/camera_interface/camera_interface/srv/camera_srv.hpp
[26.438s] -- Up-to-date: /home/akhil/Downloads/omron_moma_ros2/MOMA_project/src/install/camera_interface/include/camera_interface/camera_interface
[26.438s] -- Up-to-date: /home/akhil/Downloads/omron_moma_ros2/MOMA_project/src/install/camera_interface/include/camera_interface/camera_interface/msg
[26.439s] -- Installing: /home/akhil/Downloads/omron_moma_ros2/MOMA_project/src/install/camera_interface/include/camera_interface/camera_interface/msg/rosidl_typesupport_fastrtps_cpp__visibility_control.h
[26.439s] -- Up-to-date: /home/akhil/Downloads/omron_moma_ros2/MOMA_project/src/install/camera_interface/include/camera_interface/camera_interface/srv
[26.439s] -- Up-to-date: /home/akhil/Downloads/omron_moma_ros2/MOMA_project/src/install/camera_interface/include/camera_interface/camera_interface/srv/detail
[26.439s] -- Installing: /home/akhil/Downloads/omron_moma_ros2/MOMA_project/src/install/camera_interface/include/camera_interface/camera_interface/srv/detail/dds_fastrtps
[26.440s] -- Installing: /home/akhil/Downloads/omron_moma_ros2/MOMA_project/src/install/camera_interface/include/camera_interface/camera_interface/srv/detail/camera_srv__rosidl_typesupport_fastrtps_cpp.hpp
[26.440s] -- Installing: /home/akhil/Downloads/omron_moma_ros2/MOMA_project/src/install/camera_interface/lib/libcamera_interface__rosidl_typesupport_fastrtps_cpp.so
[26.441s] -- Set runtime path of "/home/akhil/Downloads/omron_moma_ros2/MOMA_project/src/install/camera_interface/lib/libcamera_interface__rosidl_typesupport_fastrtps_cpp.so" to ""
[26.441s] -- Up-to-date: /home/akhil/Downloads/omron_moma_ros2/MOMA_project/src/install/camera_interface/include/camera_interface/camera_interface
[26.441s] -- Up-to-date: /home/akhil/Downloads/omron_moma_ros2/MOMA_project/src/install/camera_interface/include/camera_interface/camera_interface/msg
[26.442s] -- Installing: /home/akhil/Downloads/omron_moma_ros2/MOMA_project/src/install/camera_interface/include/camera_interface/camera_interface/msg/rosidl_typesupport_introspection_c__visibility_control.h
[26.457s] -- Up-to-date: /home/akhil/Downloads/omron_moma_ros2/MOMA_project/src/install/camera_interface/include/camera_interface/camera_interface/srv
[26.458s] -- Up-to-date: /home/akhil/Downloads/omron_moma_ros2/MOMA_project/src/install/camera_interface/include/camera_interface/camera_interface/srv/detail
[26.458s] -- Installing: /home/akhil/Downloads/omron_moma_ros2/MOMA_project/src/install/camera_interface/include/camera_interface/camera_interface/srv/detail/camera_srv__type_support.c
[26.458s] -- Installing: /home/akhil/Downloads/omron_moma_ros2/MOMA_project/src/install/camera_interface/include/camera_interface/camera_interface/srv/detail/camera_srv__rosidl_typesupport_introspection_c.h
[26.464s] -- Installing: /home/akhil/Downloads/omron_moma_ros2/MOMA_project/src/install/camera_interface/lib/libcamera_interface__rosidl_typesupport_introspection_c.so
[26.465s] -- Set runtime path of "/home/akhil/Downloads/omron_moma_ros2/MOMA_project/src/install/camera_interface/lib/libcamera_interface__rosidl_typesupport_introspection_c.so" to ""
[26.465s] -- Installing: /home/akhil/Downloads/omron_moma_ros2/MOMA_project/src/install/camera_interface/lib/libcamera_interface__rosidl_typesupport_c.so
[26.466s] -- Set runtime path of "/home/akhil/Downloads/omron_moma_ros2/MOMA_project/src/install/camera_interface/lib/libcamera_interface__rosidl_typesupport_c.so" to ""
[26.466s] -- Up-to-date: /home/akhil/Downloads/omron_moma_ros2/MOMA_project/src/install/camera_interface/include/camera_interface/camera_interface
[26.466s] -- Up-to-date: /home/akhil/Downloads/omron_moma_ros2/MOMA_project/src/install/camera_interface/include/camera_interface/camera_interface/srv
[26.467s] -- Up-to-date: /home/akhil/Downloads/omron_moma_ros2/MOMA_project/src/install/camera_interface/include/camera_interface/camera_interface/srv/detail
[26.467s] -- Installing: /home/akhil/Downloads/omron_moma_ros2/MOMA_project/src/install/camera_interface/include/camera_interface/camera_interface/srv/detail/camera_srv__rosidl_typesupport_introspection_cpp.hpp
[26.467s] -- Installing: /home/akhil/Downloads/omron_moma_ros2/MOMA_project/src/install/camera_interface/include/camera_interface/camera_interface/srv/detail/camera_srv__type_support.cpp
[26.467s] -- Installing: /home/akhil/Downloads/omron_moma_ros2/MOMA_project/src/install/camera_interface/lib/libcamera_interface__rosidl_typesupport_introspection_cpp.so
[26.468s] -- Set runtime path of "/home/akhil/Downloads/omron_moma_ros2/MOMA_project/src/install/camera_interface/lib/libcamera_interface__rosidl_typesupport_introspection_cpp.so" to ""
[26.468s] -- Installing: /home/akhil/Downloads/omron_moma_ros2/MOMA_project/src/install/camera_interface/lib/libcamera_interface__rosidl_typesupport_cpp.so
[26.469s] -- Set runtime path of "/home/akhil/Downloads/omron_moma_ros2/MOMA_project/src/install/camera_interface/lib/libcamera_interface__rosidl_typesupport_cpp.so" to ""
[26.469s] -- Installing: /home/akhil/Downloads/omron_moma_ros2/MOMA_project/src/install/camera_interface/share/camera_interface/environment/pythonpath.sh
[26.505s] -- Installing: /home/akhil/Downloads/omron_moma_ros2/MOMA_project/src/install/camera_interface/share/camera_interface/environment/pythonpath.dsv
[26.506s] -- Installing: /home/akhil/Downloads/omron_moma_ros2/MOMA_project/src/install/camera_interface/local/lib/python3.10/dist-packages/camera_interface-0.0.0-py3.10.egg-info
[26.506s] -- Installing: /home/akhil/Downloads/omron_moma_ros2/MOMA_project/src/install/camera_interface/local/lib/python3.10/dist-packages/camera_interface-0.0.0-py3.10.egg-info/top_level.txt
[26.506s] -- Installing: /home/akhil/Downloads/omron_moma_ros2/MOMA_project/src/install/camera_interface/local/lib/python3.10/dist-packages/camera_interface-0.0.0-py3.10.egg-info/SOURCES.txt
[26.506s] -- Installing: /home/akhil/Downloads/omron_moma_ros2/MOMA_project/src/install/camera_interface/local/lib/python3.10/dist-packages/camera_interface-0.0.0-py3.10.egg-info/PKG-INFO
[26.507s] -- Installing: /home/akhil/Downloads/omron_moma_ros2/MOMA_project/src/install/camera_interface/local/lib/python3.10/dist-packages/camera_interface-0.0.0-py3.10.egg-info/dependency_links.txt
[26.507s] -- Installing: /home/akhil/Downloads/omron_moma_ros2/MOMA_project/src/install/camera_interface/local/lib/python3.10/dist-packages/camera_interface
[26.507s] -- Installing: /home/akhil/Downloads/omron_moma_ros2/MOMA_project/src/install/camera_interface/local/lib/python3.10/dist-packages/camera_interface/camera_interface_s__rosidl_typesupport_fastrtps_c.cpython-310-aarch64-linux-gnu.so
[26.507s] -- Installing: /home/akhil/Downloads/omron_moma_ros2/MOMA_project/src/install/camera_interface/local/lib/python3.10/dist-packages/camera_interface/libcamera_interface__rosidl_generator_py.so
[26.508s] -- Installing: /home/akhil/Downloads/omron_moma_ros2/MOMA_project/src/install/camera_interface/local/lib/python3.10/dist-packages/camera_interface/camera_interface_s__rosidl_typesupport_c.cpython-310-aarch64-linux-gnu.so
[26.508s] -- Installing: /home/akhil/Downloads/omron_moma_ros2/MOMA_project/src/install/camera_interface/local/lib/python3.10/dist-packages/camera_interface/_camera_interface_s.ep.rosidl_typesupport_c.c
[26.508s] -- Installing: /home/akhil/Downloads/omron_moma_ros2/MOMA_project/src/install/camera_interface/local/lib/python3.10/dist-packages/camera_interface/_camera_interface_s.ep.rosidl_typesupport_fastrtps_c.c
[26.509s] -- Installing: /home/akhil/Downloads/omron_moma_ros2/MOMA_project/src/install/camera_interface/local/lib/python3.10/dist-packages/camera_interface/_camera_interface_s.ep.rosidl_typesupport_introspection_c.c
[26.509s] -- Installing: /home/akhil/Downloads/omron_moma_ros2/MOMA_project/src/install/camera_interface/local/lib/python3.10/dist-packages/camera_interface/camera_interface_s__rosidl_typesupport_introspection_c.cpython-310-aarch64-linux-gnu.so
[26.526s] -- Installing: /home/akhil/Downloads/omron_moma_ros2/MOMA_project/src/install/camera_interface/local/lib/python3.10/dist-packages/camera_interface/srv
[26.527s] -- Installing: /home/akhil/Downloads/omron_moma_ros2/MOMA_project/src/install/camera_interface/local/lib/python3.10/dist-packages/camera_interface/srv/_camera_srv_s.c
[26.527s] -- Installing: /home/akhil/Downloads/omron_moma_ros2/MOMA_project/src/install/camera_interface/local/lib/python3.10/dist-packages/camera_interface/srv/_camera_srv.py
[26.527s] -- Installing: /home/akhil/Downloads/omron_moma_ros2/MOMA_project/src/install/camera_interface/local/lib/python3.10/dist-packages/camera_interface/srv/__init__.py
[26.528s] -- Installing: /home/akhil/Downloads/omron_moma_ros2/MOMA_project/src/install/camera_interface/local/lib/python3.10/dist-packages/camera_interface/__init__.py
[26.755s] Listing '/home/akhil/Downloads/omron_moma_ros2/MOMA_project/src/install/camera_interface/local/lib/python3.10/dist-packages/camera_interface'...
[26.755s] Compiling '/home/akhil/Downloads/omron_moma_ros2/MOMA_project/src/install/camera_interface/local/lib/python3.10/dist-packages/camera_interface/__init__.py'...
[26.755s] Listing '/home/akhil/Downloads/omron_moma_ros2/MOMA_project/src/install/camera_interface/local/lib/python3.10/dist-packages/camera_interface/srv'...
[26.755s] Compiling '/home/akhil/Downloads/omron_moma_ros2/MOMA_project/src/install/camera_interface/local/lib/python3.10/dist-packages/camera_interface/srv/__init__.py'...
[26.756s] Compiling '/home/akhil/Downloads/omron_moma_ros2/MOMA_project/src/install/camera_interface/local/lib/python3.10/dist-packages/camera_interface/srv/_camera_srv.py'...
[26.818s] -- Installing: /home/akhil/Downloads/omron_moma_ros2/MOMA_project/src/install/camera_interface/local/lib/python3.10/dist-packages/camera_interface/camera_interface_s__rosidl_typesupport_fastrtps_c.cpython-310-aarch64-linux-gnu.so
[26.818s] -- Set runtime path of "/home/akhil/Downloads/omron_moma_ros2/MOMA_project/src/install/camera_interface/local/lib/python3.10/dist-packages/camera_interface/camera_interface_s__rosidl_typesupport_fastrtps_c.cpython-310-aarch64-linux-gnu.so" to ""
[26.818s] -- Installing: /home/akhil/Downloads/omron_moma_ros2/MOMA_project/src/install/camera_interface/local/lib/python3.10/dist-packages/camera_interface/camera_interface_s__rosidl_typesupport_introspection_c.cpython-310-aarch64-linux-gnu.so
[26.819s] -- Set runtime path of "/home/akhil/Downloads/omron_moma_ros2/MOMA_project/src/install/camera_interface/local/lib/python3.10/dist-packages/camera_interface/camera_interface_s__rosidl_typesupport_introspection_c.cpython-310-aarch64-linux-gnu.so" to ""
[26.820s] -- Installing: /home/akhil/Downloads/omron_moma_ros2/MOMA_project/src/install/camera_interface/local/lib/python3.10/dist-packages/camera_interface/camera_interface_s__rosidl_typesupport_c.cpython-310-aarch64-linux-gnu.so
[26.820s] -- Set runtime path of "/home/akhil/Downloads/omron_moma_ros2/MOMA_project/src/install/camera_interface/local/lib/python3.10/dist-packages/camera_interface/camera_interface_s__rosidl_typesupport_c.cpython-310-aarch64-linux-gnu.so" to ""
[26.821s] -- Installing: /home/akhil/Downloads/omron_moma_ros2/MOMA_project/src/install/camera_interface/lib/libcamera_interface__rosidl_generator_py.so
[26.821s] -- Set runtime path of "/home/akhil/Downloads/omron_moma_ros2/MOMA_project/src/install/camera_interface/lib/libcamera_interface__rosidl_generator_py.so" to ""
[26.822s] -- Installing: /home/akhil/Downloads/omron_moma_ros2/MOMA_project/src/install/camera_interface/share/camera_interface/srv/CameraSrv.idl
[26.822s] -- Installing: /home/akhil/Downloads/omron_moma_ros2/MOMA_project/src/install/camera_interface/share/camera_interface/srv/CameraSrv.srv
[26.822s] -- Installing: /home/akhil/Downloads/omron_moma_ros2/MOMA_project/src/install/camera_interface/share/camera_interface/srv/CameraSrv_Request.msg
[26.823s] -- Installing: /home/akhil/Downloads/omron_moma_ros2/MOMA_project/src/install/camera_interface/share/camera_interface/srv/CameraSrv_Response.msg
[26.823s] -- Installing: /home/akhil/Downloads/omron_moma_ros2/MOMA_project/src/install/camera_interface/share/ament_index/resource_index/package_run_dependencies/camera_interface
[26.824s] -- Installing: /home/akhil/Downloads/omron_moma_ros2/MOMA_project/src/install/camera_interface/share/ament_index/resource_index/parent_prefix_path/camera_interface
[26.824s] -- Installing: /home/akhil/Downloads/omron_moma_ros2/MOMA_project/src/install/camera_interface/share/camera_interface/environment/ament_prefix_path.sh
[26.824s] -- Installing: /home/akhil/Downloads/omron_moma_ros2/MOMA_project/src/install/camera_interface/share/camera_interface/environment/ament_prefix_path.dsv
[26.825s] -- Installing: /home/akhil/Downloads/omron_moma_ros2/MOMA_project/src/install/camera_interface/share/camera_interface/environment/path.sh
[26.825s] -- Installing: /home/akhil/Downloads/omron_moma_ros2/MOMA_project/src/install/camera_interface/share/camera_interface/environment/path.dsv
[26.826s] -- Installing: /home/akhil/Downloads/omron_moma_ros2/MOMA_project/src/install/camera_interface/share/camera_interface/local_setup.bash
[26.826s] -- Installing: /home/akhil/Downloads/omron_moma_ros2/MOMA_project/src/install/camera_interface/share/camera_interface/local_setup.sh
[26.826s] -- Installing: /home/akhil/Downloads/omron_moma_ros2/MOMA_project/src/install/camera_interface/share/camera_interface/local_setup.zsh
[26.827s] -- Installing: /home/akhil/Downloads/omron_moma_ros2/MOMA_project/src/install/camera_interface/share/camera_interface/local_setup.dsv
[26.827s] -- Installing: /home/akhil/Downloads/omron_moma_ros2/MOMA_project/src/install/camera_interface/share/camera_interface/package.dsv
[26.827s] -- Installing: /home/akhil/Downloads/omron_moma_ros2/MOMA_project/src/install/camera_interface/share/ament_index/resource_index/packages/camera_interface
[26.828s] -- Installing: /home/akhil/Downloads/omron_moma_ros2/MOMA_project/src/install/camera_interface/share/camera_interface/cmake/export_camera_interface__rosidl_generator_cExport.cmake
[26.828s] -- Installing: /home/akhil/Downloads/omron_moma_ros2/MOMA_project/src/install/camera_interface/share/camera_interface/cmake/export_camera_interface__rosidl_generator_cExport-noconfig.cmake
[26.829s] -- Installing: /home/akhil/Downloads/omron_moma_ros2/MOMA_project/src/install/camera_interface/share/camera_interface/cmake/export_camera_interface__rosidl_typesupport_fastrtps_cExport.cmake
[26.829s] -- Installing: /home/akhil/Downloads/omron_moma_ros2/MOMA_project/src/install/camera_interface/share/camera_interface/cmake/export_camera_interface__rosidl_typesupport_fastrtps_cExport-noconfig.cmake
[26.830s] -- Installing: /home/akhil/Downloads/omron_moma_ros2/MOMA_project/src/install/camera_interface/share/camera_interface/cmake/export_camera_interface__rosidl_generator_cppExport.cmake
[26.830s] -- Installing: /home/akhil/Downloads/omron_moma_ros2/MOMA_project/src/install/camera_interface/share/camera_interface/cmake/export_camera_interface__rosidl_typesupport_fastrtps_cppExport.cmake
[26.830s] -- Installing: /home/akhil/Downloads/omron_moma_ros2/MOMA_project/src/install/camera_interface/share/camera_interface/cmake/export_camera_interface__rosidl_typesupport_fastrtps_cppExport-noconfig.cmake
[26.831s] -- Installing: /home/akhil/Downloads/omron_moma_ros2/MOMA_project/src/install/camera_interface/share/camera_interface/cmake/camera_interface__rosidl_typesupport_introspection_cExport.cmake
[26.831s] -- Installing: /home/akhil/Downloads/omron_moma_ros2/MOMA_project/src/install/camera_interface/share/camera_interface/cmake/camera_interface__rosidl_typesupport_introspection_cExport-noconfig.cmake
[26.831s] -- Installing: /home/akhil/Downloads/omron_moma_ros2/MOMA_project/src/install/camera_interface/share/camera_interface/cmake/camera_interface__rosidl_typesupport_cExport.cmake
[26.832s] -- Installing: /home/akhil/Downloads/omron_moma_ros2/MOMA_project/src/install/camera_interface/share/camera_interface/cmake/camera_interface__rosidl_typesupport_cExport-noconfig.cmake
[26.832s] -- Installing: /home/akhil/Downloads/omron_moma_ros2/MOMA_project/src/install/camera_interface/share/camera_interface/cmake/camera_interface__rosidl_typesupport_introspection_cppExport.cmake
[26.832s] -- Installing: /home/akhil/Downloads/omron_moma_ros2/MOMA_project/src/install/camera_interface/share/camera_interface/cmake/camera_interface__rosidl_typesupport_introspection_cppExport-noconfig.cmake
[26.833s] -- Installing: /home/akhil/Downloads/omron_moma_ros2/MOMA_project/src/install/camera_interface/share/camera_interface/cmake/camera_interface__rosidl_typesupport_cppExport.cmake
[26.833s] -- Installing: /home/akhil/Downloads/omron_moma_ros2/MOMA_project/src/install/camera_interface/share/camera_interface/cmake/camera_interface__rosidl_typesupport_cppExport-noconfig.cmake
[26.834s] -- Installing: /home/akhil/Downloads/omron_moma_ros2/MOMA_project/src/install/camera_interface/share/camera_interface/cmake/export_camera_interface__rosidl_generator_pyExport.cmake
[26.834s] -- Installing: /home/akhil/Downloads/omron_moma_ros2/MOMA_project/src/install/camera_interface/share/camera_interface/cmake/export_camera_interface__rosidl_generator_pyExport-noconfig.cmake
[26.835s] -- Installing: /home/akhil/Downloads/omron_moma_ros2/MOMA_project/src/install/camera_interface/share/camera_interface/cmake/rosidl_cmake-extras.cmake
[26.835s] -- Installing: /home/akhil/Downloads/omron_moma_ros2/MOMA_project/src/install/camera_interface/share/camera_interface/cmake/ament_cmake_export_dependencies-extras.cmake
[26.835s] -- Installing: /home/akhil/Downloads/omron_moma_ros2/MOMA_project/src/install/camera_interface/share/camera_interface/cmake/ament_cmake_export_include_directories-extras.cmake
[26.836s] -- Installing: /home/akhil/Downloads/omron_moma_ros2/MOMA_project/src/install/camera_interface/share/camera_interface/cmake/ament_cmake_export_libraries-extras.cmake
[26.836s] -- Installing: /home/akhil/Downloads/omron_moma_ros2/MOMA_project/src/install/camera_interface/share/camera_interface/cmake/ament_cmake_export_targets-extras.cmake
[26.836s] -- Installing: /home/akhil/Downloads/omron_moma_ros2/MOMA_project/src/install/camera_interface/share/camera_interface/cmake/rosidl_cmake_export_typesupport_targets-extras.cmake
[26.837s] -- Installing: /home/akhil/Downloads/omron_moma_ros2/MOMA_project/src/install/camera_interface/share/camera_interface/cmake/rosidl_cmake_export_typesupport_libraries-extras.cmake
[26.837s] -- Installing: /home/akhil/Downloads/omron_moma_ros2/MOMA_project/src/install/camera_interface/share/camera_interface/cmake/camera_interfaceConfig.cmake
[26.837s] -- Installing: /home/akhil/Downloads/omron_moma_ros2/MOMA_project/src/install/camera_interface/share/camera_interface/cmake/camera_interfaceConfig-version.cmake
[26.851s] -- Installing: /home/akhil/Downloads/omron_moma_ros2/MOMA_project/src/install/camera_interface/share/camera_interface/package.xml
[26.871s] Invoked command in '/home/akhil/Downloads/omron_moma_ros2/MOMA_project/src/build/camera_interface' returned '0': CMAKE_PREFIX_PATH=/opt/ros/humble /usr/bin/cmake --install /home/akhil/Downloads/omron_moma_ros2/MOMA_project/src/build/camera_interface
