/home/akhil/Downloads/omron_moma_ros2/install/camera/lib/python3.10/site-packages/camera/detection_utils.py
/home/akhil/Downloads/omron_moma_ros2/install/camera/lib/python3.10/site-packages/camera/visualisation.py
/home/akhil/Downloads/omron_moma_ros2/install/camera/lib/python3.10/site-packages/camera/camera_client.py
/home/akhil/Downloads/omron_moma_ros2/install/camera/lib/python3.10/site-packages/camera/camera_node.py
/home/akhil/Downloads/omron_moma_ros2/install/camera/lib/python3.10/site-packages/camera/tf_utils.py
/home/akhil/Downloads/omron_moma_ros2/install/camera/lib/python3.10/site-packages/camera/__init__.py
/home/akhil/Downloads/omron_moma_ros2/install/camera/lib/python3.10/site-packages/camera/__pycache__/detection_utils.cpython-310.pyc
/home/akhil/Downloads/omron_moma_ros2/install/camera/lib/python3.10/site-packages/camera/__pycache__/visualisation.cpython-310.pyc
/home/akhil/Downloads/omron_moma_ros2/install/camera/lib/python3.10/site-packages/camera/__pycache__/camera_client.cpython-310.pyc
/home/akhil/Downloads/omron_moma_ros2/install/camera/lib/python3.10/site-packages/camera/__pycache__/camera_node.cpython-310.pyc
/home/akhil/Downloads/omron_moma_ros2/install/camera/lib/python3.10/site-packages/camera/__pycache__/tf_utils.cpython-310.pyc
/home/akhil/Downloads/omron_moma_ros2/install/camera/lib/python3.10/site-packages/camera/__pycache__/__init__.cpython-310.pyc
/home/akhil/Downloads/omron_moma_ros2/install/camera/share/ament_index/resource_index/packages/camera
/home/akhil/Downloads/omron_moma_ros2/install/camera/share/camera/package.xml
/home/akhil/Downloads/omron_moma_ros2/install/camera/share/camera/launch
/home/akhil/Downloads/omron_moma_ros2/install/camera/share/camera/models/yolo11n.pt
/home/akhil/Downloads/omron_moma_ros2/install/camera/share/camera/models/yolo11m.pt
/home/akhil/Downloads/omron_moma_ros2/install/camera/lib/python3.10/site-packages/camera-0.0.0-py3.10.egg-info/top_level.txt
/home/akhil/Downloads/omron_moma_ros2/install/camera/lib/python3.10/site-packages/camera-0.0.0-py3.10.egg-info/requires.txt
/home/akhil/Downloads/omron_moma_ros2/install/camera/lib/python3.10/site-packages/camera-0.0.0-py3.10.egg-info/SOURCES.txt
/home/akhil/Downloads/omron_moma_ros2/install/camera/lib/python3.10/site-packages/camera-0.0.0-py3.10.egg-info/entry_points.txt
/home/akhil/Downloads/omron_moma_ros2/install/camera/lib/python3.10/site-packages/camera-0.0.0-py3.10.egg-info/PKG-INFO
/home/akhil/Downloads/omron_moma_ros2/install/camera/lib/python3.10/site-packages/camera-0.0.0-py3.10.egg-info/zip-safe
/home/akhil/Downloads/omron_moma_ros2/install/camera/lib/python3.10/site-packages/camera-0.0.0-py3.10.egg-info/dependency_links.txt
/home/akhil/Downloads/omron_moma_ros2/install/camera/lib/camera/camera_client
/home/akhil/Downloads/omron_moma_ros2/install/camera/lib/camera/camera_node
/home/akhil/Downloads/omron_moma_ros2/install/camera/lib/camera/camera_server
