[0.057s] Invoking command in '/home/akhil/Downloads/omron_moma_ros2/build/moveit_path_planner': AMENT_PREFIX_PATH=/home/akhil/Downloads/omron_moma_ros2/install/tm_msgs:${AMENT_PREFIX_PATH} CMAKE_PREFIX_PATH=/home/akhil/Downloads/omron_moma_ros2/install/tm_msgs:/opt/ros/humble LD_LIBRARY_PATH=/home/akhil/Downloads/omron_moma_ros2/install/tm_msgs/lib:${LD_LIBRARY_PATH} PYTHONPATH=/home/akhil/Downloads/omron_moma_ros2/install/tm_msgs/local/lib/python3.10/dist-packages:${PYTHONPATH} /usr/bin/cmake /home/akhil/Downloads/omron_moma_ros2/MOMA_project/src/moveit_path_planner -DCMAKE_INSTALL_PREFIX=/home/akhil/Downloads/omron_moma_ros2/install/moveit_path_planner
[0.261s] -- The C compiler identification is GNU 11.4.0
[0.439s] -- The CXX compiler identification is GNU 11.4.0
[0.458s] -- Detecting C compiler ABI info
[0.759s] -- Detecting C compiler ABI info - done
[0.775s] -- Check for working C compiler: /usr/bin/cc - skipped
[0.777s] -- Detecting C compile features
[0.778s] -- Detecting C compile features - done
[0.787s] -- Detecting CXX compiler ABI info
[1.110s] -- Detecting CXX compiler ABI info - done
[1.127s] -- Check for working CXX compiler: /usr/bin/c++ - skipped
[1.129s] -- Detecting CXX compile features
[1.131s] -- Detecting CXX compile features - done
[1.154s] -- Found ament_cmake: 1.3.12 (/opt/ros/humble/share/ament_cmake/cmake)
[1.686s] -- Found Python3: /usr/bin/python3 (found version "3.10.12") found components: Interpreter 
[1.974s] -- Found rclcpp: 16.0.15 (/opt/ros/humble/share/rclcpp/cmake)
[2.083s] -- Found rosidl_generator_c: 3.1.7 (/opt/ros/humble/share/rosidl_generator_c/cmake)
[2.084s] -- Found rosidl_adapter: 3.1.7 (/opt/ros/humble/share/rosidl_adapter/cmake)
[2.105s] -- Found rosidl_generator_cpp: 3.1.7 (/opt/ros/humble/share/rosidl_generator_cpp/cmake)
[2.134s] -- Using all available rosidl_typesupport_c: rosidl_typesupport_fastrtps_c;rosidl_typesupport_introspection_c
[2.173s] -- Using all available rosidl_typesupport_cpp: rosidl_typesupport_fastrtps_cpp;rosidl_typesupport_introspection_cpp
[2.285s] -- Found rmw_implementation_cmake: 6.1.2 (/opt/ros/humble/share/rmw_implementation_cmake/cmake)
[2.288s] -- Found rmw_cyclonedds_cpp: 1.3.4 (/opt/ros/humble/share/rmw_cyclonedds_cpp/cmake)
[2.342s] -- Using RMW implementation 'rmw_cyclonedds_cpp' as default
[2.375s] -- Looking for pthread.h
[2.658s] -- Looking for pthread.h - found
[2.660s] -- Performing Test CMAKE_HAVE_LIBC_PTHREAD
[2.940s] -- Performing Test CMAKE_HAVE_LIBC_PTHREAD - Success
[2.948s] -- Found Threads: TRUE  
[3.729s] -- Found moveit_ros_planning_interface: 2.5.9 (/opt/ros/humble/share/moveit_ros_planning_interface/cmake)
[3.843s] -- Found Boost: /usr/lib/aarch64-linux-gnu/cmake/Boost-1.74.0/BoostConfig.cmake (found version "1.74.0") found components: date_time filesystem program_options system thread 
[5.247s] -- Found Boost: /usr/lib/aarch64-linux-gnu/cmake/Boost-1.74.0/BoostConfig.cmake (found version "1.74.0") found components: chrono date_time filesystem iostreams program_options regex serialization system thread 
[5.386s] -- Found parameter_traits: 0.5.0 (/opt/ros/humble/share/parameter_traits/cmake)
[5.415s] -- Found rclcpp_lifecycle: 16.0.15 (/opt/ros/humble/share/rclcpp_lifecycle/cmake)
[5.496s] -- Found Boost: /usr/lib/aarch64-linux-gnu/cmake/Boost-1.74.0/BoostConfig.cmake (found version "1.74.0") found components: filesystem 
[5.809s] -- library: /usr/lib/aarch64-linux-gnu/libcurl.so
[5.901s] -- Found Eigen3: TRUE (found version "3.4.0") 
[5.901s] -- Ensuring Eigen3 include directory is part of orocos-kdl CMake target
[6.315s] -- Found Boost: /usr/lib/aarch64-linux-gnu/cmake/Boost-1.74.0/BoostConfig.cmake (found version "1.74.0") found components: system filesystem date_time program_options thread chrono 
[6.397s] -- Found Boost: /usr/lib/aarch64-linux-gnu/cmake/Boost-1.74.0/BoostConfig.cmake (found version "1.74.0") found components: thread system filesystem regex date_time program_options 
[6.620s] -- Found Boost: /usr/lib/aarch64-linux-gnu/cmake/Boost-1.74.0/BoostConfig.cmake (found version "1.74.0") found components: system filesystem date_time program_options thread 
[6.694s] -- Found tm_msgs: 2.0.0 (/home/akhil/Downloads/omron_moma_ros2/install/tm_msgs/share/tm_msgs/cmake)
[6.965s] -- Configuring done
[8.632s] -- Generating done
[8.663s] -- Build files have been written to: /home/akhil/Downloads/omron_moma_ros2/build/moveit_path_planner
[8.777s] Invoked command in '/home/akhil/Downloads/omron_moma_ros2/build/moveit_path_planner' returned '0': AMENT_PREFIX_PATH=/home/akhil/Downloads/omron_moma_ros2/install/tm_msgs:${AMENT_PREFIX_PATH} CMAKE_PREFIX_PATH=/home/akhil/Downloads/omron_moma_ros2/install/tm_msgs:/opt/ros/humble LD_LIBRARY_PATH=/home/akhil/Downloads/omron_moma_ros2/install/tm_msgs/lib:${LD_LIBRARY_PATH} PYTHONPATH=/home/akhil/Downloads/omron_moma_ros2/install/tm_msgs/local/lib/python3.10/dist-packages:${PYTHONPATH} /usr/bin/cmake /home/akhil/Downloads/omron_moma_ros2/MOMA_project/src/moveit_path_planner -DCMAKE_INSTALL_PREFIX=/home/akhil/Downloads/omron_moma_ros2/install/moveit_path_planner
[8.778s] Invoking command in '/home/akhil/Downloads/omron_moma_ros2/build/moveit_path_planner': AMENT_PREFIX_PATH=/home/akhil/Downloads/omron_moma_ros2/install/tm_msgs:${AMENT_PREFIX_PATH} CMAKE_PREFIX_PATH=/home/akhil/Downloads/omron_moma_ros2/install/tm_msgs:/opt/ros/humble LD_LIBRARY_PATH=/home/akhil/Downloads/omron_moma_ros2/install/tm_msgs/lib:${LD_LIBRARY_PATH} PYTHONPATH=/home/akhil/Downloads/omron_moma_ros2/install/tm_msgs/local/lib/python3.10/dist-packages:${PYTHONPATH} /usr/bin/cmake --build /home/akhil/Downloads/omron_moma_ros2/build/moveit_path_planner -- -j6 -l6
[9.194s] [ 50%] [32mBuilding CXX object CMakeFiles/moveit_path_planning_server.dir/src/moveit_path_planning_server.cpp.o[0m
[47.465s] [100%] [32m[1mLinking CXX executable moveit_path_planning_server[0m
[50.255s] [100%] Built target moveit_path_planning_server
[50.293s] Invoked command in '/home/akhil/Downloads/omron_moma_ros2/build/moveit_path_planner' returned '0': AMENT_PREFIX_PATH=/home/akhil/Downloads/omron_moma_ros2/install/tm_msgs:${AMENT_PREFIX_PATH} CMAKE_PREFIX_PATH=/home/akhil/Downloads/omron_moma_ros2/install/tm_msgs:/opt/ros/humble LD_LIBRARY_PATH=/home/akhil/Downloads/omron_moma_ros2/install/tm_msgs/lib:${LD_LIBRARY_PATH} PYTHONPATH=/home/akhil/Downloads/omron_moma_ros2/install/tm_msgs/local/lib/python3.10/dist-packages:${PYTHONPATH} /usr/bin/cmake --build /home/akhil/Downloads/omron_moma_ros2/build/moveit_path_planner -- -j6 -l6
[50.299s] Invoking command in '/home/akhil/Downloads/omron_moma_ros2/build/moveit_path_planner': AMENT_PREFIX_PATH=/home/akhil/Downloads/omron_moma_ros2/install/tm_msgs:${AMENT_PREFIX_PATH} CMAKE_PREFIX_PATH=/home/akhil/Downloads/omron_moma_ros2/install/tm_msgs:/opt/ros/humble LD_LIBRARY_PATH=/home/akhil/Downloads/omron_moma_ros2/install/tm_msgs/lib:${LD_LIBRARY_PATH} PYTHONPATH=/home/akhil/Downloads/omron_moma_ros2/install/tm_msgs/local/lib/python3.10/dist-packages:${PYTHONPATH} /usr/bin/cmake --install /home/akhil/Downloads/omron_moma_ros2/build/moveit_path_planner
[50.322s] -- Install configuration: ""
[50.323s] -- Installing: /home/akhil/Downloads/omron_moma_ros2/install/moveit_path_planner/lib/moveit_path_planner/moveit_path_planning_server
[50.326s] -- Set runtime path of "/home/akhil/Downloads/omron_moma_ros2/install/moveit_path_planner/lib/moveit_path_planner/moveit_path_planning_server" to ""
[50.327s] -- Installing: /home/akhil/Downloads/omron_moma_ros2/install/moveit_path_planner/share/ament_index/resource_index/package_run_dependencies/moveit_path_planner
[50.327s] -- Installing: /home/akhil/Downloads/omron_moma_ros2/install/moveit_path_planner/share/ament_index/resource_index/parent_prefix_path/moveit_path_planner
[50.328s] -- Installing: /home/akhil/Downloads/omron_moma_ros2/install/moveit_path_planner/share/moveit_path_planner/environment/ament_prefix_path.sh
[50.328s] -- Installing: /home/akhil/Downloads/omron_moma_ros2/install/moveit_path_planner/share/moveit_path_planner/environment/ament_prefix_path.dsv
[50.328s] -- Installing: /home/akhil/Downloads/omron_moma_ros2/install/moveit_path_planner/share/moveit_path_planner/environment/path.sh
[50.329s] -- Installing: /home/akhil/Downloads/omron_moma_ros2/install/moveit_path_planner/share/moveit_path_planner/environment/path.dsv
[50.329s] -- Installing: /home/akhil/Downloads/omron_moma_ros2/install/moveit_path_planner/share/moveit_path_planner/local_setup.bash
[50.329s] -- Installing: /home/akhil/Downloads/omron_moma_ros2/install/moveit_path_planner/share/moveit_path_planner/local_setup.sh
[50.330s] -- Installing: /home/akhil/Downloads/omron_moma_ros2/install/moveit_path_planner/share/moveit_path_planner/local_setup.zsh
[50.330s] -- Installing: /home/akhil/Downloads/omron_moma_ros2/install/moveit_path_planner/share/moveit_path_planner/local_setup.dsv
[50.330s] -- Installing: /home/akhil/Downloads/omron_moma_ros2/install/moveit_path_planner/share/moveit_path_planner/package.dsv
[50.331s] -- Installing: /home/akhil/Downloads/omron_moma_ros2/install/moveit_path_planner/share/ament_index/resource_index/packages/moveit_path_planner
[50.331s] -- Installing: /home/akhil/Downloads/omron_moma_ros2/install/moveit_path_planner/share/moveit_path_planner/cmake/moveit_path_plannerConfig.cmake
[50.331s] -- Installing: /home/akhil/Downloads/omron_moma_ros2/install/moveit_path_planner/share/moveit_path_planner/cmake/moveit_path_plannerConfig-version.cmake
[50.332s] -- Installing: /home/akhil/Downloads/omron_moma_ros2/install/moveit_path_planner/share/moveit_path_planner/package.xml
[50.342s] Invoked command in '/home/akhil/Downloads/omron_moma_ros2/build/moveit_path_planner' returned '0': AMENT_PREFIX_PATH=/home/akhil/Downloads/omron_moma_ros2/install/tm_msgs:${AMENT_PREFIX_PATH} CMAKE_PREFIX_PATH=/home/akhil/Downloads/omron_moma_ros2/install/tm_msgs:/opt/ros/humble LD_LIBRARY_PATH=/home/akhil/Downloads/omron_moma_ros2/install/tm_msgs/lib:${LD_LIBRARY_PATH} PYTHONPATH=/home/akhil/Downloads/omron_moma_ros2/install/tm_msgs/local/lib/python3.10/dist-packages:${PYTHONPATH} /usr/bin/cmake --install /home/akhil/Downloads/omron_moma_ros2/build/moveit_path_planner
