running egg_info
creating ../build/polaris_udp_bridge/polaris_udp_bridge.egg-info
writing ../build/polaris_udp_bridge/polaris_udp_bridge.egg-info/PKG-INFO
writing dependency_links to ../build/polaris_udp_bridge/polaris_udp_bridge.egg-info/dependency_links.txt
writing entry points to ../build/polaris_udp_bridge/polaris_udp_bridge.egg-info/entry_points.txt
writing requirements to ../build/polaris_udp_bridge/polaris_udp_bridge.egg-info/requires.txt
writing top-level names to ../build/polaris_udp_bridge/polaris_udp_bridge.egg-info/top_level.txt
writing manifest file '../build/polaris_udp_bridge/polaris_udp_bridge.egg-info/SOURCES.txt'
reading manifest file '../build/polaris_udp_bridge/polaris_udp_bridge.egg-info/SOURCES.txt'
writing manifest file '../build/polaris_udp_bridge/polaris_udp_bridge.egg-info/SOURCES.txt'
running build
running build_py
creating /home/akhil/Downloads/omron_moma_ros2/MOMA_project/src/build/polaris_udp_bridge/build
creating /home/akhil/Downloads/omron_moma_ros2/MOMA_project/src/build/polaris_udp_bridge/build/lib
creating /home/akhil/Downloads/omron_moma_ros2/MOMA_project/src/build/polaris_udp_bridge/build/lib/polaris_udp_bridge
copying polaris_udp_bridge/bridge_node.py -> /home/akhil/Downloads/omron_moma_ros2/MOMA_project/src/build/polaris_udp_bridge/build/lib/polaris_udp_bridge
copying polaris_udp_bridge/__init__.py -> /home/akhil/Downloads/omron_moma_ros2/MOMA_project/src/build/polaris_udp_bridge/build/lib/polaris_udp_bridge
running install
running install_lib
creating /home/akhil/Downloads/omron_moma_ros2/MOMA_project/src/install/polaris_udp_bridge/lib/python3.10/site-packages/polaris_udp_bridge
copying /home/akhil/Downloads/omron_moma_ros2/MOMA_project/src/build/polaris_udp_bridge/build/lib/polaris_udp_bridge/bridge_node.py -> /home/akhil/Downloads/omron_moma_ros2/MOMA_project/src/install/polaris_udp_bridge/lib/python3.10/site-packages/polaris_udp_bridge
copying /home/akhil/Downloads/omron_moma_ros2/MOMA_project/src/build/polaris_udp_bridge/build/lib/polaris_udp_bridge/__init__.py -> /home/akhil/Downloads/omron_moma_ros2/MOMA_project/src/install/polaris_udp_bridge/lib/python3.10/site-packages/polaris_udp_bridge
byte-compiling /home/akhil/Downloads/omron_moma_ros2/MOMA_project/src/install/polaris_udp_bridge/lib/python3.10/site-packages/polaris_udp_bridge/bridge_node.py to bridge_node.cpython-310.pyc
byte-compiling /home/akhil/Downloads/omron_moma_ros2/MOMA_project/src/install/polaris_udp_bridge/lib/python3.10/site-packages/polaris_udp_bridge/__init__.py to __init__.cpython-310.pyc
running install_data
creating /home/akhil/Downloads/omron_moma_ros2/MOMA_project/src/install/polaris_udp_bridge/share/ament_index
creating /home/akhil/Downloads/omron_moma_ros2/MOMA_project/src/install/polaris_udp_bridge/share/ament_index/resource_index
creating /home/akhil/Downloads/omron_moma_ros2/MOMA_project/src/install/polaris_udp_bridge/share/ament_index/resource_index/packages
copying resource/polaris_udp_bridge -> /home/akhil/Downloads/omron_moma_ros2/MOMA_project/src/install/polaris_udp_bridge/share/ament_index/resource_index/packages
copying package.xml -> /home/akhil/Downloads/omron_moma_ros2/MOMA_project/src/install/polaris_udp_bridge/share/polaris_udp_bridge
running install_egg_info
Copying ../build/polaris_udp_bridge/polaris_udp_bridge.egg-info to /home/akhil/Downloads/omron_moma_ros2/MOMA_project/src/install/polaris_udp_bridge/lib/python3.10/site-packages/polaris_udp_bridge-0.0.0-py3.10.egg-info
running install_scripts
Installing bridge script to /home/akhil/Downloads/omron_moma_ros2/MOMA_project/src/install/polaris_udp_bridge/lib/polaris_udp_bridge
writing list of installed files to '/home/akhil/Downloads/omron_moma_ros2/MOMA_project/src/build/polaris_udp_bridge/install.log'
