[1.916s] Invoking command in '/home/akhil/Downloads/omron_moma_ros2/MOMA_project/src/polaris_udp_bridge': PYTHONPATH=/home/akhil/Downloads/omron_moma_ros2/MOMA_project/src/build/polaris_udp_bridge/prefix_override:/usr/lib/python3/dist-packages/colcon_core/task/python/colcon_distutils_commands:/home/akhil/Downloads/omron_moma_ros2/MOMA_project/src/install/polaris_udp_bridge/lib/python3.10/site-packages:${PYTHONPATH} /usr/bin/python3 -W ignore:setup.py install is deprecated -W ignore:easy_install command is deprecated setup.py egg_info --egg-base ../build/polaris_udp_bridge build --build-base /home/akhil/Downloads/omron_moma_ros2/MOMA_project/src/build/polaris_udp_bridge/build install --record /home/akhil/Downloads/omron_moma_ros2/MOMA_project/src/build/polaris_udp_bridge/install.log --single-version-externally-managed install_data
[2.562s] running egg_info
[2.563s] creating ../build/polaris_udp_bridge/polaris_udp_bridge.egg-info
[2.563s] writing ../build/polaris_udp_bridge/polaris_udp_bridge.egg-info/PKG-INFO
[2.564s] writing dependency_links to ../build/polaris_udp_bridge/polaris_udp_bridge.egg-info/dependency_links.txt
[2.564s] writing entry points to ../build/polaris_udp_bridge/polaris_udp_bridge.egg-info/entry_points.txt
[2.565s] writing requirements to ../build/polaris_udp_bridge/polaris_udp_bridge.egg-info/requires.txt
[2.565s] writing top-level names to ../build/polaris_udp_bridge/polaris_udp_bridge.egg-info/top_level.txt
[2.565s] writing manifest file '../build/polaris_udp_bridge/polaris_udp_bridge.egg-info/SOURCES.txt'
[2.570s] reading manifest file '../build/polaris_udp_bridge/polaris_udp_bridge.egg-info/SOURCES.txt'
[2.571s] writing manifest file '../build/polaris_udp_bridge/polaris_udp_bridge.egg-info/SOURCES.txt'
[2.572s] running build
[2.572s] running build_py
[2.572s] creating /home/akhil/Downloads/omron_moma_ros2/MOMA_project/src/build/polaris_udp_bridge/build
[2.573s] creating /home/akhil/Downloads/omron_moma_ros2/MOMA_project/src/build/polaris_udp_bridge/build/lib
[2.573s] creating /home/akhil/Downloads/omron_moma_ros2/MOMA_project/src/build/polaris_udp_bridge/build/lib/polaris_udp_bridge
[2.573s] copying polaris_udp_bridge/bridge_node.py -> /home/akhil/Downloads/omron_moma_ros2/MOMA_project/src/build/polaris_udp_bridge/build/lib/polaris_udp_bridge
[2.582s] copying polaris_udp_bridge/__init__.py -> /home/akhil/Downloads/omron_moma_ros2/MOMA_project/src/build/polaris_udp_bridge/build/lib/polaris_udp_bridge
[2.582s] running install
[2.583s] running install_lib
[2.585s] creating /home/akhil/Downloads/omron_moma_ros2/MOMA_project/src/install/polaris_udp_bridge/lib/python3.10/site-packages/polaris_udp_bridge
[2.585s] copying /home/akhil/Downloads/omron_moma_ros2/MOMA_project/src/build/polaris_udp_bridge/build/lib/polaris_udp_bridge/bridge_node.py -> /home/akhil/Downloads/omron_moma_ros2/MOMA_project/src/install/polaris_udp_bridge/lib/python3.10/site-packages/polaris_udp_bridge
[2.585s] copying /home/akhil/Downloads/omron_moma_ros2/MOMA_project/src/build/polaris_udp_bridge/build/lib/polaris_udp_bridge/__init__.py -> /home/akhil/Downloads/omron_moma_ros2/MOMA_project/src/install/polaris_udp_bridge/lib/python3.10/site-packages/polaris_udp_bridge
[2.587s] byte-compiling /home/akhil/Downloads/omron_moma_ros2/MOMA_project/src/install/polaris_udp_bridge/lib/python3.10/site-packages/polaris_udp_bridge/bridge_node.py to bridge_node.cpython-310.pyc
[2.589s] byte-compiling /home/akhil/Downloads/omron_moma_ros2/MOMA_project/src/install/polaris_udp_bridge/lib/python3.10/site-packages/polaris_udp_bridge/__init__.py to __init__.cpython-310.pyc
[2.589s] running install_data
[2.590s] creating /home/akhil/Downloads/omron_moma_ros2/MOMA_project/src/install/polaris_udp_bridge/share/ament_index
[2.590s] creating /home/akhil/Downloads/omron_moma_ros2/MOMA_project/src/install/polaris_udp_bridge/share/ament_index/resource_index
[2.590s] creating /home/akhil/Downloads/omron_moma_ros2/MOMA_project/src/install/polaris_udp_bridge/share/ament_index/resource_index/packages
[2.590s] copying resource/polaris_udp_bridge -> /home/akhil/Downloads/omron_moma_ros2/MOMA_project/src/install/polaris_udp_bridge/share/ament_index/resource_index/packages
[2.590s] copying package.xml -> /home/akhil/Downloads/omron_moma_ros2/MOMA_project/src/install/polaris_udp_bridge/share/polaris_udp_bridge
[2.591s] running install_egg_info
[2.596s] Copying ../build/polaris_udp_bridge/polaris_udp_bridge.egg-info to /home/akhil/Downloads/omron_moma_ros2/MOMA_project/src/install/polaris_udp_bridge/lib/python3.10/site-packages/polaris_udp_bridge-0.0.0-py3.10.egg-info
[2.598s] running install_scripts
[2.654s] Installing bridge script to /home/akhil/Downloads/omron_moma_ros2/MOMA_project/src/install/polaris_udp_bridge/lib/polaris_udp_bridge
[2.655s] writing list of installed files to '/home/akhil/Downloads/omron_moma_ros2/MOMA_project/src/build/polaris_udp_bridge/install.log'
[2.766s] Invoked command in '/home/akhil/Downloads/omron_moma_ros2/MOMA_project/src/polaris_udp_bridge' returned '0': PYTHONPATH=/home/akhil/Downloads/omron_moma_ros2/MOMA_project/src/build/polaris_udp_bridge/prefix_override:/usr/lib/python3/dist-packages/colcon_core/task/python/colcon_distutils_commands:/home/akhil/Downloads/omron_moma_ros2/MOMA_project/src/install/polaris_udp_bridge/lib/python3.10/site-packages:${PYTHONPATH} /usr/bin/python3 -W ignore:setup.py install is deprecated -W ignore:easy_install command is deprecated setup.py egg_info --egg-base ../build/polaris_udp_bridge build --build-base /home/akhil/Downloads/omron_moma_ros2/MOMA_project/src/build/polaris_udp_bridge/build install --record /home/akhil/Downloads/omron_moma_ros2/MOMA_project/src/build/polaris_udp_bridge/install.log --single-version-externally-managed install_data
